/data/buggy_13.sol
line 6:91 extraneous input '_extraData' expecting {',', ')'}
line 19:10 extraneous input 'payable' expecting {'solidity', 'experimental', 'from', 'constructor', 'block', 'coinbase', 'difficulty', 'gaslimit', 'number', 'timestamp', 'blockhash', 'msg', 'data', 'gas', 'sender', 'sig', 'value', 'now', 'this', 'tx', 'origin', 'gasprice', 'public', 'internal', 'external', 'private', 'constant', 'length', 'balance', 'emit', '_', 'revert', Identifier}
line 56:10 extraneous input 'payable' expecting {'solidity', 'experimental', 'from', 'constructor', 'block', 'coinbase', 'difficulty', 'gaslimit', 'number', 'timestamp', 'blockhash', 'msg', 'data', 'gas', 'sender', 'sig', 'value', 'now', 'this', 'tx', 'origin', 'gasprice', 'public', 'internal', 'external', 'private', 'constant', 'length', 'balance', 'emit', '_', 'revert', Identifier}
line 186:8 extraneous input 'payable' expecting {'solidity', 'experimental', 'from', 'constructor', 'block', 'coinbase', 'difficulty', 'gaslimit', 'number', 'timestamp', 'blockhash', 'msg', 'data', 'gas', 'sender', 'sig', 'value', 'now', 'this', 'tx', 'origin', 'gasprice', 'public', 'internal', 'external', 'private', 'constant', 'length', 'balance', 'emit', '_', 'revert', Identifier}
jar:file:/usr/local/lib/node_modules/@smartdec/smartcheck/jdeploy-bundle/smartcheck-2.0-jar-with-dependencies.jar!/solidity-rules.xmlruleId: SOLIDITY_ADDRESS_HARDCODED
patternId: c67a09
severity: 1
line: 126
column: 31
content: 0x0

ruleId: SOLIDITY_CALL_WITHOUT_DATA
patternId: 111ppp
severity: 2
line: 30
column: 35
content: call.value(balances_re_ent21[msg.sender])("")

ruleId: SOLIDITY_CALL_WITHOUT_DATA
patternId: 111ppp
severity: 2
line: 90
column: 35
content: call.value(balances_re_ent1[msg.sender])("")

ruleId: SOLIDITY_CALL_WITHOUT_DATA
patternId: 111ppp
severity: 2
line: 166
column: 35
content: call.value(_weiToWithdraw)("")

ruleId: SOLIDITY_CALL_WITHOUT_DATA
patternId: 111ppp
severity: 2
line: 259
column: 35
content: call.value(1ether)("")

ruleId: SOLIDITY_PRAGMAS_VERSION
patternId: 23fc32
severity: 1
line: 3
column: 16
content: >=

ruleId: SOLIDITY_PRAGMAS_VERSION
patternId: 23fc32
severity: 1
line: 3
column: 25
content: <

ruleId: SOLIDITY_REVERT_REQUIRE
patternId: c56b12
severity: 1
line: 260
column: 8
content: if(!success){revert();}

ruleId: SOLIDITY_UNCHECKED_CALL
patternId: f39eed
severity: 3
line: 30
column: 35
content: call.value(balances_re_ent21[msg.sender])("")

ruleId: SOLIDITY_UNCHECKED_CALL
patternId: f39eed
severity: 3
line: 90
column: 35
content: call.value(balances_re_ent1[msg.sender])("")

ruleId: SOLIDITY_UNCHECKED_CALL
patternId: f39eed
severity: 3
line: 166
column: 35
content: call.value(_weiToWithdraw)("")

ruleId: SOLIDITY_UNCHECKED_CALL
patternId: f39eed
severity: 3
line: 259
column: 35
content: call.value(1ether)("")

ruleId: SOLIDITY_VISIBILITY
patternId: b51ce0
severity: 1
line: 11
column: 2
content: mapping(address=>uint)balances_re_ent24;

ruleId: SOLIDITY_VISIBILITY
patternId: b51ce0
severity: 1
line: 19
column: 2
content: addresspayablelastPlayer_re_ent23;

ruleId: SOLIDITY_VISIBILITY
patternId: b51ce0
severity: 1
line: 20
column: 6
content: uintjackpot_re_ent23;

ruleId: SOLIDITY_VISIBILITY
patternId: b51ce0
severity: 1
line: 28
column: 2
content: mapping(address=>uint)balances_re_ent21;

ruleId: SOLIDITY_VISIBILITY
patternId: b51ce0
severity: 1
line: 36
column: 2
content: uint256counter_re_ent21=0;

ruleId: SOLIDITY_VISIBILITY
patternId: b51ce0
severity: 1
line: 47
column: 2
content: boolnot_called_re_ent20=true;

ruleId: SOLIDITY_VISIBILITY
patternId: b51ce0
severity: 1
line: 56
column: 2
content: addresspayablelastPlayer_re_ent2;

ruleId: SOLIDITY_VISIBILITY
patternId: b51ce0
severity: 1
line: 57
column: 6
content: uintjackpot_re_ent2;

ruleId: SOLIDITY_VISIBILITY
patternId: b51ce0
severity: 1
line: 67
column: 2
content: mapping(address=>uint)redeemableEther_re_ent11;

ruleId: SOLIDITY_VISIBILITY
patternId: b51ce0
severity: 1
line: 78
column: 2
content: mapping(address=>uint)balances_re_ent10;

ruleId: SOLIDITY_VISIBILITY
patternId: b51ce0
severity: 1
line: 88
column: 2
content: mapping(address=>uint)balances_re_ent1;

ruleId: SOLIDITY_VISIBILITY
patternId: b51ce0
severity: 1
line: 111
column: 0
content: mapping(address=>uint)userBalance_re_ent19;

ruleId: SOLIDITY_VISIBILITY
patternId: b51ce0
severity: 1
line: 141
column: 0
content: mapping(address=>uint)redeemableEther_re_ent18;

ruleId: SOLIDITY_VISIBILITY
patternId: b51ce0
severity: 1
line: 162
column: 0
content: mapping(address=>uint)balances_re_ent17;

ruleId: SOLIDITY_VISIBILITY
patternId: b51ce0
severity: 1
line: 186
column: 0
content: addresspayablelastPlayer_re_ent16;

ruleId: SOLIDITY_VISIBILITY
patternId: b51ce0
severity: 1
line: 187
column: 6
content: uintjackpot_re_ent16;

ruleId: SOLIDITY_VISIBILITY
patternId: b51ce0
severity: 1
line: 209
column: 0
content: mapping(address=>uint)balances_re_ent15;

ruleId: SOLIDITY_VISIBILITY
patternId: b51ce0
severity: 1
line: 233
column: 0
content: uint256counter_re_ent14=0;

ruleId: SOLIDITY_VISIBILITY
patternId: b51ce0
severity: 1
line: 256
column: 0
content: boolnot_called_re_ent13=true;

ruleId: SOLIDITY_VISIBILITY
patternId: b51ce0
severity: 1
line: 283
column: 0
content: mapping(address=>uint)userBalance_re_ent12;

SOLIDITY_VISIBILITY :20
SOLIDITY_PRAGMAS_VERSION :2
SOLIDITY_REVERT_REQUIRE :1
SOLIDITY_ADDRESS_HARDCODED :1
SOLIDITY_UNCHECKED_CALL :4
SOLIDITY_CALL_WITHOUT_DATA :4