/data/34.sol
line 7:11 extraneous input 'payable' expecting {'solidity', 'experimental', 'from', 'constructor', 'block', 'coinbase', 'difficulty', 'gaslimit', 'number', 'timestamp', 'blockhash', 'msg', 'data', 'gas', 'sender', 'sig', 'value', 'now', 'this', 'tx', 'origin', 'gasprice', 'public', 'internal', 'external', 'private', 'constant', 'length', 'balance', 'emit', '_', 'revert', Identifier}
line 20:38 mismatched input 'payable' expecting {',', ')'}
line 20:55 no viable alternative at input '_newOwner)'
line 20:55 extraneous input ')' expecting {'solidity', 'experimental', 'from', 'constructor', 'block', 'coinbase', 'difficulty', 'gaslimit', 'number', 'timestamp', 'blockhash', 'msg', 'data', 'gas', 'sender', 'sig', 'value', 'now', 'this', 'tx', 'origin', 'gasprice', 'public', 'internal', 'external', 'private', 'constant', 'length', 'balance', 'emit', '_', 'revert', Identifier}
line 20:74 mismatched input '{' expecting {';', '='}
line 21:13 extraneous input '=' expecting {'solidity', 'experimental', 'from', 'constructor', 'block', 'coinbase', 'difficulty', 'gaslimit', 'number', 'timestamp', 'blockhash', 'msg', 'data', 'gas', 'sender', 'sig', 'value', 'now', 'this', 'tx', 'origin', 'gasprice', 'public', 'internal', 'external', 'private', 'constant', 'length', 'balance', 'emit', '_', 'revert', Identifier}
line 23:0 extraneous input '}' expecting {<EOF>, 'pragma', 'import', 'contract', 'library', 'interface'}
jar:file:/usr/local/lib/node_modules/@smartdec/smartcheck/jdeploy-bundle/smartcheck-2.0-jar-with-dependencies.jar!/solidity-rules.xmlruleId: SOLIDITY_ERC20_APPROVE
patternId: af782c
severity: 2
line: 320
column: 4
content: functionapprove(addressspender,uint256value)publicreturns(bool){_approve(msg.sender,spender,value);returntrue;}

ruleId: SOLIDITY_EXTRA_GAS_IN_LOOPS
patternId: d3j11j
severity: 1
line: 300
column: 4
content: for(uint256i=0;i<receivers.length;i++){transfer(receivers[i],amounts[i]);}

ruleId: SOLIDITY_GAS_LIMIT_IN_LOOPS
patternId: f6f853
severity: 2
line: 300
column: 4
content: for(uint256i=0;i<receivers.length;i++){transfer(receivers[i],amounts[i]);}

ruleId: SOLIDITY_LOCKED_MONEY
patternId: 30281d
severity: 3
line: 6
column: 0
content: contractOwnable{addresspayablepublicowner;eventOwnershipTransferred(addressindexed_from,addressindexed_to);constructor()public{owner=msg.sender;}modifieronlyOwner{require(msg.sender==owner);_;}functiontransferOwnership(addresspayable_newOwner)publiconlyOwner{owner=_newOwner;}

ruleId: SOLIDITY_PRAGMAS_VERSION
patternId: 23fc32
severity: 1
line: 3
column: 16
content: >=

ruleId: SOLIDITY_PRIVATE_MODIFIER_DONT_HIDE_DATA
patternId: 5616b2
severity: 1
line: 122
column: 41
content: private

ruleId: SOLIDITY_PRIVATE_MODIFIER_DONT_HIDE_DATA
patternId: 5616b2
severity: 1
line: 124
column: 54
content: private

ruleId: SOLIDITY_PRIVATE_MODIFIER_DONT_HIDE_DATA
patternId: 5616b2
severity: 1
line: 126
column: 12
content: private

ruleId: SOLIDITY_PRIVATE_MODIFIER_DONT_HIDE_DATA
patternId: 5616b2
severity: 1
line: 130
column: 11
content: private

ruleId: SOLIDITY_PRIVATE_MODIFIER_DONT_HIDE_DATA
patternId: 5616b2
severity: 1
line: 131
column: 11
content: private

ruleId: SOLIDITY_PRIVATE_MODIFIER_DONT_HIDE_DATA
patternId: 5616b2
severity: 1
line: 132
column: 10
content: private

ruleId: SOLIDITY_SAFEMATH
patternId: 837cac
severity: 1
line: 120
column: 4
content: usingSafeMathforuint256;

ruleId: SOLIDITY_VISIBILITY
patternId: 910067
severity: 1
line: 20
column: 3
content: functiontransferOwnership(addresspayable

ruleId: SOLIDITY_VISIBILITY
patternId: b51ce0
severity: 1
line: 21
column: 7
content: owner=_newOwner;

SOLIDITY_VISIBILITY :2
SOLIDITY_SAFEMATH :1
SOLIDITY_PRAGMAS_VERSION :1
SOLIDITY_LOCKED_MONEY :1
SOLIDITY_PRIVATE_MODIFIER_DONT_HIDE_DATA :6
SOLIDITY_EXTRA_GAS_IN_LOOPS :1
SOLIDITY_GAS_LIMIT_IN_LOOPS :1
SOLIDITY_ERC20_APPROVE :1