/data/buggy_32.sol
jar:file:/usr/local/lib/node_modules/@smartdec/smartcheck/jdeploy-bundle/smartcheck-2.0-jar-with-dependencies.jar!/solidity-rules.xmlruleId: SOLIDITY_ADDRESS_HARDCODED
patternId: adc165
severity: 1
line: 193
column: 31
content: 0xac775cD446889ac167da466692449ece5439fc12

ruleId: SOLIDITY_ERC20_APPROVE
patternId: af782c
severity: 2
line: 136
column: 4
content: functionapprove(address_spender,uint256_value)publicreturns(boolsuccess){allowed[msg.sender][_spender]=_value;emitApproval(msg.sender,_spender,_value);returntrue;}

ruleId: SOLIDITY_PRAGMAS_VERSION
patternId: 23fc32
severity: 1
line: 3
column: 16
content: ^

ruleId: SOLIDITY_REDUNDANT_FALLBACK_REJECT
patternId: b85a32
severity: 1
line: 205
column: 24
content: {revert();}

ruleId: SOLIDITY_SAFEMATH
patternId: 837cac
severity: 1
line: 74
column: 4
content: usingSafeMathforuint256;

ruleId: SOLIDITY_UNCHECKED_CALL
patternId: f39eed
severity: 3
line: 48
column: 17
content: send(1ether)

ruleId: SOLIDITY_UNCHECKED_CALL
patternId: f39eed
severity: 3
line: 52
column: 17
content: send(1ether)

ruleId: SOLIDITY_UNCHECKED_CALL
patternId: f39eed
severity: 3
line: 56
column: 17
content: send(1ether)

ruleId: SOLIDITY_UNCHECKED_CALL
patternId: f39eed
severity: 3
line: 60
column: 17
content: send(1ether)

ruleId: SOLIDITY_UNCHECKED_CALL
patternId: f39eed
severity: 3
line: 64
column: 17
content: send(1ether)

ruleId: SOLIDITY_UNCHECKED_CALL
patternId: f39eed
severity: 3
line: 76
column: 17
content: send(1ether)

ruleId: SOLIDITY_UNCHECKED_CALL
patternId: f39eed
severity: 3
line: 80
column: 17
content: send(1ether)

ruleId: SOLIDITY_UNCHECKED_CALL
patternId: f39eed
severity: 3
line: 84
column: 17
content: send(1ether)

ruleId: SOLIDITY_UNCHECKED_CALL
patternId: f39eed
severity: 3
line: 96
column: 17
content: send(1ether)

ruleId: SOLIDITY_UNCHECKED_CALL
patternId: f39eed
severity: 3
line: 111
column: 17
content: send(1ether)

ruleId: SOLIDITY_UNCHECKED_CALL
patternId: f39eed
severity: 3
line: 128
column: 17
content: send(1ether)

ruleId: SOLIDITY_UNCHECKED_CALL
patternId: f39eed
severity: 3
line: 142
column: 17
content: send(1ether)

ruleId: SOLIDITY_UNCHECKED_CALL
patternId: f39eed
severity: 3
line: 154
column: 17
content: send(1ether)

ruleId: SOLIDITY_UNCHECKED_CALL
patternId: f39eed
severity: 3
line: 161
column: 17
content: send(1ether)

ruleId: SOLIDITY_UNCHECKED_CALL
patternId: f39eed
severity: 3
line: 165
column: 17
content: send(1ether)

ruleId: SOLIDITY_UNCHECKED_CALL
patternId: f39eed
severity: 3
line: 176
column: 17
content: send(1ether)

ruleId: SOLIDITY_UNCHECKED_CALL
patternId: f39eed
severity: 3
line: 180
column: 17
content: send(1ether)

ruleId: SOLIDITY_UNCHECKED_CALL
patternId: f39eed
severity: 3
line: 184
column: 17
content: send(1ether)

ruleId: SOLIDITY_UNCHECKED_CALL
patternId: f39eed
severity: 3
line: 188
column: 17
content: send(1ether)

ruleId: SOLIDITY_UNCHECKED_CALL
patternId: f39eed
severity: 3
line: 199
column: 17
content: send(1ether)

ruleId: SOLIDITY_UNCHECKED_CALL
patternId: f39eed
severity: 3
line: 209
column: 17
content: send(1ether)

ruleId: SOLIDITY_VISIBILITY
patternId: b51ce0
severity: 1
line: 82
column: 2
content: mapping(address=>uint256)balances;

ruleId: SOLIDITY_VISIBILITY
patternId: b51ce0
severity: 1
line: 86
column: 2
content: mapping(address=>mapping(address=>uint256))allowed;

SOLIDITY_VISIBILITY :2
SOLIDITY_SAFEMATH :1
SOLIDITY_PRAGMAS_VERSION :1
SOLIDITY_ADDRESS_HARDCODED :1
SOLIDITY_UNCHECKED_CALL :21
SOLIDITY_REDUNDANT_FALLBACK_REJECT :1
SOLIDITY_ERC20_APPROVE :1