/data/43.sol
line 151:36 extraneous input 'initData' expecting {',', ')'}
line 152:41 extraneous input 'initData' expecting {',', ')'}
jar:file:/usr/local/lib/node_modules/@smartdec/smartcheck/jdeploy-bundle/smartcheck-2.0-jar-with-dependencies.jar!/solidity-rules.xmlruleId: SOLIDITY_ADDRESS_HARDCODED
patternId: a91b18
severity: 1
line: 42
column: 8
content: _operator=address(0)

ruleId: SOLIDITY_PRAGMAS_VERSION
patternId: 23fc32
severity: 1
line: 3
column: 16
content: ^

ruleId: SOLIDITY_PRIVATE_MODIFIER_DONT_HIDE_DATA
patternId: 5616b2
severity: 1
line: 21
column: 12
content: private

ruleId: SOLIDITY_PRIVATE_MODIFIER_DONT_HIDE_DATA
patternId: 5616b2
severity: 1
line: 22
column: 9
content: private

ruleId: SOLIDITY_PRIVATE_MODIFIER_DONT_HIDE_DATA
patternId: 5616b2
severity: 1
line: 171
column: 14
content: private

ruleId: SOLIDITY_PRIVATE_MODIFIER_DONT_HIDE_DATA
patternId: 5616b2
severity: 1
line: 194
column: 12
content: private

ruleId: SOLIDITY_SHOULD_NOT_BE_PURE
patternId: 11314f
severity: 1
line: 119
column: 4
content: function_splitMultiHash(bytesmemorysource)internalpurereturns(MultiHashmemory){require(source.length==34,"length of source must be 34");uint8hashFunction=uint8(source[0]);uint8digestSize=uint8(source[1]);bytes32hash;assembly{hash:=mload(add(source,34))}return(MultiHash({hashFunction:hashFunction,digestSize:digestSize,hash:hash}));}

ruleId: SOLIDITY_USING_INLINE_ASSEMBLY
patternId: 109cd5
severity: 1
line: 126
column: 8
content: assembly{hash:=mload(add(source,34))}

SOLIDITY_PRAGMAS_VERSION :1
SOLIDITY_PRIVATE_MODIFIER_DONT_HIDE_DATA :4
SOLIDITY_ADDRESS_HARDCODED :1
SOLIDITY_USING_INLINE_ASSEMBLY :1
SOLIDITY_SHOULD_NOT_BE_PURE :1