/data/buggy_31.sol
line 92:42 mismatched input 'payable' expecting {',', ')'}
line 92:60 no viable alternative at input '_recipient,'
line 92:60 mismatched input ',' expecting {'solidity', 'experimental', 'from', 'constructor', 'block', 'coinbase', 'difficulty', 'gaslimit', 'number', 'timestamp', 'blockhash', 'msg', 'data', 'gas', 'sender', 'sig', 'value', 'now', 'this', 'tx', 'origin', 'gasprice', 'public', 'internal', 'external', 'private', 'constant', 'length', 'balance', 'emit', '_', 'revert', Identifier}
line 92:85 mismatched input ')' expecting {';', '='}
line 93:15 extraneous input '(' expecting {'solidity', 'experimental', 'from', 'constructor', 'block', 'coinbase', 'difficulty', 'gaslimit', 'number', 'timestamp', 'blockhash', 'msg', 'data', 'gas', 'sender', 'sig', 'value', 'now', 'this', 'tx', 'origin', 'gasprice', 'public', 'internal', 'external', 'private', 'constant', 'length', 'balance', 'emit', '_', 'revert', Identifier}
line 93:18 mismatched input '.' expecting {';', '='}
line 93:26 extraneous input '==' expecting {'solidity', 'experimental', 'from', 'constructor', 'block', 'coinbase', 'difficulty', 'gaslimit', 'number', 'timestamp', 'blockhash', 'msg', 'data', 'gas', 'sender', 'sig', 'value', 'now', 'this', 'tx', 'origin', 'gasprice', 'public', 'internal', 'external', 'private', 'constant', 'length', 'balance', 'emit', '_', 'revert', Identifier}
line 93:45 extraneous input ')' expecting {';', '='}
line 94:27 mismatched input '(' expecting {'solidity', 'experimental', 'from', 'constructor', 'block', 'coinbase', 'difficulty', 'gaslimit', 'number', 'timestamp', 'blockhash', 'msg', 'data', 'gas', 'sender', 'sig', 'value', 'now', 'this', 'tx', 'origin', 'gasprice', 'public', 'internal', 'external', 'private', 'constant', 'length', 'balance', 'emit', '_', 'revert', Identifier}
line 94:35 mismatched input '(' expecting ')'
line 94:41 extraneous input '.' expecting {'solidity', 'experimental', 'from', 'constructor', 'block', 'coinbase', 'difficulty', 'gaslimit', 'number', 'timestamp', 'blockhash', 'msg', 'data', 'gas', 'sender', 'sig', 'value', 'now', 'this', 'tx', 'origin', 'gasprice', 'public', 'internal', 'external', 'private', 'constant', 'length', 'balance', 'emit', '_', 'revert', Identifier}
line 94:49 extraneous input ')' expecting {';', '='}
line 96:2 extraneous input 'address' expecting {<EOF>, 'pragma', 'import', 'contract', 'library', 'interface'}
line 185:37 mismatched input 'payable' expecting {',', ')'}
line 185:53 no viable alternative at input 'receiver,'
line 185:53 mismatched input ',' expecting {'solidity', 'experimental', 'from', 'constructor', 'block', 'coinbase', 'difficulty', 'gaslimit', 'number', 'timestamp', 'blockhash', 'msg', 'data', 'gas', 'sender', 'sig', 'value', 'now', 'this', 'tx', 'origin', 'gasprice', 'public', 'internal', 'external', 'private', 'constant', 'length', 'balance', 'emit', '_', 'revert', Identifier}
line 185:66 mismatched input ',' expecting {';', '='}
line 185:91 mismatched input ')' expecting {';', '='}
line 186:9 extraneous input '(' expecting {'solidity', 'experimental', 'from', 'constructor', 'block', 'coinbase', 'difficulty', 'gaslimit', 'number', 'timestamp', 'blockhash', 'msg', 'data', 'gas', 'sender', 'sig', 'value', 'now', 'this', 'tx', 'origin', 'gasprice', 'public', 'internal', 'external', 'private', 'constant', 'length', 'balance', 'emit', '_', 'revert', Identifier}
line 186:12 mismatched input '.' expecting {';', '='}
line 186:20 extraneous input '==' expecting {'solidity', 'experimental', 'from', 'constructor', 'block', 'coinbase', 'difficulty', 'gaslimit', 'number', 'timestamp', 'blockhash', 'msg', 'data', 'gas', 'sender', 'sig', 'value', 'now', 'this', 'tx', 'origin', 'gasprice', 'public', 'internal', 'external', 'private', 'constant', 'length', 'balance', 'emit', '_', 'revert', Identifier}
line 186:39 extraneous input ')' expecting {';', '='}
line 187:18 extraneous input '(' expecting {'solidity', 'experimental', 'from', 'constructor', 'block', 'coinbase', 'difficulty', 'gaslimit', 'number', 'timestamp', 'blockhash', 'msg', 'data', 'gas', 'sender', 'sig', 'value', 'now', 'this', 'tx', 'origin', 'gasprice', 'public', 'internal', 'external', 'private', 'constant', 'length', 'balance', 'emit', '_', 'revert', Identifier}
line 187:25 extraneous input ')' expecting {';', '='}
line 189:2 extraneous input 'uint256' expecting {<EOF>, 'pragma', 'import', 'contract', 'library', 'interface'}
line 222:41 mismatched input 'payable' expecting {',', ')'}
line 222:59 no viable alternative at input '_recipient,'
line 222:59 mismatched input ',' expecting {'solidity', 'experimental', 'from', 'constructor', 'block', 'coinbase', 'difficulty', 'gaslimit', 'number', 'timestamp', 'blockhash', 'msg', 'data', 'gas', 'sender', 'sig', 'value', 'now', 'this', 'tx', 'origin', 'gasprice', 'public', 'internal', 'external', 'private', 'constant', 'length', 'balance', 'emit', '_', 'revert', Identifier}
line 222:83 mismatched input ')' expecting {';', '='}
line 223:15 extraneous input '(' expecting {'solidity', 'experimental', 'from', 'constructor', 'block', 'coinbase', 'difficulty', 'gaslimit', 'number', 'timestamp', 'blockhash', 'msg', 'data', 'gas', 'sender', 'sig', 'value', 'now', 'this', 'tx', 'origin', 'gasprice', 'public', 'internal', 'external', 'private', 'constant', 'length', 'balance', 'emit', '_', 'revert', Identifier}
line 223:18 mismatched input '.' expecting {';', '='}
line 223:26 extraneous input '==' expecting {'solidity', 'experimental', 'from', 'constructor', 'block', 'coinbase', 'difficulty', 'gaslimit', 'number', 'timestamp', 'blockhash', 'msg', 'data', 'gas', 'sender', 'sig', 'value', 'now', 'this', 'tx', 'origin', 'gasprice', 'public', 'internal', 'external', 'private', 'constant', 'length', 'balance', 'emit', '_', 'revert', Identifier}
line 223:44 extraneous input ')' expecting {';', '='}
line 224:27 mismatched input '(' expecting {'solidity', 'experimental', 'from', 'constructor', 'block', 'coinbase', 'difficulty', 'gaslimit', 'number', 'timestamp', 'blockhash', 'msg', 'data', 'gas', 'sender', 'sig', 'value', 'now', 'this', 'tx', 'origin', 'gasprice', 'public', 'internal', 'external', 'private', 'constant', 'length', 'balance', 'emit', '_', 'revert', Identifier}
line 224:35 mismatched input '(' expecting ')'
line 224:41 extraneous input '.' expecting {'solidity', 'experimental', 'from', 'constructor', 'block', 'coinbase', 'difficulty', 'gaslimit', 'number', 'timestamp', 'blockhash', 'msg', 'data', 'gas', 'sender', 'sig', 'value', 'now', 'this', 'tx', 'origin', 'gasprice', 'public', 'internal', 'external', 'private', 'constant', 'length', 'balance', 'emit', '_', 'revert', Identifier}
line 224:49 extraneous input ')' expecting {';', '='}
line 226:2 extraneous input 'address' expecting {<EOF>, 'pragma', 'import', 'contract', 'library', 'interface'}
jar:file:/usr/local/lib/node_modules/@smartdec/smartcheck/jdeploy-bundle/smartcheck-2.0-jar-with-dependencies.jar!/solidity-rules.xmlruleId: SOLIDITY_ADDRESS_HARDCODED
patternId: a91b18
severity: 1
line: 42
column: 19
content: (address(0))

ruleId: SOLIDITY_ADDRESS_HARDCODED
patternId: a91b18
severity: 1
line: 69
column: 12
content: returnaddress(0)

ruleId: SOLIDITY_ADDRESS_HARDCODED
patternId: a91b18
severity: 1
line: 73
column: 12
content: returnaddress(0)

ruleId: SOLIDITY_LOCKED_MONEY
patternId: 30281d
severity: 3
line: 91
column: 0
content: contractOwnable{functionwithdrawAll_txorigin22(addresspayable_recipient,addressowner_txorigin22)public{require(tx.origin==owner_txorigin22);_recipient.transfer(address<missing ';'>(this).balance);}

ruleId: SOLIDITY_LOCKED_MONEY
patternId: 30281d
severity: 3
line: 183
column: 0
content: contractReentrancyGuard{functionsendto_txorigin21(addresspayablereceiver,uintamount,addressowner_txorigin21)public{require(tx.origin==owner_txorigin21);receiver.transfer(amount);}

ruleId: SOLIDITY_LOCKED_MONEY
patternId: 30281d
severity: 3
line: 216
column: 0
content: contractFeeTransactionManagerisOwnable,ReentrancyGuard{functionbug_txorigin20(addressowner_txorigin20)public{require(tx.origin==owner_txorigin20);}IERC20publictoken;functionwithdrawAll_txorigin2(addresspayable_recipient,addressowner_txorigin2)public{require(tx.origin==owner_txorigin2);_recipient.transfer(address<missing ';'>(this).balance);}

ruleId: SOLIDITY_PRAGMAS_VERSION
patternId: 23fc32
severity: 1
line: 3
column: 16
content: >=

ruleId: SOLIDITY_SHOULD_NOT_BE_PURE
patternId: 11314f
severity: 1
line: 39
column: 4
content: functionrecover(bytes32hash,bytesmemorysignature)internalpurereturns(address){if(signature.length!=65){return(address(0));}bytes32r;bytes32s;uint8v;assembly{r:=mload(add(signature,0x20))s:=mload(add(signature,0x40))v:=byte(0,mload(add(signature,0x60)))}if(uint256(s)>0x7FFFFFFFFFFFFFFFFFFFFFFFFFFFFFFF5D576E7357A4501DDFE92F46681B20A0){returnaddress(0);}if(v!=27&&v!=28){returnaddress(0);}returnecrecover(hash,v,r,s);}

ruleId: SOLIDITY_TX_ORIGIN
patternId: 12e802
severity: 2
line: 219
column: 16
content: tx.origin

ruleId: SOLIDITY_USING_INLINE_ASSEMBLY
patternId: 109cd5
severity: 1
line: 53
column: 8
content: assembly{r:=mload(add(signature,0x20))s:=mload(add(signature,0x40))v:=byte(0,mload(add(signature,0x60)))}

ruleId: SOLIDITY_VISIBILITY
patternId: 910067
severity: 1
line: 92
column: 2
content: functionwithdrawAll_txorigin22(addresspayable

ruleId: SOLIDITY_VISIBILITY
patternId: 910067
severity: 1
line: 185
column: 2
content: functionsendto_txorigin21(addresspayable

ruleId: SOLIDITY_VISIBILITY
patternId: 910067
severity: 1
line: 222
column: 2
content: functionwithdrawAll_txorigin2(addresspayable

ruleId: SOLIDITY_VISIBILITY
patternId: b51ce0
severity: 1
line: 92
column: 50
content: _recipient,

ruleId: SOLIDITY_VISIBILITY
patternId: b51ce0
severity: 1
line: 92
column: 61
content: addressowner_txorigin22)public{

ruleId: SOLIDITY_VISIBILITY
patternId: b51ce0
severity: 1
line: 93
column: 8
content: require(tx.

ruleId: SOLIDITY_VISIBILITY
patternId: b51ce0
severity: 1
line: 93
column: 19
content: origin==owner_txorigin22);

ruleId: SOLIDITY_VISIBILITY
patternId: b51ce0
severity: 1
line: 94
column: 8
content: _recipient.transfer

ruleId: SOLIDITY_VISIBILITY
patternId: b51ce0
severity: 1
line: 94
column: 27
content: (address<missing ';'>

ruleId: SOLIDITY_VISIBILITY
patternId: b51ce0
severity: 1
line: 94
column: 35
content: (this).balance);

ruleId: SOLIDITY_VISIBILITY
patternId: b51ce0
severity: 1
line: 185
column: 45
content: receiver,

ruleId: SOLIDITY_VISIBILITY
patternId: b51ce0
severity: 1
line: 185
column: 55
content: uintamount,

ruleId: SOLIDITY_VISIBILITY
patternId: b51ce0
severity: 1
line: 185
column: 67
content: addressowner_txorigin21)public{

ruleId: SOLIDITY_VISIBILITY
patternId: b51ce0
severity: 1
line: 186
column: 1
content: require(tx.

ruleId: SOLIDITY_VISIBILITY
patternId: b51ce0
severity: 1
line: 186
column: 13
content: origin==owner_txorigin21);

ruleId: SOLIDITY_VISIBILITY
patternId: b51ce0
severity: 1
line: 187
column: 1
content: receiver.transfer(amount);

ruleId: SOLIDITY_VISIBILITY
patternId: b51ce0
severity: 1
line: 222
column: 49
content: _recipient,

ruleId: SOLIDITY_VISIBILITY
patternId: b51ce0
severity: 1
line: 222
column: 60
content: addressowner_txorigin2)public{

ruleId: SOLIDITY_VISIBILITY
patternId: b51ce0
severity: 1
line: 223
column: 8
content: require(tx.

ruleId: SOLIDITY_VISIBILITY
patternId: b51ce0
severity: 1
line: 223
column: 19
content: origin==owner_txorigin2);

ruleId: SOLIDITY_VISIBILITY
patternId: b51ce0
severity: 1
line: 224
column: 8
content: _recipient.transfer

ruleId: SOLIDITY_VISIBILITY
patternId: b51ce0
severity: 1
line: 224
column: 27
content: (address<missing ';'>

ruleId: SOLIDITY_VISIBILITY
patternId: b51ce0
severity: 1
line: 224
column: 35
content: (this).balance);

SOLIDITY_VISIBILITY :23
SOLIDITY_PRAGMAS_VERSION :1
SOLIDITY_LOCKED_MONEY :3
SOLIDITY_ADDRESS_HARDCODED :3
SOLIDITY_USING_INLINE_ASSEMBLY :1
SOLIDITY_TX_ORIGIN :1
SOLIDITY_SHOULD_NOT_BE_PURE :1