/data/buggy_37.sol
jar:file:/usr/local/lib/node_modules/@smartdec/smartcheck/jdeploy-bundle/smartcheck-2.0-jar-with-dependencies.jar!/solidity-rules.xmlruleId: SOLIDITY_ADDRESS_HARDCODED
patternId: adc165
severity: 1
line: 240
column: 17
content: 0xe4948b8A5609c3c39E49eC1e36679a94F72D62bD

ruleId: SOLIDITY_ADDRESS_HARDCODED
patternId: adc165
severity: 1
line: 241
column: 34
content: 0xe4948b8A5609c3c39E49eC1e36679a94F72D62bD

ruleId: SOLIDITY_ADDRESS_HARDCODED
patternId: a91b18
severity: 1
line: 179
column: 8
content: newOwner=address(0)

ruleId: SOLIDITY_ADDRESS_HARDCODED
patternId: a91b18
severity: 1
line: 252
column: 30
content: balances[address(0)]

ruleId: SOLIDITY_ERC20_APPROVE
patternId: af782c
severity: 2
line: 303
column: 4
content: functionapprove(addressspender,uinttokens)publicreturns(boolsuccess){allowed[msg.sender][spender]=tokens;emitApproval(msg.sender,spender,tokens);returntrue;}

ruleId: SOLIDITY_EXACT_TIME
patternId: 1955d9
severity: 2
line: 47
column: 16
content: now!=pastBlockTime_tmstmp28

ruleId: SOLIDITY_EXACT_TIME
patternId: 1955d9
severity: 2
line: 49
column: 11
content: now%15==0

ruleId: SOLIDITY_EXACT_TIME
patternId: 1955d9
severity: 2
line: 73
column: 5
content: startTime+(5*1days)==block.timestamp

ruleId: SOLIDITY_EXACT_TIME
patternId: 1955d9
severity: 2
line: 83
column: 16
content: now!=pastBlockTime_tmstmp24

ruleId: SOLIDITY_EXACT_TIME
patternId: 1955d9
severity: 2
line: 85
column: 11
content: now%15==0

ruleId: SOLIDITY_EXACT_TIME
patternId: 1955d9
severity: 2
line: 98
column: 5
content: startTime+(5*1days)==block.timestamp

ruleId: SOLIDITY_EXACT_TIME
patternId: 1955d9
severity: 2
line: 122
column: 16
content: now!=pastBlockTime_tmstmp20

ruleId: SOLIDITY_EXACT_TIME
patternId: 1955d9
severity: 2
line: 124
column: 11
content: now%15==0

ruleId: SOLIDITY_EXACT_TIME
patternId: 1955d9
severity: 2
line: 142
column: 16
content: now!=pastBlockTime_tmstmp36

ruleId: SOLIDITY_EXACT_TIME
patternId: 1955d9
severity: 2
line: 144
column: 11
content: now%15==0

ruleId: SOLIDITY_EXACT_TIME
patternId: 1955d9
severity: 2
line: 158
column: 5
content: startTime+(5*1days)==block.timestamp

ruleId: SOLIDITY_EXACT_TIME
patternId: 1955d9
severity: 2
line: 183
column: 5
content: startTime+(5*1days)==block.timestamp

ruleId: SOLIDITY_EXACT_TIME
patternId: 1955d9
severity: 2
line: 201
column: 5
content: startTime+(5*1days)==block.timestamp

ruleId: SOLIDITY_EXACT_TIME
patternId: 1955d9
severity: 2
line: 211
column: 16
content: now!=pastBlockTime_tmstmp32

ruleId: SOLIDITY_EXACT_TIME
patternId: 1955d9
severity: 2
line: 213
column: 11
content: now%15==0

ruleId: SOLIDITY_EXACT_TIME
patternId: 1955d9
severity: 2
line: 227
column: 5
content: startTime+(5*1days)==block.timestamp

ruleId: SOLIDITY_EXACT_TIME
patternId: 1955d9
severity: 2
line: 257
column: 16
content: now!=pastBlockTime_tmstmp16

ruleId: SOLIDITY_EXACT_TIME
patternId: 1955d9
severity: 2
line: 259
column: 11
content: now%15==0

ruleId: SOLIDITY_EXACT_TIME
patternId: 1955d9
severity: 2
line: 291
column: 5
content: startTime+(5*1days)==block.timestamp

ruleId: SOLIDITY_EXACT_TIME
patternId: 1955d9
severity: 2
line: 332
column: 16
content: now!=pastBlockTime_tmstmp12

ruleId: SOLIDITY_EXACT_TIME
patternId: 1955d9
severity: 2
line: 334
column: 11
content: now%15==0

ruleId: SOLIDITY_EXACT_TIME
patternId: 1955d9
severity: 2
line: 367
column: 5
content: startTime+(5*1days)==block.timestamp

ruleId: SOLIDITY_PRAGMAS_VERSION
patternId: 23fc32
severity: 1
line: 3
column: 16
content: ^

ruleId: SOLIDITY_REDUNDANT_FALLBACK_REJECT
patternId: b85a32
severity: 1
line: 374
column: 33
content: {revert();}

ruleId: SOLIDITY_VISIBILITY
patternId: b51ce0
severity: 1
line: 28
column: 0
content: addresswinner_tmstmp3;

ruleId: SOLIDITY_VISIBILITY
patternId: b51ce0
severity: 1
line: 57
column: 0
content: addresswinner_tmstmp27;

ruleId: SOLIDITY_VISIBILITY
patternId: b51ce0
severity: 1
line: 71
column: 0
content: addresswinner_tmstmp26;

ruleId: SOLIDITY_VISIBILITY
patternId: b51ce0
severity: 1
line: 90
column: 0
content: addresswinner_tmstmp23;

ruleId: SOLIDITY_VISIBILITY
patternId: b51ce0
severity: 1
line: 96
column: 0
content: addresswinner_tmstmp22;

ruleId: SOLIDITY_VISIBILITY
patternId: b51ce0
severity: 1
line: 105
column: 2
content: uint256bugv_tmstmp3=block.timestamp;

ruleId: SOLIDITY_VISIBILITY
patternId: b51ce0
severity: 1
line: 107
column: 2
content: uint256bugv_tmstmp2=block.timestamp;

ruleId: SOLIDITY_VISIBILITY
patternId: b51ce0
severity: 1
line: 150
column: 2
content: uint256bugv_tmstmp1=block.timestamp;

ruleId: SOLIDITY_VISIBILITY
patternId: b51ce0
severity: 1
line: 156
column: 0
content: addresswinner_tmstmp2;

ruleId: SOLIDITY_VISIBILITY
patternId: b51ce0
severity: 1
line: 165
column: 0
content: uint256bugv_tmstmp4=block.timestamp;

ruleId: SOLIDITY_VISIBILITY
patternId: b51ce0
severity: 1
line: 170
column: 0
content: addresswinner_tmstmp19;

ruleId: SOLIDITY_VISIBILITY
patternId: b51ce0
severity: 1
line: 181
column: 0
content: addresswinner_tmstmp18;

ruleId: SOLIDITY_VISIBILITY
patternId: b51ce0
severity: 1
line: 193
column: 2
content: addresswinner_tmstmp35;

ruleId: SOLIDITY_VISIBILITY
patternId: b51ce0
severity: 1
line: 199
column: 2
content: addresswinner_tmstmp34;

ruleId: SOLIDITY_VISIBILITY
patternId: b51ce0
severity: 1
line: 219
column: 2
content: addresswinner_tmstmp31;

ruleId: SOLIDITY_VISIBILITY
patternId: b51ce0
severity: 1
line: 224
column: 2
content: mapping(address=>uint)balances;

ruleId: SOLIDITY_VISIBILITY
patternId: b51ce0
severity: 1
line: 225
column: 2
content: addresswinner_tmstmp30;

ruleId: SOLIDITY_VISIBILITY
patternId: b51ce0
severity: 1
line: 229
column: 2
content: mapping(address=>mapping(address=>uint))allowed;

ruleId: SOLIDITY_VISIBILITY
patternId: b51ce0
severity: 1
line: 271
column: 0
content: addresswinner_tmstmp15;

ruleId: SOLIDITY_VISIBILITY
patternId: b51ce0
severity: 1
line: 289
column: 0
content: addresswinner_tmstmp14;

ruleId: SOLIDITY_VISIBILITY
patternId: b51ce0
severity: 1
line: 347
column: 0
content: addresswinner_tmstmp11;

ruleId: SOLIDITY_VISIBILITY
patternId: b51ce0
severity: 1
line: 365
column: 0
content: addresswinner_tmstmp10;

ruleId: SOLIDITY_VISIBILITY
patternId: b51ce0
severity: 1
line: 388
column: 0
content: uint256bugv_tmstmp5=block.timestamp;

SOLIDITY_VISIBILITY :23
SOLIDITY_PRAGMAS_VERSION :1
SOLIDITY_ADDRESS_HARDCODED :4
SOLIDITY_REDUNDANT_FALLBACK_REJECT :1
SOLIDITY_EXACT_TIME :22
SOLIDITY_ERC20_APPROVE :1