/data/buggy_17.sol
line 73:8 extraneous input 'payable' expecting {'solidity', 'experimental', 'from', 'constructor', 'block', 'coinbase', 'difficulty', 'gaslimit', 'number', 'timestamp', 'blockhash', 'msg', 'data', 'gas', 'sender', 'sig', 'value', 'now', 'this', 'tx', 'origin', 'gasprice', 'public', 'internal', 'external', 'private', 'constant', 'length', 'balance', 'emit', '_', 'revert', Identifier}
line 84:89 extraneous input '_extraData' expecting {',', ')'}
line 137:8 extraneous input 'payable' expecting {'solidity', 'experimental', 'from', 'constructor', 'block', 'coinbase', 'difficulty', 'gaslimit', 'number', 'timestamp', 'blockhash', 'msg', 'data', 'gas', 'sender', 'sig', 'value', 'now', 'this', 'tx', 'origin', 'gasprice', 'public', 'internal', 'external', 'private', 'constant', 'length', 'balance', 'emit', '_', 'revert', Identifier}
line 221:8 extraneous input 'payable' expecting {'solidity', 'experimental', 'from', 'constructor', 'block', 'coinbase', 'difficulty', 'gaslimit', 'number', 'timestamp', 'blockhash', 'msg', 'data', 'gas', 'sender', 'sig', 'value', 'now', 'this', 'tx', 'origin', 'gasprice', 'public', 'internal', 'external', 'private', 'constant', 'length', 'balance', 'emit', '_', 'revert', Identifier}
line 369:8 extraneous input 'payable' expecting {'solidity', 'experimental', 'from', 'constructor', 'block', 'coinbase', 'difficulty', 'gaslimit', 'number', 'timestamp', 'blockhash', 'msg', 'data', 'gas', 'sender', 'sig', 'value', 'now', 'this', 'tx', 'origin', 'gasprice', 'public', 'internal', 'external', 'private', 'constant', 'length', 'balance', 'emit', '_', 'revert', Identifier}
jar:file:/usr/local/lib/node_modules/@smartdec/smartcheck/jdeploy-bundle/smartcheck-2.0-jar-with-dependencies.jar!/solidity-rules.xmlruleId: SOLIDITY_ADDRESS_HARDCODED
patternId: adc165
severity: 1
line: 340
column: 33
content: 0x9fd50776F133751E8Ae6abE1Be124638Bb917E05

ruleId: SOLIDITY_ADDRESS_HARDCODED
patternId: c67a09
severity: 1
line: 188
column: 27
content: 0x0

ruleId: SOLIDITY_ADDRESS_HARDCODED
patternId: c67a09
severity: 1
line: 363
column: 27
content: 0x0

ruleId: SOLIDITY_CALL_WITHOUT_DATA
patternId: 111ppp
severity: 2
line: 112
column: 36
content: call.value(userBalance_re_ent33[msg.sender])("")

ruleId: SOLIDITY_CALL_WITHOUT_DATA
patternId: 111ppp
severity: 2
line: 168
column: 35
content: call.value(balances_re_ent1[msg.sender])("")

ruleId: SOLIDITY_CALL_WITHOUT_DATA
patternId: 111ppp
severity: 2
line: 182
column: 35
content: call.value(balances_re_ent21[msg.sender])("")

ruleId: SOLIDITY_CALL_WITHOUT_DATA
patternId: 111ppp
severity: 2
line: 275
column: 29
content: call.value(_weiToWithdraw)("")

ruleId: SOLIDITY_CALL_WITHOUT_DATA
patternId: 111ppp
severity: 2
line: 310
column: 36
content: call.value(userBalance_re_ent26[msg.sender])("")

ruleId: SOLIDITY_CALL_WITHOUT_DATA
patternId: 111ppp
severity: 2
line: 357
column: 35
content: call.value(_weiToWithdraw)("")

ruleId: SOLIDITY_CALL_WITHOUT_DATA
patternId: 111ppp
severity: 2
line: 419
column: 35
content: call.value(1ether)("")

ruleId: SOLIDITY_ERC20_APPROVE
patternId: af782c
severity: 2
line: 231
column: 2
content: functionapprove(address_spender,uint256_value)publicreturns(boolsuccess){allowance[msg.sender][_spender]=_value;emitApproval(msg.sender,_spender,_value);returntrue;}

ruleId: SOLIDITY_EXTRA_GAS_IN_LOOPS
patternId: d3j11j
severity: 1
line: 348
column: 4
content: for(uint256i=0;i<frozenAddresses.length;i++){balanceOf[frozenAddresses[i]]=frozenWallets[frozenAddresses[i]].rewardedAmount;totalSupply=totalSupply.add(frozenWallets[frozenAddresses[i]].rewardedAmount);}

ruleId: SOLIDITY_GAS_LIMIT_IN_LOOPS
patternId: f6f853
severity: 2
line: 348
column: 4
content: for(uint256i=0;i<frozenAddresses.length;i++){balanceOf[frozenAddresses[i]]=frozenWallets[frozenAddresses[i]].rewardedAmount;totalSupply=totalSupply.add(frozenWallets[frozenAddresses[i]].rewardedAmount);}

ruleId: SOLIDITY_PRAGMAS_VERSION
patternId: 23fc32
severity: 1
line: 3
column: 16
content: ^

ruleId: SOLIDITY_REVERT_REQUIRE
patternId: c56b12
severity: 1
line: 113
column: 8
content: if(!success){revert();}

ruleId: SOLIDITY_REVERT_REQUIRE
patternId: c56b12
severity: 1
line: 311
column: 8
content: if(!success){revert();}

ruleId: SOLIDITY_REVERT_REQUIRE
patternId: c56b12
severity: 1
line: 420
column: 8
content: if(!success){revert();}

ruleId: SOLIDITY_SAFEMATH
patternId: 837cac
severity: 1
line: 89
column: 2
content: usingSafeMathforuint256;

ruleId: SOLIDITY_UNCHECKED_CALL
patternId: f39eed
severity: 3
line: 112
column: 36
content: call.value(userBalance_re_ent33[msg.sender])("")

ruleId: SOLIDITY_UNCHECKED_CALL
patternId: f39eed
severity: 3
line: 168
column: 35
content: call.value(balances_re_ent1[msg.sender])("")

ruleId: SOLIDITY_UNCHECKED_CALL
patternId: f39eed
severity: 3
line: 182
column: 35
content: call.value(balances_re_ent21[msg.sender])("")

ruleId: SOLIDITY_UNCHECKED_CALL
patternId: f39eed
severity: 3
line: 275
column: 29
content: call.value(_weiToWithdraw)("")

ruleId: SOLIDITY_UNCHECKED_CALL
patternId: f39eed
severity: 3
line: 310
column: 36
content: call.value(userBalance_re_ent26[msg.sender])("")

ruleId: SOLIDITY_UNCHECKED_CALL
patternId: f39eed
severity: 3
line: 357
column: 35
content: call.value(_weiToWithdraw)("")

ruleId: SOLIDITY_UNCHECKED_CALL
patternId: f39eed
severity: 3
line: 419
column: 35
content: call.value(1ether)("")

ruleId: SOLIDITY_VISIBILITY
patternId: b51ce0
severity: 1
line: 47
column: 0
content: mapping(address=>uint)balances_re_ent36;

ruleId: SOLIDITY_VISIBILITY
patternId: b51ce0
severity: 1
line: 57
column: 0
content: mapping(address=>uint)balances_re_ent24;

ruleId: SOLIDITY_VISIBILITY
patternId: b51ce0
severity: 1
line: 73
column: 0
content: addresspayablelastPlayer_re_ent23;

ruleId: SOLIDITY_VISIBILITY
patternId: b51ce0
severity: 1
line: 74
column: 6
content: uintjackpot_re_ent23;

ruleId: SOLIDITY_VISIBILITY
patternId: b51ce0
severity: 1
line: 90
column: 0
content: uint256counter_re_ent35=0;

ruleId: SOLIDITY_VISIBILITY
patternId: b51ce0
severity: 1
line: 99
column: 0
content: boolnot_called_re_ent34=true;

ruleId: SOLIDITY_VISIBILITY
patternId: b51ce0
severity: 1
line: 108
column: 0
content: mapping(address=>uint)userBalance_re_ent33;

ruleId: SOLIDITY_VISIBILITY
patternId: b51ce0
severity: 1
line: 119
column: 0
content: mapping(address=>uint)redeemableEther_re_ent32;

ruleId: SOLIDITY_VISIBILITY
patternId: b51ce0
severity: 1
line: 129
column: 0
content: mapping(address=>uint)balances_re_ent31;

ruleId: SOLIDITY_VISIBILITY
patternId: b51ce0
severity: 1
line: 137
column: 0
content: addresspayablelastPlayer_re_ent30;

ruleId: SOLIDITY_VISIBILITY
patternId: b51ce0
severity: 1
line: 138
column: 6
content: uintjackpot_re_ent30;

ruleId: SOLIDITY_VISIBILITY
patternId: b51ce0
severity: 1
line: 147
column: 0
content: mapping(address=>uint)redeemableEther_re_ent11;

ruleId: SOLIDITY_VISIBILITY
patternId: b51ce0
severity: 1
line: 157
column: 0
content: mapping(address=>uint)balances_re_ent10;

ruleId: SOLIDITY_VISIBILITY
patternId: b51ce0
severity: 1
line: 166
column: 0
content: mapping(address=>uint)balances_re_ent1;

ruleId: SOLIDITY_VISIBILITY
patternId: b51ce0
severity: 1
line: 180
column: 0
content: mapping(address=>uint)balances_re_ent21;

ruleId: SOLIDITY_VISIBILITY
patternId: b51ce0
severity: 1
line: 193
column: 0
content: uint256counter_re_ent21=0;

ruleId: SOLIDITY_VISIBILITY
patternId: b51ce0
severity: 1
line: 206
column: 0
content: boolnot_called_re_ent20=true;

ruleId: SOLIDITY_VISIBILITY
patternId: b51ce0
severity: 1
line: 221
column: 0
content: addresspayablelastPlayer_re_ent2;

ruleId: SOLIDITY_VISIBILITY
patternId: b51ce0
severity: 1
line: 222
column: 6
content: uintjackpot_re_ent2;

ruleId: SOLIDITY_VISIBILITY
patternId: b51ce0
severity: 1
line: 236
column: 0
content: mapping(address=>uint)userBalance_re_ent19;

ruleId: SOLIDITY_VISIBILITY
patternId: b51ce0
severity: 1
line: 254
column: 0
content: mapping(address=>uint)redeemableEther_re_ent18;

ruleId: SOLIDITY_VISIBILITY
patternId: b51ce0
severity: 1
line: 271
column: 0
content: mapping(address=>uint)balances_re_ent3;

ruleId: SOLIDITY_VISIBILITY
patternId: b51ce0
severity: 1
line: 280
column: 1
content: string_tokenName="AZ FundChain";

ruleId: SOLIDITY_VISIBILITY
patternId: b51ce0
severity: 1
line: 280
column: 38
content: mapping(address=>uint)balances_re_ent29;

ruleId: SOLIDITY_VISIBILITY
patternId: b51ce0
severity: 1
line: 286
column: 1
content: string_tokenSymbol="AZT";

ruleId: SOLIDITY_VISIBILITY
patternId: b51ce0
severity: 1
line: 287
column: 0
content: uint256counter_re_ent28=0;

ruleId: SOLIDITY_VISIBILITY
patternId: b51ce0
severity: 1
line: 295
column: 2
content: uint8_decimals=18;

ruleId: SOLIDITY_VISIBILITY
patternId: b51ce0
severity: 1
line: 297
column: 0
content: boolnot_called_re_ent27=true;

ruleId: SOLIDITY_VISIBILITY
patternId: b51ce0
severity: 1
line: 306
column: 0
content: mapping(address=>uint)userBalance_re_ent26;

ruleId: SOLIDITY_VISIBILITY
patternId: b51ce0
severity: 1
line: 325
column: 0
content: mapping(address=>uint)redeemableEther_re_ent25;

ruleId: SOLIDITY_VISIBILITY
patternId: b51ce0
severity: 1
line: 353
column: 0
content: mapping(address=>uint)balances_re_ent17;

ruleId: SOLIDITY_VISIBILITY
patternId: b51ce0
severity: 1
line: 369
column: 0
content: addresspayablelastPlayer_re_ent16;

ruleId: SOLIDITY_VISIBILITY
patternId: b51ce0
severity: 1
line: 370
column: 6
content: uintjackpot_re_ent16;

ruleId: SOLIDITY_VISIBILITY
patternId: b51ce0
severity: 1
line: 387
column: 0
content: mapping(address=>uint)balances_re_ent15;

ruleId: SOLIDITY_VISIBILITY
patternId: b51ce0
severity: 1
line: 400
column: 0
content: uint256counter_re_ent14=0;

ruleId: SOLIDITY_VISIBILITY
patternId: b51ce0
severity: 1
line: 416
column: 0
content: boolnot_called_re_ent13=true;

ruleId: SOLIDITY_VISIBILITY
patternId: b51ce0
severity: 1
line: 429
column: 0
content: mapping(address=>uint)userBalance_re_ent12;

SOLIDITY_VISIBILITY :37
SOLIDITY_SAFEMATH :1
SOLIDITY_PRAGMAS_VERSION :1
SOLIDITY_REVERT_REQUIRE :3
SOLIDITY_EXTRA_GAS_IN_LOOPS :1
SOLIDITY_ADDRESS_HARDCODED :3
SOLIDITY_GAS_LIMIT_IN_LOOPS :1
SOLIDITY_UNCHECKED_CALL :7
SOLIDITY_CALL_WITHOUT_DATA :7
SOLIDITY_ERC20_APPROVE :1