/data/buggy_46.sol
jar:file:/usr/local/lib/node_modules/@smartdec/smartcheck/jdeploy-bundle/smartcheck-2.0-jar-with-dependencies.jar!/solidity-rules.xmlruleId: SOLIDITY_EXACT_TIME
patternId: 1955d9
severity: 2
line: 18
column: 5
content: startTime+(5*1days)==block.timestamp

ruleId: SOLIDITY_EXTRA_GAS_IN_LOOPS
patternId: d3j11j
severity: 1
line: 54
column: 8
content: for(uinti=0;i<fileExistenceProofs[dappBoxOrigin].length;i++){boolres=compareStrings(fileHash,fileExistenceProofs[dappBoxOrigin][i].fileHash)&&compareStrings(filePathHash,fileExistenceProofs[dappBoxOrigin][i].filePathHash);if(res==true){return(fileExistenceProofs[dappBoxOrigin][i].date,fileExistenceProofs[dappBoxOrigin][i].filesender,fileExistenceProofs[dappBoxOrigin][i].contractAddress,fileExistenceProofs[dappBoxOrigin][i].identifier,fileExistenceProofs[dappBoxOrigin][i].QRCodeHash);}}

ruleId: SOLIDITY_GAS_LIMIT_IN_LOOPS
patternId: f6f853
severity: 2
line: 54
column: 8
content: for(uinti=0;i<fileExistenceProofs[dappBoxOrigin].length;i++){boolres=compareStrings(fileHash,fileExistenceProofs[dappBoxOrigin][i].fileHash)&&compareStrings(filePathHash,fileExistenceProofs[dappBoxOrigin][i].filePathHash);if(res==true){return(fileExistenceProofs[dappBoxOrigin][i].date,fileExistenceProofs[dappBoxOrigin][i].filesender,fileExistenceProofs[dappBoxOrigin][i].contractAddress,fileExistenceProofs[dappBoxOrigin][i].identifier,fileExistenceProofs[dappBoxOrigin][i].QRCodeHash);}}

ruleId: SOLIDITY_GAS_LIMIT_IN_LOOPS
patternId: f6f853
severity: 2
line: 103
column: 8
content: for(uinti=0;i<len;i++){boolres=compareStrings(fileHash,fileExistenceProofs[dappBoxOrigin][i].fileHash)&&compareStrings(filePathHash,fileExistenceProofs[dappBoxOrigin][i].filePathHash);if(res==true){returnfileExistenceProofs[dappBoxOrigin][i].QRCodeHash;}}

ruleId: SOLIDITY_GAS_LIMIT_IN_LOOPS
patternId: f6f853
severity: 2
line: 123
column: 8
content: for(uinti=0;i<len;i++){if(QRCodeHash==fileExistenceProofs[dappBoxOrigin][i].QRCodeHash){return(fileExistenceProofs[dappBoxOrigin][i].date,fileExistenceProofs[dappBoxOrigin][i].filesender,fileExistenceProofs[dappBoxOrigin][i].contractAddress,fileExistenceProofs[dappBoxOrigin][i].identifier,fileExistenceProofs[dappBoxOrigin][i].QRCodeHash);}}

ruleId: SOLIDITY_PRAGMAS_VERSION
patternId: 23fc32
severity: 1
line: 2
column: 16
content: >=

ruleId: SOLIDITY_PRAGMAS_VERSION
patternId: 23fc32
severity: 1
line: 2
column: 25
content: <

ruleId: SOLIDITY_SHOULD_RETURN_STRUCT
patternId: 83hf3l
severity: 1
line: 52
column: 128
content: (uint256,address,address,BlockchainIdentification,bytes32)

ruleId: SOLIDITY_SHOULD_RETURN_STRUCT
patternId: 83hf3l
severity: 1
line: 121
column: 101
content: (uint256,address,address,BlockchainIdentification,bytes32)

ruleId: SOLIDITY_VISIBILITY
patternId: b51ce0
severity: 1
line: 16
column: 1
content: addresswinner_tmstmp10;

ruleId: SOLIDITY_VISIBILITY
patternId: b51ce0
severity: 1
line: 22
column: 0
content: mapping(address=>FileExistenceStruct[])fileExistenceProofs;

ruleId: SOLIDITY_VISIBILITY
patternId: b51ce0
severity: 1
line: 69
column: 0
content: uint256bugv_tmstmp5=block.timestamp;

ruleId: SOLIDITY_VISIBILITY
patternId: b51ce0
severity: 1
line: 83
column: 0
content: uint256bugv_tmstmp4=block.timestamp;

ruleId: SOLIDITY_VISIBILITY
patternId: b51ce0
severity: 1
line: 94
column: 0
content: uint256bugv_tmstmp3=block.timestamp;

ruleId: SOLIDITY_VISIBILITY
patternId: b51ce0
severity: 1
line: 115
column: 0
content: uint256bugv_tmstmp2=block.timestamp;

ruleId: SOLIDITY_VISIBILITY
patternId: b51ce0
severity: 1
line: 135
column: 0
content: uint256bugv_tmstmp1=block.timestamp;

SOLIDITY_VISIBILITY :7
SOLIDITY_PRAGMAS_VERSION :2
SOLIDITY_EXTRA_GAS_IN_LOOPS :1
SOLIDITY_GAS_LIMIT_IN_LOOPS :3
SOLIDITY_SHOULD_RETURN_STRUCT :2
SOLIDITY_EXACT_TIME :1