/data/buggy_6.sol
line 16:42 mismatched input 'payable' expecting {',', ')'}
line 16:60 no viable alternative at input '_recipient,'
line 16:60 mismatched input ',' expecting {'solidity', 'experimental', 'from', 'constructor', 'block', 'coinbase', 'difficulty', 'gaslimit', 'number', 'timestamp', 'blockhash', 'msg', 'data', 'gas', 'sender', 'sig', 'value', 'now', 'this', 'tx', 'origin', 'gasprice', 'public', 'internal', 'external', 'private', 'constant', 'length', 'balance', 'emit', '_', 'revert', Identifier}
line 16:85 mismatched input ')' expecting {';', '='}
line 17:15 extraneous input '(' expecting {'solidity', 'experimental', 'from', 'constructor', 'block', 'coinbase', 'difficulty', 'gaslimit', 'number', 'timestamp', 'blockhash', 'msg', 'data', 'gas', 'sender', 'sig', 'value', 'now', 'this', 'tx', 'origin', 'gasprice', 'public', 'internal', 'external', 'private', 'constant', 'length', 'balance', 'emit', '_', 'revert', Identifier}
line 17:18 mismatched input '.' expecting {';', '='}
line 17:26 extraneous input '==' expecting {'solidity', 'experimental', 'from', 'constructor', 'block', 'coinbase', 'difficulty', 'gaslimit', 'number', 'timestamp', 'blockhash', 'msg', 'data', 'gas', 'sender', 'sig', 'value', 'now', 'this', 'tx', 'origin', 'gasprice', 'public', 'internal', 'external', 'private', 'constant', 'length', 'balance', 'emit', '_', 'revert', Identifier}
line 17:45 extraneous input ')' expecting {';', '='}
line 18:27 mismatched input '(' expecting {'solidity', 'experimental', 'from', 'constructor', 'block', 'coinbase', 'difficulty', 'gaslimit', 'number', 'timestamp', 'blockhash', 'msg', 'data', 'gas', 'sender', 'sig', 'value', 'now', 'this', 'tx', 'origin', 'gasprice', 'public', 'internal', 'external', 'private', 'constant', 'length', 'balance', 'emit', '_', 'revert', Identifier}
line 18:35 mismatched input '(' expecting ')'
line 18:41 extraneous input '.' expecting {'solidity', 'experimental', 'from', 'constructor', 'block', 'coinbase', 'difficulty', 'gaslimit', 'number', 'timestamp', 'blockhash', 'msg', 'data', 'gas', 'sender', 'sig', 'value', 'now', 'this', 'tx', 'origin', 'gasprice', 'public', 'internal', 'external', 'private', 'constant', 'length', 'balance', 'emit', '_', 'revert', Identifier}
line 18:49 extraneous input ')' expecting {';', '='}
line 20:2 extraneous input 'address' expecting {<EOF>, 'pragma', 'import', 'contract', 'library', 'interface'}
line 195:37 mismatched input 'payable' expecting {',', ')'}
line 195:53 no viable alternative at input 'receiver,'
line 195:53 mismatched input ',' expecting {'solidity', 'experimental', 'from', 'constructor', 'block', 'coinbase', 'difficulty', 'gaslimit', 'number', 'timestamp', 'blockhash', 'msg', 'data', 'gas', 'sender', 'sig', 'value', 'now', 'this', 'tx', 'origin', 'gasprice', 'public', 'internal', 'external', 'private', 'constant', 'length', 'balance', 'emit', '_', 'revert', Identifier}
line 195:66 mismatched input ',' expecting {';', '='}
line 195:91 mismatched input ')' expecting {';', '='}
line 196:9 extraneous input '(' expecting {'solidity', 'experimental', 'from', 'constructor', 'block', 'coinbase', 'difficulty', 'gaslimit', 'number', 'timestamp', 'blockhash', 'msg', 'data', 'gas', 'sender', 'sig', 'value', 'now', 'this', 'tx', 'origin', 'gasprice', 'public', 'internal', 'external', 'private', 'constant', 'length', 'balance', 'emit', '_', 'revert', Identifier}
line 196:12 mismatched input '.' expecting {';', '='}
line 196:20 extraneous input '==' expecting {'solidity', 'experimental', 'from', 'constructor', 'block', 'coinbase', 'difficulty', 'gaslimit', 'number', 'timestamp', 'blockhash', 'msg', 'data', 'gas', 'sender', 'sig', 'value', 'now', 'this', 'tx', 'origin', 'gasprice', 'public', 'internal', 'external', 'private', 'constant', 'length', 'balance', 'emit', '_', 'revert', Identifier}
line 196:39 extraneous input ')' expecting {';', '='}
line 197:18 extraneous input '(' expecting {'solidity', 'experimental', 'from', 'constructor', 'block', 'coinbase', 'difficulty', 'gaslimit', 'number', 'timestamp', 'blockhash', 'msg', 'data', 'gas', 'sender', 'sig', 'value', 'now', 'this', 'tx', 'origin', 'gasprice', 'public', 'internal', 'external', 'private', 'constant', 'length', 'balance', 'emit', '_', 'revert', Identifier}
line 197:25 extraneous input ')' expecting {';', '='}
line 199:2 extraneous input 'mapping' expecting {<EOF>, 'pragma', 'import', 'contract', 'library', 'interface'}
jar:file:/usr/local/lib/node_modules/@smartdec/smartcheck/jdeploy-bundle/smartcheck-2.0-jar-with-dependencies.jar!/solidity-rules.xmlruleId: SOLIDITY_LOCKED_MONEY
patternId: 30281d
severity: 3
line: 5
column: 0
content: contractOwnable{functionbug_txorigin36(addressowner_txorigin36)public{require(tx.origin==owner_txorigin36);}boolprivatestopped;functiontransferTo_txorigin35(addressto,uintamount,addressowner_txorigin35)public{require(tx.origin==owner_txorigin35);to.call.value(amount);}addressprivate_owner;functionwithdrawAll_txorigin34(addresspayable_recipient,addressowner_txorigin34)public{require(tx.origin==owner_txorigin34);_recipient.transfer(address<missing ';'>(this).balance);}

ruleId: SOLIDITY_LOCKED_MONEY
patternId: 30281d
severity: 3
line: 193
column: 0
content: contractChannelWalletisOwnable{functionsendto_txorigin33(addresspayablereceiver,uintamount,addressowner_txorigin33)public{require(tx.origin==owner_txorigin33);receiver.transfer(amount);}

ruleId: SOLIDITY_PRAGMAS_VERSION
patternId: 23fc32
severity: 1
line: 3
column: 16
content: ^

ruleId: SOLIDITY_PRIVATE_MODIFIER_DONT_HIDE_DATA
patternId: 5616b2
severity: 1
line: 10
column: 7
content: private

ruleId: SOLIDITY_PRIVATE_MODIFIER_DONT_HIDE_DATA
patternId: 5616b2
severity: 1
line: 15
column: 10
content: private

ruleId: SOLIDITY_TX_ORIGIN
patternId: 12e802
severity: 2
line: 8
column: 16
content: tx.origin

ruleId: SOLIDITY_TX_ORIGIN
patternId: 12e802
severity: 2
line: 12
column: 10
content: tx.origin

ruleId: SOLIDITY_VISIBILITY
patternId: 910067
severity: 1
line: 16
column: 2
content: functionwithdrawAll_txorigin34(addresspayable

ruleId: SOLIDITY_VISIBILITY
patternId: 910067
severity: 1
line: 195
column: 2
content: functionsendto_txorigin33(addresspayable

ruleId: SOLIDITY_VISIBILITY
patternId: b51ce0
severity: 1
line: 16
column: 50
content: _recipient,

ruleId: SOLIDITY_VISIBILITY
patternId: b51ce0
severity: 1
line: 16
column: 61
content: addressowner_txorigin34)public{

ruleId: SOLIDITY_VISIBILITY
patternId: b51ce0
severity: 1
line: 17
column: 8
content: require(tx.

ruleId: SOLIDITY_VISIBILITY
patternId: b51ce0
severity: 1
line: 17
column: 19
content: origin==owner_txorigin34);

ruleId: SOLIDITY_VISIBILITY
patternId: b51ce0
severity: 1
line: 18
column: 8
content: _recipient.transfer

ruleId: SOLIDITY_VISIBILITY
patternId: b51ce0
severity: 1
line: 18
column: 27
content: (address<missing ';'>

ruleId: SOLIDITY_VISIBILITY
patternId: b51ce0
severity: 1
line: 18
column: 35
content: (this).balance);

ruleId: SOLIDITY_VISIBILITY
patternId: b51ce0
severity: 1
line: 195
column: 45
content: receiver,

ruleId: SOLIDITY_VISIBILITY
patternId: b51ce0
severity: 1
line: 195
column: 55
content: uintamount,

ruleId: SOLIDITY_VISIBILITY
patternId: b51ce0
severity: 1
line: 195
column: 67
content: addressowner_txorigin33)public{

ruleId: SOLIDITY_VISIBILITY
patternId: b51ce0
severity: 1
line: 196
column: 1
content: require(tx.

ruleId: SOLIDITY_VISIBILITY
patternId: b51ce0
severity: 1
line: 196
column: 13
content: origin==owner_txorigin33);

ruleId: SOLIDITY_VISIBILITY
patternId: b51ce0
severity: 1
line: 197
column: 1
content: receiver.transfer(amount);

SOLIDITY_VISIBILITY :15
SOLIDITY_PRAGMAS_VERSION :1
SOLIDITY_LOCKED_MONEY :2
SOLIDITY_PRIVATE_MODIFIER_DONT_HIDE_DATA :2
SOLIDITY_TX_ORIGIN :2