/data/buggy_25.sol
line 16:10 extraneous input 'payable' expecting {'solidity', 'experimental', 'from', 'constructor', 'block', 'coinbase', 'difficulty', 'gaslimit', 'number', 'timestamp', 'blockhash', 'msg', 'data', 'gas', 'sender', 'sig', 'value', 'now', 'this', 'tx', 'origin', 'gasprice', 'public', 'internal', 'external', 'private', 'constant', 'length', 'balance', 'emit', '_', 'revert', Identifier}
line 44:12 extraneous input 'payable' expecting {'solidity', 'experimental', 'from', 'constructor', 'block', 'coinbase', 'difficulty', 'gaslimit', 'number', 'timestamp', 'blockhash', 'msg', 'data', 'gas', 'sender', 'sig', 'value', 'now', 'this', 'tx', 'origin', 'gasprice', 'length', 'balance', 'memory', 'storage', 'emit', '_', 'revert', Identifier}
line 249:31 mismatched input 'payable' expecting {',', ')'}
line 249:49 no viable alternative at input '_newOwner)'
line 249:49 extraneous input ')' expecting {'solidity', 'experimental', 'from', 'constructor', 'block', 'coinbase', 'difficulty', 'gaslimit', 'number', 'timestamp', 'blockhash', 'msg', 'data', 'gas', 'sender', 'sig', 'value', 'now', 'this', 'tx', 'origin', 'gasprice', 'public', 'internal', 'external', 'private', 'constant', 'length', 'balance', 'emit', '_', 'revert', Identifier}
line 249:70 mismatched input '{' expecting {';', '='}
line 250:10 extraneous input '=' expecting {'solidity', 'experimental', 'from', 'constructor', 'block', 'coinbase', 'difficulty', 'gaslimit', 'number', 'timestamp', 'blockhash', 'msg', 'data', 'gas', 'sender', 'sig', 'value', 'now', 'this', 'tx', 'origin', 'gasprice', 'public', 'internal', 'external', 'private', 'constant', 'length', 'balance', 'emit', '_', 'revert', Identifier}
line 252:0 extraneous input 'function' expecting {<EOF>, 'pragma', 'import', 'contract', 'library', 'interface'}
jar:file:/usr/local/lib/node_modules/@smartdec/smartcheck/jdeploy-bundle/smartcheck-2.0-jar-with-dependencies.jar!/solidity-rules.xmlruleId: SOLIDITY_EXACT_TIME
patternId: 1955d9
severity: 2
line: 38
column: 5
content: startTime+(5*1days)==block.timestamp

ruleId: SOLIDITY_EXACT_TIME
patternId: 1955d9
severity: 2
line: 58
column: 5
content: startTime+(5*1days)==block.timestamp

ruleId: SOLIDITY_EXACT_TIME
patternId: 1955d9
severity: 2
line: 83
column: 16
content: now!=pastBlockTime_tmstmp20

ruleId: SOLIDITY_EXACT_TIME
patternId: 1955d9
severity: 2
line: 85
column: 11
content: now%15==0

ruleId: SOLIDITY_EXACT_TIME
patternId: 1955d9
severity: 2
line: 96
column: 5
content: startTime+(5*1days)==block.timestamp

ruleId: SOLIDITY_EXACT_TIME
patternId: 1955d9
severity: 2
line: 134
column: 5
content: startTime+(5*1days)==block.timestamp

ruleId: SOLIDITY_EXACT_TIME
patternId: 1955d9
severity: 2
line: 216
column: 16
content: now!=pastBlockTime_tmstmp16

ruleId: SOLIDITY_EXACT_TIME
patternId: 1955d9
severity: 2
line: 218
column: 11
content: now%15==0

ruleId: SOLIDITY_EXACT_TIME
patternId: 1955d9
severity: 2
line: 245
column: 5
content: startTime+(5*1days)==block.timestamp

ruleId: SOLIDITY_EXTRA_GAS_IN_LOOPS
patternId: d3j11j
severity: 1
line: 190
column: 4
content: for(uinti=0;i<betList[_fixtureId].length;i++){uint16selectedTeam=betList[_fixtureId][i].selectedTeam;uint256returnEth=(betList[_fixtureId][i].stake*betList[_fixtureId][i].odd)/1000;if((selectedTeam==1&&_homeDrawAway==1)||(selectedTeam==2&&_homeDrawAway==2)||(selectedTeam==3&&_homeDrawAway==3)||(selectedTeam==4&&_overUnder==1)||(selectedTeam==5&&_overUnder==2)||(selectedTeam==6&&(_homeDrawAway==1||_homeDrawAway==2))||(selectedTeam==7&&(_homeDrawAway==1||_homeDrawAway==3))||(selectedTeam==8&&(_homeDrawAway==3||_homeDrawAway==2))){betList[_fixtureId][i].player.transfer(returnEth);}}

ruleId: SOLIDITY_GAS_LIMIT_IN_LOOPS
patternId: f6f853
severity: 2
line: 190
column: 4
content: for(uinti=0;i<betList[_fixtureId].length;i++){uint16selectedTeam=betList[_fixtureId][i].selectedTeam;uint256returnEth=(betList[_fixtureId][i].stake*betList[_fixtureId][i].odd)/1000;if((selectedTeam==1&&_homeDrawAway==1)||(selectedTeam==2&&_homeDrawAway==2)||(selectedTeam==3&&_homeDrawAway==3)||(selectedTeam==4&&_overUnder==1)||(selectedTeam==5&&_overUnder==2)||(selectedTeam==6&&(_homeDrawAway==1||_homeDrawAway==2))||(selectedTeam==7&&(_homeDrawAway==1||_homeDrawAway==3))||(selectedTeam==8&&(_homeDrawAway==3||_homeDrawAway==2))){betList[_fixtureId][i].player.transfer(returnEth);}}

ruleId: SOLIDITY_OVERPOWERED_ROLE
patternId: j83hf7
severity: 2
line: 91
column: 2
content: functionsetOpenStatus(uint64_fixtureId,uint8_open_status)externalonlyOwner{gameList[_fixtureId].open_status=_open_status;}

ruleId: SOLIDITY_OVERPOWERED_ROLE
patternId: j83hf7
severity: 2
line: 118
column: 2
content: functionsetGameInfo(uint64_fixtureId,uint256_timestamp,uint32_odd_homeTeam,uint32_odd_drawTeam,uint32_odd_awayTeam,uint32_odd_over,uint32_odd_under,uint32_odd_homeTeamAndDraw,uint32_odd_homeAndAwayTeam,uint32_odd_awayTeamAndDraw,uint8_open_status)externalonlyOwner{gameList[_fixtureId].timestamp=_timestamp;gameList[_fixtureId].odd_homeTeam=_odd_homeTeam;gameList[_fixtureId].odd_drawTeam=_odd_drawTeam;gameList[_fixtureId].odd_awayTeam=_odd_awayTeam;gameList[_fixtureId].odd_over=_odd_over;gameList[_fixtureId].odd_under=_odd_under;gameList[_fixtureId].odd_homeTeamAndDraw=_odd_homeTeamAndDraw;gameList[_fixtureId].odd_homeAndAwayTeam=_odd_homeAndAwayTeam;gameList[_fixtureId].odd_awayTeamAndDraw=_odd_awayTeamAndDraw;gameList[_fixtureId].open_status=_open_status;gameList[_fixtureId].isDone=false;emitSetGame(_fixtureId,_timestamp,_odd_homeTeam,_odd_drawTeam,_odd_awayTeam,_odd_over,_odd_under,_odd_homeTeamAndDraw,_odd_homeAndAwayTeam,_odd_awayTeamAndDraw,_open_status);}

ruleId: SOLIDITY_PRAGMAS_VERSION
patternId: 23fc32
severity: 1
line: 3
column: 16
content: ^

ruleId: SOLIDITY_REVERT_REQUIRE
patternId: c56b12
severity: 1
line: 160
column: 11
content: if(_selectedTeam==8){require(gameList[_fixtureId].odd_awayTeamAndDraw==_odd);}else{revert();}

ruleId: SOLIDITY_TRANSFER_IN_LOOP
patternId: 8jdj43
severity: 2
line: 190
column: 4
content: for(uinti=0;i<betList[_fixtureId].length;i++){uint16selectedTeam=betList[_fixtureId][i].selectedTeam;uint256returnEth=(betList[_fixtureId][i].stake*betList[_fixtureId][i].odd)/1000;if((selectedTeam==1&&_homeDrawAway==1)||(selectedTeam==2&&_homeDrawAway==2)||(selectedTeam==3&&_homeDrawAway==3)||(selectedTeam==4&&_overUnder==1)||(selectedTeam==5&&_overUnder==2)||(selectedTeam==6&&(_homeDrawAway==1||_homeDrawAway==2))||(selectedTeam==7&&(_homeDrawAway==1||_homeDrawAway==3))||(selectedTeam==8&&(_homeDrawAway==3||_homeDrawAway==2))){betList[_fixtureId][i].player.transfer(returnEth);}}

ruleId: SOLIDITY_VISIBILITY
patternId: 910067
severity: 1
line: 249
column: 2
content: functionchangeOwner(addresspayable

ruleId: SOLIDITY_VISIBILITY
patternId: b51ce0
severity: 1
line: 11
column: 0
content: addresswinner_tmstmp23;

ruleId: SOLIDITY_VISIBILITY
patternId: b51ce0
severity: 1
line: 36
column: 0
content: addresswinner_tmstmp22;

ruleId: SOLIDITY_VISIBILITY
patternId: b51ce0
severity: 1
line: 56
column: 0
content: addresswinner_tmstmp10;

ruleId: SOLIDITY_VISIBILITY
patternId: b51ce0
severity: 1
line: 65
column: 0
content: uint256bugv_tmstmp5=block.timestamp;

ruleId: SOLIDITY_VISIBILITY
patternId: b51ce0
severity: 1
line: 67
column: 0
content: uint256bugv_tmstmp4=block.timestamp;

ruleId: SOLIDITY_VISIBILITY
patternId: b51ce0
severity: 1
line: 69
column: 0
content: uint256bugv_tmstmp3=block.timestamp;

ruleId: SOLIDITY_VISIBILITY
patternId: b51ce0
severity: 1
line: 71
column: 0
content: uint256bugv_tmstmp2=block.timestamp;

ruleId: SOLIDITY_VISIBILITY
patternId: b51ce0
severity: 1
line: 73
column: 0
content: uint256bugv_tmstmp1=block.timestamp;

ruleId: SOLIDITY_VISIBILITY
patternId: b51ce0
severity: 1
line: 94
column: 0
content: addresswinner_tmstmp2;

ruleId: SOLIDITY_VISIBILITY
patternId: b51ce0
severity: 1
line: 111
column: 0
content: addresswinner_tmstmp19;

ruleId: SOLIDITY_VISIBILITY
patternId: b51ce0
severity: 1
line: 132
column: 0
content: addresswinner_tmstmp18;

ruleId: SOLIDITY_VISIBILITY
patternId: b51ce0
severity: 1
line: 233
column: 0
content: addresswinner_tmstmp15;

ruleId: SOLIDITY_VISIBILITY
patternId: b51ce0
severity: 1
line: 243
column: 0
content: addresswinner_tmstmp14;

ruleId: SOLIDITY_VISIBILITY
patternId: b51ce0
severity: 1
line: 250
column: 4
content: owner=_newOwner;

SOLIDITY_VISIBILITY :15
SOLIDITY_OVERPOWERED_ROLE :2
SOLIDITY_PRAGMAS_VERSION :1
SOLIDITY_REVERT_REQUIRE :1
SOLIDITY_EXTRA_GAS_IN_LOOPS :1
SOLIDITY_GAS_LIMIT_IN_LOOPS :1
SOLIDITY_TRANSFER_IN_LOOP :1
SOLIDITY_EXACT_TIME :9