/data/buggy_13.sol
line 6:91 extraneous input '_extraData' expecting {',', ')'}
jar:file:/usr/local/lib/node_modules/@smartdec/smartcheck/jdeploy-bundle/smartcheck-2.0-jar-with-dependencies.jar!/solidity-rules.xmlruleId: SOLIDITY_ADDRESS_HARDCODED
patternId: c67a09
severity: 1
line: 115
column: 31
content: 0x0

ruleId: SOLIDITY_PRAGMAS_VERSION
patternId: 23fc32
severity: 1
line: 3
column: 16
content: >=

ruleId: SOLIDITY_PRAGMAS_VERSION
patternId: 23fc32
severity: 1
line: 3
column: 25
content: <

ruleId: SOLIDITY_UINT_CANT_BE_NEGATIVE
patternId: 733fdd
severity: 2
line: 24
column: 12
content: balances_intou22[msg.sender]-_value>=0

ruleId: SOLIDITY_UINT_CANT_BE_NEGATIVE
patternId: 733fdd
severity: 2
line: 52
column: 12
content: balances_intou2[msg.sender]-_value>=0

ruleId: SOLIDITY_UINT_CANT_BE_NEGATIVE
patternId: 733fdd
severity: 2
line: 70
column: 12
content: balances_intou10[msg.sender]-_value>=0

ruleId: SOLIDITY_UINT_CANT_BE_NEGATIVE
patternId: 733fdd
severity: 2
line: 133
column: 12
content: balances_intou18[msg.sender]-_value>=0

ruleId: SOLIDITY_UINT_CANT_BE_NEGATIVE
patternId: 733fdd
severity: 2
line: 222
column: 12
content: balances_intou14[msg.sender]-_value>=0

ruleId: SOLIDITY_VISIBILITY
patternId: b51ce0
severity: 1
line: 21
column: 2
content: mapping(address=>uint)balances_intou22;

ruleId: SOLIDITY_VISIBILITY
patternId: b51ce0
severity: 1
line: 49
column: 2
content: mapping(address=>uint)balances_intou2;

ruleId: SOLIDITY_VISIBILITY
patternId: b51ce0
severity: 1
line: 67
column: 2
content: mapping(address=>uint)balances_intou10;

ruleId: SOLIDITY_VISIBILITY
patternId: b51ce0
severity: 1
line: 130
column: 0
content: mapping(address=>uint)balances_intou18;

ruleId: SOLIDITY_VISIBILITY
patternId: b51ce0
severity: 1
line: 219
column: 0
content: mapping(address=>uint)balances_intou14;

SOLIDITY_VISIBILITY :5
SOLIDITY_PRAGMAS_VERSION :2
SOLIDITY_ADDRESS_HARDCODED :1
SOLIDITY_UINT_CANT_BE_NEGATIVE :5