/data/buggy_11.sol
jar:file:/usr/local/lib/node_modules/@smartdec/smartcheck/jdeploy-bundle/smartcheck-2.0-jar-with-dependencies.jar!/solidity-rules.xmlruleId: SOLIDITY_ADDRESS_HARDCODED
patternId: a91b18
severity: 1
line: 151
column: 8
content: newOwner=address(0)

ruleId: SOLIDITY_ADDRESS_HARDCODED
patternId: a91b18
severity: 1
line: 235
column: 32
content: balances[address(0)]

ruleId: SOLIDITY_ERC20_APPROVE
patternId: af782c
severity: 2
line: 288
column: 4
content: functionapprove(addressspender,uinttokens)publicreturns(boolsuccess){allowed[msg.sender][spender]=tokens;emitApproval(msg.sender,spender,tokens);returntrue;}

ruleId: SOLIDITY_PRAGMAS_VERSION
patternId: 23fc32
severity: 1
line: 3
column: 16
content: ^

ruleId: SOLIDITY_REDUNDANT_FALLBACK_REJECT
patternId: b85a32
severity: 1
line: 364
column: 33
content: {revert();}

ruleId: SOLIDITY_SAFEMATH
patternId: 837cac
severity: 1
line: 167
column: 4
content: usingSafeMathforuint;

ruleId: SOLIDITY_UINT_CANT_BE_NEGATIVE
patternId: 733fdd
severity: 2
line: 56
column: 12
content: balances_intou26[msg.sender]-_value>=0

ruleId: SOLIDITY_UINT_CANT_BE_NEGATIVE
patternId: 733fdd
severity: 2
line: 81
column: 12
content: balances_intou10[msg.sender]-_value>=0

ruleId: SOLIDITY_UINT_CANT_BE_NEGATIVE
patternId: 733fdd
severity: 2
line: 142
column: 12
content: balances_intou22[msg.sender]-_value>=0

ruleId: SOLIDITY_UINT_CANT_BE_NEGATIVE
patternId: 733fdd
severity: 2
line: 172
column: 12
content: balances_intou34[msg.sender]-_value>=0

ruleId: SOLIDITY_UINT_CANT_BE_NEGATIVE
patternId: 733fdd
severity: 2
line: 205
column: 12
content: balances_intou30[msg.sender]-_value>=0

ruleId: SOLIDITY_UINT_CANT_BE_NEGATIVE
patternId: 733fdd
severity: 2
line: 240
column: 12
content: balances_intou2[msg.sender]-_value>=0

ruleId: SOLIDITY_UINT_CANT_BE_NEGATIVE
patternId: 733fdd
severity: 2
line: 273
column: 12
content: balances_intou18[msg.sender]-_value>=0

ruleId: SOLIDITY_UINT_CANT_BE_NEGATIVE
patternId: 733fdd
severity: 2
line: 354
column: 12
content: balances_intou14[msg.sender]-_value>=0

ruleId: SOLIDITY_VISIBILITY
patternId: b51ce0
severity: 1
line: 53
column: 0
content: mapping(address=>uint)balances_intou26;

ruleId: SOLIDITY_VISIBILITY
patternId: b51ce0
severity: 1
line: 78
column: 2
content: mapping(address=>uint)balances_intou10;

ruleId: SOLIDITY_VISIBILITY
patternId: b51ce0
severity: 1
line: 139
column: 0
content: mapping(address=>uint)balances_intou22;

ruleId: SOLIDITY_VISIBILITY
patternId: b51ce0
severity: 1
line: 169
column: 2
content: mapping(address=>uint)balances_intou34;

ruleId: SOLIDITY_VISIBILITY
patternId: b51ce0
severity: 1
line: 198
column: 2
content: uint_totalSupply;

ruleId: SOLIDITY_VISIBILITY
patternId: b51ce0
severity: 1
line: 201
column: 4
content: mapping(address=>uint)balances;

ruleId: SOLIDITY_VISIBILITY
patternId: b51ce0
severity: 1
line: 202
column: 2
content: mapping(address=>uint)balances_intou30;

ruleId: SOLIDITY_VISIBILITY
patternId: b51ce0
severity: 1
line: 210
column: 2
content: mapping(address=>mapping(address=>uint))allowed;

ruleId: SOLIDITY_VISIBILITY
patternId: b51ce0
severity: 1
line: 237
column: 0
content: mapping(address=>uint)balances_intou2;

ruleId: SOLIDITY_VISIBILITY
patternId: b51ce0
severity: 1
line: 270
column: 0
content: mapping(address=>uint)balances_intou18;

ruleId: SOLIDITY_VISIBILITY
patternId: b51ce0
severity: 1
line: 351
column: 0
content: mapping(address=>uint)balances_intou14;

SOLIDITY_VISIBILITY :11
SOLIDITY_SAFEMATH :1
SOLIDITY_PRAGMAS_VERSION :1
SOLIDITY_ADDRESS_HARDCODED :2
SOLIDITY_UINT_CANT_BE_NEGATIVE :8
SOLIDITY_REDUNDANT_FALLBACK_REJECT :1
SOLIDITY_ERC20_APPROVE :1