/data/buggy_39.sol
line 7:8 no viable alternative at input 'addresspayable'
line 15:8 no viable alternative at input 'addresspayable'
line 27:11 no viable alternative at input 'addresspayable'
line 38:66 extraneous input 'payable' expecting {',', ')'}
line 38:88 no viable alternative at input 'winner_unchk10)'
line 38:88 extraneous input ')' expecting {'solidity', 'experimental', 'from', 'constructor', 'block', 'coinbase', 'difficulty', 'gaslimit', 'number', 'timestamp', 'blockhash', 'msg', 'data', 'gas', 'sender', 'sig', 'value', 'now', 'this', 'tx', 'origin', 'gasprice', 'public', 'internal', 'external', 'private', 'constant', 'length', 'balance', 'emit', '_', 'revert', Identifier}
line 38:96 extraneous input '{' expecting {'solidity', 'experimental', 'from', 'constructor', 'block', 'coinbase', 'difficulty', 'gaslimit', 'number', 'timestamp', 'blockhash', 'msg', 'data', 'gas', 'sender', 'sig', 'value', 'now', 'this', 'tx', 'origin', 'gasprice', 'public', 'internal', 'external', 'private', 'constant', 'length', 'balance', 'emit', '_', 'revert', Identifier}
line 40:27 extraneous input '(' expecting {'solidity', 'experimental', 'from', 'constructor', 'block', 'coinbase', 'difficulty', 'gaslimit', 'number', 'timestamp', 'blockhash', 'msg', 'data', 'gas', 'sender', 'sig', 'value', 'now', 'this', 'tx', 'origin', 'gasprice', 'public', 'internal', 'external', 'private', 'constant', 'length', 'balance', 'emit', '_', 'revert', Identifier}
line 40:42 extraneous input ')' expecting {';', '='}
line 41:22 mismatched input '=' expecting {'solidity', 'experimental', 'from', 'constructor', 'block', 'coinbase', 'difficulty', 'gaslimit', 'number', 'timestamp', 'blockhash', 'msg', 'data', 'gas', 'sender', 'sig', 'value', 'now', 'this', 'tx', 'origin', 'gasprice', 'public', 'internal', 'external', 'private', 'constant', 'length', 'balance', 'emit', '_', 'revert', Identifier}
line 43:2 extraneous input 'event' expecting {<EOF>, 'pragma', 'import', 'contract', 'library', 'interface'}
jar:file:/usr/local/lib/node_modules/@smartdec/smartcheck/jdeploy-bundle/smartcheck-2.0-jar-with-dependencies.jar!/solidity-rules.xmlruleId: SOLIDITY_PRAGMAS_VERSION
patternId: 23fc32
severity: 1
line: 3
column: 16
content: ^

ruleId: SOLIDITY_REVERT_REQUIRE
patternId: c56b12
severity: 1
line: 8
column: 0
content: if(!addr_unchk19.send(10ether)||1==1){revert();}

ruleId: SOLIDITY_REVERT_REQUIRE
patternId: c56b12
severity: 1
line: 16
column: 0
content: if(!addr_unchk18.send(42ether)){receivers_unchk18+=1;}else{revert();}

ruleId: SOLIDITY_SEND
patternId: 430636
severity: 1
line: 8
column: 18
content: send(10ether)

ruleId: SOLIDITY_SEND
patternId: 430636
severity: 1
line: 16
column: 18
content: send(42ether)

ruleId: SOLIDITY_UNCHECKED_CALL
patternId: f39eed
severity: 3
line: 24
column: 12
content: send(Balances_unchk17)

ruleId: SOLIDITY_VISIBILITY
patternId: 910067
severity: 1
line: 38
column: 2
content: functioncash_unchk10(uintroundIndex,uintsubpotIndex,address<missing ')'>payable

ruleId: SOLIDITY_VISIBILITY
patternId: b51ce0
severity: 1
line: 39
column: 8
content: uint64subpot_unchk10=10ether;

ruleId: SOLIDITY_VISIBILITY
patternId: b51ce0
severity: 1
line: 40
column: 8
content: winner_unchk10.send(subpot_unchk10);

ruleId: SOLIDITY_VISIBILITY
patternId: b51ce0
severity: 1
line: 41
column: 8
content: subpot_unchk10=0;

SOLIDITY_VISIBILITY :4
SOLIDITY_PRAGMAS_VERSION :1
SOLIDITY_REVERT_REQUIRE :2
SOLIDITY_SEND :2
SOLIDITY_UNCHECKED_CALL :1