/data/buggy_4.sol
line 26:10 extraneous input 'payable' expecting {'solidity', 'experimental', 'from', 'constructor', 'block', 'coinbase', 'difficulty', 'gaslimit', 'number', 'timestamp', 'blockhash', 'msg', 'data', 'gas', 'sender', 'sig', 'value', 'now', 'this', 'tx', 'origin', 'gasprice', 'public', 'internal', 'external', 'private', 'constant', 'length', 'balance', 'emit', '_', 'revert', Identifier}
line 41:8 extraneous input 'payable' expecting {'solidity', 'experimental', 'from', 'constructor', 'block', 'coinbase', 'difficulty', 'gaslimit', 'number', 'timestamp', 'blockhash', 'msg', 'data', 'gas', 'sender', 'sig', 'value', 'now', 'this', 'tx', 'origin', 'gasprice', 'public', 'internal', 'external', 'private', 'constant', 'length', 'balance', 'emit', '_', 'revert', Identifier}
line 59:10 extraneous input 'payable' expecting {'solidity', 'experimental', 'from', 'constructor', 'block', 'coinbase', 'difficulty', 'gaslimit', 'number', 'timestamp', 'blockhash', 'msg', 'data', 'gas', 'sender', 'sig', 'value', 'now', 'this', 'tx', 'origin', 'gasprice', 'public', 'internal', 'external', 'private', 'constant', 'length', 'balance', 'emit', '_', 'revert', Identifier}
line 75:8 extraneous input 'payable' expecting {'solidity', 'experimental', 'from', 'constructor', 'block', 'coinbase', 'difficulty', 'gaslimit', 'number', 'timestamp', 'blockhash', 'msg', 'data', 'gas', 'sender', 'sig', 'value', 'now', 'this', 'tx', 'origin', 'gasprice', 'public', 'internal', 'external', 'private', 'constant', 'length', 'balance', 'emit', '_', 'revert', Identifier}
line 93:10 extraneous input 'payable' expecting {'solidity', 'experimental', 'from', 'constructor', 'block', 'coinbase', 'difficulty', 'gaslimit', 'number', 'timestamp', 'blockhash', 'msg', 'data', 'gas', 'sender', 'sig', 'value', 'now', 'this', 'tx', 'origin', 'gasprice', 'public', 'internal', 'external', 'private', 'constant', 'length', 'balance', 'emit', '_', 'revert', Identifier}
line 108:8 extraneous input 'payable' expecting {'solidity', 'experimental', 'from', 'constructor', 'block', 'coinbase', 'difficulty', 'gaslimit', 'number', 'timestamp', 'blockhash', 'msg', 'data', 'gas', 'sender', 'sig', 'value', 'now', 'this', 'tx', 'origin', 'gasprice', 'public', 'internal', 'external', 'private', 'constant', 'length', 'balance', 'emit', '_', 'revert', Identifier}
line 128:8 extraneous input 'payable' expecting {'solidity', 'experimental', 'from', 'constructor', 'block', 'coinbase', 'difficulty', 'gaslimit', 'number', 'timestamp', 'blockhash', 'msg', 'data', 'gas', 'sender', 'sig', 'value', 'now', 'this', 'tx', 'origin', 'gasprice', 'public', 'internal', 'external', 'private', 'constant', 'length', 'balance', 'emit', '_', 'revert', Identifier}
line 146:10 extraneous input 'payable' expecting {'solidity', 'experimental', 'from', 'constructor', 'block', 'coinbase', 'difficulty', 'gaslimit', 'number', 'timestamp', 'blockhash', 'msg', 'data', 'gas', 'sender', 'sig', 'value', 'now', 'this', 'tx', 'origin', 'gasprice', 'public', 'internal', 'external', 'private', 'constant', 'length', 'balance', 'emit', '_', 'revert', Identifier}
line 162:8 extraneous input 'payable' expecting {'solidity', 'experimental', 'from', 'constructor', 'block', 'coinbase', 'difficulty', 'gaslimit', 'number', 'timestamp', 'blockhash', 'msg', 'data', 'gas', 'sender', 'sig', 'value', 'now', 'this', 'tx', 'origin', 'gasprice', 'public', 'internal', 'external', 'private', 'constant', 'length', 'balance', 'emit', '_', 'revert', Identifier}
line 180:10 extraneous input 'payable' expecting {'solidity', 'experimental', 'from', 'constructor', 'block', 'coinbase', 'difficulty', 'gaslimit', 'number', 'timestamp', 'blockhash', 'msg', 'data', 'gas', 'sender', 'sig', 'value', 'now', 'this', 'tx', 'origin', 'gasprice', 'public', 'internal', 'external', 'private', 'constant', 'length', 'balance', 'emit', '_', 'revert', Identifier}
line 195:8 extraneous input 'payable' expecting {'solidity', 'experimental', 'from', 'constructor', 'block', 'coinbase', 'difficulty', 'gaslimit', 'number', 'timestamp', 'blockhash', 'msg', 'data', 'gas', 'sender', 'sig', 'value', 'now', 'this', 'tx', 'origin', 'gasprice', 'public', 'internal', 'external', 'private', 'constant', 'length', 'balance', 'emit', '_', 'revert', Identifier}
line 213:10 extraneous input 'payable' expecting {'solidity', 'experimental', 'from', 'constructor', 'block', 'coinbase', 'difficulty', 'gaslimit', 'number', 'timestamp', 'blockhash', 'msg', 'data', 'gas', 'sender', 'sig', 'value', 'now', 'this', 'tx', 'origin', 'gasprice', 'public', 'internal', 'external', 'private', 'constant', 'length', 'balance', 'emit', '_', 'revert', Identifier}
line 255:8 extraneous input 'payable' expecting {'solidity', 'experimental', 'from', 'constructor', 'block', 'coinbase', 'difficulty', 'gaslimit', 'number', 'timestamp', 'blockhash', 'msg', 'data', 'gas', 'sender', 'sig', 'value', 'now', 'this', 'tx', 'origin', 'gasprice', 'public', 'internal', 'external', 'private', 'constant', 'length', 'balance', 'emit', '_', 'revert', Identifier}
line 276:8 extraneous input 'payable' expecting {'solidity', 'experimental', 'from', 'constructor', 'block', 'coinbase', 'difficulty', 'gaslimit', 'number', 'timestamp', 'blockhash', 'msg', 'data', 'gas', 'sender', 'sig', 'value', 'now', 'this', 'tx', 'origin', 'gasprice', 'public', 'internal', 'external', 'private', 'constant', 'length', 'balance', 'emit', '_', 'revert', Identifier}
line 294:8 extraneous input 'payable' expecting {'solidity', 'experimental', 'from', 'constructor', 'block', 'coinbase', 'difficulty', 'gaslimit', 'number', 'timestamp', 'blockhash', 'msg', 'data', 'gas', 'sender', 'sig', 'value', 'now', 'this', 'tx', 'origin', 'gasprice', 'public', 'internal', 'external', 'private', 'constant', 'length', 'balance', 'emit', '_', 'revert', Identifier}
line 335:8 extraneous input 'payable' expecting {'solidity', 'experimental', 'from', 'constructor', 'block', 'coinbase', 'difficulty', 'gaslimit', 'number', 'timestamp', 'blockhash', 'msg', 'data', 'gas', 'sender', 'sig', 'value', 'now', 'this', 'tx', 'origin', 'gasprice', 'public', 'internal', 'external', 'private', 'constant', 'length', 'balance', 'emit', '_', 'revert', Identifier}
line 359:8 extraneous input 'payable' expecting {'solidity', 'experimental', 'from', 'constructor', 'block', 'coinbase', 'difficulty', 'gaslimit', 'number', 'timestamp', 'blockhash', 'msg', 'data', 'gas', 'sender', 'sig', 'value', 'now', 'this', 'tx', 'origin', 'gasprice', 'public', 'internal', 'external', 'private', 'constant', 'length', 'balance', 'emit', '_', 'revert', Identifier}
line 384:8 extraneous input 'payable' expecting {'solidity', 'experimental', 'from', 'constructor', 'block', 'coinbase', 'difficulty', 'gaslimit', 'number', 'timestamp', 'blockhash', 'msg', 'data', 'gas', 'sender', 'sig', 'value', 'now', 'this', 'tx', 'origin', 'gasprice', 'public', 'internal', 'external', 'private', 'constant', 'length', 'balance', 'emit', '_', 'revert', Identifier}
jar:file:/usr/local/lib/node_modules/@smartdec/smartcheck/jdeploy-bundle/smartcheck-2.0-jar-with-dependencies.jar!/solidity-rules.xmlruleId: SOLIDITY_ADDRESS_HARDCODED
patternId: adc165
severity: 1
line: 235
column: 18
content: 0x071F73f4D0befd4406901AACE6D5FFD6D297c561

ruleId: SOLIDITY_ADDRESS_HARDCODED
patternId: adc165
severity: 1
line: 236
column: 18
content: 0x76535ca5BF1d33434A302e5A464Df433BB1F80F6

ruleId: SOLIDITY_ADDRESS_HARDCODED
patternId: adc165
severity: 1
line: 237
column: 18
content: 0xD7EC5D8697e4c83Dc33D781d19dc2910fB165D5C

ruleId: SOLIDITY_PRAGMAS_VERSION
patternId: 23fc32
severity: 1
line: 2
column: 16
content: >=

ruleId: SOLIDITY_PRAGMAS_VERSION
patternId: 23fc32
severity: 1
line: 2
column: 25
content: <

ruleId: SOLIDITY_VISIBILITY
patternId: b51ce0
severity: 1
line: 26
column: 2
content: addresspayablewinner_TOD25;

ruleId: SOLIDITY_VISIBILITY
patternId: b51ce0
severity: 1
line: 40
column: 2
content: boolclaimed_TOD24=false;

ruleId: SOLIDITY_VISIBILITY
patternId: b51ce0
severity: 1
line: 41
column: 0
content: addresspayableowner_TOD24;

ruleId: SOLIDITY_VISIBILITY
patternId: b51ce0
severity: 1
line: 42
column: 0
content: uint256reward_TOD24;

ruleId: SOLIDITY_VISIBILITY
patternId: b51ce0
severity: 1
line: 59
column: 2
content: addresspayablewinner_TOD23;

ruleId: SOLIDITY_VISIBILITY
patternId: b51ce0
severity: 1
line: 74
column: 2
content: boolclaimed_TOD22=false;

ruleId: SOLIDITY_VISIBILITY
patternId: b51ce0
severity: 1
line: 75
column: 0
content: addresspayableowner_TOD22;

ruleId: SOLIDITY_VISIBILITY
patternId: b51ce0
severity: 1
line: 76
column: 0
content: uint256reward_TOD22;

ruleId: SOLIDITY_VISIBILITY
patternId: b51ce0
severity: 1
line: 92
column: 2
content: uint256saleAmount;

ruleId: SOLIDITY_VISIBILITY
patternId: b51ce0
severity: 1
line: 93
column: 2
content: addresspayablewinner_TOD21;

ruleId: SOLIDITY_VISIBILITY
patternId: b51ce0
severity: 1
line: 106
column: 2
content: uint256evtAmount;

ruleId: SOLIDITY_VISIBILITY
patternId: b51ce0
severity: 1
line: 107
column: 2
content: boolclaimed_TOD20=false;

ruleId: SOLIDITY_VISIBILITY
patternId: b51ce0
severity: 1
line: 108
column: 0
content: addresspayableowner_TOD20;

ruleId: SOLIDITY_VISIBILITY
patternId: b51ce0
severity: 1
line: 109
column: 0
content: uint256reward_TOD20;

ruleId: SOLIDITY_VISIBILITY
patternId: b51ce0
severity: 1
line: 125
column: 2
content: uint256teamAmount;

ruleId: SOLIDITY_VISIBILITY
patternId: b51ce0
severity: 1
line: 127
column: 2
content: boolclaimed_TOD2=false;

ruleId: SOLIDITY_VISIBILITY
patternId: b51ce0
severity: 1
line: 128
column: 0
content: addresspayableowner_TOD2;

ruleId: SOLIDITY_VISIBILITY
patternId: b51ce0
severity: 1
line: 129
column: 0
content: uint256reward_TOD2;

ruleId: SOLIDITY_VISIBILITY
patternId: b51ce0
severity: 1
line: 145
column: 2
content: uint256_totalSupply;

ruleId: SOLIDITY_VISIBILITY
patternId: b51ce0
severity: 1
line: 146
column: 2
content: addresspayablewinner_TOD19;

ruleId: SOLIDITY_VISIBILITY
patternId: b51ce0
severity: 1
line: 159
column: 2
content: mapping(address=>uint256)balances;

ruleId: SOLIDITY_VISIBILITY
patternId: b51ce0
severity: 1
line: 161
column: 2
content: boolclaimed_TOD18=false;

ruleId: SOLIDITY_VISIBILITY
patternId: b51ce0
severity: 1
line: 162
column: 0
content: addresspayableowner_TOD18;

ruleId: SOLIDITY_VISIBILITY
patternId: b51ce0
severity: 1
line: 163
column: 0
content: uint256reward_TOD18;

ruleId: SOLIDITY_VISIBILITY
patternId: b51ce0
severity: 1
line: 180
column: 2
content: addresspayablewinner_TOD17;

ruleId: SOLIDITY_VISIBILITY
patternId: b51ce0
severity: 1
line: 194
column: 2
content: boolclaimed_TOD16=false;

ruleId: SOLIDITY_VISIBILITY
patternId: b51ce0
severity: 1
line: 195
column: 0
content: addresspayableowner_TOD16;

ruleId: SOLIDITY_VISIBILITY
patternId: b51ce0
severity: 1
line: 196
column: 0
content: uint256reward_TOD16;

ruleId: SOLIDITY_VISIBILITY
patternId: b51ce0
severity: 1
line: 213
column: 2
content: addresspayablewinner_TOD15;

ruleId: SOLIDITY_VISIBILITY
patternId: b51ce0
severity: 1
line: 254
column: 0
content: boolclaimed_TOD14=false;

ruleId: SOLIDITY_VISIBILITY
patternId: b51ce0
severity: 1
line: 255
column: 0
content: addresspayableowner_TOD14;

ruleId: SOLIDITY_VISIBILITY
patternId: b51ce0
severity: 1
line: 256
column: 0
content: uint256reward_TOD14;

ruleId: SOLIDITY_VISIBILITY
patternId: b51ce0
severity: 1
line: 276
column: 0
content: addresspayablewinner_TOD13;

ruleId: SOLIDITY_VISIBILITY
patternId: b51ce0
severity: 1
line: 293
column: 0
content: boolclaimed_TOD12=false;

ruleId: SOLIDITY_VISIBILITY
patternId: b51ce0
severity: 1
line: 294
column: 0
content: addresspayableowner_TOD12;

ruleId: SOLIDITY_VISIBILITY
patternId: b51ce0
severity: 1
line: 295
column: 0
content: uint256reward_TOD12;

ruleId: SOLIDITY_VISIBILITY
patternId: b51ce0
severity: 1
line: 335
column: 0
content: addresspayablewinner_TOD11;

ruleId: SOLIDITY_VISIBILITY
patternId: b51ce0
severity: 1
line: 358
column: 0
content: boolclaimed_TOD10=false;

ruleId: SOLIDITY_VISIBILITY
patternId: b51ce0
severity: 1
line: 359
column: 0
content: addresspayableowner_TOD10;

ruleId: SOLIDITY_VISIBILITY
patternId: b51ce0
severity: 1
line: 360
column: 0
content: uint256reward_TOD10;

ruleId: SOLIDITY_VISIBILITY
patternId: b51ce0
severity: 1
line: 384
column: 0
content: addresspayablewinner_TOD1;

SOLIDITY_VISIBILITY :41
SOLIDITY_PRAGMAS_VERSION :2
SOLIDITY_ADDRESS_HARDCODED :3