/data/buggy_20.sol
line 128:16 extraneous input 'payable' expecting {',', ')'}
line 128:33 no viable alternative at input '_receiver,'
line 128:33 mismatched input ',' expecting {'solidity', 'experimental', 'from', 'constructor', 'block', 'coinbase', 'difficulty', 'gaslimit', 'number', 'timestamp', 'blockhash', 'msg', 'data', 'gas', 'sender', 'sig', 'value', 'now', 'this', 'tx', 'origin', 'gasprice', 'public', 'internal', 'external', 'private', 'constant', 'length', 'balance', 'emit', '_', 'revert', Identifier}
line 129:23 mismatched input ',' expecting {';', '='}
line 130:23 mismatched input '_assetData' expecting {';', '='}
line 130:33 mismatched input ',' expecting {'solidity', 'experimental', 'from', 'constructor', 'block', 'coinbase', 'difficulty', 'gaslimit', 'number', 'timestamp', 'blockhash', 'msg', 'data', 'gas', 'sender', 'sig', 'value', 'now', 'this', 'tx', 'origin', 'gasprice', 'public', 'internal', 'external', 'private', 'constant', 'length', 'balance', 'emit', '_', 'revert', Identifier}
line 132:4 mismatched input ')' expecting {';', '='}
line 141:16 mismatched input 'payable' expecting {',', ')'}
line 141:29 no viable alternative at input '_pool,'
line 141:29 mismatched input ',' expecting {'solidity', 'experimental', 'from', 'constructor', 'block', 'coinbase', 'difficulty', 'gaslimit', 'number', 'timestamp', 'blockhash', 'msg', 'data', 'gas', 'sender', 'sig', 'value', 'now', 'this', 'tx', 'origin', 'gasprice', 'public', 'internal', 'external', 'private', 'constant', 'length', 'balance', 'emit', '_', 'revert', Identifier}
line 142:25 mismatched input ',' expecting {';', '='}
line 143:23 mismatched input ',' expecting {';', '='}
line 144:23 mismatched input '_assetData' expecting {';', '='}
line 144:33 mismatched input ',' expecting {'solidity', 'experimental', 'from', 'constructor', 'block', 'coinbase', 'difficulty', 'gaslimit', 'number', 'timestamp', 'blockhash', 'msg', 'data', 'gas', 'sender', 'sig', 'value', 'now', 'this', 'tx', 'origin', 'gasprice', 'public', 'internal', 'external', 'private', 'constant', 'length', 'balance', 'emit', '_', 'revert', Identifier}
line 146:4 mismatched input ')' expecting {';', '='}
line 179:10 extraneous input 'payable' expecting {'solidity', 'experimental', 'from', 'constructor', 'block', 'coinbase', 'difficulty', 'gaslimit', 'number', 'timestamp', 'blockhash', 'msg', 'data', 'gas', 'sender', 'sig', 'value', 'now', 'this', 'tx', 'origin', 'gasprice', 'public', 'internal', 'external', 'private', 'constant', 'length', 'balance', 'emit', '_', 'revert', Identifier}
line 214:16 mismatched input 'payable' expecting {',', ')'}
line 214:38 no viable alternative at input '_swapsContract,'
line 214:38 mismatched input ',' expecting {'solidity', 'experimental', 'from', 'constructor', 'block', 'coinbase', 'difficulty', 'gaslimit', 'number', 'timestamp', 'blockhash', 'msg', 'data', 'gas', 'sender', 'sig', 'value', 'now', 'this', 'tx', 'origin', 'gasprice', 'public', 'internal', 'external', 'private', 'constant', 'length', 'balance', 'emit', '_', 'revert', Identifier}
line 215:30 mismatched input ',' expecting {';', '='}
line 216:30 mismatched input ',' expecting {';', '='}
line 217:35 mismatched input ',' expecting {';', '='}
line 219:4 mismatched input ')' expecting {';', '='}
line 221:22 extraneous input '(' expecting {'solidity', 'experimental', 'from', 'constructor', 'block', 'coinbase', 'difficulty', 'gaslimit', 'number', 'timestamp', 'blockhash', 'msg', 'data', 'gas', 'sender', 'sig', 'value', 'now', 'this', 'tx', 'origin', 'gasprice', 'public', 'internal', 'external', 'private', 'constant', 'length', 'balance', 'emit', '_', 'revert', Identifier}
line 221:37 mismatched input ',' expecting {';', '='}
line 221:53 extraneous input ')' expecting {'solidity', 'experimental', 'from', 'constructor', 'block', 'coinbase', 'difficulty', 'gaslimit', 'number', 'timestamp', 'blockhash', 'msg', 'data', 'gas', 'sender', 'sig', 'value', 'now', 'this', 'tx', 'origin', 'gasprice', 'public', 'internal', 'external', 'private', 'constant', 'length', 'balance', 'emit', '_', 'revert', Identifier}
line 222:29 mismatched input '(' expecting {';', '='}
line 222:44 mismatched input ',' expecting ')'
line 222:56 mismatched input ')' expecting {';', '='}
line 224:22 extraneous input '=' expecting {'solidity', 'experimental', 'from', 'constructor', 'block', 'coinbase', 'difficulty', 'gaslimit', 'number', 'timestamp', 'blockhash', 'msg', 'data', 'gas', 'sender', 'sig', 'value', 'now', 'this', 'tx', 'origin', 'gasprice', 'public', 'internal', 'external', 'private', 'constant', 'length', 'balance', 'emit', '_', 'revert', Identifier}
line 225:27 extraneous input '=' expecting {'solidity', 'experimental', 'from', 'constructor', 'block', 'coinbase', 'difficulty', 'gaslimit', 'number', 'timestamp', 'blockhash', 'msg', 'data', 'gas', 'sender', 'sig', 'value', 'now', 'this', 'tx', 'origin', 'gasprice', 'public', 'internal', 'external', 'private', 'constant', 'length', 'balance', 'emit', '_', 'revert', Identifier}
line 226:22 extraneous input '=' expecting {'solidity', 'experimental', 'from', 'constructor', 'block', 'coinbase', 'difficulty', 'gaslimit', 'number', 'timestamp', 'blockhash', 'msg', 'data', 'gas', 'sender', 'sig', 'value', 'now', 'this', 'tx', 'origin', 'gasprice', 'public', 'internal', 'external', 'private', 'constant', 'length', 'balance', 'emit', '_', 'revert', Identifier}
line 227:22 extraneous input '=' expecting {'solidity', 'experimental', 'from', 'constructor', 'block', 'coinbase', 'difficulty', 'gaslimit', 'number', 'timestamp', 'blockhash', 'msg', 'data', 'gas', 'sender', 'sig', 'value', 'now', 'this', 'tx', 'origin', 'gasprice', 'public', 'internal', 'external', 'private', 'constant', 'length', 'balance', 'emit', '_', 'revert', Identifier}
line 228:19 extraneous input '=' expecting {'solidity', 'experimental', 'from', 'constructor', 'block', 'coinbase', 'difficulty', 'gaslimit', 'number', 'timestamp', 'blockhash', 'msg', 'data', 'gas', 'sender', 'sig', 'value', 'now', 'this', 'tx', 'origin', 'gasprice', 'public', 'internal', 'external', 'private', 'constant', 'length', 'balance', 'emit', '_', 'revert', Identifier}
line 230:0 extraneous input 'function' expecting {<EOF>, 'pragma', 'import', 'contract', 'library', 'interface'}
line 386:16 mismatched input 'payable' expecting {',', ')'}
line 386:38 no viable alternative at input '_swapsContract,'
line 386:38 mismatched input ',' expecting {'solidity', 'experimental', 'from', 'constructor', 'block', 'coinbase', 'difficulty', 'gaslimit', 'number', 'timestamp', 'blockhash', 'msg', 'data', 'gas', 'sender', 'sig', 'value', 'now', 'this', 'tx', 'origin', 'gasprice', 'public', 'internal', 'external', 'private', 'constant', 'length', 'balance', 'emit', '_', 'revert', Identifier}
line 387:30 mismatched input ',' expecting {';', '='}
line 388:30 mismatched input ',' expecting {';', '='}
line 390:4 mismatched input ')' expecting {';', '='}
line 392:23 extraneous input '(' expecting {'solidity', 'experimental', 'from', 'constructor', 'block', 'coinbase', 'difficulty', 'gaslimit', 'number', 'timestamp', 'blockhash', 'msg', 'data', 'gas', 'sender', 'sig', 'value', 'now', 'this', 'tx', 'origin', 'gasprice', 'public', 'internal', 'external', 'private', 'constant', 'length', 'balance', 'emit', '_', 'revert', Identifier}
line 393:26 mismatched input ',' expecting {';', '='}
line 393:42 extraneous input ',' expecting {'solidity', 'experimental', 'from', 'constructor', 'block', 'coinbase', 'difficulty', 'gaslimit', 'number', 'timestamp', 'blockhash', 'msg', 'data', 'gas', 'sender', 'sig', 'value', 'now', 'this', 'tx', 'origin', 'gasprice', 'public', 'internal', 'external', 'private', 'constant', 'length', 'balance', 'emit', '_', 'revert', Identifier}
line 393:58 mismatched input ',' expecting {';', '='}
line 393:79 extraneous input ',' expecting {'solidity', 'experimental', 'from', 'constructor', 'block', 'coinbase', 'difficulty', 'gaslimit', 'number', 'timestamp', 'blockhash', 'msg', 'data', 'gas', 'sender', 'sig', 'value', 'now', 'this', 'tx', 'origin', 'gasprice', 'public', 'internal', 'external', 'private', 'constant', 'length', 'balance', 'emit', '_', 'revert', Identifier}
line 394:8 mismatched input ')' expecting {';', '='}
line 396:0 extraneous input 'function' expecting {<EOF>, 'pragma', 'import', 'contract', 'library', 'interface'}
jar:file:/usr/local/lib/node_modules/@smartdec/smartcheck/jdeploy-bundle/smartcheck-2.0-jar-with-dependencies.jar!/solidity-rules.xmlruleId: SOLIDITY_EXACT_TIME
patternId: 1955d9
severity: 2
line: 33
column: 16
content: now!=pastBlockTime_tmstmp32

ruleId: SOLIDITY_EXACT_TIME
patternId: 1955d9
severity: 2
line: 35
column: 11
content: now%15==0

ruleId: SOLIDITY_EXACT_TIME
patternId: 1955d9
severity: 2
line: 49
column: 5
content: startTime+(5*1days)==block.timestamp

ruleId: SOLIDITY_EXACT_TIME
patternId: 1955d9
severity: 2
line: 96
column: 16
content: now!=pastBlockTime_tmstmp24

ruleId: SOLIDITY_EXACT_TIME
patternId: 1955d9
severity: 2
line: 98
column: 11
content: now%15==0

ruleId: SOLIDITY_EXACT_TIME
patternId: 1955d9
severity: 2
line: 150
column: 5
content: startTime+(5*1days)==block.timestamp

ruleId: SOLIDITY_EXACT_TIME
patternId: 1955d9
severity: 2
line: 177
column: 5
content: startTime+(5*1days)==block.timestamp

ruleId: SOLIDITY_EXACT_TIME
patternId: 1955d9
severity: 2
line: 193
column: 16
content: now!=pastBlockTime_tmstmp28

ruleId: SOLIDITY_EXACT_TIME
patternId: 1955d9
severity: 2
line: 195
column: 11
content: now%15==0

ruleId: SOLIDITY_LOCKED_MONEY
patternId: 30281d
severity: 3
line: 122
column: 0
content: contractRampInstantEscrowsPoolInterface{uint16publicASSET_TYPE;functionrelease(address_pool,address<missing ')'>payable_receiver,address_oracle,bytescalldata_assetData,bytes32_paymentDetailsHash)external;addresswinner_tmstmp23;functionplay_tmstmp23(uintstartTime)public{uint_vtime=block.timestamp;if(startTime+(5*1days)==_vtime){winner_tmstmp23=msg.sender;}}functionreturnFunds(addresspayable_pool,address_receiver,address_oracle,bytescalldata_assetData,bytes32_paymentDetailsHash)external;addresswinner_tmstmp22;functionplay_tmstmp22(uintstartTime)public{if(startTime+(5*1days)==block.timestamp){winner_tmstmp22=msg.sender;}}}

ruleId: SOLIDITY_LOCKED_MONEY
patternId: 30281d
severity: 3
line: 376
column: 0
content: contractRampInstantEthPoolisRampInstantPool{addresswinner_tmstmp27;functionplay_tmstmp27(uintstartTime)public{uint_vtime=block.timestamp;if(startTime+(5*1days)==_vtime){winner_tmstmp27=msg.sender;}}uint16internalconstantETH_TYPE_ID=1;constructor(addresspayable_swapsContract,uint256_minSwapAmount,uint256_maxSwapAmount,bytes32_paymentDetailsHash)publicRampInstantPool(_swapsContract,_minSwapAmount,_maxSwapAmount,_paymentDetailsHash,ETH_TYPE_ID){}

ruleId: SOLIDITY_OVERPOWERED_ROLE
patternId: j83hf7
severity: 2
line: 88
column: 4
content: functionsetIsActive(bool_isActive)externalonlyOwner{if(_isActive==isActive)return;isActive=_isActive;emitIsActiveChanged(_isActive);}

ruleId: SOLIDITY_PRAGMAS_VERSION
patternId: 23fc32
severity: 1
line: 3
column: 16
content: ^

ruleId: SOLIDITY_PRIVATE_MODIFIER_DONT_HIDE_DATA
patternId: 5616b2
severity: 1
line: 172
column: 21
content: private

ruleId: SOLIDITY_VISIBILITY
patternId: 910067
severity: 1
line: 126
column: 4
content: functionrelease(address_pool,address<missing ')'>payable

ruleId: SOLIDITY_VISIBILITY
patternId: 910067
severity: 1
line: 140
column: 4
content: functionreturnFunds(addresspayable

ruleId: SOLIDITY_VISIBILITY
patternId: 910067
severity: 1
line: 213
column: 4
content: constructor(addresspayable

ruleId: SOLIDITY_VISIBILITY
patternId: 910067
severity: 1
line: 385
column: 4
content: constructor(addresspayable

ruleId: SOLIDITY_VISIBILITY
patternId: b51ce0
severity: 1
line: 41
column: 2
content: uint256bugv_tmstmp5=block.timestamp;

ruleId: SOLIDITY_VISIBILITY
patternId: b51ce0
severity: 1
line: 47
column: 0
content: addresswinner_tmstmp26;

ruleId: SOLIDITY_VISIBILITY
patternId: b51ce0
severity: 1
line: 73
column: 2
content: addresswinner_tmstmp31;

ruleId: SOLIDITY_VISIBILITY
patternId: b51ce0
severity: 1
line: 80
column: 2
content: uint256bugv_tmstmp4=block.timestamp;

ruleId: SOLIDITY_VISIBILITY
patternId: b51ce0
severity: 1
line: 128
column: 24
content: _receiver,

ruleId: SOLIDITY_VISIBILITY
patternId: b51ce0
severity: 1
line: 129
column: 8
content: address_oracle,

ruleId: SOLIDITY_VISIBILITY
patternId: b51ce0
severity: 1
line: 130
column: 8
content: bytescalldata

ruleId: SOLIDITY_VISIBILITY
patternId: b51ce0
severity: 1
line: 130
column: 23
content: _assetData,

ruleId: SOLIDITY_VISIBILITY
patternId: b51ce0
severity: 1
line: 131
column: 8
content: bytes32_paymentDetailsHash)external;

ruleId: SOLIDITY_VISIBILITY
patternId: b51ce0
severity: 1
line: 134
column: 0
content: addresswinner_tmstmp23;

ruleId: SOLIDITY_VISIBILITY
patternId: b51ce0
severity: 1
line: 141
column: 24
content: _pool,

ruleId: SOLIDITY_VISIBILITY
patternId: b51ce0
severity: 1
line: 142
column: 8
content: address_receiver,

ruleId: SOLIDITY_VISIBILITY
patternId: b51ce0
severity: 1
line: 143
column: 8
content: address_oracle,

ruleId: SOLIDITY_VISIBILITY
patternId: b51ce0
severity: 1
line: 144
column: 8
content: bytescalldata

ruleId: SOLIDITY_VISIBILITY
patternId: b51ce0
severity: 1
line: 144
column: 23
content: _assetData,

ruleId: SOLIDITY_VISIBILITY
patternId: b51ce0
severity: 1
line: 145
column: 8
content: bytes32_paymentDetailsHash)external;

ruleId: SOLIDITY_VISIBILITY
patternId: b51ce0
severity: 1
line: 148
column: 0
content: addresswinner_tmstmp22;

ruleId: SOLIDITY_VISIBILITY
patternId: b51ce0
severity: 1
line: 175
column: 2
content: addresswinner_tmstmp30;

ruleId: SOLIDITY_VISIBILITY
patternId: b51ce0
severity: 1
line: 180
column: 2
content: addresswinner_tmstmp3;

ruleId: SOLIDITY_VISIBILITY
patternId: b51ce0
severity: 1
line: 206
column: 2
content: uint256bugv_tmstmp3=block.timestamp;

ruleId: SOLIDITY_VISIBILITY
patternId: b51ce0
severity: 1
line: 208
column: 2
content: uint256bugv_tmstmp2=block.timestamp;

ruleId: SOLIDITY_VISIBILITY
patternId: b51ce0
severity: 1
line: 210
column: 2
content: uint256bugv_tmstmp1=block.timestamp;

ruleId: SOLIDITY_VISIBILITY
patternId: b51ce0
severity: 1
line: 214
column: 24
content: _swapsContract,

ruleId: SOLIDITY_VISIBILITY
patternId: b51ce0
severity: 1
line: 215
column: 8
content: uint256_minSwapAmount,

ruleId: SOLIDITY_VISIBILITY
patternId: b51ce0
severity: 1
line: 216
column: 8
content: uint256_maxSwapAmount,

ruleId: SOLIDITY_VISIBILITY
patternId: b51ce0
severity: 1
line: 217
column: 8
content: bytes32_paymentDetailsHash,

ruleId: SOLIDITY_VISIBILITY
patternId: b51ce0
severity: 1
line: 218
column: 8
content: uint16_assetType)public

ruleId: SOLIDITY_VISIBILITY
patternId: b51ce0
severity: 1
line: 221
column: 8
content: validateLimits(_minSwapAmount,

ruleId: SOLIDITY_VISIBILITY
patternId: b51ce0
severity: 1
line: 221
column: 39
content: _maxSwapAmount)validateSwapsContract

ruleId: SOLIDITY_VISIBILITY
patternId: b51ce0
severity: 1
line: 222
column: 29
content: (_swapsContract,_assetType){

ruleId: SOLIDITY_VISIBILITY
patternId: b51ce0
severity: 1
line: 224
column: 8
content: swapsContract=_swapsContract;

ruleId: SOLIDITY_VISIBILITY
patternId: b51ce0
severity: 1
line: 225
column: 8
content: paymentDetailsHash=_paymentDetailsHash;

ruleId: SOLIDITY_VISIBILITY
patternId: b51ce0
severity: 1
line: 226
column: 8
content: minSwapAmount=_minSwapAmount;

ruleId: SOLIDITY_VISIBILITY
patternId: b51ce0
severity: 1
line: 227
column: 8
content: maxSwapAmount=_maxSwapAmount;

ruleId: SOLIDITY_VISIBILITY
patternId: b51ce0
severity: 1
line: 228
column: 8
content: ASSET_TYPE=_assetType;

ruleId: SOLIDITY_VISIBILITY
patternId: b51ce0
severity: 1
line: 378
column: 2
content: addresswinner_tmstmp27;

ruleId: SOLIDITY_VISIBILITY
patternId: b51ce0
severity: 1
line: 386
column: 24
content: _swapsContract,

ruleId: SOLIDITY_VISIBILITY
patternId: b51ce0
severity: 1
line: 387
column: 8
content: uint256_minSwapAmount,

ruleId: SOLIDITY_VISIBILITY
patternId: b51ce0
severity: 1
line: 388
column: 8
content: uint256_maxSwapAmount,

ruleId: SOLIDITY_VISIBILITY
patternId: b51ce0
severity: 1
line: 389
column: 8
content: bytes32_paymentDetailsHash)public

ruleId: SOLIDITY_VISIBILITY
patternId: b51ce0
severity: 1
line: 392
column: 8
content: RampInstantPool(_swapsContract,

ruleId: SOLIDITY_VISIBILITY
patternId: b51ce0
severity: 1
line: 393
column: 28
content: _minSwapAmount,_maxSwapAmount,

ruleId: SOLIDITY_VISIBILITY
patternId: b51ce0
severity: 1
line: 393
column: 60
content: _paymentDetailsHash,ETH_TYPE_ID){

SOLIDITY_VISIBILITY :47
SOLIDITY_OVERPOWERED_ROLE :1
SOLIDITY_PRAGMAS_VERSION :1
SOLIDITY_LOCKED_MONEY :2
SOLIDITY_PRIVATE_MODIFIER_DONT_HIDE_DATA :1
SOLIDITY_EXACT_TIME :9