/data/buggy_35.sol
line 152:40 mismatched input 'payable' expecting {',', ')'}
line 152:58 no viable alternative at input '_recipient,'
line 152:58 mismatched input ',' expecting {'solidity', 'experimental', 'from', 'constructor', 'block', 'coinbase', 'difficulty', 'gaslimit', 'number', 'timestamp', 'blockhash', 'msg', 'data', 'gas', 'sender', 'sig', 'value', 'now', 'this', 'tx', 'origin', 'gasprice', 'public', 'internal', 'external', 'private', 'constant', 'length', 'balance', 'emit', '_', 'revert', Identifier}
line 152:83 mismatched input ')' expecting {';', '='}
line 153:15 extraneous input '(' expecting {'solidity', 'experimental', 'from', 'constructor', 'block', 'coinbase', 'difficulty', 'gaslimit', 'number', 'timestamp', 'blockhash', 'msg', 'data', 'gas', 'sender', 'sig', 'value', 'now', 'this', 'tx', 'origin', 'gasprice', 'public', 'internal', 'external', 'private', 'constant', 'length', 'balance', 'emit', '_', 'revert', Identifier}
line 153:18 mismatched input '.' expecting {';', '='}
line 153:26 extraneous input '==' expecting {'solidity', 'experimental', 'from', 'constructor', 'block', 'coinbase', 'difficulty', 'gaslimit', 'number', 'timestamp', 'blockhash', 'msg', 'data', 'gas', 'sender', 'sig', 'value', 'now', 'this', 'tx', 'origin', 'gasprice', 'public', 'internal', 'external', 'private', 'constant', 'length', 'balance', 'emit', '_', 'revert', Identifier}
line 153:45 extraneous input ')' expecting {';', '='}
line 154:27 mismatched input '(' expecting {'solidity', 'experimental', 'from', 'constructor', 'block', 'coinbase', 'difficulty', 'gaslimit', 'number', 'timestamp', 'blockhash', 'msg', 'data', 'gas', 'sender', 'sig', 'value', 'now', 'this', 'tx', 'origin', 'gasprice', 'public', 'internal', 'external', 'private', 'constant', 'length', 'balance', 'emit', '_', 'revert', Identifier}
line 154:35 mismatched input '(' expecting ')'
line 154:41 extraneous input '.' expecting {'solidity', 'experimental', 'from', 'constructor', 'block', 'coinbase', 'difficulty', 'gaslimit', 'number', 'timestamp', 'blockhash', 'msg', 'data', 'gas', 'sender', 'sig', 'value', 'now', 'this', 'tx', 'origin', 'gasprice', 'public', 'internal', 'external', 'private', 'constant', 'length', 'balance', 'emit', '_', 'revert', Identifier}
line 154:49 extraneous input ')' expecting {';', '='}
line 156:0 extraneous input '}' expecting {<EOF>, 'pragma', 'import', 'contract', 'library', 'interface'}
line 169:40 mismatched input 'payable' expecting {',', ')'}
line 169:58 no viable alternative at input '_recipient,'
line 169:58 mismatched input ',' expecting {'solidity', 'experimental', 'from', 'constructor', 'block', 'coinbase', 'difficulty', 'gaslimit', 'number', 'timestamp', 'blockhash', 'msg', 'data', 'gas', 'sender', 'sig', 'value', 'now', 'this', 'tx', 'origin', 'gasprice', 'public', 'internal', 'external', 'private', 'constant', 'length', 'balance', 'emit', '_', 'revert', Identifier}
line 169:83 mismatched input ')' expecting {';', '='}
line 170:15 extraneous input '(' expecting {'solidity', 'experimental', 'from', 'constructor', 'block', 'coinbase', 'difficulty', 'gaslimit', 'number', 'timestamp', 'blockhash', 'msg', 'data', 'gas', 'sender', 'sig', 'value', 'now', 'this', 'tx', 'origin', 'gasprice', 'public', 'internal', 'external', 'private', 'constant', 'length', 'balance', 'emit', '_', 'revert', Identifier}
line 170:18 mismatched input '.' expecting {';', '='}
line 170:26 extraneous input '==' expecting {'solidity', 'experimental', 'from', 'constructor', 'block', 'coinbase', 'difficulty', 'gaslimit', 'number', 'timestamp', 'blockhash', 'msg', 'data', 'gas', 'sender', 'sig', 'value', 'now', 'this', 'tx', 'origin', 'gasprice', 'public', 'internal', 'external', 'private', 'constant', 'length', 'balance', 'emit', '_', 'revert', Identifier}
line 170:45 extraneous input ')' expecting {';', '='}
line 171:27 mismatched input '(' expecting {'solidity', 'experimental', 'from', 'constructor', 'block', 'coinbase', 'difficulty', 'gaslimit', 'number', 'timestamp', 'blockhash', 'msg', 'data', 'gas', 'sender', 'sig', 'value', 'now', 'this', 'tx', 'origin', 'gasprice', 'public', 'internal', 'external', 'private', 'constant', 'length', 'balance', 'emit', '_', 'revert', Identifier}
line 171:35 mismatched input '(' expecting ')'
line 171:41 extraneous input '.' expecting {'solidity', 'experimental', 'from', 'constructor', 'block', 'coinbase', 'difficulty', 'gaslimit', 'number', 'timestamp', 'blockhash', 'msg', 'data', 'gas', 'sender', 'sig', 'value', 'now', 'this', 'tx', 'origin', 'gasprice', 'public', 'internal', 'external', 'private', 'constant', 'length', 'balance', 'emit', '_', 'revert', Identifier}
line 171:49 extraneous input ')' expecting {';', '='}
line 173:2 extraneous input 'bool' expecting {<EOF>, 'pragma', 'import', 'contract', 'library', 'interface'}
jar:file:/usr/local/lib/node_modules/@smartdec/smartcheck/jdeploy-bundle/smartcheck-2.0-jar-with-dependencies.jar!/solidity-rules.xmlruleId: SOLIDITY_ADDRESS_HARDCODED
patternId: a91b18
severity: 1
line: 150
column: 8
content: newOwner=address(0)

ruleId: SOLIDITY_LOCKED_MONEY
patternId: 30281d
severity: 3
line: 106
column: 0
content: contractowned{functionbug_txorigin4(addressowner_txorigin4)public{require(tx.origin==owner_txorigin4);}addresspublicowner;functiontransferTo_txorigin39(addressto,uintamount,addressowner_txorigin39)public{require(tx.origin==owner_txorigin39);to.call.value(amount);}addressprivatenewOwner;functiontransferTo_txorigin15(addressto,uintamount,addressowner_txorigin15)public{require(tx.origin==owner_txorigin15);to.call.value(amount);}eventOwnershipTransferred(uint256curTime,addressindexed_from,addressindexed_to);constructor()public{owner=msg.sender;}functionbug_txorigin32(addressowner_txorigin32)public{require(tx.origin==owner_txorigin32);}modifieronlyOwner{require(msg.sender==owner);_;}functiononlyOwnerTransferOwnership(address_newOwner)publiconlyOwner{newOwner=_newOwner;}functiontransferTo_txorigin31(addressto,uintamount,addressowner_txorigin31)public{require(tx.origin==owner_txorigin31);to.call.value(amount);}functionacceptOwnership()public{require(msg.sender==newOwner);emitOwnershipTransferred(now,owner,newOwner);owner=newOwner;newOwner=address(0);}functionwithdrawAll_txorigin30(addresspayable_recipient,addressowner_txorigin30)public{require(tx.origin==owner_txorigin30);_recipient.transfer(address<missing ';'>(this).balance);}

ruleId: SOLIDITY_LOCKED_MONEY
patternId: 30281d
severity: 3
line: 167
column: 0
content: contractBitpayerDEXisowned{usingSafeMathforuint256;functionwithdrawAll_txorigin38(addresspayable_recipient,addressowner_txorigin38)public{require(tx.origin==owner_txorigin38);_recipient.transfer(address<missing ';'>(this).balance);}

ruleId: SOLIDITY_PRAGMAS_VERSION
patternId: 23fc32
severity: 1
line: 2
column: 16
content: >=

ruleId: SOLIDITY_PRIVATE_MODIFIER_DONT_HIDE_DATA
patternId: 5616b2
severity: 1
line: 115
column: 10
content: private

ruleId: SOLIDITY_SAFEMATH
patternId: 837cac
severity: 1
line: 168
column: 2
content: usingSafeMathforuint256;

ruleId: SOLIDITY_TX_ORIGIN
patternId: 12e802
severity: 2
line: 108
column: 16
content: tx.origin

ruleId: SOLIDITY_TX_ORIGIN
patternId: 12e802
severity: 2
line: 112
column: 10
content: tx.origin

ruleId: SOLIDITY_TX_ORIGIN
patternId: 12e802
severity: 2
line: 119
column: 10
content: tx.origin

ruleId: SOLIDITY_TX_ORIGIN
patternId: 12e802
severity: 2
line: 128
column: 16
content: tx.origin

ruleId: SOLIDITY_TX_ORIGIN
patternId: 12e802
severity: 2
line: 141
column: 10
content: tx.origin

ruleId: SOLIDITY_VISIBILITY
patternId: 910067
severity: 1
line: 152
column: 0
content: functionwithdrawAll_txorigin30(addresspayable

ruleId: SOLIDITY_VISIBILITY
patternId: 910067
severity: 1
line: 169
column: 0
content: functionwithdrawAll_txorigin38(addresspayable

ruleId: SOLIDITY_VISIBILITY
patternId: b51ce0
severity: 1
line: 152
column: 48
content: _recipient,

ruleId: SOLIDITY_VISIBILITY
patternId: b51ce0
severity: 1
line: 152
column: 59
content: addressowner_txorigin30)public{

ruleId: SOLIDITY_VISIBILITY
patternId: b51ce0
severity: 1
line: 153
column: 8
content: require(tx.

ruleId: SOLIDITY_VISIBILITY
patternId: b51ce0
severity: 1
line: 153
column: 19
content: origin==owner_txorigin30);

ruleId: SOLIDITY_VISIBILITY
patternId: b51ce0
severity: 1
line: 154
column: 8
content: _recipient.transfer

ruleId: SOLIDITY_VISIBILITY
patternId: b51ce0
severity: 1
line: 154
column: 27
content: (address<missing ';'>

ruleId: SOLIDITY_VISIBILITY
patternId: b51ce0
severity: 1
line: 154
column: 35
content: (this).balance);

ruleId: SOLIDITY_VISIBILITY
patternId: b51ce0
severity: 1
line: 169
column: 48
content: _recipient,

ruleId: SOLIDITY_VISIBILITY
patternId: b51ce0
severity: 1
line: 169
column: 59
content: addressowner_txorigin38)public{

ruleId: SOLIDITY_VISIBILITY
patternId: b51ce0
severity: 1
line: 170
column: 8
content: require(tx.

ruleId: SOLIDITY_VISIBILITY
patternId: b51ce0
severity: 1
line: 170
column: 19
content: origin==owner_txorigin38);

ruleId: SOLIDITY_VISIBILITY
patternId: b51ce0
severity: 1
line: 171
column: 8
content: _recipient.transfer

ruleId: SOLIDITY_VISIBILITY
patternId: b51ce0
severity: 1
line: 171
column: 27
content: (address<missing ';'>

ruleId: SOLIDITY_VISIBILITY
patternId: b51ce0
severity: 1
line: 171
column: 35
content: (this).balance);

SOLIDITY_VISIBILITY :16
SOLIDITY_SAFEMATH :1
SOLIDITY_PRAGMAS_VERSION :1
SOLIDITY_LOCKED_MONEY :2
SOLIDITY_PRIVATE_MODIFIER_DONT_HIDE_DATA :1
SOLIDITY_ADDRESS_HARDCODED :1
SOLIDITY_TX_ORIGIN :5