/data/buggy_4.sol
jar:file:/usr/local/lib/node_modules/@smartdec/smartcheck/jdeploy-bundle/smartcheck-2.0-jar-with-dependencies.jar!/solidity-rules.xmlruleId: SOLIDITY_ADDRESS_HARDCODED
patternId: adc165
severity: 1
line: 113
column: 18
content: 0x071F73f4D0befd4406901AACE6D5FFD6D297c561

ruleId: SOLIDITY_ADDRESS_HARDCODED
patternId: adc165
severity: 1
line: 114
column: 18
content: 0x76535ca5BF1d33434A302e5A464Df433BB1F80F6

ruleId: SOLIDITY_ADDRESS_HARDCODED
patternId: adc165
severity: 1
line: 115
column: 18
content: 0xD7EC5D8697e4c83Dc33D781d19dc2910fB165D5C

ruleId: SOLIDITY_EXACT_TIME
patternId: 1955d9
severity: 2
line: 33
column: 16
content: now!=pastBlockTime_tmstmp20

ruleId: SOLIDITY_EXACT_TIME
patternId: 1955d9
severity: 2
line: 35
column: 11
content: now%15==0

ruleId: SOLIDITY_EXACT_TIME
patternId: 1955d9
severity: 2
line: 42
column: 5
content: startTime+(5*1days)==block.timestamp

ruleId: SOLIDITY_EXACT_TIME
patternId: 1955d9
severity: 2
line: 54
column: 5
content: startTime+(5*1days)==block.timestamp

ruleId: SOLIDITY_EXACT_TIME
patternId: 1955d9
severity: 2
line: 65
column: 16
content: now!=pastBlockTime_tmstmp16

ruleId: SOLIDITY_EXACT_TIME
patternId: 1955d9
severity: 2
line: 67
column: 11
content: now%15==0

ruleId: SOLIDITY_EXACT_TIME
patternId: 1955d9
severity: 2
line: 81
column: 5
content: startTime+(5*1days)==block.timestamp

ruleId: SOLIDITY_EXACT_TIME
patternId: 1955d9
severity: 2
line: 91
column: 16
content: now!=pastBlockTime_tmstmp12

ruleId: SOLIDITY_EXACT_TIME
patternId: 1955d9
severity: 2
line: 93
column: 11
content: now%15==0

ruleId: SOLIDITY_EXACT_TIME
patternId: 1955d9
severity: 2
line: 134
column: 5
content: startTime+(5*1days)==block.timestamp

ruleId: SOLIDITY_PRAGMAS_VERSION
patternId: 23fc32
severity: 1
line: 2
column: 16
content: >=

ruleId: SOLIDITY_PRAGMAS_VERSION
patternId: 23fc32
severity: 1
line: 2
column: 25
content: <

ruleId: SOLIDITY_VISIBILITY
patternId: b51ce0
severity: 1
line: 40
column: 2
content: addresswinner_tmstmp2;

ruleId: SOLIDITY_VISIBILITY
patternId: b51ce0
severity: 1
line: 46
column: 2
content: addresswinner_tmstmp19;

ruleId: SOLIDITY_VISIBILITY
patternId: b51ce0
severity: 1
line: 51
column: 2
content: uint256saleAmount;

ruleId: SOLIDITY_VISIBILITY
patternId: b51ce0
severity: 1
line: 52
column: 2
content: addresswinner_tmstmp18;

ruleId: SOLIDITY_VISIBILITY
patternId: b51ce0
severity: 1
line: 56
column: 2
content: uint256evtAmount;

ruleId: SOLIDITY_VISIBILITY
patternId: b51ce0
severity: 1
line: 60
column: 2
content: uint256teamAmount;

ruleId: SOLIDITY_VISIBILITY
patternId: b51ce0
severity: 1
line: 71
column: 2
content: uint256_totalSupply;

ruleId: SOLIDITY_VISIBILITY
patternId: b51ce0
severity: 1
line: 72
column: 2
content: addresswinner_tmstmp15;

ruleId: SOLIDITY_VISIBILITY
patternId: b51ce0
severity: 1
line: 77
column: 2
content: mapping(address=>uint256)balances;

ruleId: SOLIDITY_VISIBILITY
patternId: b51ce0
severity: 1
line: 79
column: 2
content: addresswinner_tmstmp14;

ruleId: SOLIDITY_VISIBILITY
patternId: b51ce0
severity: 1
line: 98
column: 2
content: addresswinner_tmstmp11;

ruleId: SOLIDITY_VISIBILITY
patternId: b51ce0
severity: 1
line: 109
column: 0
content: uint256bugv_tmstmp1=block.timestamp;

ruleId: SOLIDITY_VISIBILITY
patternId: b51ce0
severity: 1
line: 132
column: 0
content: addresswinner_tmstmp10;

ruleId: SOLIDITY_VISIBILITY
patternId: b51ce0
severity: 1
line: 147
column: 0
content: uint256bugv_tmstmp5=block.timestamp;

ruleId: SOLIDITY_VISIBILITY
patternId: b51ce0
severity: 1
line: 172
column: 0
content: uint256bugv_tmstmp4=block.timestamp;

ruleId: SOLIDITY_VISIBILITY
patternId: b51ce0
severity: 1
line: 183
column: 0
content: uint256bugv_tmstmp3=block.timestamp;

ruleId: SOLIDITY_VISIBILITY
patternId: b51ce0
severity: 1
line: 192
column: 0
content: uint256bugv_tmstmp2=block.timestamp;

SOLIDITY_VISIBILITY :17
SOLIDITY_PRAGMAS_VERSION :2
SOLIDITY_ADDRESS_HARDCODED :3
SOLIDITY_EXACT_TIME :10