/data/buggy_23.sol
line 119:8 extraneous input 'payable' expecting {'solidity', 'experimental', 'from', 'constructor', 'block', 'coinbase', 'difficulty', 'gaslimit', 'number', 'timestamp', 'blockhash', 'msg', 'data', 'gas', 'sender', 'sig', 'value', 'now', 'this', 'tx', 'origin', 'gasprice', 'public', 'internal', 'external', 'private', 'constant', 'length', 'balance', 'emit', '_', 'revert', Identifier}
line 138:10 extraneous input 'payable' expecting {'solidity', 'experimental', 'from', 'constructor', 'block', 'coinbase', 'difficulty', 'gaslimit', 'number', 'timestamp', 'blockhash', 'msg', 'data', 'gas', 'sender', 'sig', 'value', 'now', 'this', 'tx', 'origin', 'gasprice', 'public', 'internal', 'external', 'private', 'constant', 'length', 'balance', 'emit', '_', 'revert', Identifier}
line 154:8 extraneous input 'payable' expecting {'solidity', 'experimental', 'from', 'constructor', 'block', 'coinbase', 'difficulty', 'gaslimit', 'number', 'timestamp', 'blockhash', 'msg', 'data', 'gas', 'sender', 'sig', 'value', 'now', 'this', 'tx', 'origin', 'gasprice', 'public', 'internal', 'external', 'private', 'constant', 'length', 'balance', 'emit', '_', 'revert', Identifier}
line 179:8 extraneous input 'payable' expecting {'solidity', 'experimental', 'from', 'constructor', 'block', 'coinbase', 'difficulty', 'gaslimit', 'number', 'timestamp', 'blockhash', 'msg', 'data', 'gas', 'sender', 'sig', 'value', 'now', 'this', 'tx', 'origin', 'gasprice', 'public', 'internal', 'external', 'private', 'constant', 'length', 'balance', 'emit', '_', 'revert', Identifier}
line 202:8 extraneous input 'payable' expecting {'solidity', 'experimental', 'from', 'constructor', 'block', 'coinbase', 'difficulty', 'gaslimit', 'number', 'timestamp', 'blockhash', 'msg', 'data', 'gas', 'sender', 'sig', 'value', 'now', 'this', 'tx', 'origin', 'gasprice', 'public', 'internal', 'external', 'private', 'constant', 'length', 'balance', 'emit', '_', 'revert', Identifier}
line 229:8 extraneous input 'payable' expecting {'solidity', 'experimental', 'from', 'constructor', 'block', 'coinbase', 'difficulty', 'gaslimit', 'number', 'timestamp', 'blockhash', 'msg', 'data', 'gas', 'sender', 'sig', 'value', 'now', 'this', 'tx', 'origin', 'gasprice', 'public', 'internal', 'external', 'private', 'constant', 'length', 'balance', 'emit', '_', 'revert', Identifier}
line 253:8 extraneous input 'payable' expecting {'solidity', 'experimental', 'from', 'constructor', 'block', 'coinbase', 'difficulty', 'gaslimit', 'number', 'timestamp', 'blockhash', 'msg', 'data', 'gas', 'sender', 'sig', 'value', 'now', 'this', 'tx', 'origin', 'gasprice', 'public', 'internal', 'external', 'private', 'constant', 'length', 'balance', 'emit', '_', 'revert', Identifier}
line 284:8 extraneous input 'payable' expecting {'solidity', 'experimental', 'from', 'constructor', 'block', 'coinbase', 'difficulty', 'gaslimit', 'number', 'timestamp', 'blockhash', 'msg', 'data', 'gas', 'sender', 'sig', 'value', 'now', 'this', 'tx', 'origin', 'gasprice', 'public', 'internal', 'external', 'private', 'constant', 'length', 'balance', 'emit', '_', 'revert', Identifier}
line 312:8 extraneous input 'payable' expecting {'solidity', 'experimental', 'from', 'constructor', 'block', 'coinbase', 'difficulty', 'gaslimit', 'number', 'timestamp', 'blockhash', 'msg', 'data', 'gas', 'sender', 'sig', 'value', 'now', 'this', 'tx', 'origin', 'gasprice', 'public', 'internal', 'external', 'private', 'constant', 'length', 'balance', 'emit', '_', 'revert', Identifier}
line 344:8 extraneous input 'payable' expecting {'solidity', 'experimental', 'from', 'constructor', 'block', 'coinbase', 'difficulty', 'gaslimit', 'number', 'timestamp', 'blockhash', 'msg', 'data', 'gas', 'sender', 'sig', 'value', 'now', 'this', 'tx', 'origin', 'gasprice', 'public', 'internal', 'external', 'private', 'constant', 'length', 'balance', 'emit', '_', 'revert', Identifier}
line 373:8 extraneous input 'payable' expecting {'solidity', 'experimental', 'from', 'constructor', 'block', 'coinbase', 'difficulty', 'gaslimit', 'number', 'timestamp', 'blockhash', 'msg', 'data', 'gas', 'sender', 'sig', 'value', 'now', 'this', 'tx', 'origin', 'gasprice', 'public', 'internal', 'external', 'private', 'constant', 'length', 'balance', 'emit', '_', 'revert', Identifier}
line 405:8 extraneous input 'payable' expecting {'solidity', 'experimental', 'from', 'constructor', 'block', 'coinbase', 'difficulty', 'gaslimit', 'number', 'timestamp', 'blockhash', 'msg', 'data', 'gas', 'sender', 'sig', 'value', 'now', 'this', 'tx', 'origin', 'gasprice', 'public', 'internal', 'external', 'private', 'constant', 'length', 'balance', 'emit', '_', 'revert', Identifier}
line 437:8 extraneous input 'payable' expecting {'solidity', 'experimental', 'from', 'constructor', 'block', 'coinbase', 'difficulty', 'gaslimit', 'number', 'timestamp', 'blockhash', 'msg', 'data', 'gas', 'sender', 'sig', 'value', 'now', 'this', 'tx', 'origin', 'gasprice', 'public', 'internal', 'external', 'private', 'constant', 'length', 'balance', 'emit', '_', 'revert', Identifier}
line 465:8 extraneous input 'payable' expecting {'solidity', 'experimental', 'from', 'constructor', 'block', 'coinbase', 'difficulty', 'gaslimit', 'number', 'timestamp', 'blockhash', 'msg', 'data', 'gas', 'sender', 'sig', 'value', 'now', 'this', 'tx', 'origin', 'gasprice', 'public', 'internal', 'external', 'private', 'constant', 'length', 'balance', 'emit', '_', 'revert', Identifier}
line 496:8 extraneous input 'payable' expecting {'solidity', 'experimental', 'from', 'constructor', 'block', 'coinbase', 'difficulty', 'gaslimit', 'number', 'timestamp', 'blockhash', 'msg', 'data', 'gas', 'sender', 'sig', 'value', 'now', 'this', 'tx', 'origin', 'gasprice', 'public', 'internal', 'external', 'private', 'constant', 'length', 'balance', 'emit', '_', 'revert', Identifier}
line 523:8 extraneous input 'payable' expecting {'solidity', 'experimental', 'from', 'constructor', 'block', 'coinbase', 'difficulty', 'gaslimit', 'number', 'timestamp', 'blockhash', 'msg', 'data', 'gas', 'sender', 'sig', 'value', 'now', 'this', 'tx', 'origin', 'gasprice', 'public', 'internal', 'external', 'private', 'constant', 'length', 'balance', 'emit', '_', 'revert', Identifier}
line 559:8 extraneous input 'payable' expecting {'solidity', 'experimental', 'from', 'constructor', 'block', 'coinbase', 'difficulty', 'gaslimit', 'number', 'timestamp', 'blockhash', 'msg', 'data', 'gas', 'sender', 'sig', 'value', 'now', 'this', 'tx', 'origin', 'gasprice', 'public', 'internal', 'external', 'private', 'constant', 'length', 'balance', 'emit', '_', 'revert', Identifier}
line 582:8 extraneous input 'payable' expecting {'solidity', 'experimental', 'from', 'constructor', 'block', 'coinbase', 'difficulty', 'gaslimit', 'number', 'timestamp', 'blockhash', 'msg', 'data', 'gas', 'sender', 'sig', 'value', 'now', 'this', 'tx', 'origin', 'gasprice', 'public', 'internal', 'external', 'private', 'constant', 'length', 'balance', 'emit', '_', 'revert', Identifier}
line 613:10 extraneous input 'payable' expecting {'solidity', 'experimental', 'from', 'constructor', 'block', 'coinbase', 'difficulty', 'gaslimit', 'number', 'timestamp', 'blockhash', 'msg', 'data', 'gas', 'sender', 'sig', 'value', 'now', 'this', 'tx', 'origin', 'gasprice', 'public', 'internal', 'external', 'private', 'constant', 'length', 'balance', 'emit', '_', 'revert', Identifier}
line 627:10 extraneous input 'payable' expecting {'solidity', 'experimental', 'from', 'constructor', 'block', 'coinbase', 'difficulty', 'gaslimit', 'number', 'timestamp', 'blockhash', 'msg', 'data', 'gas', 'sender', 'sig', 'value', 'now', 'this', 'tx', 'origin', 'gasprice', 'public', 'internal', 'external', 'private', 'constant', 'length', 'balance', 'emit', '_', 'revert', Identifier}
line 642:8 extraneous input 'payable' expecting {'solidity', 'experimental', 'from', 'constructor', 'block', 'coinbase', 'difficulty', 'gaslimit', 'number', 'timestamp', 'blockhash', 'msg', 'data', 'gas', 'sender', 'sig', 'value', 'now', 'this', 'tx', 'origin', 'gasprice', 'public', 'internal', 'external', 'private', 'constant', 'length', 'balance', 'emit', '_', 'revert', Identifier}
line 666:8 extraneous input 'payable' expecting {'solidity', 'experimental', 'from', 'constructor', 'block', 'coinbase', 'difficulty', 'gaslimit', 'number', 'timestamp', 'blockhash', 'msg', 'data', 'gas', 'sender', 'sig', 'value', 'now', 'this', 'tx', 'origin', 'gasprice', 'public', 'internal', 'external', 'private', 'constant', 'length', 'balance', 'emit', '_', 'revert', Identifier}
line 687:8 extraneous input 'payable' expecting {'solidity', 'experimental', 'from', 'constructor', 'block', 'coinbase', 'difficulty', 'gaslimit', 'number', 'timestamp', 'blockhash', 'msg', 'data', 'gas', 'sender', 'sig', 'value', 'now', 'this', 'tx', 'origin', 'gasprice', 'public', 'internal', 'external', 'private', 'constant', 'length', 'balance', 'emit', '_', 'revert', Identifier}
line 711:8 extraneous input 'payable' expecting {'solidity', 'experimental', 'from', 'constructor', 'block', 'coinbase', 'difficulty', 'gaslimit', 'number', 'timestamp', 'blockhash', 'msg', 'data', 'gas', 'sender', 'sig', 'value', 'now', 'this', 'tx', 'origin', 'gasprice', 'public', 'internal', 'external', 'private', 'constant', 'length', 'balance', 'emit', '_', 'revert', Identifier}
line 732:8 extraneous input 'payable' expecting {'solidity', 'experimental', 'from', 'constructor', 'block', 'coinbase', 'difficulty', 'gaslimit', 'number', 'timestamp', 'blockhash', 'msg', 'data', 'gas', 'sender', 'sig', 'value', 'now', 'this', 'tx', 'origin', 'gasprice', 'public', 'internal', 'external', 'private', 'constant', 'length', 'balance', 'emit', '_', 'revert', Identifier}
line 762:8 extraneous input 'payable' expecting {'solidity', 'experimental', 'from', 'constructor', 'block', 'coinbase', 'difficulty', 'gaslimit', 'number', 'timestamp', 'blockhash', 'msg', 'data', 'gas', 'sender', 'sig', 'value', 'now', 'this', 'tx', 'origin', 'gasprice', 'public', 'internal', 'external', 'private', 'constant', 'length', 'balance', 'emit', '_', 'revert', Identifier}
jar:file:/usr/local/lib/node_modules/@smartdec/smartcheck/jdeploy-bundle/smartcheck-2.0-jar-with-dependencies.jar!/solidity-rules.xmlruleId: SOLIDITY_ERC20_APPROVE
patternId: af782c
severity: 2
line: 280
column: 4
content: functionapprove(addressspender,uint256value)publicreturns(bool){_approve(msg.sender,spender,value);returntrue;}

ruleId: SOLIDITY_PRAGMAS_VERSION
patternId: 23fc32
severity: 1
line: 5
column: 16
content: ^

ruleId: SOLIDITY_PRAGMAS_VERSION
patternId: 23fc32
severity: 1
line: 31
column: 16
content: ^

ruleId: SOLIDITY_PRAGMAS_VERSION
patternId: 23fc32
severity: 1
line: 99
column: 16
content: ^

ruleId: SOLIDITY_PRAGMAS_VERSION
patternId: 23fc32
severity: 1
line: 544
column: 16
content: ^

ruleId: SOLIDITY_PRAGMAS_VERSION
patternId: 23fc32
severity: 1
line: 603
column: 16
content: ^

ruleId: SOLIDITY_PRAGMAS_VERSION
patternId: 23fc32
severity: 1
line: 753
column: 16
content: ^

ruleId: SOLIDITY_PRIVATE_MODIFIER_DONT_HIDE_DATA
patternId: 5616b2
severity: 1
line: 136
column: 31
content: private

ruleId: SOLIDITY_PRIVATE_MODIFIER_DONT_HIDE_DATA
patternId: 5616b2
severity: 1
line: 151
column: 52
content: private

ruleId: SOLIDITY_PRIVATE_MODIFIER_DONT_HIDE_DATA
patternId: 5616b2
severity: 1
line: 171
column: 10
content: private

ruleId: SOLIDITY_PRIVATE_MODIFIER_DONT_HIDE_DATA
patternId: 5616b2
severity: 1
line: 626
column: 9
content: private

ruleId: SOLIDITY_PRIVATE_MODIFIER_DONT_HIDE_DATA
patternId: 5616b2
severity: 1
line: 640
column: 9
content: private

ruleId: SOLIDITY_PRIVATE_MODIFIER_DONT_HIDE_DATA
patternId: 5616b2
severity: 1
line: 659
column: 8
content: private

ruleId: SOLIDITY_SAFEMATH
patternId: 837cac
severity: 1
line: 116
column: 4
content: usingSafeMathforuint256;

ruleId: SOLIDITY_VISIBILITY
patternId: b51ce0
severity: 1
line: 118
column: 2
content: boolclaimed_TOD32=false;

ruleId: SOLIDITY_VISIBILITY
patternId: b51ce0
severity: 1
line: 119
column: 0
content: addresspayableowner_TOD32;

ruleId: SOLIDITY_VISIBILITY
patternId: b51ce0
severity: 1
line: 120
column: 0
content: uint256reward_TOD32;

ruleId: SOLIDITY_VISIBILITY
patternId: b51ce0
severity: 1
line: 138
column: 2
content: addresspayablewinner_TOD31;

ruleId: SOLIDITY_VISIBILITY
patternId: b51ce0
severity: 1
line: 153
column: 2
content: boolclaimed_TOD30=false;

ruleId: SOLIDITY_VISIBILITY
patternId: b51ce0
severity: 1
line: 154
column: 0
content: addresspayableowner_TOD30;

ruleId: SOLIDITY_VISIBILITY
patternId: b51ce0
severity: 1
line: 155
column: 0
content: uint256reward_TOD30;

ruleId: SOLIDITY_VISIBILITY
patternId: b51ce0
severity: 1
line: 179
column: 0
content: addresspayablewinner_TOD27;

ruleId: SOLIDITY_VISIBILITY
patternId: b51ce0
severity: 1
line: 201
column: 0
content: boolclaimed_TOD26=false;

ruleId: SOLIDITY_VISIBILITY
patternId: b51ce0
severity: 1
line: 202
column: 0
content: addresspayableowner_TOD26;

ruleId: SOLIDITY_VISIBILITY
patternId: b51ce0
severity: 1
line: 203
column: 0
content: uint256reward_TOD26;

ruleId: SOLIDITY_VISIBILITY
patternId: b51ce0
severity: 1
line: 229
column: 0
content: addresspayablewinner_TOD25;

ruleId: SOLIDITY_VISIBILITY
patternId: b51ce0
severity: 1
line: 252
column: 0
content: boolclaimed_TOD24=false;

ruleId: SOLIDITY_VISIBILITY
patternId: b51ce0
severity: 1
line: 253
column: 0
content: addresspayableowner_TOD24;

ruleId: SOLIDITY_VISIBILITY
patternId: b51ce0
severity: 1
line: 254
column: 0
content: uint256reward_TOD24;

ruleId: SOLIDITY_VISIBILITY
patternId: b51ce0
severity: 1
line: 284
column: 0
content: addresspayablewinner_TOD23;

ruleId: SOLIDITY_VISIBILITY
patternId: b51ce0
severity: 1
line: 311
column: 0
content: boolclaimed_TOD22=false;

ruleId: SOLIDITY_VISIBILITY
patternId: b51ce0
severity: 1
line: 312
column: 0
content: addresspayableowner_TOD22;

ruleId: SOLIDITY_VISIBILITY
patternId: b51ce0
severity: 1
line: 313
column: 0
content: uint256reward_TOD22;

ruleId: SOLIDITY_VISIBILITY
patternId: b51ce0
severity: 1
line: 344
column: 0
content: addresspayablewinner_TOD21;

ruleId: SOLIDITY_VISIBILITY
patternId: b51ce0
severity: 1
line: 372
column: 0
content: boolclaimed_TOD20=false;

ruleId: SOLIDITY_VISIBILITY
patternId: b51ce0
severity: 1
line: 373
column: 0
content: addresspayableowner_TOD20;

ruleId: SOLIDITY_VISIBILITY
patternId: b51ce0
severity: 1
line: 374
column: 0
content: uint256reward_TOD20;

ruleId: SOLIDITY_VISIBILITY
patternId: b51ce0
severity: 1
line: 404
column: 0
content: boolclaimed_TOD2=false;

ruleId: SOLIDITY_VISIBILITY
patternId: b51ce0
severity: 1
line: 405
column: 0
content: addresspayableowner_TOD2;

ruleId: SOLIDITY_VISIBILITY
patternId: b51ce0
severity: 1
line: 406
column: 0
content: uint256reward_TOD2;

ruleId: SOLIDITY_VISIBILITY
patternId: b51ce0
severity: 1
line: 437
column: 0
content: addresspayablewinner_TOD19;

ruleId: SOLIDITY_VISIBILITY
patternId: b51ce0
severity: 1
line: 464
column: 0
content: boolclaimed_TOD18=false;

ruleId: SOLIDITY_VISIBILITY
patternId: b51ce0
severity: 1
line: 465
column: 0
content: addresspayableowner_TOD18;

ruleId: SOLIDITY_VISIBILITY
patternId: b51ce0
severity: 1
line: 466
column: 0
content: uint256reward_TOD18;

ruleId: SOLIDITY_VISIBILITY
patternId: b51ce0
severity: 1
line: 496
column: 0
content: addresspayablewinner_TOD17;

ruleId: SOLIDITY_VISIBILITY
patternId: b51ce0
severity: 1
line: 522
column: 0
content: boolclaimed_TOD16=false;

ruleId: SOLIDITY_VISIBILITY
patternId: b51ce0
severity: 1
line: 523
column: 0
content: addresspayableowner_TOD16;

ruleId: SOLIDITY_VISIBILITY
patternId: b51ce0
severity: 1
line: 524
column: 0
content: uint256reward_TOD16;

ruleId: SOLIDITY_VISIBILITY
patternId: b51ce0
severity: 1
line: 559
column: 0
content: addresspayablewinner_TOD15;

ruleId: SOLIDITY_VISIBILITY
patternId: b51ce0
severity: 1
line: 581
column: 0
content: boolclaimed_TOD14=false;

ruleId: SOLIDITY_VISIBILITY
patternId: b51ce0
severity: 1
line: 582
column: 0
content: addresspayableowner_TOD14;

ruleId: SOLIDITY_VISIBILITY
patternId: b51ce0
severity: 1
line: 583
column: 0
content: uint256reward_TOD14;

ruleId: SOLIDITY_VISIBILITY
patternId: b51ce0
severity: 1
line: 613
column: 2
content: addresspayablewinner_TOD3;

ruleId: SOLIDITY_VISIBILITY
patternId: b51ce0
severity: 1
line: 627
column: 2
content: addresspayablewinner_TOD29;

ruleId: SOLIDITY_VISIBILITY
patternId: b51ce0
severity: 1
line: 641
column: 2
content: boolclaimed_TOD28=false;

ruleId: SOLIDITY_VISIBILITY
patternId: b51ce0
severity: 1
line: 642
column: 0
content: addresspayableowner_TOD28;

ruleId: SOLIDITY_VISIBILITY
patternId: b51ce0
severity: 1
line: 643
column: 0
content: uint256reward_TOD28;

ruleId: SOLIDITY_VISIBILITY
patternId: b51ce0
severity: 1
line: 666
column: 0
content: addresspayablewinner_TOD13;

ruleId: SOLIDITY_VISIBILITY
patternId: b51ce0
severity: 1
line: 686
column: 0
content: boolclaimed_TOD12=false;

ruleId: SOLIDITY_VISIBILITY
patternId: b51ce0
severity: 1
line: 687
column: 0
content: addresspayableowner_TOD12;

ruleId: SOLIDITY_VISIBILITY
patternId: b51ce0
severity: 1
line: 688
column: 0
content: uint256reward_TOD12;

ruleId: SOLIDITY_VISIBILITY
patternId: b51ce0
severity: 1
line: 711
column: 0
content: addresspayablewinner_TOD11;

ruleId: SOLIDITY_VISIBILITY
patternId: b51ce0
severity: 1
line: 731
column: 0
content: boolclaimed_TOD10=false;

ruleId: SOLIDITY_VISIBILITY
patternId: b51ce0
severity: 1
line: 732
column: 0
content: addresspayableowner_TOD10;

ruleId: SOLIDITY_VISIBILITY
patternId: b51ce0
severity: 1
line: 733
column: 0
content: uint256reward_TOD10;

ruleId: SOLIDITY_VISIBILITY
patternId: b51ce0
severity: 1
line: 762
column: 0
content: addresspayablewinner_TOD1;

SOLIDITY_VISIBILITY :52
SOLIDITY_SAFEMATH :1
SOLIDITY_PRAGMAS_VERSION :6
SOLIDITY_PRIVATE_MODIFIER_DONT_HIDE_DATA :6
SOLIDITY_ERC20_APPROVE :1