/data/buggy_23.sol
line 137:10 extraneous input 'payable' expecting {'solidity', 'experimental', 'from', 'constructor', 'block', 'coinbase', 'difficulty', 'gaslimit', 'number', 'timestamp', 'blockhash', 'msg', 'data', 'gas', 'sender', 'sig', 'value', 'now', 'this', 'tx', 'origin', 'gasprice', 'public', 'internal', 'external', 'private', 'constant', 'length', 'balance', 'emit', '_', 'revert', Identifier}
line 229:8 extraneous input 'payable' expecting {'solidity', 'experimental', 'from', 'constructor', 'block', 'coinbase', 'difficulty', 'gaslimit', 'number', 'timestamp', 'blockhash', 'msg', 'data', 'gas', 'sender', 'sig', 'value', 'now', 'this', 'tx', 'origin', 'gasprice', 'public', 'internal', 'external', 'private', 'constant', 'length', 'balance', 'emit', '_', 'revert', Identifier}
line 317:8 extraneous input 'payable' expecting {'solidity', 'experimental', 'from', 'constructor', 'block', 'coinbase', 'difficulty', 'gaslimit', 'number', 'timestamp', 'blockhash', 'msg', 'data', 'gas', 'sender', 'sig', 'value', 'now', 'this', 'tx', 'origin', 'gasprice', 'public', 'internal', 'external', 'private', 'constant', 'length', 'balance', 'emit', '_', 'revert', Identifier}
line 406:8 extraneous input 'payable' expecting {'solidity', 'experimental', 'from', 'constructor', 'block', 'coinbase', 'difficulty', 'gaslimit', 'number', 'timestamp', 'blockhash', 'msg', 'data', 'gas', 'sender', 'sig', 'value', 'now', 'this', 'tx', 'origin', 'gasprice', 'public', 'internal', 'external', 'private', 'constant', 'length', 'balance', 'emit', '_', 'revert', Identifier}
jar:file:/usr/local/lib/node_modules/@smartdec/smartcheck/jdeploy-bundle/smartcheck-2.0-jar-with-dependencies.jar!/solidity-rules.xmlruleId: SOLIDITY_CALL_WITHOUT_DATA
patternId: 111ppp
severity: 2
line: 174
column: 36
content: call.value(userBalance_re_ent26[msg.sender])("")

ruleId: SOLIDITY_CALL_WITHOUT_DATA
patternId: 111ppp
severity: 2
line: 253
column: 35
content: call.value(balances_re_ent21[msg.sender])("")

ruleId: SOLIDITY_CALL_WITHOUT_DATA
patternId: 111ppp
severity: 2
line: 389
column: 35
content: call.value(_weiToWithdraw)("")

ruleId: SOLIDITY_CALL_WITHOUT_DATA
patternId: 111ppp
severity: 2
line: 473
column: 29
content: call.value(_weiToWithdraw)("")

ruleId: SOLIDITY_CALL_WITHOUT_DATA
patternId: 111ppp
severity: 2
line: 502
column: 35
content: call.value(1ether)("")

ruleId: SOLIDITY_CALL_WITHOUT_DATA
patternId: 111ppp
severity: 2
line: 568
column: 35
content: call.value(balances_re_ent1[msg.sender])("")

ruleId: SOLIDITY_ERC20_APPROVE
patternId: af782c
severity: 2
line: 225
column: 4
content: functionapprove(addressspender,uint256value)publicreturns(bool){_approve(msg.sender,spender,value);returntrue;}

ruleId: SOLIDITY_PRAGMAS_VERSION
patternId: 23fc32
severity: 1
line: 5
column: 16
content: ^

ruleId: SOLIDITY_PRAGMAS_VERSION
patternId: 23fc32
severity: 1
line: 31
column: 16
content: ^

ruleId: SOLIDITY_PRAGMAS_VERSION
patternId: 23fc32
severity: 1
line: 99
column: 16
content: ^

ruleId: SOLIDITY_PRAGMAS_VERSION
patternId: 23fc32
severity: 1
line: 418
column: 16
content: ^

ruleId: SOLIDITY_PRAGMAS_VERSION
patternId: 23fc32
severity: 1
line: 459
column: 16
content: ^

ruleId: SOLIDITY_PRAGMAS_VERSION
patternId: 23fc32
severity: 1
line: 557
column: 16
content: ^

ruleId: SOLIDITY_PRIVATE_MODIFIER_DONT_HIDE_DATA
patternId: 5616b2
severity: 1
line: 126
column: 31
content: private

ruleId: SOLIDITY_PRIVATE_MODIFIER_DONT_HIDE_DATA
patternId: 5616b2
severity: 1
line: 135
column: 52
content: private

ruleId: SOLIDITY_PRIVATE_MODIFIER_DONT_HIDE_DATA
patternId: 5616b2
severity: 1
line: 145
column: 10
content: private

ruleId: SOLIDITY_PRIVATE_MODIFIER_DONT_HIDE_DATA
patternId: 5616b2
severity: 1
line: 477
column: 9
content: private

ruleId: SOLIDITY_PRIVATE_MODIFIER_DONT_HIDE_DATA
patternId: 5616b2
severity: 1
line: 483
column: 9
content: private

ruleId: SOLIDITY_PRIVATE_MODIFIER_DONT_HIDE_DATA
patternId: 5616b2
severity: 1
line: 492
column: 8
content: private

ruleId: SOLIDITY_REVERT_REQUIRE
patternId: c56b12
severity: 1
line: 175
column: 8
content: if(!success){revert();}

ruleId: SOLIDITY_REVERT_REQUIRE
patternId: c56b12
severity: 1
line: 503
column: 8
content: if(!success){revert();}

ruleId: SOLIDITY_SAFEMATH
patternId: 837cac
severity: 1
line: 116
column: 4
content: usingSafeMathforuint256;

ruleId: SOLIDITY_UNCHECKED_CALL
patternId: f39eed
severity: 3
line: 174
column: 36
content: call.value(userBalance_re_ent26[msg.sender])("")

ruleId: SOLIDITY_UNCHECKED_CALL
patternId: f39eed
severity: 3
line: 253
column: 35
content: call.value(balances_re_ent21[msg.sender])("")

ruleId: SOLIDITY_UNCHECKED_CALL
patternId: f39eed
severity: 3
line: 389
column: 35
content: call.value(_weiToWithdraw)("")

ruleId: SOLIDITY_UNCHECKED_CALL
patternId: f39eed
severity: 3
line: 473
column: 29
content: call.value(_weiToWithdraw)("")

ruleId: SOLIDITY_UNCHECKED_CALL
patternId: f39eed
severity: 3
line: 502
column: 35
content: call.value(1ether)("")

ruleId: SOLIDITY_UNCHECKED_CALL
patternId: f39eed
severity: 3
line: 568
column: 35
content: call.value(balances_re_ent1[msg.sender])("")

ruleId: SOLIDITY_VISIBILITY
patternId: b51ce0
severity: 1
line: 118
column: 2
content: mapping(address=>uint)redeemableEther_re_ent32;

ruleId: SOLIDITY_VISIBILITY
patternId: b51ce0
severity: 1
line: 128
column: 2
content: mapping(address=>uint)balances_re_ent31;

ruleId: SOLIDITY_VISIBILITY
patternId: b51ce0
severity: 1
line: 137
column: 2
content: addresspayablelastPlayer_re_ent30;

ruleId: SOLIDITY_VISIBILITY
patternId: b51ce0
severity: 1
line: 138
column: 6
content: uintjackpot_re_ent30;

ruleId: SOLIDITY_VISIBILITY
patternId: b51ce0
severity: 1
line: 153
column: 0
content: boolnot_called_re_ent27=true;

ruleId: SOLIDITY_VISIBILITY
patternId: b51ce0
severity: 1
line: 170
column: 0
content: mapping(address=>uint)userBalance_re_ent26;

ruleId: SOLIDITY_VISIBILITY
patternId: b51ce0
severity: 1
line: 190
column: 0
content: mapping(address=>uint)redeemableEther_re_ent25;

ruleId: SOLIDITY_VISIBILITY
patternId: b51ce0
severity: 1
line: 208
column: 0
content: mapping(address=>uint)balances_re_ent24;

ruleId: SOLIDITY_VISIBILITY
patternId: b51ce0
severity: 1
line: 229
column: 0
content: addresspayablelastPlayer_re_ent23;

ruleId: SOLIDITY_VISIBILITY
patternId: b51ce0
severity: 1
line: 230
column: 6
content: uintjackpot_re_ent23;

ruleId: SOLIDITY_VISIBILITY
patternId: b51ce0
severity: 1
line: 251
column: 0
content: mapping(address=>uint)balances_re_ent21;

ruleId: SOLIDITY_VISIBILITY
patternId: b51ce0
severity: 1
line: 272
column: 0
content: uint256counter_re_ent21=0;

ruleId: SOLIDITY_VISIBILITY
patternId: b51ce0
severity: 1
line: 295
column: 0
content: boolnot_called_re_ent20=true;

ruleId: SOLIDITY_VISIBILITY
patternId: b51ce0
severity: 1
line: 317
column: 0
content: addresspayablelastPlayer_re_ent2;

ruleId: SOLIDITY_VISIBILITY
patternId: b51ce0
severity: 1
line: 318
column: 6
content: uintjackpot_re_ent2;

ruleId: SOLIDITY_VISIBILITY
patternId: b51ce0
severity: 1
line: 340
column: 0
content: mapping(address=>uint)userBalance_re_ent19;

ruleId: SOLIDITY_VISIBILITY
patternId: b51ce0
severity: 1
line: 363
column: 0
content: mapping(address=>uint)redeemableEther_re_ent18;

ruleId: SOLIDITY_VISIBILITY
patternId: b51ce0
severity: 1
line: 385
column: 0
content: mapping(address=>uint)balances_re_ent17;

ruleId: SOLIDITY_VISIBILITY
patternId: b51ce0
severity: 1
line: 406
column: 0
content: addresspayablelastPlayer_re_ent16;

ruleId: SOLIDITY_VISIBILITY
patternId: b51ce0
severity: 1
line: 407
column: 6
content: uintjackpot_re_ent16;

ruleId: SOLIDITY_VISIBILITY
patternId: b51ce0
severity: 1
line: 433
column: 0
content: mapping(address=>uint)balances_re_ent15;

ruleId: SOLIDITY_VISIBILITY
patternId: b51ce0
severity: 1
line: 447
column: 0
content: uint256counter_re_ent14=0;

ruleId: SOLIDITY_VISIBILITY
patternId: b51ce0
severity: 1
line: 469
column: 2
content: mapping(address=>uint)balances_re_ent3;

ruleId: SOLIDITY_VISIBILITY
patternId: b51ce0
severity: 1
line: 478
column: 2
content: mapping(address=>uint)balances_re_ent29;

ruleId: SOLIDITY_VISIBILITY
patternId: b51ce0
severity: 1
line: 484
column: 2
content: uint256counter_re_ent28=0;

ruleId: SOLIDITY_VISIBILITY
patternId: b51ce0
severity: 1
line: 499
column: 0
content: boolnot_called_re_ent13=true;

ruleId: SOLIDITY_VISIBILITY
patternId: b51ce0
severity: 1
line: 515
column: 0
content: mapping(address=>uint)userBalance_re_ent12;

ruleId: SOLIDITY_VISIBILITY
patternId: b51ce0
severity: 1
line: 531
column: 0
content: mapping(address=>uint)redeemableEther_re_ent11;

ruleId: SOLIDITY_VISIBILITY
patternId: b51ce0
severity: 1
line: 546
column: 0
content: mapping(address=>uint)balances_re_ent10;

ruleId: SOLIDITY_VISIBILITY
patternId: b51ce0
severity: 1
line: 566
column: 0
content: mapping(address=>uint)balances_re_ent1;

SOLIDITY_VISIBILITY :30
SOLIDITY_SAFEMATH :1
SOLIDITY_PRAGMAS_VERSION :6
SOLIDITY_REVERT_REQUIRE :2
SOLIDITY_PRIVATE_MODIFIER_DONT_HIDE_DATA :6
SOLIDITY_UNCHECKED_CALL :6
SOLIDITY_CALL_WITHOUT_DATA :6
SOLIDITY_ERC20_APPROVE :1