/data/buggy_19.sol
line 98:37 mismatched input 'payable' expecting {',', ')'}
line 98:53 no viable alternative at input '_address,'
line 98:53 mismatched input ',' expecting {'solidity', 'experimental', 'from', 'constructor', 'block', 'coinbase', 'difficulty', 'gaslimit', 'number', 'timestamp', 'blockhash', 'msg', 'data', 'gas', 'sender', 'sig', 'value', 'now', 'this', 'tx', 'origin', 'gasprice', 'public', 'internal', 'external', 'private', 'constant', 'length', 'balance', 'emit', '_', 'revert', Identifier}
line 98:65 mismatched input ')' expecting {';', '='}
line 98:83 extraneous input '{' expecting {'solidity', 'experimental', 'from', 'constructor', 'block', 'coinbase', 'difficulty', 'gaslimit', 'number', 'timestamp', 'blockhash', 'msg', 'data', 'gas', 'sender', 'sig', 'value', 'now', 'this', 'tx', 'origin', 'gasprice', 'public', 'internal', 'external', 'private', 'constant', 'length', 'balance', 'emit', '_', 'revert', Identifier}
line 99:15 mismatched input '(' expecting {';', '='}
line 99:27 mismatched input '==' expecting ')'
line 99:35 mismatched input ',' expecting {';', '='}
line 100:25 extraneous input '(' expecting {'solidity', 'experimental', 'from', 'constructor', 'block', 'coinbase', 'difficulty', 'gaslimit', 'number', 'timestamp', 'blockhash', 'msg', 'data', 'gas', 'sender', 'sig', 'value', 'now', 'this', 'tx', 'origin', 'gasprice', 'public', 'internal', 'external', 'private', 'constant', 'length', 'balance', 'emit', '_', 'revert', Identifier}
line 100:32 extraneous input ')' expecting {';', '='}
line 102:0 extraneous input 'function' expecting {<EOF>, 'pragma', 'import', 'contract', 'library', 'interface'}
jar:file:/usr/local/lib/node_modules/@smartdec/smartcheck/jdeploy-bundle/smartcheck-2.0-jar-with-dependencies.jar!/solidity-rules.xmlruleId: SOLIDITY_PRAGMAS_VERSION
patternId: 23fc32
severity: 1
line: 3
column: 16
content: ^

ruleId: SOLIDITY_UNCHECKED_CALL
patternId: f39eed
severity: 3
line: 57
column: 17
content: send(1ether)

ruleId: SOLIDITY_UNCHECKED_CALL
patternId: f39eed
severity: 3
line: 68
column: 17
content: send(1ether)

ruleId: SOLIDITY_UNCHECKED_CALL
patternId: f39eed
severity: 3
line: 87
column: 17
content: send(1ether)

ruleId: SOLIDITY_UNCHECKED_CALL
patternId: f39eed
severity: 3
line: 95
column: 17
content: send(1ether)

ruleId: SOLIDITY_VISIBILITY
patternId: 910067
severity: 1
line: 98
column: 4
content: functionwithdrawForUser(addresspayable

ruleId: SOLIDITY_VISIBILITY
patternId: b51ce0
severity: 1
line: 98
column: 45
content: _address,

ruleId: SOLIDITY_VISIBILITY
patternId: b51ce0
severity: 1
line: 98
column: 54
content: uintamount)

ruleId: SOLIDITY_VISIBILITY
patternId: b51ce0
severity: 1
line: 99
column: 15
content: (msg.sender==owner,"only owner can use this method");

ruleId: SOLIDITY_VISIBILITY
patternId: b51ce0
severity: 1
line: 100
column: 8
content: _address.transfer(amount);

SOLIDITY_VISIBILITY :5
SOLIDITY_PRAGMAS_VERSION :1
SOLIDITY_UNCHECKED_CALL :4