/data/buggy_48.sol
jar:file:/usr/local/lib/node_modules/@smartdec/smartcheck/jdeploy-bundle/smartcheck-2.0-jar-with-dependencies.jar!/solidity-rules.xmlruleId: SOLIDITY_ADDRESS_HARDCODED
patternId: a91b18
severity: 1
line: 134
column: 8
content: newOwner=address(0)

ruleId: SOLIDITY_ADDRESS_HARDCODED
patternId: a91b18
severity: 1
line: 196
column: 32
content: balances[address(0)]

ruleId: SOLIDITY_ERC20_APPROVE
patternId: af782c
severity: 2
line: 262
column: 4
content: functionapprove(addressspender,uinttokens)publicreturns(boolsuccess){allowed[msg.sender][spender]=tokens;emitApproval(msg.sender,spender,tokens);returntrue;}

ruleId: SOLIDITY_PRAGMAS_VERSION
patternId: 23fc32
severity: 1
line: 3
column: 16
content: ^

ruleId: SOLIDITY_SAFEMATH
patternId: 837cac
severity: 1
line: 147
column: 4
content: usingSafeMathforuint;

ruleId: SOLIDITY_UNCHECKED_CALL
patternId: f39eed
severity: 3
line: 47
column: 17
content: send(1ether)

ruleId: SOLIDITY_UNCHECKED_CALL
patternId: f39eed
severity: 3
line: 51
column: 17
content: send(1ether)

ruleId: SOLIDITY_UNCHECKED_CALL
patternId: f39eed
severity: 3
line: 55
column: 17
content: send(1ether)

ruleId: SOLIDITY_UNCHECKED_CALL
patternId: f39eed
severity: 3
line: 59
column: 17
content: send(1ether)

ruleId: SOLIDITY_UNCHECKED_CALL
patternId: f39eed
severity: 3
line: 63
column: 17
content: send(1ether)

ruleId: SOLIDITY_UNCHECKED_CALL
patternId: f39eed
severity: 3
line: 67
column: 17
content: send(1ether)

ruleId: SOLIDITY_UNCHECKED_CALL
patternId: f39eed
severity: 3
line: 71
column: 17
content: send(1ether)

ruleId: SOLIDITY_UNCHECKED_CALL
patternId: f39eed
severity: 3
line: 75
column: 17
content: send(1ether)

ruleId: SOLIDITY_UNCHECKED_CALL
patternId: f39eed
severity: 3
line: 89
column: 17
content: send(1ether)

ruleId: SOLIDITY_UNCHECKED_CALL
patternId: f39eed
severity: 3
line: 99
column: 17
content: send(1ether)

ruleId: SOLIDITY_UNCHECKED_CALL
patternId: f39eed
severity: 3
line: 103
column: 17
content: send(1ether)

ruleId: SOLIDITY_UNCHECKED_CALL
patternId: f39eed
severity: 3
line: 108
column: 17
content: send(1ether)

ruleId: SOLIDITY_UNCHECKED_CALL
patternId: f39eed
severity: 3
line: 116
column: 17
content: send(1ether)

ruleId: SOLIDITY_UNCHECKED_CALL
patternId: f39eed
severity: 3
line: 128
column: 17
content: send(1ether)

ruleId: SOLIDITY_UNCHECKED_CALL
patternId: f39eed
severity: 3
line: 137
column: 17
content: send(1ether)

ruleId: SOLIDITY_UNCHECKED_CALL
patternId: f39eed
severity: 3
line: 150
column: 17
content: send(1ether)

ruleId: SOLIDITY_UNCHECKED_CALL
patternId: f39eed
severity: 3
line: 154
column: 17
content: send(1ether)

ruleId: SOLIDITY_UNCHECKED_CALL
patternId: f39eed
severity: 3
line: 158
column: 17
content: send(1ether)

ruleId: SOLIDITY_UNCHECKED_CALL
patternId: f39eed
severity: 3
line: 162
column: 17
content: send(1ether)

ruleId: SOLIDITY_UNCHECKED_CALL
patternId: f39eed
severity: 3
line: 167
column: 17
content: send(1ether)

ruleId: SOLIDITY_UNCHECKED_CALL
patternId: f39eed
severity: 3
line: 171
column: 17
content: send(1ether)

ruleId: SOLIDITY_UNCHECKED_CALL
patternId: f39eed
severity: 3
line: 188
column: 17
content: send(1ether)

ruleId: SOLIDITY_UNCHECKED_CALL
patternId: f39eed
severity: 3
line: 199
column: 17
content: send(1ether)

ruleId: SOLIDITY_UNCHECKED_CALL
patternId: f39eed
severity: 3
line: 210
column: 17
content: send(1ether)

ruleId: SOLIDITY_UNCHECKED_CALL
patternId: f39eed
severity: 3
line: 226
column: 17
content: send(1ether)

ruleId: SOLIDITY_UNCHECKED_CALL
patternId: f39eed
severity: 3
line: 236
column: 17
content: send(1ether)

ruleId: SOLIDITY_UNCHECKED_CALL
patternId: f39eed
severity: 3
line: 250
column: 17
content: send(1ether)

ruleId: SOLIDITY_UNCHECKED_CALL
patternId: f39eed
severity: 3
line: 268
column: 17
content: send(1ether)

ruleId: SOLIDITY_UNCHECKED_CALL
patternId: f39eed
severity: 3
line: 289
column: 17
content: send(1ether)

ruleId: SOLIDITY_UNCHECKED_CALL
patternId: f39eed
severity: 3
line: 301
column: 17
content: send(1ether)

ruleId: SOLIDITY_UNCHECKED_CALL
patternId: f39eed
severity: 3
line: 317
column: 17
content: send(1ether)

ruleId: SOLIDITY_UNCHECKED_CALL
patternId: f39eed
severity: 3
line: 328
column: 17
content: send(1ether)

ruleId: SOLIDITY_VISIBILITY
patternId: b51ce0
severity: 1
line: 164
column: 2
content: uint_totalSupply;

ruleId: SOLIDITY_VISIBILITY
patternId: b51ce0
severity: 1
line: 169
column: 2
content: mapping(address=>uint)balances;

ruleId: SOLIDITY_VISIBILITY
patternId: b51ce0
severity: 1
line: 173
column: 2
content: mapping(address=>mapping(address=>uint))allowed;

SOLIDITY_VISIBILITY :3
SOLIDITY_SAFEMATH :1
SOLIDITY_PRAGMAS_VERSION :1
SOLIDITY_ADDRESS_HARDCODED :2
SOLIDITY_UNCHECKED_CALL :32
SOLIDITY_ERC20_APPROVE :1