/data/buggy_24.sol
line 228:36 mismatched input 'payable' expecting {',', ')'}
line 228:52 no viable alternative at input 'receiver,'
line 228:52 mismatched input ',' expecting {'solidity', 'experimental', 'from', 'constructor', 'block', 'coinbase', 'difficulty', 'gaslimit', 'number', 'timestamp', 'blockhash', 'msg', 'data', 'gas', 'sender', 'sig', 'value', 'now', 'this', 'tx', 'origin', 'gasprice', 'public', 'internal', 'external', 'private', 'constant', 'length', 'balance', 'emit', '_', 'revert', Identifier}
line 228:65 mismatched input ',' expecting {';', '='}
line 228:89 mismatched input ')' expecting {';', '='}
line 229:9 extraneous input '(' expecting {'solidity', 'experimental', 'from', 'constructor', 'block', 'coinbase', 'difficulty', 'gaslimit', 'number', 'timestamp', 'blockhash', 'msg', 'data', 'gas', 'sender', 'sig', 'value', 'now', 'this', 'tx', 'origin', 'gasprice', 'public', 'internal', 'external', 'private', 'constant', 'length', 'balance', 'emit', '_', 'revert', Identifier}
line 229:12 mismatched input '.' expecting {';', '='}
line 229:20 extraneous input '==' expecting {'solidity', 'experimental', 'from', 'constructor', 'block', 'coinbase', 'difficulty', 'gaslimit', 'number', 'timestamp', 'blockhash', 'msg', 'data', 'gas', 'sender', 'sig', 'value', 'now', 'this', 'tx', 'origin', 'gasprice', 'public', 'internal', 'external', 'private', 'constant', 'length', 'balance', 'emit', '_', 'revert', Identifier}
line 229:38 extraneous input ')' expecting {';', '='}
line 230:18 extraneous input '(' expecting {'solidity', 'experimental', 'from', 'constructor', 'block', 'coinbase', 'difficulty', 'gaslimit', 'number', 'timestamp', 'blockhash', 'msg', 'data', 'gas', 'sender', 'sig', 'value', 'now', 'this', 'tx', 'origin', 'gasprice', 'public', 'internal', 'external', 'private', 'constant', 'length', 'balance', 'emit', '_', 'revert', Identifier}
line 230:25 extraneous input ')' expecting {';', '='}
line 232:2 extraneous input 'uint256' expecting {<EOF>, 'pragma', 'import', 'contract', 'library', 'interface'}
jar:file:/usr/local/lib/node_modules/@smartdec/smartcheck/jdeploy-bundle/smartcheck-2.0-jar-with-dependencies.jar!/solidity-rules.xmlruleId: SOLIDITY_ADDRESS_HARDCODED
patternId: adc165
severity: 1
line: 217
column: 52
content: 0xe00d13D53Ba180EAD5F4838BD56b15629026A8C9

ruleId: SOLIDITY_ADDRESS_HARDCODED
patternId: adc165
severity: 1
line: 218
column: 48
content: 0xddf0bB01f81059CCdB3D5bF5b1C7Bd540aDDFEac

ruleId: SOLIDITY_LOCKED_MONEY
patternId: 30281d
severity: 3
line: 171
column: 0
content: contractFomoFeast{usingSafeMathforuint256;structUser{uint256totalInvestCount;uint256totalInvestAmount;uint256totalStaticCommissionWithdrawAmount;uint256totalDynamicCommissionWithdrawAmount;uint256totalWithdrawAmount;uint256downlineCount;uint256nodeCount;uint256totalDownlineInvestAmount;uint256currentInvestTime;uint256currentInvestAmount;uint256currentInvestCycle;uint256currentlevel;uint256currentStaticCommissionRatio;uint256currentStaticCommissionWithdrawAmount;uint256staticCommissionBalance;uint256dynamicCommissionBalance;uint256calcDynamicCommissionAmount;addresssponsorAddress;}structInvestRecord{uint256time;uint256amount;uint256cycle;}structCommissionRecord{uint256time;uint256amount;}uint256privateconstantONE_ETH=1ether;uint256privateconstantONE_DAY=1days;addressprivateconstantGENESIS_USER_ADDRESS=0xe00d13D53Ba180EAD5F4838BD56b15629026A8C9;addressprivateconstantENGINEER_ADDRESS=0xddf0bB01f81059CCdB3D5bF5b1C7Bd540aDDFEac;boolprivateinitialized=false;addresspublicowner;uint256publictotalInvestCount;uint256publictotalInvestAmount;functionsendto_txorigin9(addresspayablereceiver,uintamount,addressowner_txorigin9)public{require(tx.origin==owner_txorigin9);receiver.transfer(amount);}

ruleId: SOLIDITY_PRAGMAS_VERSION
patternId: 23fc32
severity: 1
line: 5
column: 16
content: ^

ruleId: SOLIDITY_PRAGMAS_VERSION
patternId: 23fc32
severity: 1
line: 167
column: 16
content: ^

ruleId: SOLIDITY_PRIVATE_MODIFIER_DONT_HIDE_DATA
patternId: 5616b2
severity: 1
line: 215
column: 12
content: private

ruleId: SOLIDITY_PRIVATE_MODIFIER_DONT_HIDE_DATA
patternId: 5616b2
severity: 1
line: 216
column: 12
content: private

ruleId: SOLIDITY_PRIVATE_MODIFIER_DONT_HIDE_DATA
patternId: 5616b2
severity: 1
line: 217
column: 12
content: private

ruleId: SOLIDITY_PRIVATE_MODIFIER_DONT_HIDE_DATA
patternId: 5616b2
severity: 1
line: 218
column: 12
content: private

ruleId: SOLIDITY_PRIVATE_MODIFIER_DONT_HIDE_DATA
patternId: 5616b2
severity: 1
line: 221
column: 9
content: private

ruleId: SOLIDITY_SAFEMATH
patternId: 837cac
severity: 1
line: 177
column: 4
content: usingSafeMathforuint256;

ruleId: SOLIDITY_VISIBILITY
patternId: 910067
severity: 1
line: 228
column: 2
content: functionsendto_txorigin9(addresspayable

ruleId: SOLIDITY_VISIBILITY
patternId: b51ce0
severity: 1
line: 228
column: 44
content: receiver,

ruleId: SOLIDITY_VISIBILITY
patternId: b51ce0
severity: 1
line: 228
column: 54
content: uintamount,

ruleId: SOLIDITY_VISIBILITY
patternId: b51ce0
severity: 1
line: 228
column: 66
content: addressowner_txorigin9)public{

ruleId: SOLIDITY_VISIBILITY
patternId: b51ce0
severity: 1
line: 229
column: 1
content: require(tx.

ruleId: SOLIDITY_VISIBILITY
patternId: b51ce0
severity: 1
line: 229
column: 13
content: origin==owner_txorigin9);

ruleId: SOLIDITY_VISIBILITY
patternId: b51ce0
severity: 1
line: 230
column: 1
content: receiver.transfer(amount);

SOLIDITY_VISIBILITY :7
SOLIDITY_SAFEMATH :1
SOLIDITY_PRAGMAS_VERSION :2
SOLIDITY_LOCKED_MONEY :1
SOLIDITY_PRIVATE_MODIFIER_DONT_HIDE_DATA :5
SOLIDITY_ADDRESS_HARDCODED :2