/data/17.sol
line 64:89 extraneous input '_extraData' expecting {',', ')'}
jar:file:/usr/local/lib/node_modules/@smartdec/smartcheck/jdeploy-bundle/smartcheck-2.0-jar-with-dependencies.jar!/solidity-rules.xmlruleId: SOLIDITY_ADDRESS_HARDCODED
patternId: adc165
severity: 1
line: 156
column: 33
content: 0x9fd50776F133751E8Ae6abE1Be124638Bb917E05

ruleId: SOLIDITY_ADDRESS_HARDCODED
patternId: c67a09
severity: 1
line: 92
column: 27
content: 0x0

ruleId: SOLIDITY_ADDRESS_HARDCODED
patternId: c67a09
severity: 1
line: 171
column: 27
content: 0x0

ruleId: SOLIDITY_ERC20_APPROVE
patternId: af782c
severity: 2
line: 111
column: 2
content: functionapprove(address_spender,uint256_value)publicreturns(boolsuccess){allowance[msg.sender][_spender]=_value;emitApproval(msg.sender,_spender,_value);returntrue;}

ruleId: SOLIDITY_EXTRA_GAS_IN_LOOPS
patternId: d3j11j
severity: 1
line: 164
column: 4
content: for(uint256i=0;i<frozenAddresses.length;i++){balanceOf[frozenAddresses[i]]=frozenWallets[frozenAddresses[i]].rewardedAmount;totalSupply=totalSupply.add(frozenWallets[frozenAddresses[i]].rewardedAmount);}

ruleId: SOLIDITY_GAS_LIMIT_IN_LOOPS
patternId: f6f853
severity: 2
line: 164
column: 4
content: for(uint256i=0;i<frozenAddresses.length;i++){balanceOf[frozenAddresses[i]]=frozenWallets[frozenAddresses[i]].rewardedAmount;totalSupply=totalSupply.add(frozenWallets[frozenAddresses[i]].rewardedAmount);}

ruleId: SOLIDITY_PRAGMAS_VERSION
patternId: 23fc32
severity: 1
line: 3
column: 16
content: ^

ruleId: SOLIDITY_SAFEMATH
patternId: 837cac
severity: 1
line: 69
column: 2
content: usingSafeMathforuint256;

ruleId: SOLIDITY_VISIBILITY
patternId: b51ce0
severity: 1
line: 135
column: 1
content: string_tokenName="AZ FundChain";

ruleId: SOLIDITY_VISIBILITY
patternId: b51ce0
severity: 1
line: 136
column: 1
content: string_tokenSymbol="AZT";

ruleId: SOLIDITY_VISIBILITY
patternId: b51ce0
severity: 1
line: 137
column: 2
content: uint8_decimals=18;

SOLIDITY_VISIBILITY :3
SOLIDITY_SAFEMATH :1
SOLIDITY_PRAGMAS_VERSION :1
SOLIDITY_EXTRA_GAS_IN_LOOPS :1
SOLIDITY_ADDRESS_HARDCODED :3
SOLIDITY_GAS_LIMIT_IN_LOOPS :1
SOLIDITY_ERC20_APPROVE :1