/data/buggy_20.sol
line 117:16 extraneous input 'payable' expecting {',', ')'}
line 117:33 no viable alternative at input '_receiver,'
line 117:33 mismatched input ',' expecting {'solidity', 'experimental', 'from', 'constructor', 'block', 'coinbase', 'difficulty', 'gaslimit', 'number', 'timestamp', 'blockhash', 'msg', 'data', 'gas', 'sender', 'sig', 'value', 'now', 'this', 'tx', 'origin', 'gasprice', 'public', 'internal', 'external', 'private', 'constant', 'length', 'balance', 'emit', '_', 'revert', Identifier}
line 118:23 mismatched input ',' expecting {';', '='}
line 119:23 mismatched input '_assetData' expecting {';', '='}
line 119:33 mismatched input ',' expecting {'solidity', 'experimental', 'from', 'constructor', 'block', 'coinbase', 'difficulty', 'gaslimit', 'number', 'timestamp', 'blockhash', 'msg', 'data', 'gas', 'sender', 'sig', 'value', 'now', 'this', 'tx', 'origin', 'gasprice', 'public', 'internal', 'external', 'private', 'constant', 'length', 'balance', 'emit', '_', 'revert', Identifier}
line 121:4 mismatched input ')' expecting {';', '='}
line 128:16 mismatched input 'payable' expecting {',', ')'}
line 128:29 no viable alternative at input '_pool,'
line 128:29 mismatched input ',' expecting {'solidity', 'experimental', 'from', 'constructor', 'block', 'coinbase', 'difficulty', 'gaslimit', 'number', 'timestamp', 'blockhash', 'msg', 'data', 'gas', 'sender', 'sig', 'value', 'now', 'this', 'tx', 'origin', 'gasprice', 'public', 'internal', 'external', 'private', 'constant', 'length', 'balance', 'emit', '_', 'revert', Identifier}
line 129:25 mismatched input ',' expecting {';', '='}
line 130:23 mismatched input ',' expecting {';', '='}
line 131:23 mismatched input '_assetData' expecting {';', '='}
line 131:33 mismatched input ',' expecting {'solidity', 'experimental', 'from', 'constructor', 'block', 'coinbase', 'difficulty', 'gaslimit', 'number', 'timestamp', 'blockhash', 'msg', 'data', 'gas', 'sender', 'sig', 'value', 'now', 'this', 'tx', 'origin', 'gasprice', 'public', 'internal', 'external', 'private', 'constant', 'length', 'balance', 'emit', '_', 'revert', Identifier}
line 133:4 mismatched input ')' expecting {';', '='}
line 164:10 extraneous input 'payable' expecting {'solidity', 'experimental', 'from', 'constructor', 'block', 'coinbase', 'difficulty', 'gaslimit', 'number', 'timestamp', 'blockhash', 'msg', 'data', 'gas', 'sender', 'sig', 'value', 'now', 'this', 'tx', 'origin', 'gasprice', 'public', 'internal', 'external', 'private', 'constant', 'length', 'balance', 'emit', '_', 'revert', Identifier}
line 197:16 mismatched input 'payable' expecting {',', ')'}
line 197:38 no viable alternative at input '_swapsContract,'
line 197:38 mismatched input ',' expecting {'solidity', 'experimental', 'from', 'constructor', 'block', 'coinbase', 'difficulty', 'gaslimit', 'number', 'timestamp', 'blockhash', 'msg', 'data', 'gas', 'sender', 'sig', 'value', 'now', 'this', 'tx', 'origin', 'gasprice', 'public', 'internal', 'external', 'private', 'constant', 'length', 'balance', 'emit', '_', 'revert', Identifier}
line 198:30 mismatched input ',' expecting {';', '='}
line 199:30 mismatched input ',' expecting {';', '='}
line 200:35 mismatched input ',' expecting {';', '='}
line 202:4 mismatched input ')' expecting {';', '='}
line 204:22 extraneous input '(' expecting {'solidity', 'experimental', 'from', 'constructor', 'block', 'coinbase', 'difficulty', 'gaslimit', 'number', 'timestamp', 'blockhash', 'msg', 'data', 'gas', 'sender', 'sig', 'value', 'now', 'this', 'tx', 'origin', 'gasprice', 'public', 'internal', 'external', 'private', 'constant', 'length', 'balance', 'emit', '_', 'revert', Identifier}
line 204:37 mismatched input ',' expecting {';', '='}
line 204:53 extraneous input ')' expecting {'solidity', 'experimental', 'from', 'constructor', 'block', 'coinbase', 'difficulty', 'gaslimit', 'number', 'timestamp', 'blockhash', 'msg', 'data', 'gas', 'sender', 'sig', 'value', 'now', 'this', 'tx', 'origin', 'gasprice', 'public', 'internal', 'external', 'private', 'constant', 'length', 'balance', 'emit', '_', 'revert', Identifier}
line 205:29 mismatched input '(' expecting {';', '='}
line 205:44 mismatched input ',' expecting ')'
line 205:56 mismatched input ')' expecting {';', '='}
line 207:22 extraneous input '=' expecting {'solidity', 'experimental', 'from', 'constructor', 'block', 'coinbase', 'difficulty', 'gaslimit', 'number', 'timestamp', 'blockhash', 'msg', 'data', 'gas', 'sender', 'sig', 'value', 'now', 'this', 'tx', 'origin', 'gasprice', 'public', 'internal', 'external', 'private', 'constant', 'length', 'balance', 'emit', '_', 'revert', Identifier}
line 208:27 extraneous input '=' expecting {'solidity', 'experimental', 'from', 'constructor', 'block', 'coinbase', 'difficulty', 'gaslimit', 'number', 'timestamp', 'blockhash', 'msg', 'data', 'gas', 'sender', 'sig', 'value', 'now', 'this', 'tx', 'origin', 'gasprice', 'public', 'internal', 'external', 'private', 'constant', 'length', 'balance', 'emit', '_', 'revert', Identifier}
line 209:22 extraneous input '=' expecting {'solidity', 'experimental', 'from', 'constructor', 'block', 'coinbase', 'difficulty', 'gaslimit', 'number', 'timestamp', 'blockhash', 'msg', 'data', 'gas', 'sender', 'sig', 'value', 'now', 'this', 'tx', 'origin', 'gasprice', 'public', 'internal', 'external', 'private', 'constant', 'length', 'balance', 'emit', '_', 'revert', Identifier}
line 210:22 extraneous input '=' expecting {'solidity', 'experimental', 'from', 'constructor', 'block', 'coinbase', 'difficulty', 'gaslimit', 'number', 'timestamp', 'blockhash', 'msg', 'data', 'gas', 'sender', 'sig', 'value', 'now', 'this', 'tx', 'origin', 'gasprice', 'public', 'internal', 'external', 'private', 'constant', 'length', 'balance', 'emit', '_', 'revert', Identifier}
line 211:19 extraneous input '=' expecting {'solidity', 'experimental', 'from', 'constructor', 'block', 'coinbase', 'difficulty', 'gaslimit', 'number', 'timestamp', 'blockhash', 'msg', 'data', 'gas', 'sender', 'sig', 'value', 'now', 'this', 'tx', 'origin', 'gasprice', 'public', 'internal', 'external', 'private', 'constant', 'length', 'balance', 'emit', '_', 'revert', Identifier}
line 213:0 extraneous input 'function' expecting {<EOF>, 'pragma', 'import', 'contract', 'library', 'interface'}
line 348:16 mismatched input 'payable' expecting {',', ')'}
line 348:38 no viable alternative at input '_swapsContract,'
line 348:38 mismatched input ',' expecting {'solidity', 'experimental', 'from', 'constructor', 'block', 'coinbase', 'difficulty', 'gaslimit', 'number', 'timestamp', 'blockhash', 'msg', 'data', 'gas', 'sender', 'sig', 'value', 'now', 'this', 'tx', 'origin', 'gasprice', 'public', 'internal', 'external', 'private', 'constant', 'length', 'balance', 'emit', '_', 'revert', Identifier}
line 349:30 mismatched input ',' expecting {';', '='}
line 350:30 mismatched input ',' expecting {';', '='}
line 352:4 mismatched input ')' expecting {';', '='}
line 354:23 extraneous input '(' expecting {'solidity', 'experimental', 'from', 'constructor', 'block', 'coinbase', 'difficulty', 'gaslimit', 'number', 'timestamp', 'blockhash', 'msg', 'data', 'gas', 'sender', 'sig', 'value', 'now', 'this', 'tx', 'origin', 'gasprice', 'public', 'internal', 'external', 'private', 'constant', 'length', 'balance', 'emit', '_', 'revert', Identifier}
line 355:26 mismatched input ',' expecting {';', '='}
line 355:42 extraneous input ',' expecting {'solidity', 'experimental', 'from', 'constructor', 'block', 'coinbase', 'difficulty', 'gaslimit', 'number', 'timestamp', 'blockhash', 'msg', 'data', 'gas', 'sender', 'sig', 'value', 'now', 'this', 'tx', 'origin', 'gasprice', 'public', 'internal', 'external', 'private', 'constant', 'length', 'balance', 'emit', '_', 'revert', Identifier}
line 355:58 mismatched input ',' expecting {';', '='}
line 355:79 extraneous input ',' expecting {'solidity', 'experimental', 'from', 'constructor', 'block', 'coinbase', 'difficulty', 'gaslimit', 'number', 'timestamp', 'blockhash', 'msg', 'data', 'gas', 'sender', 'sig', 'value', 'now', 'this', 'tx', 'origin', 'gasprice', 'public', 'internal', 'external', 'private', 'constant', 'length', 'balance', 'emit', '_', 'revert', Identifier}
line 356:8 mismatched input ')' expecting {';', '='}
line 358:0 extraneous input 'function' expecting {<EOF>, 'pragma', 'import', 'contract', 'library', 'interface'}
jar:file:/usr/local/lib/node_modules/@smartdec/smartcheck/jdeploy-bundle/smartcheck-2.0-jar-with-dependencies.jar!/solidity-rules.xmlruleId: SOLIDITY_OVERPOWERED_ROLE
patternId: j83hf7
severity: 2
line: 83
column: 4
content: functionsetIsActive(bool_isActive)externalonlyOwner{if(_isActive==isActive)return;isActive=_isActive;emitIsActiveChanged(_isActive);}

ruleId: SOLIDITY_PRAGMAS_VERSION
patternId: 23fc32
severity: 1
line: 3
column: 16
content: ^

ruleId: SOLIDITY_PRIVATE_MODIFIER_DONT_HIDE_DATA
patternId: 5616b2
severity: 1
line: 158
column: 21
content: private

ruleId: SOLIDITY_UNCHECKED_CALL
patternId: f39eed
severity: 3
line: 31
column: 17
content: send(1ether)

ruleId: SOLIDITY_UNCHECKED_CALL
patternId: f39eed
severity: 3
line: 36
column: 17
content: send(1ether)

ruleId: SOLIDITY_UNCHECKED_CALL
patternId: f39eed
severity: 3
line: 44
column: 17
content: send(1ether)

ruleId: SOLIDITY_UNCHECKED_CALL
patternId: f39eed
severity: 3
line: 57
column: 17
content: send(1ether)

ruleId: SOLIDITY_UNCHECKED_CALL
patternId: f39eed
severity: 3
line: 69
column: 17
content: send(1ether)

ruleId: SOLIDITY_UNCHECKED_CALL
patternId: f39eed
severity: 3
line: 74
column: 17
content: send(1ether)

ruleId: SOLIDITY_UNCHECKED_CALL
patternId: f39eed
severity: 3
line: 89
column: 17
content: send(1ether)

ruleId: SOLIDITY_UNCHECKED_CALL
patternId: f39eed
severity: 3
line: 124
column: 17
content: send(1ether)

ruleId: SOLIDITY_UNCHECKED_CALL
patternId: f39eed
severity: 3
line: 136
column: 17
content: send(1ether)

ruleId: SOLIDITY_UNCHECKED_CALL
patternId: f39eed
severity: 3
line: 162
column: 17
content: send(1ether)

ruleId: SOLIDITY_UNCHECKED_CALL
patternId: f39eed
severity: 3
line: 166
column: 17
content: send(1ether)

ruleId: SOLIDITY_UNCHECKED_CALL
patternId: f39eed
severity: 3
line: 170
column: 17
content: send(1ether)

ruleId: SOLIDITY_UNCHECKED_CALL
patternId: f39eed
severity: 3
line: 174
column: 17
content: send(1ether)

ruleId: SOLIDITY_UNCHECKED_CALL
patternId: f39eed
severity: 3
line: 184
column: 17
content: send(1ether)

ruleId: SOLIDITY_UNCHECKED_CALL
patternId: f39eed
severity: 3
line: 188
column: 17
content: send(1ether)

ruleId: SOLIDITY_UNCHECKED_CALL
patternId: f39eed
severity: 3
line: 192
column: 17
content: send(1ether)

ruleId: SOLIDITY_UNCHECKED_CALL
patternId: f39eed
severity: 3
line: 343
column: 17
content: send(1ether)

ruleId: SOLIDITY_VISIBILITY
patternId: 910067
severity: 1
line: 115
column: 4
content: functionrelease(address_pool,address<missing ')'>payable

ruleId: SOLIDITY_VISIBILITY
patternId: 910067
severity: 1
line: 127
column: 4
content: functionreturnFunds(addresspayable

ruleId: SOLIDITY_VISIBILITY
patternId: 910067
severity: 1
line: 196
column: 4
content: constructor(addresspayable

ruleId: SOLIDITY_VISIBILITY
patternId: 910067
severity: 1
line: 347
column: 4
content: constructor(addresspayable

ruleId: SOLIDITY_VISIBILITY
patternId: b51ce0
severity: 1
line: 117
column: 24
content: _receiver,

ruleId: SOLIDITY_VISIBILITY
patternId: b51ce0
severity: 1
line: 118
column: 8
content: address_oracle,

ruleId: SOLIDITY_VISIBILITY
patternId: b51ce0
severity: 1
line: 119
column: 8
content: bytescalldata

ruleId: SOLIDITY_VISIBILITY
patternId: b51ce0
severity: 1
line: 119
column: 23
content: _assetData,

ruleId: SOLIDITY_VISIBILITY
patternId: b51ce0
severity: 1
line: 120
column: 8
content: bytes32_paymentDetailsHash)external;

ruleId: SOLIDITY_VISIBILITY
patternId: b51ce0
severity: 1
line: 128
column: 24
content: _pool,

ruleId: SOLIDITY_VISIBILITY
patternId: b51ce0
severity: 1
line: 129
column: 8
content: address_receiver,

ruleId: SOLIDITY_VISIBILITY
patternId: b51ce0
severity: 1
line: 130
column: 8
content: address_oracle,

ruleId: SOLIDITY_VISIBILITY
patternId: b51ce0
severity: 1
line: 131
column: 8
content: bytescalldata

ruleId: SOLIDITY_VISIBILITY
patternId: b51ce0
severity: 1
line: 131
column: 23
content: _assetData,

ruleId: SOLIDITY_VISIBILITY
patternId: b51ce0
severity: 1
line: 132
column: 8
content: bytes32_paymentDetailsHash)external;

ruleId: SOLIDITY_VISIBILITY
patternId: b51ce0
severity: 1
line: 197
column: 24
content: _swapsContract,

ruleId: SOLIDITY_VISIBILITY
patternId: b51ce0
severity: 1
line: 198
column: 8
content: uint256_minSwapAmount,

ruleId: SOLIDITY_VISIBILITY
patternId: b51ce0
severity: 1
line: 199
column: 8
content: uint256_maxSwapAmount,

ruleId: SOLIDITY_VISIBILITY
patternId: b51ce0
severity: 1
line: 200
column: 8
content: bytes32_paymentDetailsHash,

ruleId: SOLIDITY_VISIBILITY
patternId: b51ce0
severity: 1
line: 201
column: 8
content: uint16_assetType)public

ruleId: SOLIDITY_VISIBILITY
patternId: b51ce0
severity: 1
line: 204
column: 8
content: validateLimits(_minSwapAmount,

ruleId: SOLIDITY_VISIBILITY
patternId: b51ce0
severity: 1
line: 204
column: 39
content: _maxSwapAmount)validateSwapsContract

ruleId: SOLIDITY_VISIBILITY
patternId: b51ce0
severity: 1
line: 205
column: 29
content: (_swapsContract,_assetType){

ruleId: SOLIDITY_VISIBILITY
patternId: b51ce0
severity: 1
line: 207
column: 8
content: swapsContract=_swapsContract;

ruleId: SOLIDITY_VISIBILITY
patternId: b51ce0
severity: 1
line: 208
column: 8
content: paymentDetailsHash=_paymentDetailsHash;

ruleId: SOLIDITY_VISIBILITY
patternId: b51ce0
severity: 1
line: 209
column: 8
content: minSwapAmount=_minSwapAmount;

ruleId: SOLIDITY_VISIBILITY
patternId: b51ce0
severity: 1
line: 210
column: 8
content: maxSwapAmount=_maxSwapAmount;

ruleId: SOLIDITY_VISIBILITY
patternId: b51ce0
severity: 1
line: 211
column: 8
content: ASSET_TYPE=_assetType;

ruleId: SOLIDITY_VISIBILITY
patternId: b51ce0
severity: 1
line: 348
column: 24
content: _swapsContract,

ruleId: SOLIDITY_VISIBILITY
patternId: b51ce0
severity: 1
line: 349
column: 8
content: uint256_minSwapAmount,

ruleId: SOLIDITY_VISIBILITY
patternId: b51ce0
severity: 1
line: 350
column: 8
content: uint256_maxSwapAmount,

ruleId: SOLIDITY_VISIBILITY
patternId: b51ce0
severity: 1
line: 351
column: 8
content: bytes32_paymentDetailsHash)public

ruleId: SOLIDITY_VISIBILITY
patternId: b51ce0
severity: 1
line: 354
column: 8
content: RampInstantPool(_swapsContract,

ruleId: SOLIDITY_VISIBILITY
patternId: b51ce0
severity: 1
line: 355
column: 28
content: _minSwapAmount,_maxSwapAmount,

ruleId: SOLIDITY_VISIBILITY
patternId: b51ce0
severity: 1
line: 355
column: 60
content: _paymentDetailsHash,ETH_TYPE_ID){

SOLIDITY_VISIBILITY :35
SOLIDITY_OVERPOWERED_ROLE :1
SOLIDITY_PRAGMAS_VERSION :1
SOLIDITY_PRIVATE_MODIFIER_DONT_HIDE_DATA :1
SOLIDITY_UNCHECKED_CALL :17