/data/buggy_29.sol
line 179:10 extraneous input 'payable' expecting {'solidity', 'experimental', 'from', 'constructor', 'block', 'coinbase', 'difficulty', 'gaslimit', 'number', 'timestamp', 'blockhash', 'msg', 'data', 'gas', 'sender', 'sig', 'value', 'now', 'this', 'tx', 'origin', 'gasprice', 'public', 'internal', 'external', 'private', 'constant', 'length', 'balance', 'emit', '_', 'revert', Identifier}
line 244:16 extraneous input 'payable' expecting {'solidity', 'experimental', 'from', 'constructor', 'block', 'coinbase', 'difficulty', 'gaslimit', 'number', 'timestamp', 'blockhash', 'msg', 'data', 'gas', 'sender', 'sig', 'value', 'now', 'this', 'tx', 'origin', 'gasprice', 'length', 'balance', 'memory', 'storage', 'emit', '_', 'revert', Identifier}
line 334:42 extraneous input 'amounts' expecting {',', ')'}
line 334:70 extraneous input 'listingIds' expecting {',', ')'}
jar:file:/usr/local/lib/node_modules/@smartdec/smartcheck/jdeploy-bundle/smartcheck-2.0-jar-with-dependencies.jar!/solidity-rules.xmlruleId: SOLIDITY_ADDRESS_HARDCODED
patternId: adc165
severity: 1
line: 153
column: 61
content: 0x0C8cDC16973E88FAb31DD0FCB844DdF0e1056dE2

ruleId: SOLIDITY_EXTRA_GAS_IN_LOOPS
patternId: d3j11j
severity: 1
line: 338
column: 8
content: for(uint256i=0;i<listingIds.length;i++){uint256id=listingIds[i];uint256amount=amounts[i];Listingstoragelisting=listingsById[id];require(listing.active,"Listing is not active anymore!");listing.amountLeft=listing.amountLeft.sub(amount);require(listing.amountLeft>=0,"Amount left needs to be higher than 0.");if(listing.amountLeft==0){listing.active=false;}uint256amountToPay=listing.pricePerToken*amount;listing.seller.transfer(amountToPay);totalAmountPayed=totalAmountPayed.add(amountToPay);totalAmount=totalAmount.add(amount);require(raffleContract.transferFrom(listing.seller,msg.sender,amount),'Token transfer failed!');}

ruleId: SOLIDITY_GAS_LIMIT_IN_LOOPS
patternId: f6f853
severity: 2
line: 338
column: 8
content: for(uint256i=0;i<listingIds.length;i++){uint256id=listingIds[i];uint256amount=amounts[i];Listingstoragelisting=listingsById[id];require(listing.active,"Listing is not active anymore!");listing.amountLeft=listing.amountLeft.sub(amount);require(listing.amountLeft>=0,"Amount left needs to be higher than 0.");if(listing.amountLeft==0){listing.active=false;}uint256amountToPay=listing.pricePerToken*amount;listing.seller.transfer(amountToPay);totalAmountPayed=totalAmountPayed.add(amountToPay);totalAmount=totalAmount.add(amount);require(raffleContract.transferFrom(listing.seller,msg.sender,amount),'Token transfer failed!');}

ruleId: SOLIDITY_PRAGMAS_VERSION
patternId: 23fc32
severity: 1
line: 3
column: 16
content: >=

ruleId: SOLIDITY_SAFEMATH
patternId: 837cac
severity: 1
line: 147
column: 4
content: usingSafeMathforuint256;

ruleId: SOLIDITY_TRANSFER_IN_LOOP
patternId: 8jdj43
severity: 2
line: 338
column: 8
content: for(uint256i=0;i<listingIds.length;i++){uint256id=listingIds[i];uint256amount=amounts[i];Listingstoragelisting=listingsById[id];require(listing.active,"Listing is not active anymore!");listing.amountLeft=listing.amountLeft.sub(amount);require(listing.amountLeft>=0,"Amount left needs to be higher than 0.");if(listing.amountLeft==0){listing.active=false;}uint256amountToPay=listing.pricePerToken*amount;listing.seller.transfer(amountToPay);totalAmountPayed=totalAmountPayed.add(amountToPay);totalAmount=totalAmount.add(amount);require(raffleContract.transferFrom(listing.seller,msg.sender,amount),'Token transfer failed!');}

ruleId: SOLIDITY_UINT_CANT_BE_NEGATIVE
patternId: d48ac4
severity: 2
line: 344
column: 20
content: listing.amountLeft>=0

ruleId: SOLIDITY_UINT_CANT_BE_NEGATIVE
patternId: 733fdd
severity: 2
line: 26
column: 12
content: balances_intou2[msg.sender]-_value>=0

ruleId: SOLIDITY_UINT_CANT_BE_NEGATIVE
patternId: 733fdd
severity: 2
line: 160
column: 12
content: balances_intou26[msg.sender]-_value>=0

ruleId: SOLIDITY_UINT_CANT_BE_NEGATIVE
patternId: 733fdd
severity: 2
line: 202
column: 12
content: balances_intou22[msg.sender]-_value>=0

ruleId: SOLIDITY_UINT_CANT_BE_NEGATIVE
patternId: 733fdd
severity: 2
line: 280
column: 12
content: balances_intou10[msg.sender]-_value>=0

ruleId: SOLIDITY_UINT_CANT_BE_NEGATIVE
patternId: 733fdd
severity: 2
line: 324
column: 12
content: balances_intou18[msg.sender]-_value>=0

ruleId: SOLIDITY_UINT_CANT_BE_NEGATIVE
patternId: 733fdd
severity: 2
line: 412
column: 12
content: balances_intou14[msg.sender]-_value>=0

ruleId: SOLIDITY_VISIBILITY
patternId: b51ce0
severity: 1
line: 23
column: 0
content: mapping(address=>uint)balances_intou2;

ruleId: SOLIDITY_VISIBILITY
patternId: b51ce0
severity: 1
line: 157
column: 2
content: mapping(address=>uint)balances_intou26;

ruleId: SOLIDITY_VISIBILITY
patternId: b51ce0
severity: 1
line: 199
column: 2
content: mapping(address=>uint)balances_intou22;

ruleId: SOLIDITY_VISIBILITY
patternId: b51ce0
severity: 1
line: 277
column: 2
content: mapping(address=>uint)balances_intou10;

ruleId: SOLIDITY_VISIBILITY
patternId: b51ce0
severity: 1
line: 321
column: 0
content: mapping(address=>uint)balances_intou18;

ruleId: SOLIDITY_VISIBILITY
patternId: b51ce0
severity: 1
line: 409
column: 0
content: mapping(address=>uint)balances_intou14;

SOLIDITY_VISIBILITY :6
SOLIDITY_SAFEMATH :1
SOLIDITY_PRAGMAS_VERSION :1
SOLIDITY_EXTRA_GAS_IN_LOOPS :1
SOLIDITY_ADDRESS_HARDCODED :1
SOLIDITY_UINT_CANT_BE_NEGATIVE :7
SOLIDITY_GAS_LIMIT_IN_LOOPS :1
SOLIDITY_TRANSFER_IN_LOOP :1