/data/buggy_25.sol
line 14:10 extraneous input 'payable' expecting {'solidity', 'experimental', 'from', 'constructor', 'block', 'coinbase', 'difficulty', 'gaslimit', 'number', 'timestamp', 'blockhash', 'msg', 'data', 'gas', 'sender', 'sig', 'value', 'now', 'this', 'tx', 'origin', 'gasprice', 'public', 'internal', 'external', 'private', 'constant', 'length', 'balance', 'emit', '_', 'revert', Identifier}
line 41:12 extraneous input 'payable' expecting {'solidity', 'experimental', 'from', 'constructor', 'block', 'coinbase', 'difficulty', 'gaslimit', 'number', 'timestamp', 'blockhash', 'msg', 'data', 'gas', 'sender', 'sig', 'value', 'now', 'this', 'tx', 'origin', 'gasprice', 'length', 'balance', 'memory', 'storage', 'emit', '_', 'revert', Identifier}
line 236:31 mismatched input 'payable' expecting {',', ')'}
line 236:49 no viable alternative at input '_newOwner)'
line 236:49 extraneous input ')' expecting {'solidity', 'experimental', 'from', 'constructor', 'block', 'coinbase', 'difficulty', 'gaslimit', 'number', 'timestamp', 'blockhash', 'msg', 'data', 'gas', 'sender', 'sig', 'value', 'now', 'this', 'tx', 'origin', 'gasprice', 'public', 'internal', 'external', 'private', 'constant', 'length', 'balance', 'emit', '_', 'revert', Identifier}
line 236:70 mismatched input '{' expecting {';', '='}
line 237:10 extraneous input '=' expecting {'solidity', 'experimental', 'from', 'constructor', 'block', 'coinbase', 'difficulty', 'gaslimit', 'number', 'timestamp', 'blockhash', 'msg', 'data', 'gas', 'sender', 'sig', 'value', 'now', 'this', 'tx', 'origin', 'gasprice', 'public', 'internal', 'external', 'private', 'constant', 'length', 'balance', 'emit', '_', 'revert', Identifier}
line 239:0 extraneous input 'function' expecting {<EOF>, 'pragma', 'import', 'contract', 'library', 'interface'}
jar:file:/usr/local/lib/node_modules/@smartdec/smartcheck/jdeploy-bundle/smartcheck-2.0-jar-with-dependencies.jar!/solidity-rules.xmlruleId: SOLIDITY_EXTRA_GAS_IN_LOOPS
patternId: d3j11j
severity: 1
line: 186
column: 4
content: for(uinti=0;i<betList[_fixtureId].length;i++){uint16selectedTeam=betList[_fixtureId][i].selectedTeam;uint256returnEth=(betList[_fixtureId][i].stake*betList[_fixtureId][i].odd)/1000;if((selectedTeam==1&&_homeDrawAway==1)||(selectedTeam==2&&_homeDrawAway==2)||(selectedTeam==3&&_homeDrawAway==3)||(selectedTeam==4&&_overUnder==1)||(selectedTeam==5&&_overUnder==2)||(selectedTeam==6&&(_homeDrawAway==1||_homeDrawAway==2))||(selectedTeam==7&&(_homeDrawAway==1||_homeDrawAway==3))||(selectedTeam==8&&(_homeDrawAway==3||_homeDrawAway==2))){betList[_fixtureId][i].player.transfer(returnEth);}}

ruleId: SOLIDITY_GAS_LIMIT_IN_LOOPS
patternId: f6f853
severity: 2
line: 186
column: 4
content: for(uinti=0;i<betList[_fixtureId].length;i++){uint16selectedTeam=betList[_fixtureId][i].selectedTeam;uint256returnEth=(betList[_fixtureId][i].stake*betList[_fixtureId][i].odd)/1000;if((selectedTeam==1&&_homeDrawAway==1)||(selectedTeam==2&&_homeDrawAway==2)||(selectedTeam==3&&_homeDrawAway==3)||(selectedTeam==4&&_overUnder==1)||(selectedTeam==5&&_overUnder==2)||(selectedTeam==6&&(_homeDrawAway==1||_homeDrawAway==2))||(selectedTeam==7&&(_homeDrawAway==1||_homeDrawAway==3))||(selectedTeam==8&&(_homeDrawAway==3||_homeDrawAway==2))){betList[_fixtureId][i].player.transfer(returnEth);}}

ruleId: SOLIDITY_OVERPOWERED_ROLE
patternId: j83hf7
severity: 2
line: 91
column: 2
content: functionsetOpenStatus(uint64_fixtureId,uint8_open_status)externalonlyOwner{gameList[_fixtureId].open_status=_open_status;}

ruleId: SOLIDITY_OVERPOWERED_ROLE
patternId: j83hf7
severity: 2
line: 115
column: 2
content: functionsetGameInfo(uint64_fixtureId,uint256_timestamp,uint32_odd_homeTeam,uint32_odd_drawTeam,uint32_odd_awayTeam,uint32_odd_over,uint32_odd_under,uint32_odd_homeTeamAndDraw,uint32_odd_homeAndAwayTeam,uint32_odd_awayTeamAndDraw,uint8_open_status)externalonlyOwner{gameList[_fixtureId].timestamp=_timestamp;gameList[_fixtureId].odd_homeTeam=_odd_homeTeam;gameList[_fixtureId].odd_drawTeam=_odd_drawTeam;gameList[_fixtureId].odd_awayTeam=_odd_awayTeam;gameList[_fixtureId].odd_over=_odd_over;gameList[_fixtureId].odd_under=_odd_under;gameList[_fixtureId].odd_homeTeamAndDraw=_odd_homeTeamAndDraw;gameList[_fixtureId].odd_homeAndAwayTeam=_odd_homeAndAwayTeam;gameList[_fixtureId].odd_awayTeamAndDraw=_odd_awayTeamAndDraw;gameList[_fixtureId].open_status=_open_status;gameList[_fixtureId].isDone=false;emitSetGame(_fixtureId,_timestamp,_odd_homeTeam,_odd_drawTeam,_odd_awayTeam,_odd_over,_odd_under,_odd_homeTeamAndDraw,_odd_homeAndAwayTeam,_odd_awayTeamAndDraw,_open_status);}

ruleId: SOLIDITY_PRAGMAS_VERSION
patternId: 23fc32
severity: 1
line: 3
column: 16
content: ^

ruleId: SOLIDITY_REVERT_REQUIRE
patternId: c56b12
severity: 1
line: 156
column: 11
content: if(_selectedTeam==8){require(gameList[_fixtureId].odd_awayTeamAndDraw==_odd);}else{revert();}

ruleId: SOLIDITY_TRANSFER_IN_LOOP
patternId: 8jdj43
severity: 2
line: 186
column: 4
content: for(uinti=0;i<betList[_fixtureId].length;i++){uint16selectedTeam=betList[_fixtureId][i].selectedTeam;uint256returnEth=(betList[_fixtureId][i].stake*betList[_fixtureId][i].odd)/1000;if((selectedTeam==1&&_homeDrawAway==1)||(selectedTeam==2&&_homeDrawAway==2)||(selectedTeam==3&&_homeDrawAway==3)||(selectedTeam==4&&_overUnder==1)||(selectedTeam==5&&_overUnder==2)||(selectedTeam==6&&(_homeDrawAway==1||_homeDrawAway==2))||(selectedTeam==7&&(_homeDrawAway==1||_homeDrawAway==3))||(selectedTeam==8&&(_homeDrawAway==3||_homeDrawAway==2))){betList[_fixtureId][i].player.transfer(returnEth);}}

ruleId: SOLIDITY_UNCHECKED_CALL
patternId: f39eed
severity: 3
line: 12
column: 17
content: send(1ether)

ruleId: SOLIDITY_UNCHECKED_CALL
patternId: f39eed
severity: 3
line: 35
column: 17
content: send(1ether)

ruleId: SOLIDITY_UNCHECKED_CALL
patternId: f39eed
severity: 3
line: 48
column: 17
content: send(1ether)

ruleId: SOLIDITY_UNCHECKED_CALL
patternId: f39eed
severity: 3
line: 54
column: 17
content: send(1ether)

ruleId: SOLIDITY_UNCHECKED_CALL
patternId: f39eed
severity: 3
line: 58
column: 17
content: send(1ether)

ruleId: SOLIDITY_UNCHECKED_CALL
patternId: f39eed
severity: 3
line: 62
column: 17
content: send(1ether)

ruleId: SOLIDITY_UNCHECKED_CALL
patternId: f39eed
severity: 3
line: 66
column: 17
content: send(1ether)

ruleId: SOLIDITY_UNCHECKED_CALL
patternId: f39eed
severity: 3
line: 70
column: 17
content: send(1ether)

ruleId: SOLIDITY_UNCHECKED_CALL
patternId: f39eed
severity: 3
line: 74
column: 17
content: send(1ether)

ruleId: SOLIDITY_UNCHECKED_CALL
patternId: f39eed
severity: 3
line: 78
column: 17
content: send(1ether)

ruleId: SOLIDITY_UNCHECKED_CALL
patternId: f39eed
severity: 3
line: 87
column: 17
content: send(1ether)

ruleId: SOLIDITY_UNCHECKED_CALL
patternId: f39eed
severity: 3
line: 95
column: 17
content: send(1ether)

ruleId: SOLIDITY_UNCHECKED_CALL
patternId: f39eed
severity: 3
line: 111
column: 17
content: send(1ether)

ruleId: SOLIDITY_UNCHECKED_CALL
patternId: f39eed
severity: 3
line: 130
column: 17
content: send(1ether)

ruleId: SOLIDITY_UNCHECKED_CALL
patternId: f39eed
severity: 3
line: 173
column: 17
content: send(1ether)

ruleId: SOLIDITY_UNCHECKED_CALL
patternId: f39eed
severity: 3
line: 210
column: 17
content: send(1ether)

ruleId: SOLIDITY_UNCHECKED_CALL
patternId: f39eed
severity: 3
line: 224
column: 17
content: send(1ether)

ruleId: SOLIDITY_UNCHECKED_CALL
patternId: f39eed
severity: 3
line: 232
column: 17
content: send(1ether)

ruleId: SOLIDITY_VISIBILITY
patternId: 910067
severity: 1
line: 236
column: 2
content: functionchangeOwner(addresspayable

ruleId: SOLIDITY_VISIBILITY
patternId: b51ce0
severity: 1
line: 237
column: 4
content: owner=_newOwner;

SOLIDITY_VISIBILITY :2
SOLIDITY_OVERPOWERED_ROLE :2
SOLIDITY_PRAGMAS_VERSION :1
SOLIDITY_REVERT_REQUIRE :1
SOLIDITY_EXTRA_GAS_IN_LOOPS :1
SOLIDITY_GAS_LIMIT_IN_LOOPS :1
SOLIDITY_UNCHECKED_CALL :18
SOLIDITY_TRANSFER_IN_LOOP :1