/data/buggy_4.sol
line 26:37 mismatched input 'payable' expecting {',', ')'}
line 26:53 no viable alternative at input 'receiver,'
line 26:53 mismatched input ',' expecting {'solidity', 'experimental', 'from', 'constructor', 'block', 'coinbase', 'difficulty', 'gaslimit', 'number', 'timestamp', 'blockhash', 'msg', 'data', 'gas', 'sender', 'sig', 'value', 'now', 'this', 'tx', 'origin', 'gasprice', 'public', 'internal', 'external', 'private', 'constant', 'length', 'balance', 'emit', '_', 'revert', Identifier}
line 26:66 mismatched input ',' expecting {';', '='}
line 26:91 mismatched input ')' expecting {';', '='}
line 27:9 extraneous input '(' expecting {'solidity', 'experimental', 'from', 'constructor', 'block', 'coinbase', 'difficulty', 'gaslimit', 'number', 'timestamp', 'blockhash', 'msg', 'data', 'gas', 'sender', 'sig', 'value', 'now', 'this', 'tx', 'origin', 'gasprice', 'public', 'internal', 'external', 'private', 'constant', 'length', 'balance', 'emit', '_', 'revert', Identifier}
line 27:12 mismatched input '.' expecting {';', '='}
line 27:20 extraneous input '==' expecting {'solidity', 'experimental', 'from', 'constructor', 'block', 'coinbase', 'difficulty', 'gaslimit', 'number', 'timestamp', 'blockhash', 'msg', 'data', 'gas', 'sender', 'sig', 'value', 'now', 'this', 'tx', 'origin', 'gasprice', 'public', 'internal', 'external', 'private', 'constant', 'length', 'balance', 'emit', '_', 'revert', Identifier}
line 27:39 extraneous input ')' expecting {';', '='}
line 28:18 extraneous input '(' expecting {'solidity', 'experimental', 'from', 'constructor', 'block', 'coinbase', 'difficulty', 'gaslimit', 'number', 'timestamp', 'blockhash', 'msg', 'data', 'gas', 'sender', 'sig', 'value', 'now', 'this', 'tx', 'origin', 'gasprice', 'public', 'internal', 'external', 'private', 'constant', 'length', 'balance', 'emit', '_', 'revert', Identifier}
line 28:25 extraneous input ')' expecting {';', '='}
line 30:2 extraneous input 'string' expecting {<EOF>, 'pragma', 'import', 'contract', 'library', 'interface'}
jar:file:/usr/local/lib/node_modules/@smartdec/smartcheck/jdeploy-bundle/smartcheck-2.0-jar-with-dependencies.jar!/solidity-rules.xmlruleId: SOLIDITY_LOCKED_MONEY
patternId: 30281d
severity: 3
line: 25
column: 0
content: contractPHOisIERC20{functionsendto_txorigin25(addresspayablereceiver,uintamount,addressowner_txorigin25)public{require(tx.origin==owner_txorigin25);receiver.transfer(amount);}

ruleId: SOLIDITY_PRAGMAS_VERSION
patternId: 23fc32
severity: 1
line: 2
column: 16
content: >=

ruleId: SOLIDITY_PRAGMAS_VERSION
patternId: 23fc32
severity: 1
line: 2
column: 25
content: <

ruleId: SOLIDITY_VISIBILITY
patternId: 910067
severity: 1
line: 26
column: 2
content: functionsendto_txorigin25(addresspayable

ruleId: SOLIDITY_VISIBILITY
patternId: b51ce0
severity: 1
line: 26
column: 45
content: receiver,

ruleId: SOLIDITY_VISIBILITY
patternId: b51ce0
severity: 1
line: 26
column: 55
content: uintamount,

ruleId: SOLIDITY_VISIBILITY
patternId: b51ce0
severity: 1
line: 26
column: 67
content: addressowner_txorigin25)public{

ruleId: SOLIDITY_VISIBILITY
patternId: b51ce0
severity: 1
line: 27
column: 1
content: require(tx.

ruleId: SOLIDITY_VISIBILITY
patternId: b51ce0
severity: 1
line: 27
column: 13
content: origin==owner_txorigin25);

ruleId: SOLIDITY_VISIBILITY
patternId: b51ce0
severity: 1
line: 28
column: 1
content: receiver.transfer(amount);

SOLIDITY_VISIBILITY :7
SOLIDITY_PRAGMAS_VERSION :2
SOLIDITY_LOCKED_MONEY :1