/data/buggy_46.sol
line 16:9 extraneous input 'payable' expecting {'solidity', 'experimental', 'from', 'constructor', 'block', 'coinbase', 'difficulty', 'gaslimit', 'number', 'timestamp', 'blockhash', 'msg', 'data', 'gas', 'sender', 'sig', 'value', 'now', 'this', 'tx', 'origin', 'gasprice', 'public', 'internal', 'external', 'private', 'constant', 'length', 'balance', 'emit', '_', 'revert', Identifier}
line 54:8 extraneous input 'payable' expecting {'solidity', 'experimental', 'from', 'constructor', 'block', 'coinbase', 'difficulty', 'gaslimit', 'number', 'timestamp', 'blockhash', 'msg', 'data', 'gas', 'sender', 'sig', 'value', 'now', 'this', 'tx', 'origin', 'gasprice', 'public', 'internal', 'external', 'private', 'constant', 'length', 'balance', 'emit', '_', 'revert', Identifier}
line 93:8 extraneous input 'payable' expecting {'solidity', 'experimental', 'from', 'constructor', 'block', 'coinbase', 'difficulty', 'gaslimit', 'number', 'timestamp', 'blockhash', 'msg', 'data', 'gas', 'sender', 'sig', 'value', 'now', 'this', 'tx', 'origin', 'gasprice', 'public', 'internal', 'external', 'private', 'constant', 'length', 'balance', 'emit', '_', 'revert', Identifier}
line 120:8 extraneous input 'payable' expecting {'solidity', 'experimental', 'from', 'constructor', 'block', 'coinbase', 'difficulty', 'gaslimit', 'number', 'timestamp', 'blockhash', 'msg', 'data', 'gas', 'sender', 'sig', 'value', 'now', 'this', 'tx', 'origin', 'gasprice', 'public', 'internal', 'external', 'private', 'constant', 'length', 'balance', 'emit', '_', 'revert', Identifier}
line 147:8 extraneous input 'payable' expecting {'solidity', 'experimental', 'from', 'constructor', 'block', 'coinbase', 'difficulty', 'gaslimit', 'number', 'timestamp', 'blockhash', 'msg', 'data', 'gas', 'sender', 'sig', 'value', 'now', 'this', 'tx', 'origin', 'gasprice', 'public', 'internal', 'external', 'private', 'constant', 'length', 'balance', 'emit', '_', 'revert', Identifier}
line 181:8 extraneous input 'payable' expecting {'solidity', 'experimental', 'from', 'constructor', 'block', 'coinbase', 'difficulty', 'gaslimit', 'number', 'timestamp', 'blockhash', 'msg', 'data', 'gas', 'sender', 'sig', 'value', 'now', 'this', 'tx', 'origin', 'gasprice', 'public', 'internal', 'external', 'private', 'constant', 'length', 'balance', 'emit', '_', 'revert', Identifier}
line 217:8 extraneous input 'payable' expecting {'solidity', 'experimental', 'from', 'constructor', 'block', 'coinbase', 'difficulty', 'gaslimit', 'number', 'timestamp', 'blockhash', 'msg', 'data', 'gas', 'sender', 'sig', 'value', 'now', 'this', 'tx', 'origin', 'gasprice', 'public', 'internal', 'external', 'private', 'constant', 'length', 'balance', 'emit', '_', 'revert', Identifier}
jar:file:/usr/local/lib/node_modules/@smartdec/smartcheck/jdeploy-bundle/smartcheck-2.0-jar-with-dependencies.jar!/solidity-rules.xmlruleId: SOLIDITY_EXTRA_GAS_IN_LOOPS
patternId: d3j11j
severity: 1
line: 78
column: 8
content: for(uinti=0;i<fileExistenceProofs[dappBoxOrigin].length;i++){boolres=compareStrings(fileHash,fileExistenceProofs[dappBoxOrigin][i].fileHash)&&compareStrings(filePathHash,fileExistenceProofs[dappBoxOrigin][i].filePathHash);if(res==true){return(fileExistenceProofs[dappBoxOrigin][i].date,fileExistenceProofs[dappBoxOrigin][i].filesender,fileExistenceProofs[dappBoxOrigin][i].contractAddress,fileExistenceProofs[dappBoxOrigin][i].identifier,fileExistenceProofs[dappBoxOrigin][i].QRCodeHash);}}

ruleId: SOLIDITY_GAS_LIMIT_IN_LOOPS
patternId: f6f853
severity: 2
line: 78
column: 8
content: for(uinti=0;i<fileExistenceProofs[dappBoxOrigin].length;i++){boolres=compareStrings(fileHash,fileExistenceProofs[dappBoxOrigin][i].fileHash)&&compareStrings(filePathHash,fileExistenceProofs[dappBoxOrigin][i].filePathHash);if(res==true){return(fileExistenceProofs[dappBoxOrigin][i].date,fileExistenceProofs[dappBoxOrigin][i].filesender,fileExistenceProofs[dappBoxOrigin][i].contractAddress,fileExistenceProofs[dappBoxOrigin][i].identifier,fileExistenceProofs[dappBoxOrigin][i].QRCodeHash);}}

ruleId: SOLIDITY_GAS_LIMIT_IN_LOOPS
patternId: f6f853
severity: 2
line: 168
column: 8
content: for(uinti=0;i<len;i++){boolres=compareStrings(fileHash,fileExistenceProofs[dappBoxOrigin][i].fileHash)&&compareStrings(filePathHash,fileExistenceProofs[dappBoxOrigin][i].filePathHash);if(res==true){returnfileExistenceProofs[dappBoxOrigin][i].QRCodeHash;}}

ruleId: SOLIDITY_GAS_LIMIT_IN_LOOPS
patternId: f6f853
severity: 2
line: 205
column: 8
content: for(uinti=0;i<len;i++){if(QRCodeHash==fileExistenceProofs[dappBoxOrigin][i].QRCodeHash){return(fileExistenceProofs[dappBoxOrigin][i].date,fileExistenceProofs[dappBoxOrigin][i].filesender,fileExistenceProofs[dappBoxOrigin][i].contractAddress,fileExistenceProofs[dappBoxOrigin][i].identifier,fileExistenceProofs[dappBoxOrigin][i].QRCodeHash);}}

ruleId: SOLIDITY_PRAGMAS_VERSION
patternId: 23fc32
severity: 1
line: 2
column: 16
content: >=

ruleId: SOLIDITY_PRAGMAS_VERSION
patternId: 23fc32
severity: 1
line: 2
column: 25
content: <

ruleId: SOLIDITY_SHOULD_RETURN_STRUCT
patternId: 83hf3l
severity: 1
line: 76
column: 128
content: (uint256,address,address,BlockchainIdentification,bytes32)

ruleId: SOLIDITY_SHOULD_RETURN_STRUCT
patternId: 83hf3l
severity: 1
line: 203
column: 101
content: (uint256,address,address,BlockchainIdentification,bytes32)

ruleId: SOLIDITY_VISIBILITY
patternId: b51ce0
severity: 1
line: 16
column: 1
content: addresspayablewinner_TOD15;

ruleId: SOLIDITY_VISIBILITY
patternId: b51ce0
severity: 1
line: 31
column: 0
content: mapping(address=>FileExistenceStruct[])fileExistenceProofs;

ruleId: SOLIDITY_VISIBILITY
patternId: b51ce0
severity: 1
line: 53
column: 0
content: boolclaimed_TOD14=false;

ruleId: SOLIDITY_VISIBILITY
patternId: b51ce0
severity: 1
line: 54
column: 0
content: addresspayableowner_TOD14;

ruleId: SOLIDITY_VISIBILITY
patternId: b51ce0
severity: 1
line: 55
column: 0
content: uint256reward_TOD14;

ruleId: SOLIDITY_VISIBILITY
patternId: b51ce0
severity: 1
line: 93
column: 0
content: addresspayablewinner_TOD13;

ruleId: SOLIDITY_VISIBILITY
patternId: b51ce0
severity: 1
line: 119
column: 0
content: boolclaimed_TOD12=false;

ruleId: SOLIDITY_VISIBILITY
patternId: b51ce0
severity: 1
line: 120
column: 0
content: addresspayableowner_TOD12;

ruleId: SOLIDITY_VISIBILITY
patternId: b51ce0
severity: 1
line: 121
column: 0
content: uint256reward_TOD12;

ruleId: SOLIDITY_VISIBILITY
patternId: b51ce0
severity: 1
line: 147
column: 0
content: addresspayablewinner_TOD11;

ruleId: SOLIDITY_VISIBILITY
patternId: b51ce0
severity: 1
line: 180
column: 0
content: boolclaimed_TOD10=false;

ruleId: SOLIDITY_VISIBILITY
patternId: b51ce0
severity: 1
line: 181
column: 0
content: addresspayableowner_TOD10;

ruleId: SOLIDITY_VISIBILITY
patternId: b51ce0
severity: 1
line: 182
column: 0
content: uint256reward_TOD10;

ruleId: SOLIDITY_VISIBILITY
patternId: b51ce0
severity: 1
line: 217
column: 0
content: addresspayablewinner_TOD1;

SOLIDITY_VISIBILITY :14
SOLIDITY_PRAGMAS_VERSION :2
SOLIDITY_EXTRA_GAS_IN_LOOPS :1
SOLIDITY_GAS_LIMIT_IN_LOOPS :3
SOLIDITY_SHOULD_RETURN_STRUCT :2