/data/buggy_19.sol
line 56:67 extraneous input 'payable' expecting {',', ')'}
line 56:89 no viable alternative at input 'winner_unchk34)'
line 56:89 extraneous input ')' expecting {'solidity', 'experimental', 'from', 'constructor', 'block', 'coinbase', 'difficulty', 'gaslimit', 'number', 'timestamp', 'blockhash', 'msg', 'data', 'gas', 'sender', 'sig', 'value', 'now', 'this', 'tx', 'origin', 'gasprice', 'public', 'internal', 'external', 'private', 'constant', 'length', 'balance', 'emit', '_', 'revert', Identifier}
line 56:97 extraneous input '{' expecting {'solidity', 'experimental', 'from', 'constructor', 'block', 'coinbase', 'difficulty', 'gaslimit', 'number', 'timestamp', 'blockhash', 'msg', 'data', 'gas', 'sender', 'sig', 'value', 'now', 'this', 'tx', 'origin', 'gasprice', 'public', 'internal', 'external', 'private', 'constant', 'length', 'balance', 'emit', '_', 'revert', Identifier}
line 58:27 extraneous input '(' expecting {'solidity', 'experimental', 'from', 'constructor', 'block', 'coinbase', 'difficulty', 'gaslimit', 'number', 'timestamp', 'blockhash', 'msg', 'data', 'gas', 'sender', 'sig', 'value', 'now', 'this', 'tx', 'origin', 'gasprice', 'public', 'internal', 'external', 'private', 'constant', 'length', 'balance', 'emit', '_', 'revert', Identifier}
line 58:42 extraneous input ')' expecting {';', '='}
line 59:22 mismatched input '=' expecting {'solidity', 'experimental', 'from', 'constructor', 'block', 'coinbase', 'difficulty', 'gaslimit', 'number', 'timestamp', 'blockhash', 'msg', 'data', 'gas', 'sender', 'sig', 'value', 'now', 'this', 'tx', 'origin', 'gasprice', 'public', 'internal', 'external', 'private', 'constant', 'length', 'balance', 'emit', '_', 'revert', Identifier}
line 61:2 extraneous input 'address' expecting {<EOF>, 'pragma', 'import', 'contract', 'library', 'interface'}
line 106:8 no viable alternative at input 'addresspayable'
line 111:37 mismatched input 'payable' expecting {',', ')'}
line 111:53 no viable alternative at input '_address,'
line 111:53 mismatched input ',' expecting {'solidity', 'experimental', 'from', 'constructor', 'block', 'coinbase', 'difficulty', 'gaslimit', 'number', 'timestamp', 'blockhash', 'msg', 'data', 'gas', 'sender', 'sig', 'value', 'now', 'this', 'tx', 'origin', 'gasprice', 'public', 'internal', 'external', 'private', 'constant', 'length', 'balance', 'emit', '_', 'revert', Identifier}
line 111:65 mismatched input ')' expecting {';', '='}
line 111:83 extraneous input '{' expecting {'solidity', 'experimental', 'from', 'constructor', 'block', 'coinbase', 'difficulty', 'gaslimit', 'number', 'timestamp', 'blockhash', 'msg', 'data', 'gas', 'sender', 'sig', 'value', 'now', 'this', 'tx', 'origin', 'gasprice', 'public', 'internal', 'external', 'private', 'constant', 'length', 'balance', 'emit', '_', 'revert', Identifier}
line 112:15 mismatched input '(' expecting {';', '='}
line 112:27 mismatched input '==' expecting ')'
line 112:35 mismatched input ',' expecting {';', '='}
line 113:25 extraneous input '(' expecting {'solidity', 'experimental', 'from', 'constructor', 'block', 'coinbase', 'difficulty', 'gaslimit', 'number', 'timestamp', 'blockhash', 'msg', 'data', 'gas', 'sender', 'sig', 'value', 'now', 'this', 'tx', 'origin', 'gasprice', 'public', 'internal', 'external', 'private', 'constant', 'length', 'balance', 'emit', '_', 'revert', Identifier}
line 113:32 extraneous input ')' expecting {';', '='}
line 115:0 extraneous input 'function' expecting {<EOF>, 'pragma', 'import', 'contract', 'library', 'interface'}
jar:file:/usr/local/lib/node_modules/@smartdec/smartcheck/jdeploy-bundle/smartcheck-2.0-jar-with-dependencies.jar!/solidity-rules.xmlruleId: SOLIDITY_LOCKED_MONEY
patternId: 30281d
severity: 3
line: 55
column: 0
content: contractowned{functioncash_unchk34(uintroundIndex,uintsubpotIndex,address<missing ')'>payablewinner_unchk34)public{<missing ';'>uint64subpot_unchk34=10ether;winner_unchk34.send(subpot_unchk34);subpot_unchk34=0;}

ruleId: SOLIDITY_PRAGMAS_VERSION
patternId: 23fc32
severity: 1
line: 3
column: 16
content: ^

ruleId: SOLIDITY_REVERT_REQUIRE
patternId: c56b12
severity: 1
line: 107
column: 0
content: if(!addr_unchk31.send(10ether)||1==1){revert();}

ruleId: SOLIDITY_SEND
patternId: 430636
severity: 1
line: 107
column: 18
content: send(10ether)

ruleId: SOLIDITY_VISIBILITY
patternId: 910067
severity: 1
line: 56
column: 2
content: functioncash_unchk34(uintroundIndex,uintsubpotIndex,address<missing ')'>payable

ruleId: SOLIDITY_VISIBILITY
patternId: 910067
severity: 1
line: 111
column: 4
content: functionwithdrawForUser(addresspayable

ruleId: SOLIDITY_VISIBILITY
patternId: b51ce0
severity: 1
line: 57
column: 8
content: uint64subpot_unchk34=10ether;

ruleId: SOLIDITY_VISIBILITY
patternId: b51ce0
severity: 1
line: 58
column: 8
content: winner_unchk34.send(subpot_unchk34);

ruleId: SOLIDITY_VISIBILITY
patternId: b51ce0
severity: 1
line: 59
column: 8
content: subpot_unchk34=0;

ruleId: SOLIDITY_VISIBILITY
patternId: b51ce0
severity: 1
line: 111
column: 45
content: _address,

ruleId: SOLIDITY_VISIBILITY
patternId: b51ce0
severity: 1
line: 111
column: 54
content: uintamount)

ruleId: SOLIDITY_VISIBILITY
patternId: b51ce0
severity: 1
line: 112
column: 15
content: (msg.sender==owner,"only owner can use this method");

ruleId: SOLIDITY_VISIBILITY
patternId: b51ce0
severity: 1
line: 113
column: 8
content: _address.transfer(amount);

SOLIDITY_VISIBILITY :9
SOLIDITY_PRAGMAS_VERSION :1
SOLIDITY_REVERT_REQUIRE :1
SOLIDITY_LOCKED_MONEY :1
SOLIDITY_SEND :1