/data/buggy_39.sol
jar:file:/usr/local/lib/node_modules/@smartdec/smartcheck/jdeploy-bundle/smartcheck-2.0-jar-with-dependencies.jar!/solidity-rules.xmlruleId: SOLIDITY_EXACT_TIME
patternId: 1955d9
severity: 2
line: 8
column: 5
content: startTime+(5*1days)==block.timestamp

ruleId: SOLIDITY_EXACT_TIME
patternId: 1955d9
severity: 2
line: 19
column: 16
content: now!=pastBlockTime_tmstmp12

ruleId: SOLIDITY_EXACT_TIME
patternId: 1955d9
severity: 2
line: 21
column: 11
content: now%15==0

ruleId: SOLIDITY_EXACT_TIME
patternId: 1955d9
severity: 2
line: 59
column: 5
content: startTime+(5*1days)==block.timestamp

ruleId: SOLIDITY_PRAGMAS_VERSION
patternId: 23fc32
severity: 1
line: 3
column: 16
content: ^

ruleId: SOLIDITY_VISIBILITY
patternId: b51ce0
severity: 1
line: 6
column: 2
content: addresswinner_tmstmp14;

ruleId: SOLIDITY_VISIBILITY
patternId: b51ce0
severity: 1
line: 26
column: 2
content: addresswinner_tmstmp11;

ruleId: SOLIDITY_VISIBILITY
patternId: b51ce0
severity: 1
line: 34
column: 2
content: uint256bugv_tmstmp2=block.timestamp;

ruleId: SOLIDITY_VISIBILITY
patternId: b51ce0
severity: 1
line: 52
column: 0
content: uint256bugv_tmstmp5=block.timestamp;

ruleId: SOLIDITY_VISIBILITY
patternId: b51ce0
severity: 1
line: 54
column: 2
content: uint256bugv_tmstmp1=block.timestamp;

ruleId: SOLIDITY_VISIBILITY
patternId: b51ce0
severity: 1
line: 57
column: 2
content: addresswinner_tmstmp10;

ruleId: SOLIDITY_VISIBILITY
patternId: b51ce0
severity: 1
line: 71
column: 0
content: uint256bugv_tmstmp4=block.timestamp;

ruleId: SOLIDITY_VISIBILITY
patternId: b51ce0
severity: 1
line: 86
column: 0
content: uint256bugv_tmstmp3=block.timestamp;

SOLIDITY_VISIBILITY :8
SOLIDITY_PRAGMAS_VERSION :1
SOLIDITY_EXACT_TIME :4