/data/buggy_21.sol
line 92:10 extraneous input 'payable' expecting {'solidity', 'experimental', 'from', 'constructor', 'block', 'coinbase', 'difficulty', 'gaslimit', 'number', 'timestamp', 'blockhash', 'msg', 'data', 'gas', 'sender', 'sig', 'value', 'now', 'this', 'tx', 'origin', 'gasprice', 'public', 'internal', 'external', 'private', 'constant', 'length', 'balance', 'emit', '_', 'revert', Identifier}
line 138:24 mismatched input 'payable' expecting {',', ')'}
line 138:38 no viable alternative at input '_admin,'
line 138:38 mismatched input ',' expecting {'solidity', 'experimental', 'from', 'constructor', 'block', 'coinbase', 'difficulty', 'gaslimit', 'number', 'timestamp', 'blockhash', 'msg', 'data', 'gas', 'sender', 'sig', 'value', 'now', 'this', 'tx', 'origin', 'gasprice', 'public', 'internal', 'external', 'private', 'constant', 'length', 'balance', 'emit', '_', 'revert', Identifier}
line 138:58 mismatched input ')' expecting {';', '='}
line 139:14 extraneous input '=' expecting {'solidity', 'experimental', 'from', 'constructor', 'block', 'coinbase', 'difficulty', 'gaslimit', 'number', 'timestamp', 'blockhash', 'msg', 'data', 'gas', 'sender', 'sig', 'value', 'now', 'this', 'tx', 'origin', 'gasprice', 'public', 'internal', 'external', 'private', 'constant', 'length', 'balance', 'emit', '_', 'revert', Identifier}
line 140:19 extraneous input '=' expecting {'solidity', 'experimental', 'from', 'constructor', 'block', 'coinbase', 'difficulty', 'gaslimit', 'number', 'timestamp', 'blockhash', 'msg', 'data', 'gas', 'sender', 'sig', 'value', 'now', 'this', 'tx', 'origin', 'gasprice', 'public', 'internal', 'external', 'private', 'constant', 'length', 'balance', 'emit', '_', 'revert', Identifier}
line 141:18 mismatched input '=' expecting {'solidity', 'experimental', 'from', 'constructor', 'block', 'coinbase', 'difficulty', 'gaslimit', 'number', 'timestamp', 'blockhash', 'msg', 'data', 'gas', 'sender', 'sig', 'value', 'now', 'this', 'tx', 'origin', 'gasprice', 'public', 'internal', 'external', 'private', 'constant', 'length', 'balance', 'emit', '_', 'revert', Identifier}
line 143:0 extraneous input 'function' expecting {<EOF>, 'pragma', 'import', 'contract', 'library', 'interface'}
jar:file:/usr/local/lib/node_modules/@smartdec/smartcheck/jdeploy-bundle/smartcheck-2.0-jar-with-dependencies.jar!/solidity-rules.xmlruleId: SOLIDITY_PRAGMAS_VERSION
patternId: 23fc32
severity: 1
line: 1
column: 16
content: ^

ruleId: SOLIDITY_PRIVATE_MODIFIER_DONT_HIDE_DATA
patternId: 5616b2
severity: 1
line: 104
column: 7
content: private

ruleId: SOLIDITY_SAFEMATH
patternId: 837cac
severity: 1
line: 68
column: 4
content: usingSafeMathforuint256;

ruleId: SOLIDITY_UINT_CANT_BE_NEGATIVE
patternId: 733fdd
severity: 2
line: 18
column: 12
content: balances_intou22[msg.sender]-_value>=0

ruleId: SOLIDITY_UINT_CANT_BE_NEGATIVE
patternId: 733fdd
severity: 2
line: 109
column: 12
content: balances_intou30[msg.sender]-_value>=0

ruleId: SOLIDITY_VISIBILITY
patternId: 910067
severity: 1
line: 138
column: 4
content: constructor(addresspayable

ruleId: SOLIDITY_VISIBILITY
patternId: b51ce0
severity: 1
line: 15
column: 0
content: mapping(address=>uint)balances_intou22;

ruleId: SOLIDITY_VISIBILITY
patternId: b51ce0
severity: 1
line: 92
column: 2
content: addresspayableadmin;

ruleId: SOLIDITY_VISIBILITY
patternId: b51ce0
severity: 1
line: 106
column: 2
content: mapping(address=>uint)balances_intou30;

ruleId: SOLIDITY_VISIBILITY
patternId: b51ce0
severity: 1
line: 138
column: 32
content: _admin,

ruleId: SOLIDITY_VISIBILITY
patternId: b51ce0
severity: 1
line: 138
column: 39
content: addressfeeAddress_)public{

ruleId: SOLIDITY_VISIBILITY
patternId: b51ce0
severity: 1
line: 139
column: 8
content: admin=_admin;

ruleId: SOLIDITY_VISIBILITY
patternId: b51ce0
severity: 1
line: 140
column: 8
content: feeAddress=feeAddress_;

ruleId: SOLIDITY_VISIBILITY
patternId: b51ce0
severity: 1
line: 141
column: 8
content: dexStatus=true;

SOLIDITY_VISIBILITY :9
SOLIDITY_SAFEMATH :1
SOLIDITY_PRAGMAS_VERSION :1
SOLIDITY_PRIVATE_MODIFIER_DONT_HIDE_DATA :1
SOLIDITY_UINT_CANT_BE_NEGATIVE :2