/data/buggy_1.sol
jar:file:/usr/local/lib/node_modules/@smartdec/smartcheck/jdeploy-bundle/smartcheck-2.0-jar-with-dependencies.jar!/solidity-rules.xmlruleId: SOLIDITY_ERC20_APPROVE
patternId: af782c
severity: 2
line: 166
column: 4
content: functionapprove(address_spender,uint256_value)publicreturns(boolsuccess){allowed[msg.sender][_spender]=_value;emitApproval(msg.sender,_spender,_value);returntrue;}

ruleId: SOLIDITY_EXACT_TIME
patternId: 1955d9
severity: 2
line: 23
column: 16
content: now!=pastBlockTime_tmstmp16

ruleId: SOLIDITY_EXACT_TIME
patternId: 1955d9
severity: 2
line: 25
column: 11
content: now%15==0

ruleId: SOLIDITY_EXACT_TIME
patternId: 1955d9
severity: 2
line: 49
column: 5
content: startTime+(5*1days)==block.timestamp

ruleId: SOLIDITY_EXACT_TIME
patternId: 1955d9
severity: 2
line: 68
column: 16
content: now!=pastBlockTime_tmstmp12

ruleId: SOLIDITY_EXACT_TIME
patternId: 1955d9
severity: 2
line: 70
column: 11
content: now%15==0

ruleId: SOLIDITY_EXACT_TIME
patternId: 1955d9
severity: 2
line: 87
column: 16
content: now!=pastBlockTime_tmstmp20

ruleId: SOLIDITY_EXACT_TIME
patternId: 1955d9
severity: 2
line: 89
column: 11
content: now%15==0

ruleId: SOLIDITY_EXACT_TIME
patternId: 1955d9
severity: 2
line: 96
column: 5
content: startTime+(5*1days)==block.timestamp

ruleId: SOLIDITY_EXACT_TIME
patternId: 1955d9
severity: 2
line: 113
column: 5
content: startTime+(5*1days)==block.timestamp

ruleId: SOLIDITY_EXACT_TIME
patternId: 1955d9
severity: 2
line: 143
column: 5
content: startTime+(5*1days)==block.timestamp

ruleId: SOLIDITY_PRAGMAS_VERSION
patternId: 23fc32
severity: 1
line: 3
column: 16
content: >=

ruleId: SOLIDITY_PRAGMAS_VERSION
patternId: 23fc32
severity: 1
line: 3
column: 25
content: <

ruleId: SOLIDITY_PRIVATE_MODIFIER_DONT_HIDE_DATA
patternId: 5616b2
severity: 1
line: 83
column: 21
content: private

ruleId: SOLIDITY_VISIBILITY
patternId: b51ce0
severity: 1
line: 35
column: 0
content: addresswinner_tmstmp15;

ruleId: SOLIDITY_VISIBILITY
patternId: b51ce0
severity: 1
line: 47
column: 0
content: addresswinner_tmstmp14;

ruleId: SOLIDITY_VISIBILITY
patternId: b51ce0
severity: 1
line: 76
column: 2
content: uint256bugv_tmstmp2=block.timestamp;

ruleId: SOLIDITY_VISIBILITY
patternId: b51ce0
severity: 1
line: 78
column: 2
content: uint256bugv_tmstmp1=block.timestamp;

ruleId: SOLIDITY_VISIBILITY
patternId: b51ce0
severity: 1
line: 94
column: 2
content: addresswinner_tmstmp2;

ruleId: SOLIDITY_VISIBILITY
patternId: b51ce0
severity: 1
line: 105
column: 2
content: addresswinner_tmstmp19;

ruleId: SOLIDITY_VISIBILITY
patternId: b51ce0
severity: 1
line: 111
column: 2
content: addresswinner_tmstmp18;

ruleId: SOLIDITY_VISIBILITY
patternId: b51ce0
severity: 1
line: 128
column: 0
content: addresswinner_tmstmp11;

ruleId: SOLIDITY_VISIBILITY
patternId: b51ce0
severity: 1
line: 141
column: 0
content: addresswinner_tmstmp10;

ruleId: SOLIDITY_VISIBILITY
patternId: b51ce0
severity: 1
line: 164
column: 0
content: uint256bugv_tmstmp5=block.timestamp;

ruleId: SOLIDITY_VISIBILITY
patternId: b51ce0
severity: 1
line: 171
column: 0
content: uint256bugv_tmstmp4=block.timestamp;

ruleId: SOLIDITY_VISIBILITY
patternId: b51ce0
severity: 1
line: 176
column: 0
content: uint256bugv_tmstmp3=block.timestamp;

SOLIDITY_VISIBILITY :12
SOLIDITY_PRAGMAS_VERSION :2
SOLIDITY_PRIVATE_MODIFIER_DONT_HIDE_DATA :1
SOLIDITY_EXACT_TIME :10
SOLIDITY_ERC20_APPROVE :1