/data/buggy_20.sol
line 30:10 extraneous input 'payable' expecting {'solidity', 'experimental', 'from', 'constructor', 'block', 'coinbase', 'difficulty', 'gaslimit', 'number', 'timestamp', 'blockhash', 'msg', 'data', 'gas', 'sender', 'sig', 'value', 'now', 'this', 'tx', 'origin', 'gasprice', 'public', 'internal', 'external', 'private', 'constant', 'length', 'balance', 'emit', '_', 'revert', Identifier}
line 45:10 extraneous input 'payable' expecting {'solidity', 'experimental', 'from', 'constructor', 'block', 'coinbase', 'difficulty', 'gaslimit', 'number', 'timestamp', 'blockhash', 'msg', 'data', 'gas', 'sender', 'sig', 'value', 'now', 'this', 'tx', 'origin', 'gasprice', 'public', 'internal', 'external', 'private', 'constant', 'length', 'balance', 'emit', '_', 'revert', Identifier}
line 64:8 extraneous input 'payable' expecting {'solidity', 'experimental', 'from', 'constructor', 'block', 'coinbase', 'difficulty', 'gaslimit', 'number', 'timestamp', 'blockhash', 'msg', 'data', 'gas', 'sender', 'sig', 'value', 'now', 'this', 'tx', 'origin', 'gasprice', 'public', 'internal', 'external', 'private', 'constant', 'length', 'balance', 'emit', '_', 'revert', Identifier}
line 91:8 extraneous input 'payable' expecting {'solidity', 'experimental', 'from', 'constructor', 'block', 'coinbase', 'difficulty', 'gaslimit', 'number', 'timestamp', 'blockhash', 'msg', 'data', 'gas', 'sender', 'sig', 'value', 'now', 'this', 'tx', 'origin', 'gasprice', 'public', 'internal', 'external', 'private', 'constant', 'length', 'balance', 'emit', '_', 'revert', Identifier}
line 114:8 extraneous input 'payable' expecting {'solidity', 'experimental', 'from', 'constructor', 'block', 'coinbase', 'difficulty', 'gaslimit', 'number', 'timestamp', 'blockhash', 'msg', 'data', 'gas', 'sender', 'sig', 'value', 'now', 'this', 'tx', 'origin', 'gasprice', 'public', 'internal', 'external', 'private', 'constant', 'length', 'balance', 'emit', '_', 'revert', Identifier}
line 134:8 extraneous input 'payable' expecting {'solidity', 'experimental', 'from', 'constructor', 'block', 'coinbase', 'difficulty', 'gaslimit', 'number', 'timestamp', 'blockhash', 'msg', 'data', 'gas', 'sender', 'sig', 'value', 'now', 'this', 'tx', 'origin', 'gasprice', 'public', 'internal', 'external', 'private', 'constant', 'length', 'balance', 'emit', '_', 'revert', Identifier}
line 163:8 extraneous input 'payable' expecting {'solidity', 'experimental', 'from', 'constructor', 'block', 'coinbase', 'difficulty', 'gaslimit', 'number', 'timestamp', 'blockhash', 'msg', 'data', 'gas', 'sender', 'sig', 'value', 'now', 'this', 'tx', 'origin', 'gasprice', 'public', 'internal', 'external', 'private', 'constant', 'length', 'balance', 'emit', '_', 'revert', Identifier}
line 202:16 extraneous input 'payable' expecting {',', ')'}
line 202:33 no viable alternative at input '_receiver,'
line 202:33 mismatched input ',' expecting {'solidity', 'experimental', 'from', 'constructor', 'block', 'coinbase', 'difficulty', 'gaslimit', 'number', 'timestamp', 'blockhash', 'msg', 'data', 'gas', 'sender', 'sig', 'value', 'now', 'this', 'tx', 'origin', 'gasprice', 'public', 'internal', 'external', 'private', 'constant', 'length', 'balance', 'emit', '_', 'revert', Identifier}
line 203:23 mismatched input ',' expecting {';', '='}
line 204:23 mismatched input '_assetData' expecting {';', '='}
line 204:33 mismatched input ',' expecting {'solidity', 'experimental', 'from', 'constructor', 'block', 'coinbase', 'difficulty', 'gaslimit', 'number', 'timestamp', 'blockhash', 'msg', 'data', 'gas', 'sender', 'sig', 'value', 'now', 'this', 'tx', 'origin', 'gasprice', 'public', 'internal', 'external', 'private', 'constant', 'length', 'balance', 'emit', '_', 'revert', Identifier}
line 206:4 mismatched input ')' expecting {';', '='}
line 209:8 extraneous input 'payable' expecting {'solidity', 'experimental', 'from', 'constructor', 'block', 'coinbase', 'difficulty', 'gaslimit', 'number', 'timestamp', 'blockhash', 'msg', 'data', 'gas', 'sender', 'sig', 'value', 'now', 'this', 'tx', 'origin', 'gasprice', 'public', 'internal', 'external', 'private', 'constant', 'length', 'balance', 'emit', '_', 'revert', Identifier}
line 228:16 mismatched input 'payable' expecting {',', ')'}
line 228:29 no viable alternative at input '_pool,'
line 228:29 mismatched input ',' expecting {'solidity', 'experimental', 'from', 'constructor', 'block', 'coinbase', 'difficulty', 'gaslimit', 'number', 'timestamp', 'blockhash', 'msg', 'data', 'gas', 'sender', 'sig', 'value', 'now', 'this', 'tx', 'origin', 'gasprice', 'public', 'internal', 'external', 'private', 'constant', 'length', 'balance', 'emit', '_', 'revert', Identifier}
line 229:25 mismatched input ',' expecting {';', '='}
line 230:23 mismatched input ',' expecting {';', '='}
line 231:23 mismatched input '_assetData' expecting {';', '='}
line 231:33 mismatched input ',' expecting {'solidity', 'experimental', 'from', 'constructor', 'block', 'coinbase', 'difficulty', 'gaslimit', 'number', 'timestamp', 'blockhash', 'msg', 'data', 'gas', 'sender', 'sig', 'value', 'now', 'this', 'tx', 'origin', 'gasprice', 'public', 'internal', 'external', 'private', 'constant', 'length', 'balance', 'emit', '_', 'revert', Identifier}
line 233:4 mismatched input ')' expecting {';', '='}
line 235:8 extraneous input 'payable' expecting {'solidity', 'experimental', 'from', 'constructor', 'block', 'coinbase', 'difficulty', 'gaslimit', 'number', 'timestamp', 'blockhash', 'msg', 'data', 'gas', 'sender', 'sig', 'value', 'now', 'this', 'tx', 'origin', 'gasprice', 'public', 'internal', 'external', 'private', 'constant', 'length', 'balance', 'emit', '_', 'revert', Identifier}
line 271:10 extraneous input 'payable' expecting {'solidity', 'experimental', 'from', 'constructor', 'block', 'coinbase', 'difficulty', 'gaslimit', 'number', 'timestamp', 'blockhash', 'msg', 'data', 'gas', 'sender', 'sig', 'value', 'now', 'this', 'tx', 'origin', 'gasprice', 'public', 'internal', 'external', 'private', 'constant', 'length', 'balance', 'emit', '_', 'revert', Identifier}
line 284:10 extraneous input 'payable' expecting {'solidity', 'experimental', 'from', 'constructor', 'block', 'coinbase', 'difficulty', 'gaslimit', 'number', 'timestamp', 'blockhash', 'msg', 'data', 'gas', 'sender', 'sig', 'value', 'now', 'this', 'tx', 'origin', 'gasprice', 'public', 'internal', 'external', 'private', 'constant', 'length', 'balance', 'emit', '_', 'revert', Identifier}
line 286:8 extraneous input 'payable' expecting {'solidity', 'experimental', 'from', 'constructor', 'block', 'coinbase', 'difficulty', 'gaslimit', 'number', 'timestamp', 'blockhash', 'msg', 'data', 'gas', 'sender', 'sig', 'value', 'now', 'this', 'tx', 'origin', 'gasprice', 'public', 'internal', 'external', 'private', 'constant', 'length', 'balance', 'emit', '_', 'revert', Identifier}
line 304:10 extraneous input 'payable' expecting {'solidity', 'experimental', 'from', 'constructor', 'block', 'coinbase', 'difficulty', 'gaslimit', 'number', 'timestamp', 'blockhash', 'msg', 'data', 'gas', 'sender', 'sig', 'value', 'now', 'this', 'tx', 'origin', 'gasprice', 'public', 'internal', 'external', 'private', 'constant', 'length', 'balance', 'emit', '_', 'revert', Identifier}
line 319:8 extraneous input 'payable' expecting {'solidity', 'experimental', 'from', 'constructor', 'block', 'coinbase', 'difficulty', 'gaslimit', 'number', 'timestamp', 'blockhash', 'msg', 'data', 'gas', 'sender', 'sig', 'value', 'now', 'this', 'tx', 'origin', 'gasprice', 'public', 'internal', 'external', 'private', 'constant', 'length', 'balance', 'emit', '_', 'revert', Identifier}
line 343:10 extraneous input 'payable' expecting {'solidity', 'experimental', 'from', 'constructor', 'block', 'coinbase', 'difficulty', 'gaslimit', 'number', 'timestamp', 'blockhash', 'msg', 'data', 'gas', 'sender', 'sig', 'value', 'now', 'this', 'tx', 'origin', 'gasprice', 'public', 'internal', 'external', 'private', 'constant', 'length', 'balance', 'emit', '_', 'revert', Identifier}
line 358:8 extraneous input 'payable' expecting {'solidity', 'experimental', 'from', 'constructor', 'block', 'coinbase', 'difficulty', 'gaslimit', 'number', 'timestamp', 'blockhash', 'msg', 'data', 'gas', 'sender', 'sig', 'value', 'now', 'this', 'tx', 'origin', 'gasprice', 'public', 'internal', 'external', 'private', 'constant', 'length', 'balance', 'emit', '_', 'revert', Identifier}
line 376:10 extraneous input 'payable' expecting {'solidity', 'experimental', 'from', 'constructor', 'block', 'coinbase', 'difficulty', 'gaslimit', 'number', 'timestamp', 'blockhash', 'msg', 'data', 'gas', 'sender', 'sig', 'value', 'now', 'this', 'tx', 'origin', 'gasprice', 'public', 'internal', 'external', 'private', 'constant', 'length', 'balance', 'emit', '_', 'revert', Identifier}
line 392:16 mismatched input 'payable' expecting {',', ')'}
line 392:38 no viable alternative at input '_swapsContract,'
line 392:38 mismatched input ',' expecting {'solidity', 'experimental', 'from', 'constructor', 'block', 'coinbase', 'difficulty', 'gaslimit', 'number', 'timestamp', 'blockhash', 'msg', 'data', 'gas', 'sender', 'sig', 'value', 'now', 'this', 'tx', 'origin', 'gasprice', 'public', 'internal', 'external', 'private', 'constant', 'length', 'balance', 'emit', '_', 'revert', Identifier}
line 393:30 mismatched input ',' expecting {';', '='}
line 394:30 mismatched input ',' expecting {';', '='}
line 395:35 mismatched input ',' expecting {';', '='}
line 397:4 mismatched input ')' expecting {';', '='}
line 399:22 extraneous input '(' expecting {'solidity', 'experimental', 'from', 'constructor', 'block', 'coinbase', 'difficulty', 'gaslimit', 'number', 'timestamp', 'blockhash', 'msg', 'data', 'gas', 'sender', 'sig', 'value', 'now', 'this', 'tx', 'origin', 'gasprice', 'public', 'internal', 'external', 'private', 'constant', 'length', 'balance', 'emit', '_', 'revert', Identifier}
line 399:37 mismatched input ',' expecting {';', '='}
line 399:53 extraneous input ')' expecting {'solidity', 'experimental', 'from', 'constructor', 'block', 'coinbase', 'difficulty', 'gaslimit', 'number', 'timestamp', 'blockhash', 'msg', 'data', 'gas', 'sender', 'sig', 'value', 'now', 'this', 'tx', 'origin', 'gasprice', 'public', 'internal', 'external', 'private', 'constant', 'length', 'balance', 'emit', '_', 'revert', Identifier}
line 400:29 mismatched input '(' expecting {';', '='}
line 400:44 mismatched input ',' expecting ')'
line 400:56 mismatched input ')' expecting {';', '='}
line 402:22 extraneous input '=' expecting {'solidity', 'experimental', 'from', 'constructor', 'block', 'coinbase', 'difficulty', 'gaslimit', 'number', 'timestamp', 'blockhash', 'msg', 'data', 'gas', 'sender', 'sig', 'value', 'now', 'this', 'tx', 'origin', 'gasprice', 'public', 'internal', 'external', 'private', 'constant', 'length', 'balance', 'emit', '_', 'revert', Identifier}
line 403:27 extraneous input '=' expecting {'solidity', 'experimental', 'from', 'constructor', 'block', 'coinbase', 'difficulty', 'gaslimit', 'number', 'timestamp', 'blockhash', 'msg', 'data', 'gas', 'sender', 'sig', 'value', 'now', 'this', 'tx', 'origin', 'gasprice', 'public', 'internal', 'external', 'private', 'constant', 'length', 'balance', 'emit', '_', 'revert', Identifier}
line 404:22 extraneous input '=' expecting {'solidity', 'experimental', 'from', 'constructor', 'block', 'coinbase', 'difficulty', 'gaslimit', 'number', 'timestamp', 'blockhash', 'msg', 'data', 'gas', 'sender', 'sig', 'value', 'now', 'this', 'tx', 'origin', 'gasprice', 'public', 'internal', 'external', 'private', 'constant', 'length', 'balance', 'emit', '_', 'revert', Identifier}
line 405:22 extraneous input '=' expecting {'solidity', 'experimental', 'from', 'constructor', 'block', 'coinbase', 'difficulty', 'gaslimit', 'number', 'timestamp', 'blockhash', 'msg', 'data', 'gas', 'sender', 'sig', 'value', 'now', 'this', 'tx', 'origin', 'gasprice', 'public', 'internal', 'external', 'private', 'constant', 'length', 'balance', 'emit', '_', 'revert', Identifier}
line 406:19 extraneous input '=' expecting {'solidity', 'experimental', 'from', 'constructor', 'block', 'coinbase', 'difficulty', 'gaslimit', 'number', 'timestamp', 'blockhash', 'msg', 'data', 'gas', 'sender', 'sig', 'value', 'now', 'this', 'tx', 'origin', 'gasprice', 'public', 'internal', 'external', 'private', 'constant', 'length', 'balance', 'emit', '_', 'revert', Identifier}
line 408:0 extraneous input 'bool' expecting {<EOF>, 'pragma', 'import', 'contract', 'library', 'interface'}
line 652:10 extraneous input 'payable' expecting {'solidity', 'experimental', 'from', 'constructor', 'block', 'coinbase', 'difficulty', 'gaslimit', 'number', 'timestamp', 'blockhash', 'msg', 'data', 'gas', 'sender', 'sig', 'value', 'now', 'this', 'tx', 'origin', 'gasprice', 'public', 'internal', 'external', 'private', 'constant', 'length', 'balance', 'emit', '_', 'revert', Identifier}
line 668:16 mismatched input 'payable' expecting {',', ')'}
line 668:38 no viable alternative at input '_swapsContract,'
line 668:38 mismatched input ',' expecting {'solidity', 'experimental', 'from', 'constructor', 'block', 'coinbase', 'difficulty', 'gaslimit', 'number', 'timestamp', 'blockhash', 'msg', 'data', 'gas', 'sender', 'sig', 'value', 'now', 'this', 'tx', 'origin', 'gasprice', 'public', 'internal', 'external', 'private', 'constant', 'length', 'balance', 'emit', '_', 'revert', Identifier}
line 669:30 mismatched input ',' expecting {';', '='}
line 670:30 mismatched input ',' expecting {';', '='}
line 672:4 mismatched input ')' expecting {';', '='}
line 674:23 extraneous input '(' expecting {'solidity', 'experimental', 'from', 'constructor', 'block', 'coinbase', 'difficulty', 'gaslimit', 'number', 'timestamp', 'blockhash', 'msg', 'data', 'gas', 'sender', 'sig', 'value', 'now', 'this', 'tx', 'origin', 'gasprice', 'public', 'internal', 'external', 'private', 'constant', 'length', 'balance', 'emit', '_', 'revert', Identifier}
line 675:26 mismatched input ',' expecting {';', '='}
line 675:42 extraneous input ',' expecting {'solidity', 'experimental', 'from', 'constructor', 'block', 'coinbase', 'difficulty', 'gaslimit', 'number', 'timestamp', 'blockhash', 'msg', 'data', 'gas', 'sender', 'sig', 'value', 'now', 'this', 'tx', 'origin', 'gasprice', 'public', 'internal', 'external', 'private', 'constant', 'length', 'balance', 'emit', '_', 'revert', Identifier}
line 675:58 mismatched input ',' expecting {';', '='}
line 675:79 extraneous input ',' expecting {'solidity', 'experimental', 'from', 'constructor', 'block', 'coinbase', 'difficulty', 'gaslimit', 'number', 'timestamp', 'blockhash', 'msg', 'data', 'gas', 'sender', 'sig', 'value', 'now', 'this', 'tx', 'origin', 'gasprice', 'public', 'internal', 'external', 'private', 'constant', 'length', 'balance', 'emit', '_', 'revert', Identifier}
line 676:8 mismatched input ')' expecting {';', '='}
line 678:0 extraneous input 'bool' expecting {<EOF>, 'pragma', 'import', 'contract', 'library', 'interface'}
jar:file:/usr/local/lib/node_modules/@smartdec/smartcheck/jdeploy-bundle/smartcheck-2.0-jar-with-dependencies.jar!/solidity-rules.xmlruleId: SOLIDITY_OVERPOWERED_ROLE
patternId: j83hf7
severity: 2
line: 158
column: 4
content: functionsetIsActive(bool_isActive)externalonlyOwner{if(_isActive==isActive)return;isActive=_isActive;emitIsActiveChanged(_isActive);}

ruleId: SOLIDITY_PRAGMAS_VERSION
patternId: 23fc32
severity: 1
line: 3
column: 16
content: ^

ruleId: SOLIDITY_PRIVATE_MODIFIER_DONT_HIDE_DATA
patternId: 5616b2
severity: 1
line: 268
column: 21
content: private

ruleId: SOLIDITY_VISIBILITY
patternId: 910067
severity: 1
line: 200
column: 4
content: functionrelease(address_pool,address<missing ')'>payable

ruleId: SOLIDITY_VISIBILITY
patternId: 910067
severity: 1
line: 227
column: 4
content: functionreturnFunds(addresspayable

ruleId: SOLIDITY_VISIBILITY
patternId: 910067
severity: 1
line: 391
column: 4
content: constructor(addresspayable

ruleId: SOLIDITY_VISIBILITY
patternId: 910067
severity: 1
line: 667
column: 4
content: constructor(addresspayable

ruleId: SOLIDITY_VISIBILITY
patternId: b51ce0
severity: 1
line: 30
column: 2
content: addresspayablewinner_TOD37;

ruleId: SOLIDITY_VISIBILITY
patternId: b51ce0
severity: 1
line: 45
column: 2
content: addresspayablewinner_TOD13;

ruleId: SOLIDITY_VISIBILITY
patternId: b51ce0
severity: 1
line: 63
column: 0
content: boolclaimed_TOD30=false;

ruleId: SOLIDITY_VISIBILITY
patternId: b51ce0
severity: 1
line: 64
column: 0
content: addresspayableowner_TOD30;

ruleId: SOLIDITY_VISIBILITY
patternId: b51ce0
severity: 1
line: 65
column: 0
content: uint256reward_TOD30;

ruleId: SOLIDITY_VISIBILITY
patternId: b51ce0
severity: 1
line: 91
column: 0
content: addresspayablewinner_TOD3;

ruleId: SOLIDITY_VISIBILITY
patternId: b51ce0
severity: 1
line: 113
column: 2
content: boolclaimed_TOD36=false;

ruleId: SOLIDITY_VISIBILITY
patternId: b51ce0
severity: 1
line: 114
column: 0
content: addresspayableowner_TOD36;

ruleId: SOLIDITY_VISIBILITY
patternId: b51ce0
severity: 1
line: 115
column: 0
content: uint256reward_TOD36;

ruleId: SOLIDITY_VISIBILITY
patternId: b51ce0
severity: 1
line: 133
column: 2
content: boolclaimed_TOD12=false;

ruleId: SOLIDITY_VISIBILITY
patternId: b51ce0
severity: 1
line: 134
column: 0
content: addresspayableowner_TOD12;

ruleId: SOLIDITY_VISIBILITY
patternId: b51ce0
severity: 1
line: 135
column: 0
content: uint256reward_TOD12;

ruleId: SOLIDITY_VISIBILITY
patternId: b51ce0
severity: 1
line: 163
column: 0
content: addresspayablewinner_TOD29;

ruleId: SOLIDITY_VISIBILITY
patternId: b51ce0
severity: 1
line: 202
column: 24
content: _receiver,

ruleId: SOLIDITY_VISIBILITY
patternId: b51ce0
severity: 1
line: 203
column: 8
content: address_oracle,

ruleId: SOLIDITY_VISIBILITY
patternId: b51ce0
severity: 1
line: 204
column: 8
content: bytescalldata

ruleId: SOLIDITY_VISIBILITY
patternId: b51ce0
severity: 1
line: 204
column: 23
content: _assetData,

ruleId: SOLIDITY_VISIBILITY
patternId: b51ce0
severity: 1
line: 205
column: 8
content: bytes32_paymentDetailsHash)external;

ruleId: SOLIDITY_VISIBILITY
patternId: b51ce0
severity: 1
line: 208
column: 0
content: boolclaimed_TOD28=false;

ruleId: SOLIDITY_VISIBILITY
patternId: b51ce0
severity: 1
line: 209
column: 0
content: addresspayableowner_TOD28;

ruleId: SOLIDITY_VISIBILITY
patternId: b51ce0
severity: 1
line: 210
column: 0
content: uint256reward_TOD28;

ruleId: SOLIDITY_VISIBILITY
patternId: b51ce0
severity: 1
line: 228
column: 24
content: _pool,

ruleId: SOLIDITY_VISIBILITY
patternId: b51ce0
severity: 1
line: 229
column: 8
content: address_receiver,

ruleId: SOLIDITY_VISIBILITY
patternId: b51ce0
severity: 1
line: 230
column: 8
content: address_oracle,

ruleId: SOLIDITY_VISIBILITY
patternId: b51ce0
severity: 1
line: 231
column: 8
content: bytescalldata

ruleId: SOLIDITY_VISIBILITY
patternId: b51ce0
severity: 1
line: 231
column: 23
content: _assetData,

ruleId: SOLIDITY_VISIBILITY
patternId: b51ce0
severity: 1
line: 232
column: 8
content: bytes32_paymentDetailsHash)external;

ruleId: SOLIDITY_VISIBILITY
patternId: b51ce0
severity: 1
line: 235
column: 0
content: addresspayablewinner_TOD27;

ruleId: SOLIDITY_VISIBILITY
patternId: b51ce0
severity: 1
line: 271
column: 2
content: addresspayablewinner_TOD35;

ruleId: SOLIDITY_VISIBILITY
patternId: b51ce0
severity: 1
line: 285
column: 2
content: boolclaimed_TOD34=false;

ruleId: SOLIDITY_VISIBILITY
patternId: b51ce0
severity: 1
line: 286
column: 0
content: addresspayableowner_TOD34;

ruleId: SOLIDITY_VISIBILITY
patternId: b51ce0
severity: 1
line: 287
column: 0
content: uint256reward_TOD34;

ruleId: SOLIDITY_VISIBILITY
patternId: b51ce0
severity: 1
line: 304
column: 2
content: addresspayablewinner_TOD33;

ruleId: SOLIDITY_VISIBILITY
patternId: b51ce0
severity: 1
line: 318
column: 2
content: boolclaimed_TOD32=false;

ruleId: SOLIDITY_VISIBILITY
patternId: b51ce0
severity: 1
line: 319
column: 0
content: addresspayableowner_TOD32;

ruleId: SOLIDITY_VISIBILITY
patternId: b51ce0
severity: 1
line: 320
column: 0
content: uint256reward_TOD32;

ruleId: SOLIDITY_VISIBILITY
patternId: b51ce0
severity: 1
line: 343
column: 2
content: addresspayablewinner_TOD11;

ruleId: SOLIDITY_VISIBILITY
patternId: b51ce0
severity: 1
line: 357
column: 2
content: boolclaimed_TOD10=false;

ruleId: SOLIDITY_VISIBILITY
patternId: b51ce0
severity: 1
line: 358
column: 0
content: addresspayableowner_TOD10;

ruleId: SOLIDITY_VISIBILITY
patternId: b51ce0
severity: 1
line: 359
column: 0
content: uint256reward_TOD10;

ruleId: SOLIDITY_VISIBILITY
patternId: b51ce0
severity: 1
line: 376
column: 2
content: addresspayablewinner_TOD1;

ruleId: SOLIDITY_VISIBILITY
patternId: b51ce0
severity: 1
line: 392
column: 24
content: _swapsContract,

ruleId: SOLIDITY_VISIBILITY
patternId: b51ce0
severity: 1
line: 393
column: 8
content: uint256_minSwapAmount,

ruleId: SOLIDITY_VISIBILITY
patternId: b51ce0
severity: 1
line: 394
column: 8
content: uint256_maxSwapAmount,

ruleId: SOLIDITY_VISIBILITY
patternId: b51ce0
severity: 1
line: 395
column: 8
content: bytes32_paymentDetailsHash,

ruleId: SOLIDITY_VISIBILITY
patternId: b51ce0
severity: 1
line: 396
column: 8
content: uint16_assetType)public

ruleId: SOLIDITY_VISIBILITY
patternId: b51ce0
severity: 1
line: 399
column: 8
content: validateLimits(_minSwapAmount,

ruleId: SOLIDITY_VISIBILITY
patternId: b51ce0
severity: 1
line: 399
column: 39
content: _maxSwapAmount)validateSwapsContract

ruleId: SOLIDITY_VISIBILITY
patternId: b51ce0
severity: 1
line: 400
column: 29
content: (_swapsContract,_assetType){

ruleId: SOLIDITY_VISIBILITY
patternId: b51ce0
severity: 1
line: 402
column: 8
content: swapsContract=_swapsContract;

ruleId: SOLIDITY_VISIBILITY
patternId: b51ce0
severity: 1
line: 403
column: 8
content: paymentDetailsHash=_paymentDetailsHash;

ruleId: SOLIDITY_VISIBILITY
patternId: b51ce0
severity: 1
line: 404
column: 8
content: minSwapAmount=_minSwapAmount;

ruleId: SOLIDITY_VISIBILITY
patternId: b51ce0
severity: 1
line: 405
column: 8
content: maxSwapAmount=_maxSwapAmount;

ruleId: SOLIDITY_VISIBILITY
patternId: b51ce0
severity: 1
line: 406
column: 8
content: ASSET_TYPE=_assetType;

ruleId: SOLIDITY_VISIBILITY
patternId: b51ce0
severity: 1
line: 652
column: 2
content: addresspayablewinner_TOD31;

ruleId: SOLIDITY_VISIBILITY
patternId: b51ce0
severity: 1
line: 668
column: 24
content: _swapsContract,

ruleId: SOLIDITY_VISIBILITY
patternId: b51ce0
severity: 1
line: 669
column: 8
content: uint256_minSwapAmount,

ruleId: SOLIDITY_VISIBILITY
patternId: b51ce0
severity: 1
line: 670
column: 8
content: uint256_maxSwapAmount,

ruleId: SOLIDITY_VISIBILITY
patternId: b51ce0
severity: 1
line: 671
column: 8
content: bytes32_paymentDetailsHash)public

ruleId: SOLIDITY_VISIBILITY
patternId: b51ce0
severity: 1
line: 674
column: 8
content: RampInstantPool(_swapsContract,

ruleId: SOLIDITY_VISIBILITY
patternId: b51ce0
severity: 1
line: 675
column: 28
content: _minSwapAmount,_maxSwapAmount,

ruleId: SOLIDITY_VISIBILITY
patternId: b51ce0
severity: 1
line: 675
column: 60
content: _paymentDetailsHash,ETH_TYPE_ID){

SOLIDITY_VISIBILITY :66
SOLIDITY_OVERPOWERED_ROLE :1
SOLIDITY_PRAGMAS_VERSION :1
SOLIDITY_PRIVATE_MODIFIER_DONT_HIDE_DATA :1