/data/42.sol
jar:file:/usr/local/lib/node_modules/@smartdec/smartcheck/jdeploy-bundle/smartcheck-2.0-jar-with-dependencies.jar!/solidity-rules.xmlruleId: SOLIDITY_DIV_MUL
patternId: 09hhh1
severity: 2
line: 54
column: 11
content: mul(div(d,m),m)

ruleId: SOLIDITY_PRAGMAS_VERSION
patternId: 23fc32
severity: 1
line: 3
column: 16
content: ^

ruleId: SOLIDITY_PRIVATE_MODIFIER_DONT_HIDE_DATA
patternId: 5616b2
severity: 1
line: 68
column: 12
content: private

ruleId: SOLIDITY_SAFEMATH
patternId: 837cac
severity: 1
line: 69
column: 4
content: usingSafeMathforuint256;

ruleId: SOLIDITY_VISIBILITY
patternId: b51ce0
severity: 1
line: 66
column: 4
content: boollock;

ruleId: SOLIDITY_VISIBILITY
patternId: b51ce0
severity: 1
line: 80
column: 4
content: mapping(address=>stake)staker;

SOLIDITY_VISIBILITY :2
SOLIDITY_SAFEMATH :1
SOLIDITY_PRAGMAS_VERSION :1
SOLIDITY_PRIVATE_MODIFIER_DONT_HIDE_DATA :1
SOLIDITY_DIV_MUL :1