/data/buggy_20.sol
line 146:16 extraneous input 'payable' expecting {',', ')'}
line 146:33 no viable alternative at input '_receiver,'
line 146:33 mismatched input ',' expecting {'solidity', 'experimental', 'from', 'constructor', 'block', 'coinbase', 'difficulty', 'gaslimit', 'number', 'timestamp', 'blockhash', 'msg', 'data', 'gas', 'sender', 'sig', 'value', 'now', 'this', 'tx', 'origin', 'gasprice', 'public', 'internal', 'external', 'private', 'constant', 'length', 'balance', 'emit', '_', 'revert', Identifier}
line 147:23 mismatched input ',' expecting {';', '='}
line 148:23 mismatched input '_assetData' expecting {';', '='}
line 148:33 mismatched input ',' expecting {'solidity', 'experimental', 'from', 'constructor', 'block', 'coinbase', 'difficulty', 'gaslimit', 'number', 'timestamp', 'blockhash', 'msg', 'data', 'gas', 'sender', 'sig', 'value', 'now', 'this', 'tx', 'origin', 'gasprice', 'public', 'internal', 'external', 'private', 'constant', 'length', 'balance', 'emit', '_', 'revert', Identifier}
line 150:4 mismatched input ')' expecting {';', '='}
line 158:16 mismatched input 'payable' expecting {',', ')'}
line 158:29 no viable alternative at input '_pool,'
line 158:29 mismatched input ',' expecting {'solidity', 'experimental', 'from', 'constructor', 'block', 'coinbase', 'difficulty', 'gaslimit', 'number', 'timestamp', 'blockhash', 'msg', 'data', 'gas', 'sender', 'sig', 'value', 'now', 'this', 'tx', 'origin', 'gasprice', 'public', 'internal', 'external', 'private', 'constant', 'length', 'balance', 'emit', '_', 'revert', Identifier}
line 159:25 mismatched input ',' expecting {';', '='}
line 160:23 mismatched input ',' expecting {';', '='}
line 161:23 mismatched input '_assetData' expecting {';', '='}
line 161:33 mismatched input ',' expecting {'solidity', 'experimental', 'from', 'constructor', 'block', 'coinbase', 'difficulty', 'gaslimit', 'number', 'timestamp', 'blockhash', 'msg', 'data', 'gas', 'sender', 'sig', 'value', 'now', 'this', 'tx', 'origin', 'gasprice', 'public', 'internal', 'external', 'private', 'constant', 'length', 'balance', 'emit', '_', 'revert', Identifier}
line 163:4 mismatched input ')' expecting {';', '='}
line 196:10 extraneous input 'payable' expecting {'solidity', 'experimental', 'from', 'constructor', 'block', 'coinbase', 'difficulty', 'gaslimit', 'number', 'timestamp', 'blockhash', 'msg', 'data', 'gas', 'sender', 'sig', 'value', 'now', 'this', 'tx', 'origin', 'gasprice', 'public', 'internal', 'external', 'private', 'constant', 'length', 'balance', 'emit', '_', 'revert', Identifier}
line 255:16 mismatched input 'payable' expecting {',', ')'}
line 255:38 no viable alternative at input '_swapsContract,'
line 255:38 mismatched input ',' expecting {'solidity', 'experimental', 'from', 'constructor', 'block', 'coinbase', 'difficulty', 'gaslimit', 'number', 'timestamp', 'blockhash', 'msg', 'data', 'gas', 'sender', 'sig', 'value', 'now', 'this', 'tx', 'origin', 'gasprice', 'public', 'internal', 'external', 'private', 'constant', 'length', 'balance', 'emit', '_', 'revert', Identifier}
line 256:30 mismatched input ',' expecting {';', '='}
line 257:30 mismatched input ',' expecting {';', '='}
line 258:35 mismatched input ',' expecting {';', '='}
line 260:4 mismatched input ')' expecting {';', '='}
line 262:22 extraneous input '(' expecting {'solidity', 'experimental', 'from', 'constructor', 'block', 'coinbase', 'difficulty', 'gaslimit', 'number', 'timestamp', 'blockhash', 'msg', 'data', 'gas', 'sender', 'sig', 'value', 'now', 'this', 'tx', 'origin', 'gasprice', 'public', 'internal', 'external', 'private', 'constant', 'length', 'balance', 'emit', '_', 'revert', Identifier}
line 262:37 mismatched input ',' expecting {';', '='}
line 262:53 extraneous input ')' expecting {'solidity', 'experimental', 'from', 'constructor', 'block', 'coinbase', 'difficulty', 'gaslimit', 'number', 'timestamp', 'blockhash', 'msg', 'data', 'gas', 'sender', 'sig', 'value', 'now', 'this', 'tx', 'origin', 'gasprice', 'public', 'internal', 'external', 'private', 'constant', 'length', 'balance', 'emit', '_', 'revert', Identifier}
line 263:29 mismatched input '(' expecting {';', '='}
line 263:44 mismatched input ',' expecting ')'
line 263:56 mismatched input ')' expecting {';', '='}
line 265:22 extraneous input '=' expecting {'solidity', 'experimental', 'from', 'constructor', 'block', 'coinbase', 'difficulty', 'gaslimit', 'number', 'timestamp', 'blockhash', 'msg', 'data', 'gas', 'sender', 'sig', 'value', 'now', 'this', 'tx', 'origin', 'gasprice', 'public', 'internal', 'external', 'private', 'constant', 'length', 'balance', 'emit', '_', 'revert', Identifier}
line 266:27 extraneous input '=' expecting {'solidity', 'experimental', 'from', 'constructor', 'block', 'coinbase', 'difficulty', 'gaslimit', 'number', 'timestamp', 'blockhash', 'msg', 'data', 'gas', 'sender', 'sig', 'value', 'now', 'this', 'tx', 'origin', 'gasprice', 'public', 'internal', 'external', 'private', 'constant', 'length', 'balance', 'emit', '_', 'revert', Identifier}
line 267:22 extraneous input '=' expecting {'solidity', 'experimental', 'from', 'constructor', 'block', 'coinbase', 'difficulty', 'gaslimit', 'number', 'timestamp', 'blockhash', 'msg', 'data', 'gas', 'sender', 'sig', 'value', 'now', 'this', 'tx', 'origin', 'gasprice', 'public', 'internal', 'external', 'private', 'constant', 'length', 'balance', 'emit', '_', 'revert', Identifier}
line 268:22 extraneous input '=' expecting {'solidity', 'experimental', 'from', 'constructor', 'block', 'coinbase', 'difficulty', 'gaslimit', 'number', 'timestamp', 'blockhash', 'msg', 'data', 'gas', 'sender', 'sig', 'value', 'now', 'this', 'tx', 'origin', 'gasprice', 'public', 'internal', 'external', 'private', 'constant', 'length', 'balance', 'emit', '_', 'revert', Identifier}
line 269:19 extraneous input '=' expecting {'solidity', 'experimental', 'from', 'constructor', 'block', 'coinbase', 'difficulty', 'gaslimit', 'number', 'timestamp', 'blockhash', 'msg', 'data', 'gas', 'sender', 'sig', 'value', 'now', 'this', 'tx', 'origin', 'gasprice', 'public', 'internal', 'external', 'private', 'constant', 'length', 'balance', 'emit', '_', 'revert', Identifier}
line 271:0 extraneous input 'mapping' expecting {<EOF>, 'pragma', 'import', 'contract', 'library', 'interface'}
line 440:16 mismatched input 'payable' expecting {',', ')'}
line 440:38 no viable alternative at input '_swapsContract,'
line 440:38 mismatched input ',' expecting {'solidity', 'experimental', 'from', 'constructor', 'block', 'coinbase', 'difficulty', 'gaslimit', 'number', 'timestamp', 'blockhash', 'msg', 'data', 'gas', 'sender', 'sig', 'value', 'now', 'this', 'tx', 'origin', 'gasprice', 'public', 'internal', 'external', 'private', 'constant', 'length', 'balance', 'emit', '_', 'revert', Identifier}
line 441:30 mismatched input ',' expecting {';', '='}
line 442:30 mismatched input ',' expecting {';', '='}
line 444:4 mismatched input ')' expecting {';', '='}
line 446:23 extraneous input '(' expecting {'solidity', 'experimental', 'from', 'constructor', 'block', 'coinbase', 'difficulty', 'gaslimit', 'number', 'timestamp', 'blockhash', 'msg', 'data', 'gas', 'sender', 'sig', 'value', 'now', 'this', 'tx', 'origin', 'gasprice', 'public', 'internal', 'external', 'private', 'constant', 'length', 'balance', 'emit', '_', 'revert', Identifier}
line 447:26 mismatched input ',' expecting {';', '='}
line 447:42 extraneous input ',' expecting {'solidity', 'experimental', 'from', 'constructor', 'block', 'coinbase', 'difficulty', 'gaslimit', 'number', 'timestamp', 'blockhash', 'msg', 'data', 'gas', 'sender', 'sig', 'value', 'now', 'this', 'tx', 'origin', 'gasprice', 'public', 'internal', 'external', 'private', 'constant', 'length', 'balance', 'emit', '_', 'revert', Identifier}
line 447:58 mismatched input ',' expecting {';', '='}
line 447:79 extraneous input ',' expecting {'solidity', 'experimental', 'from', 'constructor', 'block', 'coinbase', 'difficulty', 'gaslimit', 'number', 'timestamp', 'blockhash', 'msg', 'data', 'gas', 'sender', 'sig', 'value', 'now', 'this', 'tx', 'origin', 'gasprice', 'public', 'internal', 'external', 'private', 'constant', 'length', 'balance', 'emit', '_', 'revert', Identifier}
line 448:8 mismatched input ')' expecting {';', '='}
line 450:0 extraneous input 'mapping' expecting {<EOF>, 'pragma', 'import', 'contract', 'library', 'interface'}
jar:file:/usr/local/lib/node_modules/@smartdec/smartcheck/jdeploy-bundle/smartcheck-2.0-jar-with-dependencies.jar!/solidity-rules.xmlruleId: SOLIDITY_LOCKED_MONEY
patternId: 30281d
severity: 3
line: 140
column: 0
content: contractRampInstantEscrowsPoolInterface{uint16publicASSET_TYPE;functionrelease(address_pool,address<missing ')'>payable_receiver,address_oracle,bytescalldata_assetData,bytes32_paymentDetailsHash)external;functionbug_intou28(uint8p_intou28)public{uint8vundflw1=0;vundflw1=vundflw1+p_intou28;}functionreturnFunds(addresspayable_pool,address_receiver,address_oracle,bytescalldata_assetData,bytes32_paymentDetailsHash)external;functionbug_intou27()public{uint8vundflw=0;vundflw=vundflw-10;}}

ruleId: SOLIDITY_LOCKED_MONEY
patternId: 30281d
severity: 3
line: 431
column: 0
content: contractRampInstantEthPoolisRampInstantPool{functionbug_intou31()public{uint8vundflw=0;vundflw=vundflw-10;}uint16internalconstantETH_TYPE_ID=1;constructor(addresspayable_swapsContract,uint256_minSwapAmount,uint256_maxSwapAmount,bytes32_paymentDetailsHash)publicRampInstantPool(_swapsContract,_minSwapAmount,_maxSwapAmount,_paymentDetailsHash,ETH_TYPE_ID){}

ruleId: SOLIDITY_OVERPOWERED_ROLE
patternId: j83hf7
severity: 2
line: 105
column: 4
content: functionsetIsActive(bool_isActive)externalonlyOwner{if(_isActive==isActive)return;isActive=_isActive;emitIsActiveChanged(_isActive);}

ruleId: SOLIDITY_PRAGMAS_VERSION
patternId: 23fc32
severity: 1
line: 3
column: 16
content: ^

ruleId: SOLIDITY_PRIVATE_MODIFIER_DONT_HIDE_DATA
patternId: 5616b2
severity: 1
line: 189
column: 21
content: private

ruleId: SOLIDITY_UINT_CANT_BE_NEGATIVE
patternId: 733fdd
severity: 2
line: 60
column: 12
content: balances_intou30[msg.sender]-_value>=0

ruleId: SOLIDITY_UINT_CANT_BE_NEGATIVE
patternId: 733fdd
severity: 2
line: 200
column: 12
content: balances_intou34[msg.sender]-_value>=0

ruleId: SOLIDITY_UINT_CANT_BE_NEGATIVE
patternId: 733fdd
severity: 2
line: 236
column: 12
content: balances_intou10[msg.sender]-_value>=0

ruleId: SOLIDITY_VISIBILITY
patternId: 910067
severity: 1
line: 144
column: 4
content: functionrelease(address_pool,address<missing ')'>payable

ruleId: SOLIDITY_VISIBILITY
patternId: 910067
severity: 1
line: 157
column: 4
content: functionreturnFunds(addresspayable

ruleId: SOLIDITY_VISIBILITY
patternId: 910067
severity: 1
line: 254
column: 4
content: constructor(addresspayable

ruleId: SOLIDITY_VISIBILITY
patternId: 910067
severity: 1
line: 439
column: 4
content: constructor(addresspayable

ruleId: SOLIDITY_VISIBILITY
patternId: b51ce0
severity: 1
line: 57
column: 0
content: mapping(address=>uint)balances_intou30;

ruleId: SOLIDITY_VISIBILITY
patternId: b51ce0
severity: 1
line: 146
column: 24
content: _receiver,

ruleId: SOLIDITY_VISIBILITY
patternId: b51ce0
severity: 1
line: 147
column: 8
content: address_oracle,

ruleId: SOLIDITY_VISIBILITY
patternId: b51ce0
severity: 1
line: 148
column: 8
content: bytescalldata

ruleId: SOLIDITY_VISIBILITY
patternId: b51ce0
severity: 1
line: 148
column: 23
content: _assetData,

ruleId: SOLIDITY_VISIBILITY
patternId: b51ce0
severity: 1
line: 149
column: 8
content: bytes32_paymentDetailsHash)external;

ruleId: SOLIDITY_VISIBILITY
patternId: b51ce0
severity: 1
line: 158
column: 24
content: _pool,

ruleId: SOLIDITY_VISIBILITY
patternId: b51ce0
severity: 1
line: 159
column: 8
content: address_receiver,

ruleId: SOLIDITY_VISIBILITY
patternId: b51ce0
severity: 1
line: 160
column: 8
content: address_oracle,

ruleId: SOLIDITY_VISIBILITY
patternId: b51ce0
severity: 1
line: 161
column: 8
content: bytescalldata

ruleId: SOLIDITY_VISIBILITY
patternId: b51ce0
severity: 1
line: 161
column: 23
content: _assetData,

ruleId: SOLIDITY_VISIBILITY
patternId: b51ce0
severity: 1
line: 162
column: 8
content: bytes32_paymentDetailsHash)external;

ruleId: SOLIDITY_VISIBILITY
patternId: b51ce0
severity: 1
line: 197
column: 2
content: mapping(address=>uint)balances_intou34;

ruleId: SOLIDITY_VISIBILITY
patternId: b51ce0
severity: 1
line: 233
column: 2
content: mapping(address=>uint)balances_intou10;

ruleId: SOLIDITY_VISIBILITY
patternId: b51ce0
severity: 1
line: 255
column: 24
content: _swapsContract,

ruleId: SOLIDITY_VISIBILITY
patternId: b51ce0
severity: 1
line: 256
column: 8
content: uint256_minSwapAmount,

ruleId: SOLIDITY_VISIBILITY
patternId: b51ce0
severity: 1
line: 257
column: 8
content: uint256_maxSwapAmount,

ruleId: SOLIDITY_VISIBILITY
patternId: b51ce0
severity: 1
line: 258
column: 8
content: bytes32_paymentDetailsHash,

ruleId: SOLIDITY_VISIBILITY
patternId: b51ce0
severity: 1
line: 259
column: 8
content: uint16_assetType)public

ruleId: SOLIDITY_VISIBILITY
patternId: b51ce0
severity: 1
line: 262
column: 8
content: validateLimits(_minSwapAmount,

ruleId: SOLIDITY_VISIBILITY
patternId: b51ce0
severity: 1
line: 262
column: 39
content: _maxSwapAmount)validateSwapsContract

ruleId: SOLIDITY_VISIBILITY
patternId: b51ce0
severity: 1
line: 263
column: 29
content: (_swapsContract,_assetType){

ruleId: SOLIDITY_VISIBILITY
patternId: b51ce0
severity: 1
line: 265
column: 8
content: swapsContract=_swapsContract;

ruleId: SOLIDITY_VISIBILITY
patternId: b51ce0
severity: 1
line: 266
column: 8
content: paymentDetailsHash=_paymentDetailsHash;

ruleId: SOLIDITY_VISIBILITY
patternId: b51ce0
severity: 1
line: 267
column: 8
content: minSwapAmount=_minSwapAmount;

ruleId: SOLIDITY_VISIBILITY
patternId: b51ce0
severity: 1
line: 268
column: 8
content: maxSwapAmount=_maxSwapAmount;

ruleId: SOLIDITY_VISIBILITY
patternId: b51ce0
severity: 1
line: 269
column: 8
content: ASSET_TYPE=_assetType;

ruleId: SOLIDITY_VISIBILITY
patternId: b51ce0
severity: 1
line: 440
column: 24
content: _swapsContract,

ruleId: SOLIDITY_VISIBILITY
patternId: b51ce0
severity: 1
line: 441
column: 8
content: uint256_minSwapAmount,

ruleId: SOLIDITY_VISIBILITY
patternId: b51ce0
severity: 1
line: 442
column: 8
content: uint256_maxSwapAmount,

ruleId: SOLIDITY_VISIBILITY
patternId: b51ce0
severity: 1
line: 443
column: 8
content: bytes32_paymentDetailsHash)public

ruleId: SOLIDITY_VISIBILITY
patternId: b51ce0
severity: 1
line: 446
column: 8
content: RampInstantPool(_swapsContract,

ruleId: SOLIDITY_VISIBILITY
patternId: b51ce0
severity: 1
line: 447
column: 28
content: _minSwapAmount,_maxSwapAmount,

ruleId: SOLIDITY_VISIBILITY
patternId: b51ce0
severity: 1
line: 447
column: 60
content: _paymentDetailsHash,ETH_TYPE_ID){

SOLIDITY_VISIBILITY :38
SOLIDITY_OVERPOWERED_ROLE :1
SOLIDITY_PRAGMAS_VERSION :1
SOLIDITY_LOCKED_MONEY :2
SOLIDITY_PRIVATE_MODIFIER_DONT_HIDE_DATA :1
SOLIDITY_UINT_CANT_BE_NEGATIVE :3