/data/buggy_46.sol
jar:file:/usr/local/lib/node_modules/@smartdec/smartcheck/jdeploy-bundle/smartcheck-2.0-jar-with-dependencies.jar!/solidity-rules.xmlruleId: SOLIDITY_CALL_WITHOUT_DATA
patternId: 111ppp
severity: 2
line: 78
column: 35
content: call.value(1ether)("")

ruleId: SOLIDITY_CALL_WITHOUT_DATA
patternId: 111ppp
severity: 2
line: 172
column: 35
content: call.value(balances_re_ent1[msg.sender])("")

ruleId: SOLIDITY_EXTRA_GAS_IN_LOOPS
patternId: d3j11j
severity: 1
line: 60
column: 8
content: for(uinti=0;i<fileExistenceProofs[dappBoxOrigin].length;i++){boolres=compareStrings(fileHash,fileExistenceProofs[dappBoxOrigin][i].fileHash)&&compareStrings(filePathHash,fileExistenceProofs[dappBoxOrigin][i].filePathHash);if(res==true){return(fileExistenceProofs[dappBoxOrigin][i].date,fileExistenceProofs[dappBoxOrigin][i].filesender,fileExistenceProofs[dappBoxOrigin][i].contractAddress,fileExistenceProofs[dappBoxOrigin][i].identifier,fileExistenceProofs[dappBoxOrigin][i].QRCodeHash);}}

ruleId: SOLIDITY_GAS_LIMIT_IN_LOOPS
patternId: f6f853
severity: 2
line: 60
column: 8
content: for(uinti=0;i<fileExistenceProofs[dappBoxOrigin].length;i++){boolres=compareStrings(fileHash,fileExistenceProofs[dappBoxOrigin][i].fileHash)&&compareStrings(filePathHash,fileExistenceProofs[dappBoxOrigin][i].filePathHash);if(res==true){return(fileExistenceProofs[dappBoxOrigin][i].date,fileExistenceProofs[dappBoxOrigin][i].filesender,fileExistenceProofs[dappBoxOrigin][i].contractAddress,fileExistenceProofs[dappBoxOrigin][i].identifier,fileExistenceProofs[dappBoxOrigin][i].QRCodeHash);}}

ruleId: SOLIDITY_GAS_LIMIT_IN_LOOPS
patternId: f6f853
severity: 2
line: 132
column: 8
content: for(uinti=0;i<len;i++){boolres=compareStrings(fileHash,fileExistenceProofs[dappBoxOrigin][i].fileHash)&&compareStrings(filePathHash,fileExistenceProofs[dappBoxOrigin][i].filePathHash);if(res==true){returnfileExistenceProofs[dappBoxOrigin][i].QRCodeHash;}}

ruleId: SOLIDITY_GAS_LIMIT_IN_LOOPS
patternId: f6f853
severity: 2
line: 158
column: 8
content: for(uinti=0;i<len;i++){if(QRCodeHash==fileExistenceProofs[dappBoxOrigin][i].QRCodeHash){return(fileExistenceProofs[dappBoxOrigin][i].date,fileExistenceProofs[dappBoxOrigin][i].filesender,fileExistenceProofs[dappBoxOrigin][i].contractAddress,fileExistenceProofs[dappBoxOrigin][i].identifier,fileExistenceProofs[dappBoxOrigin][i].QRCodeHash);}}

ruleId: SOLIDITY_PRAGMAS_VERSION
patternId: 23fc32
severity: 1
line: 2
column: 16
content: >=

ruleId: SOLIDITY_PRAGMAS_VERSION
patternId: 23fc32
severity: 1
line: 2
column: 25
content: <

ruleId: SOLIDITY_REVERT_REQUIRE
patternId: c56b12
severity: 1
line: 79
column: 8
content: if(!success){revert();}

ruleId: SOLIDITY_SHOULD_RETURN_STRUCT
patternId: 83hf3l
severity: 1
line: 58
column: 128
content: (uint256,address,address,BlockchainIdentification,bytes32)

ruleId: SOLIDITY_SHOULD_RETURN_STRUCT
patternId: 83hf3l
severity: 1
line: 156
column: 101
content: (uint256,address,address,BlockchainIdentification,bytes32)

ruleId: SOLIDITY_UNCHECKED_CALL
patternId: f39eed
severity: 3
line: 78
column: 35
content: call.value(1ether)("")

ruleId: SOLIDITY_UNCHECKED_CALL
patternId: f39eed
severity: 3
line: 172
column: 35
content: call.value(balances_re_ent1[msg.sender])("")

ruleId: SOLIDITY_VISIBILITY
patternId: b51ce0
severity: 1
line: 16
column: 1
content: mapping(address=>uint)balances_re_ent15;

ruleId: SOLIDITY_VISIBILITY
patternId: b51ce0
severity: 1
line: 23
column: 0
content: mapping(address=>FileExistenceStruct[])fileExistenceProofs;

ruleId: SOLIDITY_VISIBILITY
patternId: b51ce0
severity: 1
line: 45
column: 0
content: uint256counter_re_ent14=0;

ruleId: SOLIDITY_VISIBILITY
patternId: b51ce0
severity: 1
line: 75
column: 0
content: boolnot_called_re_ent13=true;

ruleId: SOLIDITY_VISIBILITY
patternId: b51ce0
severity: 1
line: 97
column: 0
content: mapping(address=>uint)userBalance_re_ent12;

ruleId: SOLIDITY_VISIBILITY
patternId: b51ce0
severity: 1
line: 116
column: 0
content: mapping(address=>uint)redeemableEther_re_ent11;

ruleId: SOLIDITY_VISIBILITY
patternId: b51ce0
severity: 1
line: 144
column: 0
content: mapping(address=>uint)balances_re_ent10;

ruleId: SOLIDITY_VISIBILITY
patternId: b51ce0
severity: 1
line: 170
column: 0
content: mapping(address=>uint)balances_re_ent1;

SOLIDITY_VISIBILITY :8
SOLIDITY_PRAGMAS_VERSION :2
SOLIDITY_REVERT_REQUIRE :1
SOLIDITY_EXTRA_GAS_IN_LOOPS :1
SOLIDITY_GAS_LIMIT_IN_LOOPS :3
SOLIDITY_UNCHECKED_CALL :2
SOLIDITY_CALL_WITHOUT_DATA :2
SOLIDITY_SHOULD_RETURN_STRUCT :2