/data/buggy_12.sol
jar:file:/usr/local/lib/node_modules/@smartdec/smartcheck/jdeploy-bundle/smartcheck-2.0-jar-with-dependencies.jar!/solidity-rules.xmlruleId: SOLIDITY_ADDRESS_HARDCODED
patternId: adc165
severity: 1
line: 276
column: 16
content: 0x800A4B210B920020bE22668d28afd7ddef5c6243

ruleId: SOLIDITY_ADDRESS_HARDCODED
patternId: adc165
severity: 1
line: 331
column: 17
content: 0x96F7F180C6B53e9313Dc26589739FDC8200a699f

ruleId: SOLIDITY_EXACT_TIME
patternId: 1955d9
severity: 2
line: 103
column: 16
content: now!=pastBlockTime_tmstmp32

ruleId: SOLIDITY_EXACT_TIME
patternId: 1955d9
severity: 2
line: 105
column: 11
content: now%15==0

ruleId: SOLIDITY_EXACT_TIME
patternId: 1955d9
severity: 2
line: 118
column: 5
content: startTime+(5*1days)==block.timestamp

ruleId: SOLIDITY_EXACT_TIME
patternId: 1955d9
severity: 2
line: 142
column: 16
content: now!=pastBlockTime_tmstmp28

ruleId: SOLIDITY_EXACT_TIME
patternId: 1955d9
severity: 2
line: 144
column: 11
content: now%15==0

ruleId: SOLIDITY_EXACT_TIME
patternId: 1955d9
severity: 2
line: 160
column: 5
content: startTime+(5*1days)==block.timestamp

ruleId: SOLIDITY_EXACT_TIME
patternId: 1955d9
severity: 2
line: 178
column: 16
content: now!=pastBlockTime_tmstmp4

ruleId: SOLIDITY_EXACT_TIME
patternId: 1955d9
severity: 2
line: 180
column: 11
content: now%15==0

ruleId: SOLIDITY_EXACT_TIME
patternId: 1955d9
severity: 2
line: 214
column: 16
content: now!=pastBlockTime_tmstmp24

ruleId: SOLIDITY_EXACT_TIME
patternId: 1955d9
severity: 2
line: 216
column: 11
content: now%15==0

ruleId: SOLIDITY_EXACT_TIME
patternId: 1955d9
severity: 2
line: 258
column: 5
content: startTime+(5*1days)==block.timestamp

ruleId: SOLIDITY_EXACT_TIME
patternId: 1955d9
severity: 2
line: 294
column: 5
content: startTime+(5*1days)==block.timestamp

ruleId: SOLIDITY_EXACT_TIME
patternId: 1955d9
severity: 2
line: 304
column: 16
content: now!=pastBlockTime_tmstmp36

ruleId: SOLIDITY_EXACT_TIME
patternId: 1955d9
severity: 2
line: 306
column: 11
content: now%15==0

ruleId: SOLIDITY_EXACT_TIME
patternId: 1955d9
severity: 2
line: 324
column: 5
content: startTime+(5*1days)==block.timestamp

ruleId: SOLIDITY_EXACT_TIME
patternId: 1955d9
severity: 2
line: 336
column: 16
content: now!=pastBlockTime_tmstmp20

ruleId: SOLIDITY_EXACT_TIME
patternId: 1955d9
severity: 2
line: 338
column: 11
content: now%15==0

ruleId: SOLIDITY_EXACT_TIME
patternId: 1955d9
severity: 2
line: 350
column: 5
content: startTime+(5*1days)==block.timestamp

ruleId: SOLIDITY_EXACT_TIME
patternId: 1955d9
severity: 2
line: 368
column: 5
content: startTime+(5*1days)==block.timestamp

ruleId: SOLIDITY_EXACT_TIME
patternId: 1955d9
severity: 2
line: 385
column: 16
content: now!=pastBlockTime_tmstmp16

ruleId: SOLIDITY_EXACT_TIME
patternId: 1955d9
severity: 2
line: 387
column: 11
content: now%15==0

ruleId: SOLIDITY_EXACT_TIME
patternId: 1955d9
severity: 2
line: 406
column: 5
content: startTime+(5*1days)==block.timestamp

ruleId: SOLIDITY_EXACT_TIME
patternId: 1955d9
severity: 2
line: 422
column: 16
content: now!=pastBlockTime_tmstmp12

ruleId: SOLIDITY_EXACT_TIME
patternId: 1955d9
severity: 2
line: 424
column: 11
content: now%15==0

ruleId: SOLIDITY_EXACT_TIME
patternId: 1955d9
severity: 2
line: 453
column: 5
content: startTime+(5*1days)==block.timestamp

ruleId: SOLIDITY_PRAGMAS_VERSION
patternId: 23fc32
severity: 1
line: 3
column: 16
content: >=

ruleId: SOLIDITY_PRAGMAS_VERSION
patternId: 23fc32
severity: 1
line: 3
column: 25
content: <

ruleId: SOLIDITY_SAFEMATH
patternId: 837cac
severity: 1
line: 173
column: 4
content: usingSafeMathforuint;

ruleId: SOLIDITY_VISIBILITY
patternId: b51ce0
severity: 1
line: 110
column: 0
content: addresswinner_tmstmp31;

ruleId: SOLIDITY_VISIBILITY
patternId: b51ce0
severity: 1
line: 116
column: 0
content: addresswinner_tmstmp30;

ruleId: SOLIDITY_VISIBILITY
patternId: b51ce0
severity: 1
line: 121
column: 0
content: addresswinner_tmstmp3;

ruleId: SOLIDITY_VISIBILITY
patternId: b51ce0
severity: 1
line: 130
column: 2
content: uint256bugv_tmstmp3=block.timestamp;

ruleId: SOLIDITY_VISIBILITY
patternId: b51ce0
severity: 1
line: 132
column: 2
content: uint256bugv_tmstmp2=block.timestamp;

ruleId: SOLIDITY_VISIBILITY
patternId: b51ce0
severity: 1
line: 152
column: 0
content: addresswinner_tmstmp27;

ruleId: SOLIDITY_VISIBILITY
patternId: b51ce0
severity: 1
line: 158
column: 0
content: addresswinner_tmstmp26;

ruleId: SOLIDITY_VISIBILITY
patternId: b51ce0
severity: 1
line: 166
column: 2
content: uint256bugv_tmstmp1=block.timestamp;

ruleId: SOLIDITY_VISIBILITY
patternId: b51ce0
severity: 1
line: 184
column: 2
content: mapping(address=>uint256)balances;

ruleId: SOLIDITY_VISIBILITY
patternId: b51ce0
severity: 1
line: 247
column: 0
content: addresswinner_tmstmp23;

ruleId: SOLIDITY_VISIBILITY
patternId: b51ce0
severity: 1
line: 256
column: 0
content: addresswinner_tmstmp22;

ruleId: SOLIDITY_VISIBILITY
patternId: b51ce0
severity: 1
line: 267
column: 2
content: addresswinner_tmstmp39;

ruleId: SOLIDITY_VISIBILITY
patternId: b51ce0
severity: 1
line: 287
column: 0
content: uint256bugv_tmstmp5=block.timestamp;

ruleId: SOLIDITY_VISIBILITY
patternId: b51ce0
severity: 1
line: 292
column: 2
content: addresswinner_tmstmp38;

ruleId: SOLIDITY_VISIBILITY
patternId: b51ce0
severity: 1
line: 315
column: 2
content: addresswinner_tmstmp35;

ruleId: SOLIDITY_VISIBILITY
patternId: b51ce0
severity: 1
line: 322
column: 2
content: addresswinner_tmstmp34;

ruleId: SOLIDITY_VISIBILITY
patternId: b51ce0
severity: 1
line: 326
column: 2
content: mapping(address=>bool)lockAddresses;

ruleId: SOLIDITY_VISIBILITY
patternId: b51ce0
severity: 1
line: 348
column: 0
content: addresswinner_tmstmp2;

ruleId: SOLIDITY_VISIBILITY
patternId: b51ce0
severity: 1
line: 357
column: 0
content: addresswinner_tmstmp19;

ruleId: SOLIDITY_VISIBILITY
patternId: b51ce0
severity: 1
line: 366
column: 0
content: addresswinner_tmstmp18;

ruleId: SOLIDITY_VISIBILITY
patternId: b51ce0
severity: 1
line: 395
column: 0
content: addresswinner_tmstmp15;

ruleId: SOLIDITY_VISIBILITY
patternId: b51ce0
severity: 1
line: 404
column: 0
content: addresswinner_tmstmp14;

ruleId: SOLIDITY_VISIBILITY
patternId: b51ce0
severity: 1
line: 437
column: 0
content: uint256bugv_tmstmp4=block.timestamp;

ruleId: SOLIDITY_VISIBILITY
patternId: b51ce0
severity: 1
line: 442
column: 0
content: addresswinner_tmstmp11;

ruleId: SOLIDITY_VISIBILITY
patternId: b51ce0
severity: 1
line: 451
column: 0
content: addresswinner_tmstmp10;

SOLIDITY_VISIBILITY :25
SOLIDITY_SAFEMATH :1
SOLIDITY_PRAGMAS_VERSION :2
SOLIDITY_ADDRESS_HARDCODED :2
SOLIDITY_EXACT_TIME :25