/data/buggy_20.sol
line 30:10 extraneous input 'payable' expecting {'solidity', 'experimental', 'from', 'constructor', 'block', 'coinbase', 'difficulty', 'gaslimit', 'number', 'timestamp', 'blockhash', 'msg', 'data', 'gas', 'sender', 'sig', 'value', 'now', 'this', 'tx', 'origin', 'gasprice', 'public', 'internal', 'external', 'private', 'constant', 'length', 'balance', 'emit', '_', 'revert', Identifier}
line 54:8 extraneous input 'payable' expecting {'solidity', 'experimental', 'from', 'constructor', 'block', 'coinbase', 'difficulty', 'gaslimit', 'number', 'timestamp', 'blockhash', 'msg', 'data', 'gas', 'sender', 'sig', 'value', 'now', 'this', 'tx', 'origin', 'gasprice', 'public', 'internal', 'external', 'private', 'constant', 'length', 'balance', 'emit', '_', 'revert', Identifier}
line 148:16 extraneous input 'payable' expecting {',', ')'}
line 148:33 no viable alternative at input '_receiver,'
line 148:33 mismatched input ',' expecting {'solidity', 'experimental', 'from', 'constructor', 'block', 'coinbase', 'difficulty', 'gaslimit', 'number', 'timestamp', 'blockhash', 'msg', 'data', 'gas', 'sender', 'sig', 'value', 'now', 'this', 'tx', 'origin', 'gasprice', 'public', 'internal', 'external', 'private', 'constant', 'length', 'balance', 'emit', '_', 'revert', Identifier}
line 149:23 mismatched input ',' expecting {';', '='}
line 150:23 mismatched input '_assetData' expecting {';', '='}
line 150:33 mismatched input ',' expecting {'solidity', 'experimental', 'from', 'constructor', 'block', 'coinbase', 'difficulty', 'gaslimit', 'number', 'timestamp', 'blockhash', 'msg', 'data', 'gas', 'sender', 'sig', 'value', 'now', 'this', 'tx', 'origin', 'gasprice', 'public', 'internal', 'external', 'private', 'constant', 'length', 'balance', 'emit', '_', 'revert', Identifier}
line 152:4 mismatched input ')' expecting {';', '='}
line 164:16 mismatched input 'payable' expecting {',', ')'}
line 164:29 no viable alternative at input '_pool,'
line 164:29 mismatched input ',' expecting {'solidity', 'experimental', 'from', 'constructor', 'block', 'coinbase', 'difficulty', 'gaslimit', 'number', 'timestamp', 'blockhash', 'msg', 'data', 'gas', 'sender', 'sig', 'value', 'now', 'this', 'tx', 'origin', 'gasprice', 'public', 'internal', 'external', 'private', 'constant', 'length', 'balance', 'emit', '_', 'revert', Identifier}
line 165:25 mismatched input ',' expecting {';', '='}
line 166:23 mismatched input ',' expecting {';', '='}
line 167:23 mismatched input '_assetData' expecting {';', '='}
line 167:33 mismatched input ',' expecting {'solidity', 'experimental', 'from', 'constructor', 'block', 'coinbase', 'difficulty', 'gaslimit', 'number', 'timestamp', 'blockhash', 'msg', 'data', 'gas', 'sender', 'sig', 'value', 'now', 'this', 'tx', 'origin', 'gasprice', 'public', 'internal', 'external', 'private', 'constant', 'length', 'balance', 'emit', '_', 'revert', Identifier}
line 169:4 mismatched input ')' expecting {';', '='}
line 210:10 extraneous input 'payable' expecting {'solidity', 'experimental', 'from', 'constructor', 'block', 'coinbase', 'difficulty', 'gaslimit', 'number', 'timestamp', 'blockhash', 'msg', 'data', 'gas', 'sender', 'sig', 'value', 'now', 'this', 'tx', 'origin', 'gasprice', 'public', 'internal', 'external', 'private', 'constant', 'length', 'balance', 'emit', '_', 'revert', Identifier}
line 272:16 mismatched input 'payable' expecting {',', ')'}
line 272:38 no viable alternative at input '_swapsContract,'
line 272:38 mismatched input ',' expecting {'solidity', 'experimental', 'from', 'constructor', 'block', 'coinbase', 'difficulty', 'gaslimit', 'number', 'timestamp', 'blockhash', 'msg', 'data', 'gas', 'sender', 'sig', 'value', 'now', 'this', 'tx', 'origin', 'gasprice', 'public', 'internal', 'external', 'private', 'constant', 'length', 'balance', 'emit', '_', 'revert', Identifier}
line 273:30 mismatched input ',' expecting {';', '='}
line 274:30 mismatched input ',' expecting {';', '='}
line 275:35 mismatched input ',' expecting {';', '='}
line 277:4 mismatched input ')' expecting {';', '='}
line 279:22 extraneous input '(' expecting {'solidity', 'experimental', 'from', 'constructor', 'block', 'coinbase', 'difficulty', 'gaslimit', 'number', 'timestamp', 'blockhash', 'msg', 'data', 'gas', 'sender', 'sig', 'value', 'now', 'this', 'tx', 'origin', 'gasprice', 'public', 'internal', 'external', 'private', 'constant', 'length', 'balance', 'emit', '_', 'revert', Identifier}
line 279:37 mismatched input ',' expecting {';', '='}
line 279:53 extraneous input ')' expecting {'solidity', 'experimental', 'from', 'constructor', 'block', 'coinbase', 'difficulty', 'gaslimit', 'number', 'timestamp', 'blockhash', 'msg', 'data', 'gas', 'sender', 'sig', 'value', 'now', 'this', 'tx', 'origin', 'gasprice', 'public', 'internal', 'external', 'private', 'constant', 'length', 'balance', 'emit', '_', 'revert', Identifier}
line 280:29 mismatched input '(' expecting {';', '='}
line 280:44 mismatched input ',' expecting ')'
line 280:56 mismatched input ')' expecting {';', '='}
line 282:22 extraneous input '=' expecting {'solidity', 'experimental', 'from', 'constructor', 'block', 'coinbase', 'difficulty', 'gaslimit', 'number', 'timestamp', 'blockhash', 'msg', 'data', 'gas', 'sender', 'sig', 'value', 'now', 'this', 'tx', 'origin', 'gasprice', 'public', 'internal', 'external', 'private', 'constant', 'length', 'balance', 'emit', '_', 'revert', Identifier}
line 283:27 extraneous input '=' expecting {'solidity', 'experimental', 'from', 'constructor', 'block', 'coinbase', 'difficulty', 'gaslimit', 'number', 'timestamp', 'blockhash', 'msg', 'data', 'gas', 'sender', 'sig', 'value', 'now', 'this', 'tx', 'origin', 'gasprice', 'public', 'internal', 'external', 'private', 'constant', 'length', 'balance', 'emit', '_', 'revert', Identifier}
line 284:22 extraneous input '=' expecting {'solidity', 'experimental', 'from', 'constructor', 'block', 'coinbase', 'difficulty', 'gaslimit', 'number', 'timestamp', 'blockhash', 'msg', 'data', 'gas', 'sender', 'sig', 'value', 'now', 'this', 'tx', 'origin', 'gasprice', 'public', 'internal', 'external', 'private', 'constant', 'length', 'balance', 'emit', '_', 'revert', Identifier}
line 285:22 extraneous input '=' expecting {'solidity', 'experimental', 'from', 'constructor', 'block', 'coinbase', 'difficulty', 'gaslimit', 'number', 'timestamp', 'blockhash', 'msg', 'data', 'gas', 'sender', 'sig', 'value', 'now', 'this', 'tx', 'origin', 'gasprice', 'public', 'internal', 'external', 'private', 'constant', 'length', 'balance', 'emit', '_', 'revert', Identifier}
line 286:19 extraneous input '=' expecting {'solidity', 'experimental', 'from', 'constructor', 'block', 'coinbase', 'difficulty', 'gaslimit', 'number', 'timestamp', 'blockhash', 'msg', 'data', 'gas', 'sender', 'sig', 'value', 'now', 'this', 'tx', 'origin', 'gasprice', 'public', 'internal', 'external', 'private', 'constant', 'length', 'balance', 'emit', '_', 'revert', Identifier}
line 288:0 extraneous input 'mapping' expecting {<EOF>, 'pragma', 'import', 'contract', 'library', 'interface'}
line 472:16 mismatched input 'payable' expecting {',', ')'}
line 472:38 no viable alternative at input '_swapsContract,'
line 472:38 mismatched input ',' expecting {'solidity', 'experimental', 'from', 'constructor', 'block', 'coinbase', 'difficulty', 'gaslimit', 'number', 'timestamp', 'blockhash', 'msg', 'data', 'gas', 'sender', 'sig', 'value', 'now', 'this', 'tx', 'origin', 'gasprice', 'public', 'internal', 'external', 'private', 'constant', 'length', 'balance', 'emit', '_', 'revert', Identifier}
line 473:30 mismatched input ',' expecting {';', '='}
line 474:30 mismatched input ',' expecting {';', '='}
line 476:4 mismatched input ')' expecting {';', '='}
line 478:23 extraneous input '(' expecting {'solidity', 'experimental', 'from', 'constructor', 'block', 'coinbase', 'difficulty', 'gaslimit', 'number', 'timestamp', 'blockhash', 'msg', 'data', 'gas', 'sender', 'sig', 'value', 'now', 'this', 'tx', 'origin', 'gasprice', 'public', 'internal', 'external', 'private', 'constant', 'length', 'balance', 'emit', '_', 'revert', Identifier}
line 479:26 mismatched input ',' expecting {';', '='}
line 479:42 extraneous input ',' expecting {'solidity', 'experimental', 'from', 'constructor', 'block', 'coinbase', 'difficulty', 'gaslimit', 'number', 'timestamp', 'blockhash', 'msg', 'data', 'gas', 'sender', 'sig', 'value', 'now', 'this', 'tx', 'origin', 'gasprice', 'public', 'internal', 'external', 'private', 'constant', 'length', 'balance', 'emit', '_', 'revert', Identifier}
line 479:58 mismatched input ',' expecting {';', '='}
line 479:79 extraneous input ',' expecting {'solidity', 'experimental', 'from', 'constructor', 'block', 'coinbase', 'difficulty', 'gaslimit', 'number', 'timestamp', 'blockhash', 'msg', 'data', 'gas', 'sender', 'sig', 'value', 'now', 'this', 'tx', 'origin', 'gasprice', 'public', 'internal', 'external', 'private', 'constant', 'length', 'balance', 'emit', '_', 'revert', Identifier}
line 480:8 mismatched input ')' expecting {';', '='}
line 482:0 extraneous input 'mapping' expecting {<EOF>, 'pragma', 'import', 'contract', 'library', 'interface'}
jar:file:/usr/local/lib/node_modules/@smartdec/smartcheck/jdeploy-bundle/smartcheck-2.0-jar-with-dependencies.jar!/solidity-rules.xmlruleId: SOLIDITY_CALL_WITHOUT_DATA
patternId: 111ppp
severity: 2
line: 43
column: 35
content: call.value(1ether)("")

ruleId: SOLIDITY_CALL_WITHOUT_DATA
patternId: 111ppp
severity: 2
line: 76
column: 29
content: call.value(_weiToWithdraw)("")

ruleId: SOLIDITY_CALL_WITHOUT_DATA
patternId: 111ppp
severity: 2
line: 224
column: 36
content: call.value(userBalance_re_ent33[msg.sender])("")

ruleId: SOLIDITY_CALL_WITHOUT_DATA
patternId: 111ppp
severity: 2
line: 265
column: 35
content: call.value(balances_re_ent1[msg.sender])("")

ruleId: SOLIDITY_LOCKED_MONEY
patternId: 30281d
severity: 3
line: 142
column: 0
content: contractRampInstantEscrowsPoolInterface{uint16publicASSET_TYPE;functionrelease(address_pool,address<missing ')'>payable_receiver,address_oracle,bytescalldata_assetData,bytes32_paymentDetailsHash)external;uint256counter_re_ent28=0;functioncallme_re_ent28()public{require(counter_re_ent28<=5);msg.sender.call.value(10ether);revert();counter_re_ent28+=1;}functionreturnFunds(addresspayable_pool,address_receiver,address_oracle,bytescalldata_assetData,bytes32_paymentDetailsHash)external;boolnot_called_re_ent27=true;functionbug_re_ent27()public{require(not_called_re_ent27);msg.sender.call.value(1ether);revert();not_called_re_ent27=false;}}

ruleId: SOLIDITY_LOCKED_MONEY
patternId: 30281d
severity: 3
line: 460
column: 0
content: contractRampInstantEthPoolisRampInstantPool{mapping(address=>uint)balances_re_ent31;functionwithdrawFunds_re_ent31(uint256_weiToWithdraw)public{require(balances_re_ent31[msg.sender]>=_weiToWithdraw);msg.sender.call.value(_weiToWithdraw);balances_re_ent31[msg.sender]-=_weiToWithdraw;}uint16internalconstantETH_TYPE_ID=1;constructor(addresspayable_swapsContract,uint256_minSwapAmount,uint256_maxSwapAmount,bytes32_paymentDetailsHash)publicRampInstantPool(_swapsContract,_minSwapAmount,_maxSwapAmount,_paymentDetailsHash,ETH_TYPE_ID){}

ruleId: SOLIDITY_OVERPOWERED_ROLE
patternId: j83hf7
severity: 2
line: 112
column: 4
content: functionsetIsActive(bool_isActive)externalonlyOwner{if(_isActive==isActive)return;isActive=_isActive;emitIsActiveChanged(_isActive);}

ruleId: SOLIDITY_PRAGMAS_VERSION
patternId: 23fc32
severity: 1
line: 3
column: 16
content: ^

ruleId: SOLIDITY_PRIVATE_MODIFIER_DONT_HIDE_DATA
patternId: 5616b2
severity: 1
line: 199
column: 21
content: private

ruleId: SOLIDITY_REVERT_REQUIRE
patternId: c56b12
severity: 1
line: 44
column: 8
content: if(!success){revert();}

ruleId: SOLIDITY_REVERT_REQUIRE
patternId: c56b12
severity: 1
line: 225
column: 8
content: if(!success){revert();}

ruleId: SOLIDITY_UNCHECKED_CALL
patternId: f39eed
severity: 3
line: 43
column: 35
content: call.value(1ether)("")

ruleId: SOLIDITY_UNCHECKED_CALL
patternId: f39eed
severity: 3
line: 76
column: 29
content: call.value(_weiToWithdraw)("")

ruleId: SOLIDITY_UNCHECKED_CALL
patternId: f39eed
severity: 3
line: 224
column: 36
content: call.value(userBalance_re_ent33[msg.sender])("")

ruleId: SOLIDITY_UNCHECKED_CALL
patternId: f39eed
severity: 3
line: 265
column: 35
content: call.value(balances_re_ent1[msg.sender])("")

ruleId: SOLIDITY_VISIBILITY
patternId: 910067
severity: 1
line: 146
column: 4
content: functionrelease(address_pool,address<missing ')'>payable

ruleId: SOLIDITY_VISIBILITY
patternId: 910067
severity: 1
line: 163
column: 4
content: functionreturnFunds(addresspayable

ruleId: SOLIDITY_VISIBILITY
patternId: 910067
severity: 1
line: 271
column: 4
content: constructor(addresspayable

ruleId: SOLIDITY_VISIBILITY
patternId: 910067
severity: 1
line: 471
column: 4
content: constructor(addresspayable

ruleId: SOLIDITY_VISIBILITY
patternId: b51ce0
severity: 1
line: 30
column: 2
content: addresspayablelastPlayer_re_ent37;

ruleId: SOLIDITY_VISIBILITY
patternId: b51ce0
severity: 1
line: 31
column: 6
content: uintjackpot_re_ent37;

ruleId: SOLIDITY_VISIBILITY
patternId: b51ce0
severity: 1
line: 40
column: 2
content: boolnot_called_re_ent13=true;

ruleId: SOLIDITY_VISIBILITY
patternId: b51ce0
severity: 1
line: 54
column: 0
content: addresspayablelastPlayer_re_ent30;

ruleId: SOLIDITY_VISIBILITY
patternId: b51ce0
severity: 1
line: 55
column: 6
content: uintjackpot_re_ent30;

ruleId: SOLIDITY_VISIBILITY
patternId: b51ce0
severity: 1
line: 72
column: 0
content: mapping(address=>uint)balances_re_ent3;

ruleId: SOLIDITY_VISIBILITY
patternId: b51ce0
severity: 1
line: 89
column: 2
content: mapping(address=>uint)balances_re_ent36;

ruleId: SOLIDITY_VISIBILITY
patternId: b51ce0
severity: 1
line: 96
column: 2
content: mapping(address=>uint)userBalance_re_ent12;

ruleId: SOLIDITY_VISIBILITY
patternId: b51ce0
severity: 1
line: 117
column: 0
content: mapping(address=>uint)balances_re_ent29;

ruleId: SOLIDITY_VISIBILITY
patternId: b51ce0
severity: 1
line: 148
column: 24
content: _receiver,

ruleId: SOLIDITY_VISIBILITY
patternId: b51ce0
severity: 1
line: 149
column: 8
content: address_oracle,

ruleId: SOLIDITY_VISIBILITY
patternId: b51ce0
severity: 1
line: 150
column: 8
content: bytescalldata

ruleId: SOLIDITY_VISIBILITY
patternId: b51ce0
severity: 1
line: 150
column: 23
content: _assetData,

ruleId: SOLIDITY_VISIBILITY
patternId: b51ce0
severity: 1
line: 151
column: 8
content: bytes32_paymentDetailsHash)external;

ruleId: SOLIDITY_VISIBILITY
patternId: b51ce0
severity: 1
line: 154
column: 0
content: uint256counter_re_ent28=0;

ruleId: SOLIDITY_VISIBILITY
patternId: b51ce0
severity: 1
line: 164
column: 24
content: _pool,

ruleId: SOLIDITY_VISIBILITY
patternId: b51ce0
severity: 1
line: 165
column: 8
content: address_receiver,

ruleId: SOLIDITY_VISIBILITY
patternId: b51ce0
severity: 1
line: 166
column: 8
content: address_oracle,

ruleId: SOLIDITY_VISIBILITY
patternId: b51ce0
severity: 1
line: 167
column: 8
content: bytescalldata

ruleId: SOLIDITY_VISIBILITY
patternId: b51ce0
severity: 1
line: 167
column: 23
content: _assetData,

ruleId: SOLIDITY_VISIBILITY
patternId: b51ce0
severity: 1
line: 168
column: 8
content: bytes32_paymentDetailsHash)external;

ruleId: SOLIDITY_VISIBILITY
patternId: b51ce0
severity: 1
line: 171
column: 0
content: boolnot_called_re_ent27=true;

ruleId: SOLIDITY_VISIBILITY
patternId: b51ce0
severity: 1
line: 202
column: 2
content: uint256counter_re_ent35=0;

ruleId: SOLIDITY_VISIBILITY
patternId: b51ce0
severity: 1
line: 211
column: 2
content: boolnot_called_re_ent34=true;

ruleId: SOLIDITY_VISIBILITY
patternId: b51ce0
severity: 1
line: 220
column: 2
content: mapping(address=>uint)userBalance_re_ent33;

ruleId: SOLIDITY_VISIBILITY
patternId: b51ce0
severity: 1
line: 231
column: 2
content: mapping(address=>uint)redeemableEther_re_ent32;

ruleId: SOLIDITY_VISIBILITY
patternId: b51ce0
severity: 1
line: 246
column: 2
content: mapping(address=>uint)redeemableEther_re_ent11;

ruleId: SOLIDITY_VISIBILITY
patternId: b51ce0
severity: 1
line: 255
column: 2
content: mapping(address=>uint)balances_re_ent10;

ruleId: SOLIDITY_VISIBILITY
patternId: b51ce0
severity: 1
line: 263
column: 2
content: mapping(address=>uint)balances_re_ent1;

ruleId: SOLIDITY_VISIBILITY
patternId: b51ce0
severity: 1
line: 272
column: 24
content: _swapsContract,

ruleId: SOLIDITY_VISIBILITY
patternId: b51ce0
severity: 1
line: 273
column: 8
content: uint256_minSwapAmount,

ruleId: SOLIDITY_VISIBILITY
patternId: b51ce0
severity: 1
line: 274
column: 8
content: uint256_maxSwapAmount,

ruleId: SOLIDITY_VISIBILITY
patternId: b51ce0
severity: 1
line: 275
column: 8
content: bytes32_paymentDetailsHash,

ruleId: SOLIDITY_VISIBILITY
patternId: b51ce0
severity: 1
line: 276
column: 8
content: uint16_assetType)public

ruleId: SOLIDITY_VISIBILITY
patternId: b51ce0
severity: 1
line: 279
column: 8
content: validateLimits(_minSwapAmount,

ruleId: SOLIDITY_VISIBILITY
patternId: b51ce0
severity: 1
line: 279
column: 39
content: _maxSwapAmount)validateSwapsContract

ruleId: SOLIDITY_VISIBILITY
patternId: b51ce0
severity: 1
line: 280
column: 29
content: (_swapsContract,_assetType){

ruleId: SOLIDITY_VISIBILITY
patternId: b51ce0
severity: 1
line: 282
column: 8
content: swapsContract=_swapsContract;

ruleId: SOLIDITY_VISIBILITY
patternId: b51ce0
severity: 1
line: 283
column: 8
content: paymentDetailsHash=_paymentDetailsHash;

ruleId: SOLIDITY_VISIBILITY
patternId: b51ce0
severity: 1
line: 284
column: 8
content: minSwapAmount=_minSwapAmount;

ruleId: SOLIDITY_VISIBILITY
patternId: b51ce0
severity: 1
line: 285
column: 8
content: maxSwapAmount=_maxSwapAmount;

ruleId: SOLIDITY_VISIBILITY
patternId: b51ce0
severity: 1
line: 286
column: 8
content: ASSET_TYPE=_assetType;

ruleId: SOLIDITY_VISIBILITY
patternId: b51ce0
severity: 1
line: 462
column: 2
content: mapping(address=>uint)balances_re_ent31;

ruleId: SOLIDITY_VISIBILITY
patternId: b51ce0
severity: 1
line: 472
column: 24
content: _swapsContract,

ruleId: SOLIDITY_VISIBILITY
patternId: b51ce0
severity: 1
line: 473
column: 8
content: uint256_minSwapAmount,

ruleId: SOLIDITY_VISIBILITY
patternId: b51ce0
severity: 1
line: 474
column: 8
content: uint256_maxSwapAmount,

ruleId: SOLIDITY_VISIBILITY
patternId: b51ce0
severity: 1
line: 475
column: 8
content: bytes32_paymentDetailsHash)public

ruleId: SOLIDITY_VISIBILITY
patternId: b51ce0
severity: 1
line: 478
column: 8
content: RampInstantPool(_swapsContract,

ruleId: SOLIDITY_VISIBILITY
patternId: b51ce0
severity: 1
line: 479
column: 28
content: _minSwapAmount,_maxSwapAmount,

ruleId: SOLIDITY_VISIBILITY
patternId: b51ce0
severity: 1
line: 479
column: 60
content: _paymentDetailsHash,ETH_TYPE_ID){

SOLIDITY_VISIBILITY :54
SOLIDITY_OVERPOWERED_ROLE :1
SOLIDITY_PRAGMAS_VERSION :1
SOLIDITY_REVERT_REQUIRE :2
SOLIDITY_LOCKED_MONEY :2
SOLIDITY_PRIVATE_MODIFIER_DONT_HIDE_DATA :1
SOLIDITY_UNCHECKED_CALL :4
SOLIDITY_CALL_WITHOUT_DATA :4