/data/buggy_18.sol
jar:file:/usr/local/lib/node_modules/@smartdec/smartcheck/jdeploy-bundle/smartcheck-2.0-jar-with-dependencies.jar!/solidity-rules.xmlruleId: SOLIDITY_ADDRESS_HARDCODED
patternId: a91b18
severity: 1
line: 143
column: 8
content: newOwner=address(0)

ruleId: SOLIDITY_ADDRESS_HARDCODED
patternId: a91b18
severity: 1
line: 368
column: 30
content: balances[address(0)]

ruleId: SOLIDITY_ADDRESS_HARDCODED
patternId: a91b18
severity: 1
line: 401
column: 8
content: balances[address(0)]

ruleId: SOLIDITY_ADDRESS_HARDCODED
patternId: a91b18
severity: 1
line: 401
column: 31
content: balances[address(0)]

ruleId: SOLIDITY_ADDRESS_HARDCODED
patternId: a91b18
severity: 1
line: 446
column: 8
content: balances[address(0)]

ruleId: SOLIDITY_ADDRESS_HARDCODED
patternId: a91b18
severity: 1
line: 446
column: 31
content: balances[address(0)]

ruleId: SOLIDITY_DIV_MUL
patternId: 09hhh1
severity: 2
line: 289
column: 44
content: miningTarget.div(2000).mul(excess_block_pct_extra)

ruleId: SOLIDITY_DIV_MUL
patternId: 09hhh1
severity: 2
line: 294
column: 44
content: miningTarget.div(2000).mul(shortage_block_pct_extra)

ruleId: SOLIDITY_ERC20_APPROVE
patternId: af782c
severity: 2
line: 420
column: 4
content: functionapprove(addressspender,uinttokens)publicreturns(boolsuccess){allowed[msg.sender][spender]=tokens;emitApproval(msg.sender,spender,tokens);returntrue;}

ruleId: SOLIDITY_PRAGMAS_VERSION
patternId: 23fc32
severity: 1
line: 3
column: 16
content: >=

ruleId: SOLIDITY_REDUNDANT_FALLBACK_REJECT
patternId: b85a32
severity: 1
line: 486
column: 33
content: {revert();}

ruleId: SOLIDITY_REVERT_REQUIRE
patternId: c56b12
severity: 1
line: 204
column: 8
content: if(locked)revert();

ruleId: SOLIDITY_REVERT_REQUIRE
patternId: c56b12
severity: 1
line: 227
column: 8
content: if(digest!=challenge_digest)revert();

ruleId: SOLIDITY_REVERT_REQUIRE
patternId: c56b12
severity: 1
line: 229
column: 8
content: if(uint256(digest)>miningTarget)revert();

ruleId: SOLIDITY_REVERT_REQUIRE
patternId: c56b12
severity: 1
line: 233
column: 8
content: if(solution!=0x0)revert();

ruleId: SOLIDITY_REVERT_REQUIRE
patternId: c56b12
severity: 1
line: 356
column: 8
content: if(uint256(digest)>testTarget)revert();

ruleId: SOLIDITY_SAFEMATH
patternId: 837cac
severity: 1
line: 158
column: 4
content: usingSafeMathforuint;

ruleId: SOLIDITY_UNCHECKED_CALL
patternId: f39eed
severity: 3
line: 62
column: 17
content: send(1ether)

ruleId: SOLIDITY_UNCHECKED_CALL
patternId: f39eed
severity: 3
line: 66
column: 17
content: send(1ether)

ruleId: SOLIDITY_UNCHECKED_CALL
patternId: f39eed
severity: 3
line: 70
column: 17
content: send(1ether)

ruleId: SOLIDITY_UNCHECKED_CALL
patternId: f39eed
severity: 3
line: 74
column: 17
content: send(1ether)

ruleId: SOLIDITY_UNCHECKED_CALL
patternId: f39eed
severity: 3
line: 78
column: 17
content: send(1ether)

ruleId: SOLIDITY_UNCHECKED_CALL
patternId: f39eed
severity: 3
line: 81
column: 17
content: send(1ether)

ruleId: SOLIDITY_UNCHECKED_CALL
patternId: f39eed
severity: 3
line: 85
column: 17
content: send(1ether)

ruleId: SOLIDITY_UNCHECKED_CALL
patternId: f39eed
severity: 3
line: 101
column: 17
content: send(1ether)

ruleId: SOLIDITY_UNCHECKED_CALL
patternId: f39eed
severity: 3
line: 116
column: 17
content: send(1ether)

ruleId: SOLIDITY_UNCHECKED_CALL
patternId: f39eed
severity: 3
line: 124
column: 17
content: send(1ether)

ruleId: SOLIDITY_UNCHECKED_CALL
patternId: f39eed
severity: 3
line: 136
column: 17
content: send(1ether)

ruleId: SOLIDITY_UNCHECKED_CALL
patternId: f39eed
severity: 3
line: 146
column: 17
content: send(1ether)

ruleId: SOLIDITY_UNCHECKED_CALL
patternId: f39eed
severity: 3
line: 190
column: 17
content: send(1ether)

ruleId: SOLIDITY_UNCHECKED_CALL
patternId: f39eed
severity: 3
line: 220
column: 17
content: send(1ether)

ruleId: SOLIDITY_UNCHECKED_CALL
patternId: f39eed
severity: 3
line: 248
column: 17
content: send(1ether)

ruleId: SOLIDITY_UNCHECKED_CALL
patternId: f39eed
severity: 3
line: 272
column: 17
content: send(1ether)

ruleId: SOLIDITY_UNCHECKED_CALL
patternId: f39eed
severity: 3
line: 307
column: 17
content: send(1ether)

ruleId: SOLIDITY_UNCHECKED_CALL
patternId: f39eed
severity: 3
line: 315
column: 17
content: send(1ether)

ruleId: SOLIDITY_UNCHECKED_CALL
patternId: f39eed
severity: 3
line: 323
column: 17
content: send(1ether)

ruleId: SOLIDITY_UNCHECKED_CALL
patternId: f39eed
severity: 3
line: 330
column: 17
content: send(1ether)

ruleId: SOLIDITY_UNCHECKED_CALL
patternId: f39eed
severity: 3
line: 341
column: 17
content: send(1ether)

ruleId: SOLIDITY_UNCHECKED_CALL
patternId: f39eed
severity: 3
line: 350
column: 17
content: send(1ether)

ruleId: SOLIDITY_UNCHECKED_CALL
patternId: f39eed
severity: 3
line: 360
column: 17
content: send(1ether)

ruleId: SOLIDITY_UNCHECKED_CALL
patternId: f39eed
severity: 3
line: 371
column: 17
content: send(1ether)

ruleId: SOLIDITY_UNCHECKED_CALL
patternId: f39eed
severity: 3
line: 382
column: 17
content: send(1ether)

ruleId: SOLIDITY_UNCHECKED_CALL
patternId: f39eed
severity: 3
line: 408
column: 17
content: send(1ether)

ruleId: SOLIDITY_UNCHECKED_CALL
patternId: f39eed
severity: 3
line: 426
column: 17
content: send(1ether)

ruleId: SOLIDITY_UNCHECKED_CALL
patternId: f39eed
severity: 3
line: 451
column: 17
content: send(1ether)

ruleId: SOLIDITY_UNCHECKED_CALL
patternId: f39eed
severity: 3
line: 463
column: 17
content: send(1ether)

ruleId: SOLIDITY_UNCHECKED_CALL
patternId: f39eed
severity: 3
line: 479
column: 17
content: send(1ether)

ruleId: SOLIDITY_UNCHECKED_CALL
patternId: f39eed
severity: 3
line: 490
column: 17
content: send(1ether)

ruleId: SOLIDITY_UNCHECKED_CALL
patternId: f39eed
severity: 3
line: 501
column: 17
content: send(1ether)

ruleId: SOLIDITY_VISIBILITY
patternId: b51ce0
severity: 1
line: 182
column: 4
content: boollocked=false;

ruleId: SOLIDITY_VISIBILITY
patternId: b51ce0
severity: 1
line: 183
column: 4
content: mapping(bytes32=>bytes32)solutionForChallenge;

ruleId: SOLIDITY_VISIBILITY
patternId: b51ce0
severity: 1
line: 185
column: 4
content: mapping(address=>uint)balances;

ruleId: SOLIDITY_VISIBILITY
patternId: b51ce0
severity: 1
line: 186
column: 4
content: mapping(address=>mapping(address=>uint))allowed;

SOLIDITY_VISIBILITY :4
SOLIDITY_SAFEMATH :1
SOLIDITY_PRAGMAS_VERSION :1
SOLIDITY_REVERT_REQUIRE :5
SOLIDITY_ADDRESS_HARDCODED :6
SOLIDITY_UNCHECKED_CALL :32
SOLIDITY_DIV_MUL :2
SOLIDITY_REDUNDANT_FALLBACK_REJECT :1
SOLIDITY_ERC20_APPROVE :1