/data/buggy_14.sol
line 70:37 mismatched input 'payable' expecting {',', ')'}
line 70:53 no viable alternative at input 'receiver,'
line 70:53 mismatched input ',' expecting {'solidity', 'experimental', 'from', 'constructor', 'block', 'coinbase', 'difficulty', 'gaslimit', 'number', 'timestamp', 'blockhash', 'msg', 'data', 'gas', 'sender', 'sig', 'value', 'now', 'this', 'tx', 'origin', 'gasprice', 'public', 'internal', 'external', 'private', 'constant', 'length', 'balance', 'emit', '_', 'revert', Identifier}
line 70:66 mismatched input ',' expecting {';', '='}
line 70:91 mismatched input ')' expecting {';', '='}
line 71:9 extraneous input '(' expecting {'solidity', 'experimental', 'from', 'constructor', 'block', 'coinbase', 'difficulty', 'gaslimit', 'number', 'timestamp', 'blockhash', 'msg', 'data', 'gas', 'sender', 'sig', 'value', 'now', 'this', 'tx', 'origin', 'gasprice', 'public', 'internal', 'external', 'private', 'constant', 'length', 'balance', 'emit', '_', 'revert', Identifier}
line 71:12 mismatched input '.' expecting {';', '='}
line 71:20 extraneous input '==' expecting {'solidity', 'experimental', 'from', 'constructor', 'block', 'coinbase', 'difficulty', 'gaslimit', 'number', 'timestamp', 'blockhash', 'msg', 'data', 'gas', 'sender', 'sig', 'value', 'now', 'this', 'tx', 'origin', 'gasprice', 'public', 'internal', 'external', 'private', 'constant', 'length', 'balance', 'emit', '_', 'revert', Identifier}
line 71:39 extraneous input ')' expecting {';', '='}
line 72:18 extraneous input '(' expecting {'solidity', 'experimental', 'from', 'constructor', 'block', 'coinbase', 'difficulty', 'gaslimit', 'number', 'timestamp', 'blockhash', 'msg', 'data', 'gas', 'sender', 'sig', 'value', 'now', 'this', 'tx', 'origin', 'gasprice', 'public', 'internal', 'external', 'private', 'constant', 'length', 'balance', 'emit', '_', 'revert', Identifier}
line 72:25 extraneous input ')' expecting {';', '='}
line 74:2 extraneous input 'uint8' expecting {<EOF>, 'pragma', 'import', 'contract', 'library', 'interface'}
line 204:37 mismatched input 'payable' expecting {',', ')'}
line 204:53 no viable alternative at input 'receiver,'
line 204:53 mismatched input ',' expecting {'solidity', 'experimental', 'from', 'constructor', 'block', 'coinbase', 'difficulty', 'gaslimit', 'number', 'timestamp', 'blockhash', 'msg', 'data', 'gas', 'sender', 'sig', 'value', 'now', 'this', 'tx', 'origin', 'gasprice', 'public', 'internal', 'external', 'private', 'constant', 'length', 'balance', 'emit', '_', 'revert', Identifier}
line 204:66 mismatched input ',' expecting {';', '='}
line 204:91 mismatched input ')' expecting {';', '='}
line 205:9 extraneous input '(' expecting {'solidity', 'experimental', 'from', 'constructor', 'block', 'coinbase', 'difficulty', 'gaslimit', 'number', 'timestamp', 'blockhash', 'msg', 'data', 'gas', 'sender', 'sig', 'value', 'now', 'this', 'tx', 'origin', 'gasprice', 'public', 'internal', 'external', 'private', 'constant', 'length', 'balance', 'emit', '_', 'revert', Identifier}
line 205:12 mismatched input '.' expecting {';', '='}
line 205:20 extraneous input '==' expecting {'solidity', 'experimental', 'from', 'constructor', 'block', 'coinbase', 'difficulty', 'gaslimit', 'number', 'timestamp', 'blockhash', 'msg', 'data', 'gas', 'sender', 'sig', 'value', 'now', 'this', 'tx', 'origin', 'gasprice', 'public', 'internal', 'external', 'private', 'constant', 'length', 'balance', 'emit', '_', 'revert', Identifier}
line 205:39 extraneous input ')' expecting {';', '='}
line 206:18 extraneous input '(' expecting {'solidity', 'experimental', 'from', 'constructor', 'block', 'coinbase', 'difficulty', 'gaslimit', 'number', 'timestamp', 'blockhash', 'msg', 'data', 'gas', 'sender', 'sig', 'value', 'now', 'this', 'tx', 'origin', 'gasprice', 'public', 'internal', 'external', 'private', 'constant', 'length', 'balance', 'emit', '_', 'revert', Identifier}
line 206:25 extraneous input ')' expecting {';', '='}
line 208:2 extraneous input 'uint8' expecting {<EOF>, 'pragma', 'import', 'contract', 'library', 'interface'}
line 266:34 mismatched input 'payable' expecting {',', ')'}
line 266:50 no viable alternative at input 'receiver,'
line 266:50 mismatched input ',' expecting {'solidity', 'experimental', 'from', 'constructor', 'block', 'coinbase', 'difficulty', 'gaslimit', 'number', 'timestamp', 'blockhash', 'msg', 'data', 'gas', 'sender', 'sig', 'value', 'now', 'this', 'tx', 'origin', 'gasprice', 'public', 'internal', 'external', 'private', 'constant', 'length', 'balance', 'emit', '_', 'revert', Identifier}
line 266:63 mismatched input ',' expecting {';', '='}
line 266:87 mismatched input ')' expecting {';', '='}
line 267:9 extraneous input '(' expecting {'solidity', 'experimental', 'from', 'constructor', 'block', 'coinbase', 'difficulty', 'gaslimit', 'number', 'timestamp', 'blockhash', 'msg', 'data', 'gas', 'sender', 'sig', 'value', 'now', 'this', 'tx', 'origin', 'gasprice', 'public', 'internal', 'external', 'private', 'constant', 'length', 'balance', 'emit', '_', 'revert', Identifier}
line 267:12 mismatched input '.' expecting {';', '='}
line 267:20 extraneous input '==' expecting {'solidity', 'experimental', 'from', 'constructor', 'block', 'coinbase', 'difficulty', 'gaslimit', 'number', 'timestamp', 'blockhash', 'msg', 'data', 'gas', 'sender', 'sig', 'value', 'now', 'this', 'tx', 'origin', 'gasprice', 'public', 'internal', 'external', 'private', 'constant', 'length', 'balance', 'emit', '_', 'revert', Identifier}
line 267:38 extraneous input ')' expecting {';', '='}
line 268:18 extraneous input '(' expecting {'solidity', 'experimental', 'from', 'constructor', 'block', 'coinbase', 'difficulty', 'gaslimit', 'number', 'timestamp', 'blockhash', 'msg', 'data', 'gas', 'sender', 'sig', 'value', 'now', 'this', 'tx', 'origin', 'gasprice', 'public', 'internal', 'external', 'private', 'constant', 'length', 'balance', 'emit', '_', 'revert', Identifier}
line 268:25 extraneous input ')' expecting {';', '='}
line 270:0 extraneous input '}' expecting {<EOF>, 'pragma', 'import', 'contract', 'library', 'interface'}
jar:file:/usr/local/lib/node_modules/@smartdec/smartcheck/jdeploy-bundle/smartcheck-2.0-jar-with-dependencies.jar!/solidity-rules.xmlruleId: SOLIDITY_LOCKED_MONEY
patternId: 30281d
severity: 3
line: 67
column: 0
content: contractERC20isIERC20{usingSafeMathforuint256;functionsendto_txorigin29(addresspayablereceiver,uintamount,addressowner_txorigin29)public{require(tx.origin==owner_txorigin29);receiver.transfer(amount);}

ruleId: SOLIDITY_LOCKED_MONEY
patternId: 30281d
severity: 3
line: 201
column: 0
content: contractERC20DetailedisIERC20{stringprivate_name;stringprivate_symbol;functionsendto_txorigin25(addresspayablereceiver,uintamount,addressowner_txorigin25)public{require(tx.origin==owner_txorigin25);receiver.transfer(amount);}

ruleId: SOLIDITY_LOCKED_MONEY
patternId: 30281d
severity: 3
line: 253
column: 0
content: contractSaveWonisERC20,ERC20Detailed{functionbug_txorigin24(addressowner_txorigin24)public{require(tx.origin==owner_txorigin24);}uint8publicconstantDECIMALS=18;uint256publicconstantINITIAL_SUPPLY=50000000000*(10**uint256(DECIMALS));constructor()publicERC20Detailed("SaveWon","SVW",DECIMALS){_mint(msg.sender,INITIAL_SUPPLY);}functionsendto_txorigin1(addresspayablereceiver,uintamount,addressowner_txorigin1)public{require(tx.origin==owner_txorigin1);receiver.transfer(amount);}

ruleId: SOLIDITY_PRAGMAS_VERSION
patternId: 23fc32
severity: 1
line: 3
column: 16
content: ^

ruleId: SOLIDITY_PRIVATE_MODIFIER_DONT_HIDE_DATA
patternId: 5616b2
severity: 1
line: 202
column: 11
content: private

ruleId: SOLIDITY_PRIVATE_MODIFIER_DONT_HIDE_DATA
patternId: 5616b2
severity: 1
line: 203
column: 11
content: private

ruleId: SOLIDITY_SAFEMATH
patternId: 837cac
severity: 1
line: 69
column: 4
content: usingSafeMathforuint256;

ruleId: SOLIDITY_TX_ORIGIN
patternId: 12e802
severity: 2
line: 255
column: 16
content: tx.origin

ruleId: SOLIDITY_VISIBILITY
patternId: 910067
severity: 1
line: 70
column: 2
content: functionsendto_txorigin29(addresspayable

ruleId: SOLIDITY_VISIBILITY
patternId: 910067
severity: 1
line: 204
column: 2
content: functionsendto_txorigin25(addresspayable

ruleId: SOLIDITY_VISIBILITY
patternId: 910067
severity: 1
line: 266
column: 0
content: functionsendto_txorigin1(addresspayable

ruleId: SOLIDITY_VISIBILITY
patternId: b51ce0
severity: 1
line: 70
column: 45
content: receiver,

ruleId: SOLIDITY_VISIBILITY
patternId: b51ce0
severity: 1
line: 70
column: 55
content: uintamount,

ruleId: SOLIDITY_VISIBILITY
patternId: b51ce0
severity: 1
line: 70
column: 67
content: addressowner_txorigin29)public{

ruleId: SOLIDITY_VISIBILITY
patternId: b51ce0
severity: 1
line: 71
column: 1
content: require(tx.

ruleId: SOLIDITY_VISIBILITY
patternId: b51ce0
severity: 1
line: 71
column: 13
content: origin==owner_txorigin29);

ruleId: SOLIDITY_VISIBILITY
patternId: b51ce0
severity: 1
line: 72
column: 1
content: receiver.transfer(amount);

ruleId: SOLIDITY_VISIBILITY
patternId: b51ce0
severity: 1
line: 204
column: 45
content: receiver,

ruleId: SOLIDITY_VISIBILITY
patternId: b51ce0
severity: 1
line: 204
column: 55
content: uintamount,

ruleId: SOLIDITY_VISIBILITY
patternId: b51ce0
severity: 1
line: 204
column: 67
content: addressowner_txorigin25)public{

ruleId: SOLIDITY_VISIBILITY
patternId: b51ce0
severity: 1
line: 205
column: 1
content: require(tx.

ruleId: SOLIDITY_VISIBILITY
patternId: b51ce0
severity: 1
line: 205
column: 13
content: origin==owner_txorigin25);

ruleId: SOLIDITY_VISIBILITY
patternId: b51ce0
severity: 1
line: 206
column: 1
content: receiver.transfer(amount);

ruleId: SOLIDITY_VISIBILITY
patternId: b51ce0
severity: 1
line: 266
column: 42
content: receiver,

ruleId: SOLIDITY_VISIBILITY
patternId: b51ce0
severity: 1
line: 266
column: 52
content: uintamount,

ruleId: SOLIDITY_VISIBILITY
patternId: b51ce0
severity: 1
line: 266
column: 64
content: addressowner_txorigin1)public{

ruleId: SOLIDITY_VISIBILITY
patternId: b51ce0
severity: 1
line: 267
column: 1
content: require(tx.

ruleId: SOLIDITY_VISIBILITY
patternId: b51ce0
severity: 1
line: 267
column: 13
content: origin==owner_txorigin1);

ruleId: SOLIDITY_VISIBILITY
patternId: b51ce0
severity: 1
line: 268
column: 1
content: receiver.transfer(amount);

SOLIDITY_VISIBILITY :21
SOLIDITY_SAFEMATH :1
SOLIDITY_PRAGMAS_VERSION :1
SOLIDITY_LOCKED_MONEY :3
SOLIDITY_PRIVATE_MODIFIER_DONT_HIDE_DATA :2
SOLIDITY_TX_ORIGIN :1