/data/buggy_38.sol
jar:file:/usr/local/lib/node_modules/@smartdec/smartcheck/jdeploy-bundle/smartcheck-2.0-jar-with-dependencies.jar!/solidity-rules.xmlruleId: SOLIDITY_DIV_MUL
patternId: 09hhh1
severity: 2
line: 46
column: 11
content: mul(div(d,m),m)

ruleId: SOLIDITY_ERC20_APPROVE
patternId: af782c
severity: 2
line: 270
column: 2
content: functionapprove(addressspender,uint256value)publicreturns(bool){require(spender!=address(0));_allowed[msg.sender][spender]=value;emitApproval(msg.sender,spender,value);returntrue;}

ruleId: SOLIDITY_EXTRA_GAS_IN_LOOPS
patternId: d3j11j
severity: 1
line: 255
column: 4
content: for(uint256i=0;i<receivers.length;i++){transfer(receivers[i],amounts[i]);}

ruleId: SOLIDITY_GAS_LIMIT_IN_LOOPS
patternId: f6f853
severity: 2
line: 255
column: 4
content: for(uint256i=0;i<receivers.length;i++){transfer(receivers[i],amounts[i]);}

ruleId: SOLIDITY_PRAGMAS_VERSION
patternId: 23fc32
severity: 1
line: 3
column: 16
content: ^

ruleId: SOLIDITY_PRIVATE_MODIFIER_DONT_HIDE_DATA
patternId: 5616b2
severity: 1
line: 56
column: 9
content: private

ruleId: SOLIDITY_PRIVATE_MODIFIER_DONT_HIDE_DATA
patternId: 5616b2
severity: 1
line: 65
column: 9
content: private

ruleId: SOLIDITY_PRIVATE_MODIFIER_DONT_HIDE_DATA
patternId: 5616b2
severity: 1
line: 76
column: 8
content: private

ruleId: SOLIDITY_PRIVATE_MODIFIER_DONT_HIDE_DATA
patternId: 5616b2
severity: 1
line: 130
column: 31
content: private

ruleId: SOLIDITY_PRIVATE_MODIFIER_DONT_HIDE_DATA
patternId: 5616b2
severity: 1
line: 135
column: 52
content: private

ruleId: SOLIDITY_SAFEMATH
patternId: 837cac
severity: 1
line: 125
column: 2
content: usingSafeMathforuint256;

ruleId: SOLIDITY_UINT_CANT_BE_NEGATIVE
patternId: 733fdd
severity: 2
line: 60
column: 12
content: balances_intou34[msg.sender]-_value>=0

ruleId: SOLIDITY_UINT_CANT_BE_NEGATIVE
patternId: 733fdd
severity: 2
line: 86
column: 12
content: balances_intou26[msg.sender]-_value>=0

ruleId: SOLIDITY_UINT_CANT_BE_NEGATIVE
patternId: 733fdd
severity: 2
line: 140
column: 12
content: balances_intou30[msg.sender]-_value>=0

ruleId: SOLIDITY_UINT_CANT_BE_NEGATIVE
patternId: 733fdd
severity: 2
line: 179
column: 12
content: balances_intou22[msg.sender]-_value>=0

ruleId: SOLIDITY_UINT_CANT_BE_NEGATIVE
patternId: 733fdd
severity: 2
line: 213
column: 12
content: balances_intou2[msg.sender]-_value>=0

ruleId: SOLIDITY_UINT_CANT_BE_NEGATIVE
patternId: 733fdd
severity: 2
line: 248
column: 12
content: balances_intou18[msg.sender]-_value>=0

ruleId: SOLIDITY_UINT_CANT_BE_NEGATIVE
patternId: 733fdd
severity: 2
line: 315
column: 12
content: balances_intou14[msg.sender]-_value>=0

ruleId: SOLIDITY_UINT_CANT_BE_NEGATIVE
patternId: 733fdd
severity: 2
line: 366
column: 12
content: balances_intou10[msg.sender]-_value>=0

ruleId: SOLIDITY_VISIBILITY
patternId: b51ce0
severity: 1
line: 57
column: 0
content: mapping(address=>uint)balances_intou34;

ruleId: SOLIDITY_VISIBILITY
patternId: b51ce0
severity: 1
line: 83
column: 0
content: mapping(address=>uint)balances_intou26;

ruleId: SOLIDITY_VISIBILITY
patternId: b51ce0
severity: 1
line: 137
column: 0
content: mapping(address=>uint)balances_intou30;

ruleId: SOLIDITY_VISIBILITY
patternId: b51ce0
severity: 1
line: 145
column: 2
content: stringconstanttokenName="BIGBOMB";

ruleId: SOLIDITY_VISIBILITY
patternId: b51ce0
severity: 1
line: 150
column: 2
content: stringconstanttokenSymbol="BBOMB";

ruleId: SOLIDITY_VISIBILITY
patternId: b51ce0
severity: 1
line: 161
column: 2
content: uint8constanttokenDecimals=18;

ruleId: SOLIDITY_VISIBILITY
patternId: b51ce0
severity: 1
line: 166
column: 2
content: uint256_totalSupply=800000000000000000000000;

ruleId: SOLIDITY_VISIBILITY
patternId: b51ce0
severity: 1
line: 176
column: 0
content: mapping(address=>uint)balances_intou22;

ruleId: SOLIDITY_VISIBILITY
patternId: b51ce0
severity: 1
line: 210
column: 0
content: mapping(address=>uint)balances_intou2;

ruleId: SOLIDITY_VISIBILITY
patternId: b51ce0
severity: 1
line: 245
column: 0
content: mapping(address=>uint)balances_intou18;

ruleId: SOLIDITY_VISIBILITY
patternId: b51ce0
severity: 1
line: 312
column: 0
content: mapping(address=>uint)balances_intou14;

ruleId: SOLIDITY_VISIBILITY
patternId: b51ce0
severity: 1
line: 363
column: 0
content: mapping(address=>uint)balances_intou10;

SOLIDITY_VISIBILITY :12
SOLIDITY_SAFEMATH :1
SOLIDITY_PRAGMAS_VERSION :1
SOLIDITY_PRIVATE_MODIFIER_DONT_HIDE_DATA :5
SOLIDITY_EXTRA_GAS_IN_LOOPS :1
SOLIDITY_UINT_CANT_BE_NEGATIVE :8
SOLIDITY_GAS_LIMIT_IN_LOOPS :1
SOLIDITY_DIV_MUL :1
SOLIDITY_ERC20_APPROVE :1