/data/buggy_46.sol
jar:file:/usr/local/lib/node_modules/@smartdec/smartcheck/jdeploy-bundle/smartcheck-2.0-jar-with-dependencies.jar!/solidity-rules.xmlruleId: SOLIDITY_EXTRA_GAS_IN_LOOPS
patternId: d3j11j
severity: 1
line: 59
column: 8
content: for(uinti=0;i<fileExistenceProofs[dappBoxOrigin].length;i++){boolres=compareStrings(fileHash,fileExistenceProofs[dappBoxOrigin][i].fileHash)&&compareStrings(filePathHash,fileExistenceProofs[dappBoxOrigin][i].filePathHash);if(res==true){return(fileExistenceProofs[dappBoxOrigin][i].date,fileExistenceProofs[dappBoxOrigin][i].filesender,fileExistenceProofs[dappBoxOrigin][i].contractAddress,fileExistenceProofs[dappBoxOrigin][i].identifier,fileExistenceProofs[dappBoxOrigin][i].QRCodeHash);}}

ruleId: SOLIDITY_GAS_LIMIT_IN_LOOPS
patternId: f6f853
severity: 2
line: 59
column: 8
content: for(uinti=0;i<fileExistenceProofs[dappBoxOrigin].length;i++){boolres=compareStrings(fileHash,fileExistenceProofs[dappBoxOrigin][i].fileHash)&&compareStrings(filePathHash,fileExistenceProofs[dappBoxOrigin][i].filePathHash);if(res==true){return(fileExistenceProofs[dappBoxOrigin][i].date,fileExistenceProofs[dappBoxOrigin][i].filesender,fileExistenceProofs[dappBoxOrigin][i].contractAddress,fileExistenceProofs[dappBoxOrigin][i].identifier,fileExistenceProofs[dappBoxOrigin][i].QRCodeHash);}}

ruleId: SOLIDITY_GAS_LIMIT_IN_LOOPS
patternId: f6f853
severity: 2
line: 123
column: 8
content: for(uinti=0;i<len;i++){boolres=compareStrings(fileHash,fileExistenceProofs[dappBoxOrigin][i].fileHash)&&compareStrings(filePathHash,fileExistenceProofs[dappBoxOrigin][i].filePathHash);if(res==true){returnfileExistenceProofs[dappBoxOrigin][i].QRCodeHash;}}

ruleId: SOLIDITY_GAS_LIMIT_IN_LOOPS
patternId: f6f853
severity: 2
line: 150
column: 8
content: for(uinti=0;i<len;i++){if(QRCodeHash==fileExistenceProofs[dappBoxOrigin][i].QRCodeHash){return(fileExistenceProofs[dappBoxOrigin][i].date,fileExistenceProofs[dappBoxOrigin][i].filesender,fileExistenceProofs[dappBoxOrigin][i].contractAddress,fileExistenceProofs[dappBoxOrigin][i].identifier,fileExistenceProofs[dappBoxOrigin][i].QRCodeHash);}}

ruleId: SOLIDITY_PRAGMAS_VERSION
patternId: 23fc32
severity: 1
line: 2
column: 16
content: >=

ruleId: SOLIDITY_PRAGMAS_VERSION
patternId: 23fc32
severity: 1
line: 2
column: 25
content: <

ruleId: SOLIDITY_SHOULD_RETURN_STRUCT
patternId: 83hf3l
severity: 1
line: 57
column: 128
content: (uint256,address,address,BlockchainIdentification,bytes32)

ruleId: SOLIDITY_SHOULD_RETURN_STRUCT
patternId: 83hf3l
severity: 1
line: 148
column: 101
content: (uint256,address,address,BlockchainIdentification,bytes32)

ruleId: SOLIDITY_UINT_CANT_BE_NEGATIVE
patternId: 733fdd
severity: 2
line: 47
column: 12
content: balances_intou14[msg.sender]-_value>=0

ruleId: SOLIDITY_UINT_CANT_BE_NEGATIVE
patternId: 733fdd
severity: 2
line: 138
column: 12
content: balances_intou10[msg.sender]-_value>=0

ruleId: SOLIDITY_VISIBILITY
patternId: b51ce0
severity: 1
line: 22
column: 0
content: mapping(address=>FileExistenceStruct[])fileExistenceProofs;

ruleId: SOLIDITY_VISIBILITY
patternId: b51ce0
severity: 1
line: 44
column: 0
content: mapping(address=>uint)balances_intou14;

ruleId: SOLIDITY_VISIBILITY
patternId: b51ce0
severity: 1
line: 135
column: 0
content: mapping(address=>uint)balances_intou10;

SOLIDITY_VISIBILITY :3
SOLIDITY_PRAGMAS_VERSION :2
SOLIDITY_EXTRA_GAS_IN_LOOPS :1
SOLIDITY_UINT_CANT_BE_NEGATIVE :2
SOLIDITY_GAS_LIMIT_IN_LOOPS :3
SOLIDITY_SHOULD_RETURN_STRUCT :2