/data/buggy_25.sol
line 19:10 extraneous input 'payable' expecting {'solidity', 'experimental', 'from', 'constructor', 'block', 'coinbase', 'difficulty', 'gaslimit', 'number', 'timestamp', 'blockhash', 'msg', 'data', 'gas', 'sender', 'sig', 'value', 'now', 'this', 'tx', 'origin', 'gasprice', 'public', 'internal', 'external', 'private', 'constant', 'length', 'balance', 'emit', '_', 'revert', Identifier}
line 51:12 extraneous input 'payable' expecting {'solidity', 'experimental', 'from', 'constructor', 'block', 'coinbase', 'difficulty', 'gaslimit', 'number', 'timestamp', 'blockhash', 'msg', 'data', 'gas', 'sender', 'sig', 'value', 'now', 'this', 'tx', 'origin', 'gasprice', 'length', 'balance', 'memory', 'storage', 'emit', '_', 'revert', Identifier}
line 167:8 extraneous input 'payable' expecting {'solidity', 'experimental', 'from', 'constructor', 'block', 'coinbase', 'difficulty', 'gaslimit', 'number', 'timestamp', 'blockhash', 'msg', 'data', 'gas', 'sender', 'sig', 'value', 'now', 'this', 'tx', 'origin', 'gasprice', 'public', 'internal', 'external', 'private', 'constant', 'length', 'balance', 'emit', '_', 'revert', Identifier}
line 298:8 extraneous input 'payable' expecting {'solidity', 'experimental', 'from', 'constructor', 'block', 'coinbase', 'difficulty', 'gaslimit', 'number', 'timestamp', 'blockhash', 'msg', 'data', 'gas', 'sender', 'sig', 'value', 'now', 'this', 'tx', 'origin', 'gasprice', 'public', 'internal', 'external', 'private', 'constant', 'length', 'balance', 'emit', '_', 'revert', Identifier}
line 322:31 mismatched input 'payable' expecting {',', ')'}
line 322:49 no viable alternative at input '_newOwner)'
line 322:49 extraneous input ')' expecting {'solidity', 'experimental', 'from', 'constructor', 'block', 'coinbase', 'difficulty', 'gaslimit', 'number', 'timestamp', 'blockhash', 'msg', 'data', 'gas', 'sender', 'sig', 'value', 'now', 'this', 'tx', 'origin', 'gasprice', 'public', 'internal', 'external', 'private', 'constant', 'length', 'balance', 'emit', '_', 'revert', Identifier}
line 322:70 mismatched input '{' expecting {';', '='}
line 323:10 extraneous input '=' expecting {'solidity', 'experimental', 'from', 'constructor', 'block', 'coinbase', 'difficulty', 'gaslimit', 'number', 'timestamp', 'blockhash', 'msg', 'data', 'gas', 'sender', 'sig', 'value', 'now', 'this', 'tx', 'origin', 'gasprice', 'public', 'internal', 'external', 'private', 'constant', 'length', 'balance', 'emit', '_', 'revert', Identifier}
line 325:0 extraneous input 'mapping' expecting {<EOF>, 'pragma', 'import', 'contract', 'library', 'interface'}
jar:file:/usr/local/lib/node_modules/@smartdec/smartcheck/jdeploy-bundle/smartcheck-2.0-jar-with-dependencies.jar!/solidity-rules.xmlruleId: SOLIDITY_CALL_WITHOUT_DATA
patternId: 111ppp
severity: 2
line: 61
column: 36
content: call.value(userBalance_re_ent26[msg.sender])("")

ruleId: SOLIDITY_CALL_WITHOUT_DATA
patternId: 111ppp
severity: 2
line: 88
column: 35
content: call.value(1ether)("")

ruleId: SOLIDITY_CALL_WITHOUT_DATA
patternId: 111ppp
severity: 2
line: 124
column: 35
content: call.value(balances_re_ent1[msg.sender])("")

ruleId: SOLIDITY_CALL_WITHOUT_DATA
patternId: 111ppp
severity: 2
line: 193
column: 35
content: call.value(balances_re_ent21[msg.sender])("")

ruleId: SOLIDITY_EXTRA_GAS_IN_LOOPS
patternId: d3j11j
severity: 1
line: 256
column: 4
content: for(uinti=0;i<betList[_fixtureId].length;i++){uint16selectedTeam=betList[_fixtureId][i].selectedTeam;uint256returnEth=(betList[_fixtureId][i].stake*betList[_fixtureId][i].odd)/1000;if((selectedTeam==1&&_homeDrawAway==1)||(selectedTeam==2&&_homeDrawAway==2)||(selectedTeam==3&&_homeDrawAway==3)||(selectedTeam==4&&_overUnder==1)||(selectedTeam==5&&_overUnder==2)||(selectedTeam==6&&(_homeDrawAway==1||_homeDrawAway==2))||(selectedTeam==7&&(_homeDrawAway==1||_homeDrawAway==3))||(selectedTeam==8&&(_homeDrawAway==3||_homeDrawAway==2))){betList[_fixtureId][i].player.transfer(returnEth);}}

ruleId: SOLIDITY_GAS_LIMIT_IN_LOOPS
patternId: f6f853
severity: 2
line: 256
column: 4
content: for(uinti=0;i<betList[_fixtureId].length;i++){uint16selectedTeam=betList[_fixtureId][i].selectedTeam;uint256returnEth=(betList[_fixtureId][i].stake*betList[_fixtureId][i].odd)/1000;if((selectedTeam==1&&_homeDrawAway==1)||(selectedTeam==2&&_homeDrawAway==2)||(selectedTeam==3&&_homeDrawAway==3)||(selectedTeam==4&&_overUnder==1)||(selectedTeam==5&&_overUnder==2)||(selectedTeam==6&&(_homeDrawAway==1||_homeDrawAway==2))||(selectedTeam==7&&(_homeDrawAway==1||_homeDrawAway==3))||(selectedTeam==8&&(_homeDrawAway==3||_homeDrawAway==2))){betList[_fixtureId][i].player.transfer(returnEth);}}

ruleId: SOLIDITY_OVERPOWERED_ROLE
patternId: j83hf7
severity: 2
line: 144
column: 2
content: functionsetOpenStatus(uint64_fixtureId,uint8_open_status)externalonlyOwner{gameList[_fixtureId].open_status=_open_status;}

ruleId: SOLIDITY_OVERPOWERED_ROLE
patternId: j83hf7
severity: 2
line: 177
column: 2
content: functionsetGameInfo(uint64_fixtureId,uint256_timestamp,uint32_odd_homeTeam,uint32_odd_drawTeam,uint32_odd_awayTeam,uint32_odd_over,uint32_odd_under,uint32_odd_homeTeamAndDraw,uint32_odd_homeAndAwayTeam,uint32_odd_awayTeamAndDraw,uint8_open_status)externalonlyOwner{gameList[_fixtureId].timestamp=_timestamp;gameList[_fixtureId].odd_homeTeam=_odd_homeTeam;gameList[_fixtureId].odd_drawTeam=_odd_drawTeam;gameList[_fixtureId].odd_awayTeam=_odd_awayTeam;gameList[_fixtureId].odd_over=_odd_over;gameList[_fixtureId].odd_under=_odd_under;gameList[_fixtureId].odd_homeTeamAndDraw=_odd_homeTeamAndDraw;gameList[_fixtureId].odd_homeAndAwayTeam=_odd_homeAndAwayTeam;gameList[_fixtureId].odd_awayTeamAndDraw=_odd_awayTeamAndDraw;gameList[_fixtureId].open_status=_open_status;gameList[_fixtureId].isDone=false;emitSetGame(_fixtureId,_timestamp,_odd_homeTeam,_odd_drawTeam,_odd_awayTeam,_odd_over,_odd_under,_odd_homeTeamAndDraw,_odd_homeAndAwayTeam,_odd_awayTeamAndDraw,_open_status);}

ruleId: SOLIDITY_PRAGMAS_VERSION
patternId: 23fc32
severity: 1
line: 3
column: 16
content: ^

ruleId: SOLIDITY_REVERT_REQUIRE
patternId: c56b12
severity: 1
line: 62
column: 8
content: if(!success){revert();}

ruleId: SOLIDITY_REVERT_REQUIRE
patternId: c56b12
severity: 1
line: 89
column: 8
content: if(!success){revert();}

ruleId: SOLIDITY_REVERT_REQUIRE
patternId: c56b12
severity: 1
line: 221
column: 11
content: if(_selectedTeam==8){require(gameList[_fixtureId].odd_awayTeamAndDraw==_odd);}else{revert();}

ruleId: SOLIDITY_TRANSFER_IN_LOOP
patternId: 8jdj43
severity: 2
line: 256
column: 4
content: for(uinti=0;i<betList[_fixtureId].length;i++){uint16selectedTeam=betList[_fixtureId][i].selectedTeam;uint256returnEth=(betList[_fixtureId][i].stake*betList[_fixtureId][i].odd)/1000;if((selectedTeam==1&&_homeDrawAway==1)||(selectedTeam==2&&_homeDrawAway==2)||(selectedTeam==3&&_homeDrawAway==3)||(selectedTeam==4&&_overUnder==1)||(selectedTeam==5&&_overUnder==2)||(selectedTeam==6&&(_homeDrawAway==1||_homeDrawAway==2))||(selectedTeam==7&&(_homeDrawAway==1||_homeDrawAway==3))||(selectedTeam==8&&(_homeDrawAway==3||_homeDrawAway==2))){betList[_fixtureId][i].player.transfer(returnEth);}}

ruleId: SOLIDITY_UNCHECKED_CALL
patternId: f39eed
severity: 3
line: 61
column: 36
content: call.value(userBalance_re_ent26[msg.sender])("")

ruleId: SOLIDITY_UNCHECKED_CALL
patternId: f39eed
severity: 3
line: 88
column: 35
content: call.value(1ether)("")

ruleId: SOLIDITY_UNCHECKED_CALL
patternId: f39eed
severity: 3
line: 124
column: 35
content: call.value(balances_re_ent1[msg.sender])("")

ruleId: SOLIDITY_UNCHECKED_CALL
patternId: f39eed
severity: 3
line: 193
column: 35
content: call.value(balances_re_ent21[msg.sender])("")

ruleId: SOLIDITY_VISIBILITY
patternId: 910067
severity: 1
line: 322
column: 2
content: functionchangeOwner(addresspayable

ruleId: SOLIDITY_VISIBILITY
patternId: b51ce0
severity: 1
line: 11
column: 0
content: uint256counter_re_ent28=0;

ruleId: SOLIDITY_VISIBILITY
patternId: b51ce0
severity: 1
line: 39
column: 0
content: boolnot_called_re_ent27=true;

ruleId: SOLIDITY_VISIBILITY
patternId: b51ce0
severity: 1
line: 57
column: 0
content: mapping(address=>uint)userBalance_re_ent26;

ruleId: SOLIDITY_VISIBILITY
patternId: b51ce0
severity: 1
line: 70
column: 0
content: mapping(address=>uint)balances_re_ent15;

ruleId: SOLIDITY_VISIBILITY
patternId: b51ce0
severity: 1
line: 76
column: 0
content: uint256counter_re_ent14=0;

ruleId: SOLIDITY_VISIBILITY
patternId: b51ce0
severity: 1
line: 85
column: 0
content: boolnot_called_re_ent13=true;

ruleId: SOLIDITY_VISIBILITY
patternId: b51ce0
severity: 1
line: 95
column: 0
content: mapping(address=>uint)userBalance_re_ent12;

ruleId: SOLIDITY_VISIBILITY
patternId: b51ce0
severity: 1
line: 105
column: 0
content: mapping(address=>uint)redeemableEther_re_ent11;

ruleId: SOLIDITY_VISIBILITY
patternId: b51ce0
severity: 1
line: 114
column: 0
content: mapping(address=>uint)balances_re_ent10;

ruleId: SOLIDITY_VISIBILITY
patternId: b51ce0
severity: 1
line: 122
column: 0
content: mapping(address=>uint)balances_re_ent1;

ruleId: SOLIDITY_VISIBILITY
patternId: b51ce0
severity: 1
line: 134
column: 0
content: mapping(address=>uint)redeemableEther_re_ent25;

ruleId: SOLIDITY_VISIBILITY
patternId: b51ce0
severity: 1
line: 147
column: 0
content: mapping(address=>uint)balances_re_ent24;

ruleId: SOLIDITY_VISIBILITY
patternId: b51ce0
severity: 1
line: 167
column: 0
content: addresspayablelastPlayer_re_ent23;

ruleId: SOLIDITY_VISIBILITY
patternId: b51ce0
severity: 1
line: 168
column: 6
content: uintjackpot_re_ent23;

ruleId: SOLIDITY_VISIBILITY
patternId: b51ce0
severity: 1
line: 191
column: 0
content: mapping(address=>uint)balances_re_ent21;

ruleId: SOLIDITY_VISIBILITY
patternId: b51ce0
severity: 1
line: 237
column: 0
content: uint256counter_re_ent21=0;

ruleId: SOLIDITY_VISIBILITY
patternId: b51ce0
severity: 1
line: 279
column: 0
content: boolnot_called_re_ent20=true;

ruleId: SOLIDITY_VISIBILITY
patternId: b51ce0
severity: 1
line: 298
column: 0
content: addresspayablelastPlayer_re_ent2;

ruleId: SOLIDITY_VISIBILITY
patternId: b51ce0
severity: 1
line: 299
column: 6
content: uintjackpot_re_ent2;

ruleId: SOLIDITY_VISIBILITY
patternId: b51ce0
severity: 1
line: 311
column: 0
content: mapping(address=>uint)userBalance_re_ent19;

ruleId: SOLIDITY_VISIBILITY
patternId: b51ce0
severity: 1
line: 323
column: 4
content: owner=_newOwner;

SOLIDITY_VISIBILITY :22
SOLIDITY_OVERPOWERED_ROLE :2
SOLIDITY_PRAGMAS_VERSION :1
SOLIDITY_REVERT_REQUIRE :3
SOLIDITY_EXTRA_GAS_IN_LOOPS :1
SOLIDITY_GAS_LIMIT_IN_LOOPS :1
SOLIDITY_UNCHECKED_CALL :4
SOLIDITY_CALL_WITHOUT_DATA :4
SOLIDITY_TRANSFER_IN_LOOP :1