/data/buggy_28.sol
line 57:40 mismatched input 'payable' expecting {',', ')'}
line 57:58 no viable alternative at input '_recipient,'
line 57:58 mismatched input ',' expecting {'solidity', 'experimental', 'from', 'constructor', 'block', 'coinbase', 'difficulty', 'gaslimit', 'number', 'timestamp', 'blockhash', 'msg', 'data', 'gas', 'sender', 'sig', 'value', 'now', 'this', 'tx', 'origin', 'gasprice', 'public', 'internal', 'external', 'private', 'constant', 'length', 'balance', 'emit', '_', 'revert', Identifier}
line 57:83 mismatched input ')' expecting {';', '='}
line 58:15 extraneous input '(' expecting {'solidity', 'experimental', 'from', 'constructor', 'block', 'coinbase', 'difficulty', 'gaslimit', 'number', 'timestamp', 'blockhash', 'msg', 'data', 'gas', 'sender', 'sig', 'value', 'now', 'this', 'tx', 'origin', 'gasprice', 'public', 'internal', 'external', 'private', 'constant', 'length', 'balance', 'emit', '_', 'revert', Identifier}
line 58:18 mismatched input '.' expecting {';', '='}
line 58:26 extraneous input '==' expecting {'solidity', 'experimental', 'from', 'constructor', 'block', 'coinbase', 'difficulty', 'gaslimit', 'number', 'timestamp', 'blockhash', 'msg', 'data', 'gas', 'sender', 'sig', 'value', 'now', 'this', 'tx', 'origin', 'gasprice', 'public', 'internal', 'external', 'private', 'constant', 'length', 'balance', 'emit', '_', 'revert', Identifier}
line 58:45 extraneous input ')' expecting {';', '='}
line 59:27 mismatched input '(' expecting {'solidity', 'experimental', 'from', 'constructor', 'block', 'coinbase', 'difficulty', 'gaslimit', 'number', 'timestamp', 'blockhash', 'msg', 'data', 'gas', 'sender', 'sig', 'value', 'now', 'this', 'tx', 'origin', 'gasprice', 'public', 'internal', 'external', 'private', 'constant', 'length', 'balance', 'emit', '_', 'revert', Identifier}
line 59:35 mismatched input '(' expecting ')'
line 59:41 extraneous input '.' expecting {'solidity', 'experimental', 'from', 'constructor', 'block', 'coinbase', 'difficulty', 'gaslimit', 'number', 'timestamp', 'blockhash', 'msg', 'data', 'gas', 'sender', 'sig', 'value', 'now', 'this', 'tx', 'origin', 'gasprice', 'public', 'internal', 'external', 'private', 'constant', 'length', 'balance', 'emit', '_', 'revert', Identifier}
line 59:49 extraneous input ')' expecting {';', '='}
line 61:2 extraneous input 'string' expecting {<EOF>, 'pragma', 'import', 'contract', 'library', 'interface'}
line 115:40 mismatched input 'payable' expecting {',', ')'}
line 115:58 no viable alternative at input '_recipient,'
line 115:58 mismatched input ',' expecting {'solidity', 'experimental', 'from', 'constructor', 'block', 'coinbase', 'difficulty', 'gaslimit', 'number', 'timestamp', 'blockhash', 'msg', 'data', 'gas', 'sender', 'sig', 'value', 'now', 'this', 'tx', 'origin', 'gasprice', 'public', 'internal', 'external', 'private', 'constant', 'length', 'balance', 'emit', '_', 'revert', Identifier}
line 115:83 mismatched input ')' expecting {';', '='}
line 116:15 extraneous input '(' expecting {'solidity', 'experimental', 'from', 'constructor', 'block', 'coinbase', 'difficulty', 'gaslimit', 'number', 'timestamp', 'blockhash', 'msg', 'data', 'gas', 'sender', 'sig', 'value', 'now', 'this', 'tx', 'origin', 'gasprice', 'public', 'internal', 'external', 'private', 'constant', 'length', 'balance', 'emit', '_', 'revert', Identifier}
line 116:18 mismatched input '.' expecting {';', '='}
line 116:26 extraneous input '==' expecting {'solidity', 'experimental', 'from', 'constructor', 'block', 'coinbase', 'difficulty', 'gaslimit', 'number', 'timestamp', 'blockhash', 'msg', 'data', 'gas', 'sender', 'sig', 'value', 'now', 'this', 'tx', 'origin', 'gasprice', 'public', 'internal', 'external', 'private', 'constant', 'length', 'balance', 'emit', '_', 'revert', Identifier}
line 116:45 extraneous input ')' expecting {';', '='}
line 117:27 mismatched input '(' expecting {'solidity', 'experimental', 'from', 'constructor', 'block', 'coinbase', 'difficulty', 'gaslimit', 'number', 'timestamp', 'blockhash', 'msg', 'data', 'gas', 'sender', 'sig', 'value', 'now', 'this', 'tx', 'origin', 'gasprice', 'public', 'internal', 'external', 'private', 'constant', 'length', 'balance', 'emit', '_', 'revert', Identifier}
line 117:35 mismatched input '(' expecting ')'
line 117:41 extraneous input '.' expecting {'solidity', 'experimental', 'from', 'constructor', 'block', 'coinbase', 'difficulty', 'gaslimit', 'number', 'timestamp', 'blockhash', 'msg', 'data', 'gas', 'sender', 'sig', 'value', 'now', 'this', 'tx', 'origin', 'gasprice', 'public', 'internal', 'external', 'private', 'constant', 'length', 'balance', 'emit', '_', 'revert', Identifier}
line 117:49 extraneous input ')' expecting {';', '='}
line 119:2 extraneous input 'string' expecting {<EOF>, 'pragma', 'import', 'contract', 'library', 'interface'}
jar:file:/usr/local/lib/node_modules/@smartdec/smartcheck/jdeploy-bundle/smartcheck-2.0-jar-with-dependencies.jar!/solidity-rules.xmlruleId: SOLIDITY_DIV_MUL
patternId: 09hhh1
severity: 2
line: 46
column: 11
content: mul(div(d,m),m)

ruleId: SOLIDITY_LOCKED_MONEY
patternId: 30281d
severity: 3
line: 50
column: 0
content: contractERC20DetailedisIERC20{functiontransferTo_txorigin35(addressto,uintamount,addressowner_txorigin35)public{require(tx.origin==owner_txorigin35);to.call.value(amount);}stringprivate_name;functionwithdrawAll_txorigin34(addresspayable_recipient,addressowner_txorigin34)public{require(tx.origin==owner_txorigin34);_recipient.transfer(address<missing ';'>(this).balance);}

ruleId: SOLIDITY_LOCKED_MONEY
patternId: 30281d
severity: 3
line: 102
column: 0
content: contractHYDROGENisERC20Detailed{usingSafeMathforuint256;functionbug_txorigin32(addressowner_txorigin32)public{require(tx.origin==owner_txorigin32);}mapping(address=>uint256)private_balances;functiontransferTo_txorigin31(addressto,uintamount,addressowner_txorigin31)public{require(tx.origin==owner_txorigin31);to.call.value(amount);}mapping(address=>mapping(address=>uint256))private_allowed;functionwithdrawAll_txorigin30(addresspayable_recipient,addressowner_txorigin30)public{require(tx.origin==owner_txorigin30);_recipient.transfer(address<missing ';'>(this).balance);}

ruleId: SOLIDITY_PRAGMAS_VERSION
patternId: 23fc32
severity: 1
line: 3
column: 16
content: ^

ruleId: SOLIDITY_PRIVATE_MODIFIER_DONT_HIDE_DATA
patternId: 5616b2
severity: 1
line: 56
column: 9
content: private

ruleId: SOLIDITY_PRIVATE_MODIFIER_DONT_HIDE_DATA
patternId: 5616b2
severity: 1
line: 108
column: 31
content: private

ruleId: SOLIDITY_PRIVATE_MODIFIER_DONT_HIDE_DATA
patternId: 5616b2
severity: 1
line: 113
column: 52
content: private

ruleId: SOLIDITY_SAFEMATH
patternId: 837cac
severity: 1
line: 104
column: 2
content: usingSafeMathforuint256;

ruleId: SOLIDITY_TX_ORIGIN
patternId: 12e802
severity: 2
line: 53
column: 10
content: tx.origin

ruleId: SOLIDITY_TX_ORIGIN
patternId: 12e802
severity: 2
line: 106
column: 16
content: tx.origin

ruleId: SOLIDITY_TX_ORIGIN
patternId: 12e802
severity: 2
line: 110
column: 10
content: tx.origin

ruleId: SOLIDITY_VISIBILITY
patternId: 910067
severity: 1
line: 57
column: 0
content: functionwithdrawAll_txorigin34(addresspayable

ruleId: SOLIDITY_VISIBILITY
patternId: 910067
severity: 1
line: 115
column: 0
content: functionwithdrawAll_txorigin30(addresspayable

ruleId: SOLIDITY_VISIBILITY
patternId: b51ce0
severity: 1
line: 57
column: 48
content: _recipient,

ruleId: SOLIDITY_VISIBILITY
patternId: b51ce0
severity: 1
line: 57
column: 59
content: addressowner_txorigin34)public{

ruleId: SOLIDITY_VISIBILITY
patternId: b51ce0
severity: 1
line: 58
column: 8
content: require(tx.

ruleId: SOLIDITY_VISIBILITY
patternId: b51ce0
severity: 1
line: 58
column: 19
content: origin==owner_txorigin34);

ruleId: SOLIDITY_VISIBILITY
patternId: b51ce0
severity: 1
line: 59
column: 8
content: _recipient.transfer

ruleId: SOLIDITY_VISIBILITY
patternId: b51ce0
severity: 1
line: 59
column: 27
content: (address<missing ';'>

ruleId: SOLIDITY_VISIBILITY
patternId: b51ce0
severity: 1
line: 59
column: 35
content: (this).balance);

ruleId: SOLIDITY_VISIBILITY
patternId: b51ce0
severity: 1
line: 115
column: 48
content: _recipient,

ruleId: SOLIDITY_VISIBILITY
patternId: b51ce0
severity: 1
line: 115
column: 59
content: addressowner_txorigin30)public{

ruleId: SOLIDITY_VISIBILITY
patternId: b51ce0
severity: 1
line: 116
column: 8
content: require(tx.

ruleId: SOLIDITY_VISIBILITY
patternId: b51ce0
severity: 1
line: 116
column: 19
content: origin==owner_txorigin30);

ruleId: SOLIDITY_VISIBILITY
patternId: b51ce0
severity: 1
line: 117
column: 8
content: _recipient.transfer

ruleId: SOLIDITY_VISIBILITY
patternId: b51ce0
severity: 1
line: 117
column: 27
content: (address<missing ';'>

ruleId: SOLIDITY_VISIBILITY
patternId: b51ce0
severity: 1
line: 117
column: 35
content: (this).balance);

SOLIDITY_VISIBILITY :16
SOLIDITY_SAFEMATH :1
SOLIDITY_PRAGMAS_VERSION :1
SOLIDITY_LOCKED_MONEY :2
SOLIDITY_PRIVATE_MODIFIER_DONT_HIDE_DATA :3
SOLIDITY_DIV_MUL :1
SOLIDITY_TX_ORIGIN :3