/data/12.sol
jar:file:/usr/local/lib/node_modules/@smartdec/smartcheck/jdeploy-bundle/smartcheck-2.0-jar-with-dependencies.jar!/solidity-rules.xmlruleId: SOLIDITY_ADDRESS_HARDCODED
patternId: adc165
severity: 1
line: 191
column: 16
content: 0x800A4B210B920020bE22668d28afd7ddef5c6243

ruleId: SOLIDITY_ADDRESS_HARDCODED
patternId: adc165
severity: 1
line: 217
column: 17
content: 0x96F7F180C6B53e9313Dc26589739FDC8200a699f

ruleId: SOLIDITY_PRAGMAS_VERSION
patternId: 23fc32
severity: 1
line: 3
column: 16
content: >=

ruleId: SOLIDITY_PRAGMAS_VERSION
patternId: 23fc32
severity: 1
line: 3
column: 25
content: <

ruleId: SOLIDITY_SAFEMATH
patternId: 837cac
severity: 1
line: 120
column: 4
content: usingSafeMathforuint;

ruleId: SOLIDITY_VISIBILITY
patternId: b51ce0
severity: 1
line: 122
column: 4
content: mapping(address=>uint256)balances;

ruleId: SOLIDITY_VISIBILITY
patternId: b51ce0
severity: 1
line: 212
column: 4
content: mapping(address=>bool)lockAddresses;

SOLIDITY_VISIBILITY :2
SOLIDITY_SAFEMATH :1
SOLIDITY_PRAGMAS_VERSION :2
SOLIDITY_ADDRESS_HARDCODED :2