/data/buggy_31.sol
line 256:23 extraneous input '_signature' expecting {',', ')'}
jar:file:/usr/local/lib/node_modules/@smartdec/smartcheck/jdeploy-bundle/smartcheck-2.0-jar-with-dependencies.jar!/solidity-rules.xmlruleId: SOLIDITY_ADDRESS_HARDCODED
patternId: a91b18
severity: 1
line: 42
column: 19
content: (address(0))

ruleId: SOLIDITY_ADDRESS_HARDCODED
patternId: a91b18
severity: 1
line: 69
column: 12
content: returnaddress(0)

ruleId: SOLIDITY_ADDRESS_HARDCODED
patternId: a91b18
severity: 1
line: 73
column: 12
content: returnaddress(0)

ruleId: SOLIDITY_EXACT_TIME
patternId: 1955d9
severity: 2
line: 94
column: 5
content: startTime+(5*1days)==block.timestamp

ruleId: SOLIDITY_EXACT_TIME
patternId: 1955d9
severity: 2
line: 111
column: 16
content: now!=pastBlockTime_tmstmp16

ruleId: SOLIDITY_EXACT_TIME
patternId: 1955d9
severity: 2
line: 113
column: 11
content: now%15==0

ruleId: SOLIDITY_EXACT_TIME
patternId: 1955d9
severity: 2
line: 147
column: 5
content: startTime+(5*1days)==block.timestamp

ruleId: SOLIDITY_EXACT_TIME
patternId: 1955d9
severity: 2
line: 172
column: 16
content: now!=pastBlockTime_tmstmp12

ruleId: SOLIDITY_EXACT_TIME
patternId: 1955d9
severity: 2
line: 174
column: 11
content: now%15==0

ruleId: SOLIDITY_EXACT_TIME
patternId: 1955d9
severity: 2
line: 232
column: 5
content: startTime+(5*1days)==block.timestamp

ruleId: SOLIDITY_EXACT_TIME
patternId: 1955d9
severity: 2
line: 249
column: 5
content: startTime+(5*1days)==block.timestamp

ruleId: SOLIDITY_OVERPOWERED_ROLE
patternId: j83hf7
severity: 2
line: 275
column: 4
content: functionsetRelayer(address_newRelayer)onlyOwnerexternal{require(_newRelayer!=address(0));emitNewRelayer(relayer,_newRelayer);relayer=_newRelayer;}

ruleId: SOLIDITY_PRAGMAS_VERSION
patternId: 23fc32
severity: 1
line: 3
column: 16
content: >=

ruleId: SOLIDITY_PRIVATE_MODIFIER_DONT_HIDE_DATA
patternId: 5616b2
severity: 1
line: 96
column: 10
content: private

ruleId: SOLIDITY_PRIVATE_MODIFIER_DONT_HIDE_DATA
patternId: 5616b2
severity: 1
line: 199
column: 10
content: private

ruleId: SOLIDITY_SHOULD_NOT_BE_PURE
patternId: 11314f
severity: 1
line: 39
column: 4
content: functionrecover(bytes32hash,bytesmemorysignature)internalpurereturns(address){if(signature.length!=65){return(address(0));}bytes32r;bytes32s;uint8v;assembly{r:=mload(add(signature,0x20))s:=mload(add(signature,0x40))v:=byte(0,mload(add(signature,0x60)))}if(uint256(s)>0x7FFFFFFFFFFFFFFFFFFFFFFFFFFFFFFF5D576E7357A4501DDFE92F46681B20A0){returnaddress(0);}if(v!=27&&v!=28){returnaddress(0);}returnecrecover(hash,v,r,s);}

ruleId: SOLIDITY_TX_ORIGIN
patternId: 12e802
severity: 2
line: 258
column: 16
content: tx.origin

ruleId: SOLIDITY_USING_INLINE_ASSEMBLY
patternId: 109cd5
severity: 1
line: 53
column: 8
content: assembly{r:=mload(add(signature,0x20))s:=mload(add(signature,0x40))v:=byte(0,mload(add(signature,0x60)))}

ruleId: SOLIDITY_VISIBILITY
patternId: b51ce0
severity: 1
line: 92
column: 2
content: addresswinner_tmstmp2;

ruleId: SOLIDITY_VISIBILITY
patternId: b51ce0
severity: 1
line: 98
column: 2
content: uint256bugv_tmstmp2=block.timestamp;

ruleId: SOLIDITY_VISIBILITY
patternId: b51ce0
severity: 1
line: 124
column: 0
content: addresswinner_tmstmp15;

ruleId: SOLIDITY_VISIBILITY
patternId: b51ce0
severity: 1
line: 137
column: 0
content: uint256bugv_tmstmp4=block.timestamp;

ruleId: SOLIDITY_VISIBILITY
patternId: b51ce0
severity: 1
line: 145
column: 0
content: addresswinner_tmstmp14;

ruleId: SOLIDITY_VISIBILITY
patternId: b51ce0
severity: 1
line: 194
column: 2
content: addresswinner_tmstmp19;

ruleId: SOLIDITY_VISIBILITY
patternId: b51ce0
severity: 1
line: 206
column: 0
content: addresswinner_tmstmp11;

ruleId: SOLIDITY_VISIBILITY
patternId: b51ce0
severity: 1
line: 225
column: 0
content: uint256bugv_tmstmp3=block.timestamp;

ruleId: SOLIDITY_VISIBILITY
patternId: b51ce0
severity: 1
line: 230
column: 2
content: addresswinner_tmstmp18;

ruleId: SOLIDITY_VISIBILITY
patternId: b51ce0
severity: 1
line: 240
column: 2
content: uint256bugv_tmstmp1=block.timestamp;

ruleId: SOLIDITY_VISIBILITY
patternId: b51ce0
severity: 1
line: 247
column: 0
content: addresswinner_tmstmp10;

ruleId: SOLIDITY_VISIBILITY
patternId: b51ce0
severity: 1
line: 280
column: 0
content: uint256bugv_tmstmp5=block.timestamp;

SOLIDITY_VISIBILITY :12
SOLIDITY_OVERPOWERED_ROLE :1
SOLIDITY_PRAGMAS_VERSION :1
SOLIDITY_PRIVATE_MODIFIER_DONT_HIDE_DATA :2
SOLIDITY_ADDRESS_HARDCODED :3
SOLIDITY_USING_INLINE_ASSEMBLY :1
SOLIDITY_TX_ORIGIN :1
SOLIDITY_SHOULD_NOT_BE_PURE :1
SOLIDITY_EXACT_TIME :8