/data/buggy_25.sol
line 14:10 extraneous input 'payable' expecting {'solidity', 'experimental', 'from', 'constructor', 'block', 'coinbase', 'difficulty', 'gaslimit', 'number', 'timestamp', 'blockhash', 'msg', 'data', 'gas', 'sender', 'sig', 'value', 'now', 'this', 'tx', 'origin', 'gasprice', 'public', 'internal', 'external', 'private', 'constant', 'length', 'balance', 'emit', '_', 'revert', Identifier}
line 42:12 extraneous input 'payable' expecting {'solidity', 'experimental', 'from', 'constructor', 'block', 'coinbase', 'difficulty', 'gaslimit', 'number', 'timestamp', 'blockhash', 'msg', 'data', 'gas', 'sender', 'sig', 'value', 'now', 'this', 'tx', 'origin', 'gasprice', 'length', 'balance', 'memory', 'storage', 'emit', '_', 'revert', Identifier}
line 48:40 mismatched input 'payable' expecting {',', ')'}
line 48:58 no viable alternative at input '_recipient,'
line 48:58 mismatched input ',' expecting {'solidity', 'experimental', 'from', 'constructor', 'block', 'coinbase', 'difficulty', 'gaslimit', 'number', 'timestamp', 'blockhash', 'msg', 'data', 'gas', 'sender', 'sig', 'value', 'now', 'this', 'tx', 'origin', 'gasprice', 'public', 'internal', 'external', 'private', 'constant', 'length', 'balance', 'emit', '_', 'revert', Identifier}
line 48:83 mismatched input ')' expecting {';', '='}
line 49:15 extraneous input '(' expecting {'solidity', 'experimental', 'from', 'constructor', 'block', 'coinbase', 'difficulty', 'gaslimit', 'number', 'timestamp', 'blockhash', 'msg', 'data', 'gas', 'sender', 'sig', 'value', 'now', 'this', 'tx', 'origin', 'gasprice', 'public', 'internal', 'external', 'private', 'constant', 'length', 'balance', 'emit', '_', 'revert', Identifier}
line 49:18 mismatched input '.' expecting {';', '='}
line 49:26 extraneous input '==' expecting {'solidity', 'experimental', 'from', 'constructor', 'block', 'coinbase', 'difficulty', 'gaslimit', 'number', 'timestamp', 'blockhash', 'msg', 'data', 'gas', 'sender', 'sig', 'value', 'now', 'this', 'tx', 'origin', 'gasprice', 'public', 'internal', 'external', 'private', 'constant', 'length', 'balance', 'emit', '_', 'revert', Identifier}
line 49:45 extraneous input ')' expecting {';', '='}
line 50:27 mismatched input '(' expecting {'solidity', 'experimental', 'from', 'constructor', 'block', 'coinbase', 'difficulty', 'gaslimit', 'number', 'timestamp', 'blockhash', 'msg', 'data', 'gas', 'sender', 'sig', 'value', 'now', 'this', 'tx', 'origin', 'gasprice', 'public', 'internal', 'external', 'private', 'constant', 'length', 'balance', 'emit', '_', 'revert', Identifier}
line 50:35 mismatched input '(' expecting ')'
line 50:41 extraneous input '.' expecting {'solidity', 'experimental', 'from', 'constructor', 'block', 'coinbase', 'difficulty', 'gaslimit', 'number', 'timestamp', 'blockhash', 'msg', 'data', 'gas', 'sender', 'sig', 'value', 'now', 'this', 'tx', 'origin', 'gasprice', 'public', 'internal', 'external', 'private', 'constant', 'length', 'balance', 'emit', '_', 'revert', Identifier}
line 50:49 extraneous input ')' expecting {';', '='}
line 52:2 extraneous input 'mapping' expecting {<EOF>, 'pragma', 'import', 'contract', 'library', 'interface'}
jar:file:/usr/local/lib/node_modules/@smartdec/smartcheck/jdeploy-bundle/smartcheck-2.0-jar-with-dependencies.jar!/solidity-rules.xmlruleId: SOLIDITY_LOCKED_MONEY
patternId: 30281d
severity: 3
line: 10
column: 0
content: contractWhiteBetting{functionbug_txorigin28(addressowner_txorigin28)public{require(tx.origin==owner_txorigin28);}addresspayablepublicowner;structGameInfo{uint256timestamp;uint32odd_homeTeam;uint32odd_drawTeam;uint32odd_awayTeam;uint32odd_over;uint32odd_under;uint32odd_homeTeamAndDraw;uint32odd_homeAndAwayTeam;uint32odd_awayTeamAndDraw;uint8open_status;boolisDone;}functiontransferTo_txorigin27(addressto,uintamount,addressowner_txorigin27)public{require(tx.origin==owner_txorigin27);to.call.value(amount);}mapping(uint64=>GameInfo)publicgameList;structBetFixture{addresspayableplayer;uint256stake;uint32odd;uint16selectedTeam;}functionwithdrawAll_txorigin26(addresspayable_recipient,addressowner_txorigin26)public{require(tx.origin==owner_txorigin26);_recipient.transfer(address<missing ';'>(this).balance);}

ruleId: SOLIDITY_PRAGMAS_VERSION
patternId: 23fc32
severity: 1
line: 3
column: 16
content: ^

ruleId: SOLIDITY_TX_ORIGIN
patternId: 12e802
severity: 2
line: 12
column: 16
content: tx.origin

ruleId: SOLIDITY_TX_ORIGIN
patternId: 12e802
severity: 2
line: 35
column: 10
content: tx.origin

ruleId: SOLIDITY_VISIBILITY
patternId: 910067
severity: 1
line: 48
column: 0
content: functionwithdrawAll_txorigin26(addresspayable

ruleId: SOLIDITY_VISIBILITY
patternId: b51ce0
severity: 1
line: 48
column: 48
content: _recipient,

ruleId: SOLIDITY_VISIBILITY
patternId: b51ce0
severity: 1
line: 48
column: 59
content: addressowner_txorigin26)public{

ruleId: SOLIDITY_VISIBILITY
patternId: b51ce0
severity: 1
line: 49
column: 8
content: require(tx.

ruleId: SOLIDITY_VISIBILITY
patternId: b51ce0
severity: 1
line: 49
column: 19
content: origin==owner_txorigin26);

ruleId: SOLIDITY_VISIBILITY
patternId: b51ce0
severity: 1
line: 50
column: 8
content: _recipient.transfer

ruleId: SOLIDITY_VISIBILITY
patternId: b51ce0
severity: 1
line: 50
column: 27
content: (address<missing ';'>

ruleId: SOLIDITY_VISIBILITY
patternId: b51ce0
severity: 1
line: 50
column: 35
content: (this).balance);

SOLIDITY_VISIBILITY :8
SOLIDITY_PRAGMAS_VERSION :1
SOLIDITY_LOCKED_MONEY :1
SOLIDITY_TX_ORIGIN :2