/data/22.sol
jar:file:/usr/local/lib/node_modules/@smartdec/smartcheck/jdeploy-bundle/smartcheck-2.0-jar-with-dependencies.jar!/solidity-rules.xmlruleId: SOLIDITY_ARRAY_LENGTH_MANIPULATION
patternId: 43ba1c
severity: 1
line: 240
column: 21
content: proposals.length++

ruleId: SOLIDITY_ARRAY_LENGTH_MANIPULATION
patternId: 43ba1c
severity: 1
line: 324
column: 17
content: p.votes.length++

ruleId: SOLIDITY_EXTRA_GAS_IN_LOOPS
patternId: d3j11j
severity: 1
line: 354
column: 8
content: for(uinti=0;i<p.votes.length;++i){Votestoragev=p.votes[i];uintvoteWeight=tokenAddress.actualBalanceOf(v.voter);quorum+=voteWeight;if(v.inSupport){yea+=voteWeight;}else{nay+=voteWeight;}}

ruleId: SOLIDITY_GAS_LIMIT_IN_LOOPS
patternId: f6f853
severity: 2
line: 354
column: 8
content: for(uinti=0;i<p.votes.length;++i){Votestoragev=p.votes[i];uintvoteWeight=tokenAddress.actualBalanceOf(v.voter);quorum+=voteWeight;if(v.inSupport){yea+=voteWeight;}else{nay+=voteWeight;}}

ruleId: SOLIDITY_OVERPOWERED_ROLE
patternId: j83hf7
severity: 2
line: 188
column: 4
content: functioninit(Token_tokenAddress,address_chairmanAddress,uint_minimumTokensToVote,uint_minimumPercentToPassAVote,uint_minutesForDebate)onlyOwnerpublic{require(!initialized);initialized=true;changeVotingRules(_tokenAddress,_chairmanAddress,_minimumTokensToVote,_minimumPercentToPassAVote,_minutesForDebate);emitInitialized();}

ruleId: SOLIDITY_PRAGMAS_VERSION
patternId: 23fc32
severity: 1
line: 3
column: 16
content: >=

ruleId: SOLIDITY_SAFEMATH
patternId: 837cac
severity: 1
line: 120
column: 4
content: usingSafeMathforuint256;

ruleId: SOLIDITY_VISIBILITY
patternId: b51ce0
severity: 1
line: 128
column: 4
content: addresschairmanAddress;

SOLIDITY_VISIBILITY :1
SOLIDITY_SAFEMATH :1
SOLIDITY_OVERPOWERED_ROLE :1
SOLIDITY_PRAGMAS_VERSION :1
SOLIDITY_ARRAY_LENGTH_MANIPULATION :2
SOLIDITY_EXTRA_GAS_IN_LOOPS :1
SOLIDITY_GAS_LIMIT_IN_LOOPS :1