/data/buggy_19.sol
line 57:8 extraneous input 'payable' expecting {'solidity', 'experimental', 'from', 'constructor', 'block', 'coinbase', 'difficulty', 'gaslimit', 'number', 'timestamp', 'blockhash', 'msg', 'data', 'gas', 'sender', 'sig', 'value', 'now', 'this', 'tx', 'origin', 'gasprice', 'public', 'internal', 'external', 'private', 'constant', 'length', 'balance', 'emit', '_', 'revert', Identifier}
line 82:8 extraneous input 'payable' expecting {'solidity', 'experimental', 'from', 'constructor', 'block', 'coinbase', 'difficulty', 'gaslimit', 'number', 'timestamp', 'blockhash', 'msg', 'data', 'gas', 'sender', 'sig', 'value', 'now', 'this', 'tx', 'origin', 'gasprice', 'public', 'internal', 'external', 'private', 'constant', 'length', 'balance', 'emit', '_', 'revert', Identifier}
line 112:8 extraneous input 'payable' expecting {'solidity', 'experimental', 'from', 'constructor', 'block', 'coinbase', 'difficulty', 'gaslimit', 'number', 'timestamp', 'blockhash', 'msg', 'data', 'gas', 'sender', 'sig', 'value', 'now', 'this', 'tx', 'origin', 'gasprice', 'public', 'internal', 'external', 'private', 'constant', 'length', 'balance', 'emit', '_', 'revert', Identifier}
line 134:8 extraneous input 'payable' expecting {'solidity', 'experimental', 'from', 'constructor', 'block', 'coinbase', 'difficulty', 'gaslimit', 'number', 'timestamp', 'blockhash', 'msg', 'data', 'gas', 'sender', 'sig', 'value', 'now', 'this', 'tx', 'origin', 'gasprice', 'public', 'internal', 'external', 'private', 'constant', 'length', 'balance', 'emit', '_', 'revert', Identifier}
line 148:37 mismatched input 'payable' expecting {',', ')'}
line 148:53 no viable alternative at input '_address,'
line 148:53 mismatched input ',' expecting {'solidity', 'experimental', 'from', 'constructor', 'block', 'coinbase', 'difficulty', 'gaslimit', 'number', 'timestamp', 'blockhash', 'msg', 'data', 'gas', 'sender', 'sig', 'value', 'now', 'this', 'tx', 'origin', 'gasprice', 'public', 'internal', 'external', 'private', 'constant', 'length', 'balance', 'emit', '_', 'revert', Identifier}
line 148:65 mismatched input ')' expecting {';', '='}
line 148:83 extraneous input '{' expecting {'solidity', 'experimental', 'from', 'constructor', 'block', 'coinbase', 'difficulty', 'gaslimit', 'number', 'timestamp', 'blockhash', 'msg', 'data', 'gas', 'sender', 'sig', 'value', 'now', 'this', 'tx', 'origin', 'gasprice', 'public', 'internal', 'external', 'private', 'constant', 'length', 'balance', 'emit', '_', 'revert', Identifier}
line 149:15 mismatched input '(' expecting {';', '='}
line 149:27 mismatched input '==' expecting ')'
line 149:35 mismatched input ',' expecting {';', '='}
line 150:25 extraneous input '(' expecting {'solidity', 'experimental', 'from', 'constructor', 'block', 'coinbase', 'difficulty', 'gaslimit', 'number', 'timestamp', 'blockhash', 'msg', 'data', 'gas', 'sender', 'sig', 'value', 'now', 'this', 'tx', 'origin', 'gasprice', 'public', 'internal', 'external', 'private', 'constant', 'length', 'balance', 'emit', '_', 'revert', Identifier}
line 150:32 extraneous input ')' expecting {';', '='}
line 152:0 extraneous input 'bool' expecting {<EOF>, 'pragma', 'import', 'contract', 'library', 'interface'}
jar:file:/usr/local/lib/node_modules/@smartdec/smartcheck/jdeploy-bundle/smartcheck-2.0-jar-with-dependencies.jar!/solidity-rules.xmlruleId: SOLIDITY_PRAGMAS_VERSION
patternId: 23fc32
severity: 1
line: 3
column: 16
content: ^

ruleId: SOLIDITY_VISIBILITY
patternId: 910067
severity: 1
line: 148
column: 4
content: functionwithdrawForUser(addresspayable

ruleId: SOLIDITY_VISIBILITY
patternId: b51ce0
severity: 1
line: 56
column: 2
content: boolclaimed_TOD34=false;

ruleId: SOLIDITY_VISIBILITY
patternId: b51ce0
severity: 1
line: 57
column: 0
content: addresspayableowner_TOD34;

ruleId: SOLIDITY_VISIBILITY
patternId: b51ce0
severity: 1
line: 58
column: 0
content: uint256reward_TOD34;

ruleId: SOLIDITY_VISIBILITY
patternId: b51ce0
severity: 1
line: 82
column: 0
content: addresspayablewinner_TOD33;

ruleId: SOLIDITY_VISIBILITY
patternId: b51ce0
severity: 1
line: 111
column: 0
content: boolclaimed_TOD32=false;

ruleId: SOLIDITY_VISIBILITY
patternId: b51ce0
severity: 1
line: 112
column: 0
content: addresspayableowner_TOD32;

ruleId: SOLIDITY_VISIBILITY
patternId: b51ce0
severity: 1
line: 113
column: 0
content: uint256reward_TOD32;

ruleId: SOLIDITY_VISIBILITY
patternId: b51ce0
severity: 1
line: 134
column: 0
content: addresspayablewinner_TOD31;

ruleId: SOLIDITY_VISIBILITY
patternId: b51ce0
severity: 1
line: 148
column: 45
content: _address,

ruleId: SOLIDITY_VISIBILITY
patternId: b51ce0
severity: 1
line: 148
column: 54
content: uintamount)

ruleId: SOLIDITY_VISIBILITY
patternId: b51ce0
severity: 1
line: 149
column: 15
content: (msg.sender==owner,"only owner can use this method");

ruleId: SOLIDITY_VISIBILITY
patternId: b51ce0
severity: 1
line: 150
column: 8
content: _address.transfer(amount);

SOLIDITY_VISIBILITY :13
SOLIDITY_PRAGMAS_VERSION :1