/data/buggy_8.sol
jar:file:/usr/local/lib/node_modules/@smartdec/smartcheck/jdeploy-bundle/smartcheck-2.0-jar-with-dependencies.jar!/solidity-rules.xmlruleId: SOLIDITY_ADDRESS_HARDCODED
patternId: c67a09
severity: 1
line: 167
column: 31
content: 0x0

ruleId: SOLIDITY_ADDRESS_HARDCODED
patternId: c67a09
severity: 1
line: 368
column: 32
content: 0x0

ruleId: SOLIDITY_ERC20_APPROVE
patternId: af782c
severity: 2
line: 238
column: 4
content: functionapprove(address_spender,uint256_value)publicreturns(boolsuccess){allowance[msg.sender][_spender]=_value;emitApproval(msg.sender,_spender,_value);returntrue;}

ruleId: SOLIDITY_OVERPOWERED_ROLE
patternId: j83hf7
severity: 2
line: 421
column: 4
content: functionsetPrices(uint256newSellPrice,uint256newBuyPrice)onlyOwnerpublic{sellPrice=newSellPrice;buyPrice=newBuyPrice;}

ruleId: SOLIDITY_PRAGMAS_VERSION
patternId: 23fc32
severity: 1
line: 3
column: 16
content: >=

ruleId: SOLIDITY_PRAGMAS_VERSION
patternId: 23fc32
severity: 1
line: 3
column: 25
content: <

ruleId: SOLIDITY_UINT_CANT_BE_NEGATIVE
patternId: 733fdd
severity: 2
line: 82
column: 12
content: balances_intou34[msg.sender]-_value>=0

ruleId: SOLIDITY_UINT_CANT_BE_NEGATIVE
patternId: 733fdd
severity: 2
line: 131
column: 12
content: balances_intou10[msg.sender]-_value>=0

ruleId: SOLIDITY_UINT_CANT_BE_NEGATIVE
patternId: 733fdd
severity: 2
line: 156
column: 12
content: balances_intou26[msg.sender]-_value>=0

ruleId: SOLIDITY_UINT_CANT_BE_NEGATIVE
patternId: 733fdd
severity: 2
line: 247
column: 12
content: balances_intou22[msg.sender]-_value>=0

ruleId: SOLIDITY_UINT_CANT_BE_NEGATIVE
patternId: 733fdd
severity: 2
line: 314
column: 12
content: balances_intou30[msg.sender]-_value>=0

ruleId: SOLIDITY_UINT_CANT_BE_NEGATIVE
patternId: 733fdd
severity: 2
line: 360
column: 12
content: balances_intou2[msg.sender]-_value>=0

ruleId: SOLIDITY_UINT_CANT_BE_NEGATIVE
patternId: 733fdd
severity: 2
line: 394
column: 12
content: balances_intou18[msg.sender]-_value>=0

ruleId: SOLIDITY_UINT_CANT_BE_NEGATIVE
patternId: 733fdd
severity: 2
line: 451
column: 12
content: balances_intou14[msg.sender]-_value>=0

ruleId: SOLIDITY_VISIBILITY
patternId: b51ce0
severity: 1
line: 79
column: 2
content: mapping(address=>uint)balances_intou34;

ruleId: SOLIDITY_VISIBILITY
patternId: b51ce0
severity: 1
line: 128
column: 2
content: mapping(address=>uint)balances_intou10;

ruleId: SOLIDITY_VISIBILITY
patternId: b51ce0
severity: 1
line: 153
column: 0
content: mapping(address=>uint)balances_intou26;

ruleId: SOLIDITY_VISIBILITY
patternId: b51ce0
severity: 1
line: 244
column: 0
content: mapping(address=>uint)balances_intou22;

ruleId: SOLIDITY_VISIBILITY
patternId: b51ce0
severity: 1
line: 311
column: 2
content: mapping(address=>uint)balances_intou30;

ruleId: SOLIDITY_VISIBILITY
patternId: b51ce0
severity: 1
line: 357
column: 0
content: mapping(address=>uint)balances_intou2;

ruleId: SOLIDITY_VISIBILITY
patternId: b51ce0
severity: 1
line: 391
column: 0
content: mapping(address=>uint)balances_intou18;

ruleId: SOLIDITY_VISIBILITY
patternId: b51ce0
severity: 1
line: 448
column: 0
content: mapping(address=>uint)balances_intou14;

SOLIDITY_VISIBILITY :8
SOLIDITY_OVERPOWERED_ROLE :1
SOLIDITY_PRAGMAS_VERSION :2
SOLIDITY_ADDRESS_HARDCODED :2
SOLIDITY_UINT_CANT_BE_NEGATIVE :8
SOLIDITY_ERC20_APPROVE :1