/data/buggy_27.sol
jar:file:/usr/local/lib/node_modules/@smartdec/smartcheck/jdeploy-bundle/smartcheck-2.0-jar-with-dependencies.jar!/solidity-rules.xmlruleId: SOLIDITY_DIV_MUL
patternId: 09hhh1
severity: 2
line: 46
column: 11
content: mul(div(d,m),m)

ruleId: SOLIDITY_DIV_MUL
patternId: 09hhh1
severity: 2
line: 281
column: 24
content: roundValue.mul(basePercent).div(10000).mul(dpPercent)

ruleId: SOLIDITY_ERC20_APPROVE
patternId: af782c
severity: 2
line: 360
column: 2
content: functionapprove(addressspender,uint256value)publicreturns(bool){require(spender!=address(0));_allowed[msg.sender][spender]=value;emitApproval(msg.sender,spender,value);returntrue;}

ruleId: SOLIDITY_EXACT_TIME
patternId: 1955d9
severity: 2
line: 78
column: 16
content: now!=pastBlockTime_tmstmp32

ruleId: SOLIDITY_EXACT_TIME
patternId: 1955d9
severity: 2
line: 80
column: 11
content: now%15==0

ruleId: SOLIDITY_EXACT_TIME
patternId: 1955d9
severity: 2
line: 98
column: 16
content: now!=pastBlockTime_tmstmp8

ruleId: SOLIDITY_EXACT_TIME
patternId: 1955d9
severity: 2
line: 100
column: 11
content: now%15==0

ruleId: SOLIDITY_EXACT_TIME
patternId: 1955d9
severity: 2
line: 122
column: 5
content: startTime+(5*1days)==block.timestamp

ruleId: SOLIDITY_EXACT_TIME
patternId: 1955d9
severity: 2
line: 153
column: 5
content: startTime+(5*1days)==block.timestamp

ruleId: SOLIDITY_EXACT_TIME
patternId: 1955d9
severity: 2
line: 164
column: 16
content: now!=pastBlockTime_tmstmp40

ruleId: SOLIDITY_EXACT_TIME
patternId: 1955d9
severity: 2
line: 166
column: 11
content: now%15==0

ruleId: SOLIDITY_EXACT_TIME
patternId: 1955d9
severity: 2
line: 174
column: 16
content: now!=pastBlockTime_tmstmp4

ruleId: SOLIDITY_EXACT_TIME
patternId: 1955d9
severity: 2
line: 176
column: 11
content: now%15==0

ruleId: SOLIDITY_EXACT_TIME
patternId: 1955d9
severity: 2
line: 189
column: 5
content: startTime+(5*1days)==block.timestamp

ruleId: SOLIDITY_EXACT_TIME
patternId: 1955d9
severity: 2
line: 199
column: 16
content: now!=pastBlockTime_tmstmp36

ruleId: SOLIDITY_EXACT_TIME
patternId: 1955d9
severity: 2
line: 201
column: 11
content: now%15==0

ruleId: SOLIDITY_EXACT_TIME
patternId: 1955d9
severity: 2
line: 224
column: 5
content: startTime+(5*1days)==block.timestamp

ruleId: SOLIDITY_EXACT_TIME
patternId: 1955d9
severity: 2
line: 234
column: 16
content: now!=pastBlockTime_tmstmp28

ruleId: SOLIDITY_EXACT_TIME
patternId: 1955d9
severity: 2
line: 236
column: 11
content: now%15==0

ruleId: SOLIDITY_EXACT_TIME
patternId: 1955d9
severity: 2
line: 255
column: 5
content: startTime+(5*1days)==block.timestamp

ruleId: SOLIDITY_EXACT_TIME
patternId: 1955d9
severity: 2
line: 273
column: 16
content: now!=pastBlockTime_tmstmp24

ruleId: SOLIDITY_EXACT_TIME
patternId: 1955d9
severity: 2
line: 275
column: 11
content: now%15==0

ruleId: SOLIDITY_EXACT_TIME
patternId: 1955d9
severity: 2
line: 348
column: 5
content: startTime+(5*1days)==block.timestamp

ruleId: SOLIDITY_EXACT_TIME
patternId: 1955d9
severity: 2
line: 369
column: 16
content: now!=pastBlockTime_tmstmp20

ruleId: SOLIDITY_EXACT_TIME
patternId: 1955d9
severity: 2
line: 371
column: 11
content: now%15==0

ruleId: SOLIDITY_EXACT_TIME
patternId: 1955d9
severity: 2
line: 433
column: 5
content: startTime+(5*1days)==block.timestamp

ruleId: SOLIDITY_EXACT_TIME
patternId: 1955d9
severity: 2
line: 456
column: 5
content: startTime+(5*1days)==block.timestamp

ruleId: SOLIDITY_EXACT_TIME
patternId: 1955d9
severity: 2
line: 474
column: 16
content: now!=pastBlockTime_tmstmp16

ruleId: SOLIDITY_EXACT_TIME
patternId: 1955d9
severity: 2
line: 476
column: 11
content: now%15==0

ruleId: SOLIDITY_EXACT_TIME
patternId: 1955d9
severity: 2
line: 501
column: 5
content: startTime+(5*1days)==block.timestamp

ruleId: SOLIDITY_EXACT_TIME
patternId: 1955d9
severity: 2
line: 520
column: 16
content: now!=pastBlockTime_tmstmp12

ruleId: SOLIDITY_EXACT_TIME
patternId: 1955d9
severity: 2
line: 522
column: 11
content: now%15==0

ruleId: SOLIDITY_EXACT_TIME
patternId: 1955d9
severity: 2
line: 543
column: 5
content: startTime+(5*1days)==block.timestamp

ruleId: SOLIDITY_EXTRA_GAS_IN_LOOPS
patternId: d3j11j
severity: 1
line: 352
column: 4
content: for(uint256i=0;i<receivers.length;i++){transfer(receivers[i],amounts[i]);}

ruleId: SOLIDITY_GAS_LIMIT_IN_LOOPS
patternId: f6f853
severity: 2
line: 352
column: 4
content: for(uint256i=0;i<receivers.length;i++){transfer(receivers[i],amounts[i]);}

ruleId: SOLIDITY_OVERPOWERED_ROLE
patternId: j83hf7
severity: 2
line: 537
column: 4
content: functionsetWhitelistedTo(address_addr,bool_whitelisted)externalonlyOwner{emitWhitelistTo(_addr,_whitelisted);whitelistTo[_addr]=_whitelisted;}

ruleId: SOLIDITY_OVERPOWERED_ROLE
patternId: j83hf7
severity: 2
line: 546
column: 4
content: functionsetWhitelistedFrom(address_addr,bool_whitelisted)externalonlyOwner{emitWhitelistFrom(_addr,_whitelisted);whitelistFrom[_addr]=_whitelisted;}

ruleId: SOLIDITY_PRAGMAS_VERSION
patternId: 23fc32
severity: 1
line: 3
column: 16
content: ^

ruleId: SOLIDITY_PRIVATE_MODIFIER_DONT_HIDE_DATA
patternId: 5616b2
severity: 1
line: 90
column: 9
content: private

ruleId: SOLIDITY_PRIVATE_MODIFIER_DONT_HIDE_DATA
patternId: 5616b2
severity: 1
line: 94
column: 9
content: private

ruleId: SOLIDITY_PRIVATE_MODIFIER_DONT_HIDE_DATA
patternId: 5616b2
severity: 1
line: 104
column: 8
content: private

ruleId: SOLIDITY_PRIVATE_MODIFIER_DONT_HIDE_DATA
patternId: 5616b2
severity: 1
line: 150
column: 31
content: private

ruleId: SOLIDITY_PRIVATE_MODIFIER_DONT_HIDE_DATA
patternId: 5616b2
severity: 1
line: 155
column: 52
content: private

ruleId: SOLIDITY_SAFEMATH
patternId: 837cac
severity: 1
line: 144
column: 2
content: usingSafeMathforuint256;

ruleId: SOLIDITY_VISIBILITY
patternId: b51ce0
severity: 1
line: 52
column: 2
content: uint256bugv_tmstmp5=block.timestamp;

ruleId: SOLIDITY_VISIBILITY
patternId: b51ce0
severity: 1
line: 111
column: 0
content: addresswinner_tmstmp31;

ruleId: SOLIDITY_VISIBILITY
patternId: b51ce0
severity: 1
line: 120
column: 0
content: addresswinner_tmstmp30;

ruleId: SOLIDITY_VISIBILITY
patternId: b51ce0
severity: 1
line: 128
column: 0
content: addresswinner_tmstmp3;

ruleId: SOLIDITY_VISIBILITY
patternId: b51ce0
severity: 1
line: 145
column: 0
content: addresswinner_tmstmp7;

ruleId: SOLIDITY_VISIBILITY
patternId: b51ce0
severity: 1
line: 151
column: 0
content: addresswinner_tmstmp6;

ruleId: SOLIDITY_VISIBILITY
patternId: b51ce0
severity: 1
line: 160
column: 2
content: stringconstanttokenName="Dan Pan Coin";

ruleId: SOLIDITY_VISIBILITY
patternId: b51ce0
severity: 1
line: 170
column: 2
content: stringconstanttokenSymbol="DPC";

ruleId: SOLIDITY_VISIBILITY
patternId: b51ce0
severity: 1
line: 180
column: 2
content: uint8constanttokenDecimals=2;

ruleId: SOLIDITY_VISIBILITY
patternId: b51ce0
severity: 1
line: 181
column: 0
content: addresswinner_tmstmp39;

ruleId: SOLIDITY_VISIBILITY
patternId: b51ce0
severity: 1
line: 186
column: 2
content: uint256_totalSupply=10000000000;

ruleId: SOLIDITY_VISIBILITY
patternId: b51ce0
severity: 1
line: 187
column: 0
content: addresswinner_tmstmp38;

ruleId: SOLIDITY_VISIBILITY
patternId: b51ce0
severity: 1
line: 206
column: 0
content: uint256bugv_tmstmp4=block.timestamp;

ruleId: SOLIDITY_VISIBILITY
patternId: b51ce0
severity: 1
line: 208
column: 0
content: uint256bugv_tmstmp3=block.timestamp;

ruleId: SOLIDITY_VISIBILITY
patternId: b51ce0
severity: 1
line: 210
column: 0
content: uint256bugv_tmstmp2=block.timestamp;

ruleId: SOLIDITY_VISIBILITY
patternId: b51ce0
severity: 1
line: 212
column: 0
content: uint256bugv_tmstmp1=block.timestamp;

ruleId: SOLIDITY_VISIBILITY
patternId: b51ce0
severity: 1
line: 216
column: 2
content: addresswinner_tmstmp35;

ruleId: SOLIDITY_VISIBILITY
patternId: b51ce0
severity: 1
line: 222
column: 2
content: addresswinner_tmstmp34;

ruleId: SOLIDITY_VISIBILITY
patternId: b51ce0
severity: 1
line: 244
column: 0
content: addresswinner_tmstmp27;

ruleId: SOLIDITY_VISIBILITY
patternId: b51ce0
severity: 1
line: 253
column: 0
content: addresswinner_tmstmp26;

ruleId: SOLIDITY_VISIBILITY
patternId: b51ce0
severity: 1
line: 284
column: 0
content: addresswinner_tmstmp23;

ruleId: SOLIDITY_VISIBILITY
patternId: b51ce0
severity: 1
line: 346
column: 0
content: addresswinner_tmstmp22;

ruleId: SOLIDITY_VISIBILITY
patternId: b51ce0
severity: 1
line: 431
column: 0
content: addresswinner_tmstmp2;

ruleId: SOLIDITY_VISIBILITY
patternId: b51ce0
severity: 1
line: 442
column: 0
content: addresswinner_tmstmp19;

ruleId: SOLIDITY_VISIBILITY
patternId: b51ce0
severity: 1
line: 454
column: 0
content: addresswinner_tmstmp18;

ruleId: SOLIDITY_VISIBILITY
patternId: b51ce0
severity: 1
line: 488
column: 0
content: addresswinner_tmstmp15;

ruleId: SOLIDITY_VISIBILITY
patternId: b51ce0
severity: 1
line: 499
column: 0
content: addresswinner_tmstmp14;

ruleId: SOLIDITY_VISIBILITY
patternId: b51ce0
severity: 1
line: 531
column: 0
content: addresswinner_tmstmp11;

ruleId: SOLIDITY_VISIBILITY
patternId: b51ce0
severity: 1
line: 541
column: 0
content: addresswinner_tmstmp10;

SOLIDITY_VISIBILITY :29
SOLIDITY_SAFEMATH :1
SOLIDITY_OVERPOWERED_ROLE :2
SOLIDITY_PRAGMAS_VERSION :1
SOLIDITY_PRIVATE_MODIFIER_DONT_HIDE_DATA :5
SOLIDITY_EXTRA_GAS_IN_LOOPS :1
SOLIDITY_GAS_LIMIT_IN_LOOPS :1
SOLIDITY_DIV_MUL :2
SOLIDITY_EXACT_TIME :30
SOLIDITY_ERC20_APPROVE :1