/data/buggy_25.sol
line 12:8 extraneous input 'payable' expecting {'solidity', 'experimental', 'from', 'constructor', 'block', 'coinbase', 'difficulty', 'gaslimit', 'number', 'timestamp', 'blockhash', 'msg', 'data', 'gas', 'sender', 'sig', 'value', 'now', 'this', 'tx', 'origin', 'gasprice', 'public', 'internal', 'external', 'private', 'constant', 'length', 'balance', 'emit', '_', 'revert', Identifier}
line 29:10 extraneous input 'payable' expecting {'solidity', 'experimental', 'from', 'constructor', 'block', 'coinbase', 'difficulty', 'gaslimit', 'number', 'timestamp', 'blockhash', 'msg', 'data', 'gas', 'sender', 'sig', 'value', 'now', 'this', 'tx', 'origin', 'gasprice', 'public', 'internal', 'external', 'private', 'constant', 'length', 'balance', 'emit', '_', 'revert', Identifier}
line 49:8 extraneous input 'payable' expecting {'solidity', 'experimental', 'from', 'constructor', 'block', 'coinbase', 'difficulty', 'gaslimit', 'number', 'timestamp', 'blockhash', 'msg', 'data', 'gas', 'sender', 'sig', 'value', 'now', 'this', 'tx', 'origin', 'gasprice', 'public', 'internal', 'external', 'private', 'constant', 'length', 'balance', 'emit', '_', 'revert', Identifier}
line 66:12 extraneous input 'payable' expecting {'solidity', 'experimental', 'from', 'constructor', 'block', 'coinbase', 'difficulty', 'gaslimit', 'number', 'timestamp', 'blockhash', 'msg', 'data', 'gas', 'sender', 'sig', 'value', 'now', 'this', 'tx', 'origin', 'gasprice', 'length', 'balance', 'memory', 'storage', 'emit', '_', 'revert', Identifier}
line 73:8 extraneous input 'payable' expecting {'solidity', 'experimental', 'from', 'constructor', 'block', 'coinbase', 'difficulty', 'gaslimit', 'number', 'timestamp', 'blockhash', 'msg', 'data', 'gas', 'sender', 'sig', 'value', 'now', 'this', 'tx', 'origin', 'gasprice', 'public', 'internal', 'external', 'private', 'constant', 'length', 'balance', 'emit', '_', 'revert', Identifier}
line 93:8 extraneous input 'payable' expecting {'solidity', 'experimental', 'from', 'constructor', 'block', 'coinbase', 'difficulty', 'gaslimit', 'number', 'timestamp', 'blockhash', 'msg', 'data', 'gas', 'sender', 'sig', 'value', 'now', 'this', 'tx', 'origin', 'gasprice', 'public', 'internal', 'external', 'private', 'constant', 'length', 'balance', 'emit', '_', 'revert', Identifier}
line 108:8 extraneous input 'payable' expecting {'solidity', 'experimental', 'from', 'constructor', 'block', 'coinbase', 'difficulty', 'gaslimit', 'number', 'timestamp', 'blockhash', 'msg', 'data', 'gas', 'sender', 'sig', 'value', 'now', 'this', 'tx', 'origin', 'gasprice', 'public', 'internal', 'external', 'private', 'constant', 'length', 'balance', 'emit', '_', 'revert', Identifier}
line 126:8 extraneous input 'payable' expecting {'solidity', 'experimental', 'from', 'constructor', 'block', 'coinbase', 'difficulty', 'gaslimit', 'number', 'timestamp', 'blockhash', 'msg', 'data', 'gas', 'sender', 'sig', 'value', 'now', 'this', 'tx', 'origin', 'gasprice', 'public', 'internal', 'external', 'private', 'constant', 'length', 'balance', 'emit', '_', 'revert', Identifier}
line 141:8 extraneous input 'payable' expecting {'solidity', 'experimental', 'from', 'constructor', 'block', 'coinbase', 'difficulty', 'gaslimit', 'number', 'timestamp', 'blockhash', 'msg', 'data', 'gas', 'sender', 'sig', 'value', 'now', 'this', 'tx', 'origin', 'gasprice', 'public', 'internal', 'external', 'private', 'constant', 'length', 'balance', 'emit', '_', 'revert', Identifier}
line 159:8 extraneous input 'payable' expecting {'solidity', 'experimental', 'from', 'constructor', 'block', 'coinbase', 'difficulty', 'gaslimit', 'number', 'timestamp', 'blockhash', 'msg', 'data', 'gas', 'sender', 'sig', 'value', 'now', 'this', 'tx', 'origin', 'gasprice', 'public', 'internal', 'external', 'private', 'constant', 'length', 'balance', 'emit', '_', 'revert', Identifier}
line 174:8 extraneous input 'payable' expecting {'solidity', 'experimental', 'from', 'constructor', 'block', 'coinbase', 'difficulty', 'gaslimit', 'number', 'timestamp', 'blockhash', 'msg', 'data', 'gas', 'sender', 'sig', 'value', 'now', 'this', 'tx', 'origin', 'gasprice', 'public', 'internal', 'external', 'private', 'constant', 'length', 'balance', 'emit', '_', 'revert', Identifier}
line 192:8 extraneous input 'payable' expecting {'solidity', 'experimental', 'from', 'constructor', 'block', 'coinbase', 'difficulty', 'gaslimit', 'number', 'timestamp', 'blockhash', 'msg', 'data', 'gas', 'sender', 'sig', 'value', 'now', 'this', 'tx', 'origin', 'gasprice', 'public', 'internal', 'external', 'private', 'constant', 'length', 'balance', 'emit', '_', 'revert', Identifier}
line 211:8 extraneous input 'payable' expecting {'solidity', 'experimental', 'from', 'constructor', 'block', 'coinbase', 'difficulty', 'gaslimit', 'number', 'timestamp', 'blockhash', 'msg', 'data', 'gas', 'sender', 'sig', 'value', 'now', 'this', 'tx', 'origin', 'gasprice', 'public', 'internal', 'external', 'private', 'constant', 'length', 'balance', 'emit', '_', 'revert', Identifier}
line 230:8 extraneous input 'payable' expecting {'solidity', 'experimental', 'from', 'constructor', 'block', 'coinbase', 'difficulty', 'gaslimit', 'number', 'timestamp', 'blockhash', 'msg', 'data', 'gas', 'sender', 'sig', 'value', 'now', 'this', 'tx', 'origin', 'gasprice', 'public', 'internal', 'external', 'private', 'constant', 'length', 'balance', 'emit', '_', 'revert', Identifier}
line 260:8 extraneous input 'payable' expecting {'solidity', 'experimental', 'from', 'constructor', 'block', 'coinbase', 'difficulty', 'gaslimit', 'number', 'timestamp', 'blockhash', 'msg', 'data', 'gas', 'sender', 'sig', 'value', 'now', 'this', 'tx', 'origin', 'gasprice', 'public', 'internal', 'external', 'private', 'constant', 'length', 'balance', 'emit', '_', 'revert', Identifier}
line 290:8 extraneous input 'payable' expecting {'solidity', 'experimental', 'from', 'constructor', 'block', 'coinbase', 'difficulty', 'gaslimit', 'number', 'timestamp', 'blockhash', 'msg', 'data', 'gas', 'sender', 'sig', 'value', 'now', 'this', 'tx', 'origin', 'gasprice', 'public', 'internal', 'external', 'private', 'constant', 'length', 'balance', 'emit', '_', 'revert', Identifier}
line 347:8 extraneous input 'payable' expecting {'solidity', 'experimental', 'from', 'constructor', 'block', 'coinbase', 'difficulty', 'gaslimit', 'number', 'timestamp', 'blockhash', 'msg', 'data', 'gas', 'sender', 'sig', 'value', 'now', 'this', 'tx', 'origin', 'gasprice', 'public', 'internal', 'external', 'private', 'constant', 'length', 'balance', 'emit', '_', 'revert', Identifier}
line 395:8 extraneous input 'payable' expecting {'solidity', 'experimental', 'from', 'constructor', 'block', 'coinbase', 'difficulty', 'gaslimit', 'number', 'timestamp', 'blockhash', 'msg', 'data', 'gas', 'sender', 'sig', 'value', 'now', 'this', 'tx', 'origin', 'gasprice', 'public', 'internal', 'external', 'private', 'constant', 'length', 'balance', 'emit', '_', 'revert', Identifier}
line 424:8 extraneous input 'payable' expecting {'solidity', 'experimental', 'from', 'constructor', 'block', 'coinbase', 'difficulty', 'gaslimit', 'number', 'timestamp', 'blockhash', 'msg', 'data', 'gas', 'sender', 'sig', 'value', 'now', 'this', 'tx', 'origin', 'gasprice', 'public', 'internal', 'external', 'private', 'constant', 'length', 'balance', 'emit', '_', 'revert', Identifier}
line 446:8 extraneous input 'payable' expecting {'solidity', 'experimental', 'from', 'constructor', 'block', 'coinbase', 'difficulty', 'gaslimit', 'number', 'timestamp', 'blockhash', 'msg', 'data', 'gas', 'sender', 'sig', 'value', 'now', 'this', 'tx', 'origin', 'gasprice', 'public', 'internal', 'external', 'private', 'constant', 'length', 'balance', 'emit', '_', 'revert', Identifier}
line 461:31 mismatched input 'payable' expecting {',', ')'}
line 461:49 no viable alternative at input '_newOwner)'
line 461:49 extraneous input ')' expecting {'solidity', 'experimental', 'from', 'constructor', 'block', 'coinbase', 'difficulty', 'gaslimit', 'number', 'timestamp', 'blockhash', 'msg', 'data', 'gas', 'sender', 'sig', 'value', 'now', 'this', 'tx', 'origin', 'gasprice', 'public', 'internal', 'external', 'private', 'constant', 'length', 'balance', 'emit', '_', 'revert', Identifier}
line 461:70 mismatched input '{' expecting {';', '='}
line 462:10 extraneous input '=' expecting {'solidity', 'experimental', 'from', 'constructor', 'block', 'coinbase', 'difficulty', 'gaslimit', 'number', 'timestamp', 'blockhash', 'msg', 'data', 'gas', 'sender', 'sig', 'value', 'now', 'this', 'tx', 'origin', 'gasprice', 'public', 'internal', 'external', 'private', 'constant', 'length', 'balance', 'emit', '_', 'revert', Identifier}
line 464:0 extraneous input 'bool' expecting {<EOF>, 'pragma', 'import', 'contract', 'library', 'interface'}
jar:file:/usr/local/lib/node_modules/@smartdec/smartcheck/jdeploy-bundle/smartcheck-2.0-jar-with-dependencies.jar!/solidity-rules.xmlruleId: SOLIDITY_EXTRA_GAS_IN_LOOPS
patternId: d3j11j
severity: 1
line: 371
column: 4
content: for(uinti=0;i<betList[_fixtureId].length;i++){uint16selectedTeam=betList[_fixtureId][i].selectedTeam;uint256returnEth=(betList[_fixtureId][i].stake*betList[_fixtureId][i].odd)/1000;if((selectedTeam==1&&_homeDrawAway==1)||(selectedTeam==2&&_homeDrawAway==2)||(selectedTeam==3&&_homeDrawAway==3)||(selectedTeam==4&&_overUnder==1)||(selectedTeam==5&&_overUnder==2)||(selectedTeam==6&&(_homeDrawAway==1||_homeDrawAway==2))||(selectedTeam==7&&(_homeDrawAway==1||_homeDrawAway==3))||(selectedTeam==8&&(_homeDrawAway==3||_homeDrawAway==2))){betList[_fixtureId][i].player.transfer(returnEth);}}

ruleId: SOLIDITY_GAS_LIMIT_IN_LOOPS
patternId: f6f853
severity: 2
line: 371
column: 4
content: for(uinti=0;i<betList[_fixtureId].length;i++){uint16selectedTeam=betList[_fixtureId][i].selectedTeam;uint256returnEth=(betList[_fixtureId][i].stake*betList[_fixtureId][i].odd)/1000;if((selectedTeam==1&&_homeDrawAway==1)||(selectedTeam==2&&_homeDrawAway==2)||(selectedTeam==3&&_homeDrawAway==3)||(selectedTeam==4&&_overUnder==1)||(selectedTeam==5&&_overUnder==2)||(selectedTeam==6&&(_homeDrawAway==1||_homeDrawAway==2))||(selectedTeam==7&&(_homeDrawAway==1||_homeDrawAway==3))||(selectedTeam==8&&(_homeDrawAway==3||_homeDrawAway==2))){betList[_fixtureId][i].player.transfer(returnEth);}}

ruleId: SOLIDITY_OVERPOWERED_ROLE
patternId: j83hf7
severity: 2
line: 226
column: 2
content: functionsetOpenStatus(uint64_fixtureId,uint8_open_status)externalonlyOwner{gameList[_fixtureId].open_status=_open_status;}

ruleId: SOLIDITY_OVERPOWERED_ROLE
patternId: j83hf7
severity: 2
line: 275
column: 2
content: functionsetGameInfo(uint64_fixtureId,uint256_timestamp,uint32_odd_homeTeam,uint32_odd_drawTeam,uint32_odd_awayTeam,uint32_odd_over,uint32_odd_under,uint32_odd_homeTeamAndDraw,uint32_odd_homeAndAwayTeam,uint32_odd_awayTeamAndDraw,uint8_open_status)externalonlyOwner{gameList[_fixtureId].timestamp=_timestamp;gameList[_fixtureId].odd_homeTeam=_odd_homeTeam;gameList[_fixtureId].odd_drawTeam=_odd_drawTeam;gameList[_fixtureId].odd_awayTeam=_odd_awayTeam;gameList[_fixtureId].odd_over=_odd_over;gameList[_fixtureId].odd_under=_odd_under;gameList[_fixtureId].odd_homeTeamAndDraw=_odd_homeTeamAndDraw;gameList[_fixtureId].odd_homeAndAwayTeam=_odd_homeAndAwayTeam;gameList[_fixtureId].odd_awayTeamAndDraw=_odd_awayTeamAndDraw;gameList[_fixtureId].open_status=_open_status;gameList[_fixtureId].isDone=false;emitSetGame(_fixtureId,_timestamp,_odd_homeTeam,_odd_drawTeam,_odd_awayTeam,_odd_over,_odd_under,_odd_homeTeamAndDraw,_odd_homeAndAwayTeam,_odd_awayTeamAndDraw,_open_status);}

ruleId: SOLIDITY_PRAGMAS_VERSION
patternId: 23fc32
severity: 1
line: 3
column: 16
content: ^

ruleId: SOLIDITY_REVERT_REQUIRE
patternId: c56b12
severity: 1
line: 331
column: 11
content: if(_selectedTeam==8){require(gameList[_fixtureId].odd_awayTeamAndDraw==_odd);}else{revert();}

ruleId: SOLIDITY_TRANSFER_IN_LOOP
patternId: 8jdj43
severity: 2
line: 371
column: 4
content: for(uinti=0;i<betList[_fixtureId].length;i++){uint16selectedTeam=betList[_fixtureId][i].selectedTeam;uint256returnEth=(betList[_fixtureId][i].stake*betList[_fixtureId][i].odd)/1000;if((selectedTeam==1&&_homeDrawAway==1)||(selectedTeam==2&&_homeDrawAway==2)||(selectedTeam==3&&_homeDrawAway==3)||(selectedTeam==4&&_overUnder==1)||(selectedTeam==5&&_overUnder==2)||(selectedTeam==6&&(_homeDrawAway==1||_homeDrawAway==2))||(selectedTeam==7&&(_homeDrawAway==1||_homeDrawAway==3))||(selectedTeam==8&&(_homeDrawAway==3||_homeDrawAway==2))){betList[_fixtureId][i].player.transfer(returnEth);}}

ruleId: SOLIDITY_VISIBILITY
patternId: 910067
severity: 1
line: 461
column: 2
content: functionchangeOwner(addresspayable

ruleId: SOLIDITY_VISIBILITY
patternId: b51ce0
severity: 1
line: 11
column: 0
content: boolclaimed_TOD28=false;

ruleId: SOLIDITY_VISIBILITY
patternId: b51ce0
severity: 1
line: 12
column: 0
content: addresspayableowner_TOD28;

ruleId: SOLIDITY_VISIBILITY
patternId: b51ce0
severity: 1
line: 13
column: 0
content: uint256reward_TOD28;

ruleId: SOLIDITY_VISIBILITY
patternId: b51ce0
severity: 1
line: 49
column: 0
content: addresspayablewinner_TOD27;

ruleId: SOLIDITY_VISIBILITY
patternId: b51ce0
severity: 1
line: 72
column: 0
content: boolclaimed_TOD26=false;

ruleId: SOLIDITY_VISIBILITY
patternId: b51ce0
severity: 1
line: 73
column: 0
content: addresspayableowner_TOD26;

ruleId: SOLIDITY_VISIBILITY
patternId: b51ce0
severity: 1
line: 74
column: 0
content: uint256reward_TOD26;

ruleId: SOLIDITY_VISIBILITY
patternId: b51ce0
severity: 1
line: 93
column: 0
content: addresspayablewinner_TOD15;

ruleId: SOLIDITY_VISIBILITY
patternId: b51ce0
severity: 1
line: 107
column: 0
content: boolclaimed_TOD14=false;

ruleId: SOLIDITY_VISIBILITY
patternId: b51ce0
severity: 1
line: 108
column: 0
content: addresspayableowner_TOD14;

ruleId: SOLIDITY_VISIBILITY
patternId: b51ce0
severity: 1
line: 109
column: 0
content: uint256reward_TOD14;

ruleId: SOLIDITY_VISIBILITY
patternId: b51ce0
severity: 1
line: 126
column: 0
content: addresspayablewinner_TOD13;

ruleId: SOLIDITY_VISIBILITY
patternId: b51ce0
severity: 1
line: 140
column: 0
content: boolclaimed_TOD12=false;

ruleId: SOLIDITY_VISIBILITY
patternId: b51ce0
severity: 1
line: 141
column: 0
content: addresspayableowner_TOD12;

ruleId: SOLIDITY_VISIBILITY
patternId: b51ce0
severity: 1
line: 142
column: 0
content: uint256reward_TOD12;

ruleId: SOLIDITY_VISIBILITY
patternId: b51ce0
severity: 1
line: 159
column: 0
content: addresspayablewinner_TOD11;

ruleId: SOLIDITY_VISIBILITY
patternId: b51ce0
severity: 1
line: 173
column: 0
content: boolclaimed_TOD10=false;

ruleId: SOLIDITY_VISIBILITY
patternId: b51ce0
severity: 1
line: 174
column: 0
content: addresspayableowner_TOD10;

ruleId: SOLIDITY_VISIBILITY
patternId: b51ce0
severity: 1
line: 175
column: 0
content: uint256reward_TOD10;

ruleId: SOLIDITY_VISIBILITY
patternId: b51ce0
severity: 1
line: 192
column: 0
content: addresspayablewinner_TOD1;

ruleId: SOLIDITY_VISIBILITY
patternId: b51ce0
severity: 1
line: 211
column: 0
content: addresspayablewinner_TOD25;

ruleId: SOLIDITY_VISIBILITY
patternId: b51ce0
severity: 1
line: 229
column: 0
content: boolclaimed_TOD24=false;

ruleId: SOLIDITY_VISIBILITY
patternId: b51ce0
severity: 1
line: 230
column: 0
content: addresspayableowner_TOD24;

ruleId: SOLIDITY_VISIBILITY
patternId: b51ce0
severity: 1
line: 231
column: 0
content: uint256reward_TOD24;

ruleId: SOLIDITY_VISIBILITY
patternId: b51ce0
severity: 1
line: 260
column: 0
content: addresspayablewinner_TOD23;

ruleId: SOLIDITY_VISIBILITY
patternId: b51ce0
severity: 1
line: 289
column: 0
content: boolclaimed_TOD22=false;

ruleId: SOLIDITY_VISIBILITY
patternId: b51ce0
severity: 1
line: 290
column: 0
content: addresspayableowner_TOD22;

ruleId: SOLIDITY_VISIBILITY
patternId: b51ce0
severity: 1
line: 291
column: 0
content: uint256reward_TOD22;

ruleId: SOLIDITY_VISIBILITY
patternId: b51ce0
severity: 1
line: 347
column: 0
content: addresspayablewinner_TOD21;

ruleId: SOLIDITY_VISIBILITY
patternId: b51ce0
severity: 1
line: 394
column: 0
content: boolclaimed_TOD20=false;

ruleId: SOLIDITY_VISIBILITY
patternId: b51ce0
severity: 1
line: 395
column: 0
content: addresspayableowner_TOD20;

ruleId: SOLIDITY_VISIBILITY
patternId: b51ce0
severity: 1
line: 396
column: 0
content: uint256reward_TOD20;

ruleId: SOLIDITY_VISIBILITY
patternId: b51ce0
severity: 1
line: 423
column: 0
content: boolclaimed_TOD2=false;

ruleId: SOLIDITY_VISIBILITY
patternId: b51ce0
severity: 1
line: 424
column: 0
content: addresspayableowner_TOD2;

ruleId: SOLIDITY_VISIBILITY
patternId: b51ce0
severity: 1
line: 425
column: 0
content: uint256reward_TOD2;

ruleId: SOLIDITY_VISIBILITY
patternId: b51ce0
severity: 1
line: 446
column: 0
content: addresspayablewinner_TOD19;

ruleId: SOLIDITY_VISIBILITY
patternId: b51ce0
severity: 1
line: 462
column: 4
content: owner=_newOwner;

SOLIDITY_VISIBILITY :38
SOLIDITY_OVERPOWERED_ROLE :2
SOLIDITY_PRAGMAS_VERSION :1
SOLIDITY_REVERT_REQUIRE :1
SOLIDITY_EXTRA_GAS_IN_LOOPS :1
SOLIDITY_GAS_LIMIT_IN_LOOPS :1
SOLIDITY_TRANSFER_IN_LOOP :1