/data/buggy_30.sol
line 23:68 extraneous input 'data' expecting {',', ')'}
line 26:49 extraneous input 'data' expecting {',', ')'}
line 45:23 extraneous input 'data' expecting {',', ')'}
line 45:27 mismatched input ',' expecting {'solidity', 'experimental', 'from', 'constructor', 'block', 'coinbase', 'difficulty', 'gaslimit', 'number', 'timestamp', 'blockhash', 'msg', 'data', 'gas', 'sender', 'sig', 'value', 'now', 'this', 'tx', 'origin', 'gasprice', 'public', 'internal', 'external', 'private', 'constant', 'length', 'balance', 'emit', '_', 'revert', Identifier}
line 46:23 mismatched input 'operatorData' expecting {';', '='}
line 47:4 extraneous input ')' expecting {'solidity', 'experimental', 'from', 'constructor', 'block', 'coinbase', 'difficulty', 'gaslimit', 'number', 'timestamp', 'blockhash', 'msg', 'data', 'gas', 'sender', 'sig', 'value', 'now', 'this', 'tx', 'origin', 'gasprice', 'public', 'internal', 'external', 'private', 'constant', 'length', 'balance', 'emit', '_', 'revert', Identifier}
line 47:14 extraneous input ';' expecting {'solidity', 'experimental', 'from', 'constructor', 'block', 'coinbase', 'difficulty', 'gaslimit', 'number', 'timestamp', 'blockhash', 'msg', 'data', 'gas', 'sender', 'sig', 'value', 'now', 'this', 'tx', 'origin', 'gasprice', 'public', 'internal', 'external', 'private', 'constant', 'length', 'balance', 'emit', '_', 'revert', Identifier}
line 53:23 extraneous input 'data' expecting {',', ')'}
line 53:27 mismatched input ',' expecting {'solidity', 'experimental', 'from', 'constructor', 'block', 'coinbase', 'difficulty', 'gaslimit', 'number', 'timestamp', 'blockhash', 'msg', 'data', 'gas', 'sender', 'sig', 'value', 'now', 'this', 'tx', 'origin', 'gasprice', 'public', 'internal', 'external', 'private', 'constant', 'length', 'balance', 'emit', '_', 'revert', Identifier}
line 54:23 mismatched input 'operatorData' expecting {';', '='}
line 55:4 extraneous input ')' expecting {'solidity', 'experimental', 'from', 'constructor', 'block', 'coinbase', 'difficulty', 'gaslimit', 'number', 'timestamp', 'blockhash', 'msg', 'data', 'gas', 'sender', 'sig', 'value', 'now', 'this', 'tx', 'origin', 'gasprice', 'public', 'internal', 'external', 'private', 'constant', 'length', 'balance', 'emit', '_', 'revert', Identifier}
line 55:14 extraneous input ';' expecting {'solidity', 'experimental', 'from', 'constructor', 'block', 'coinbase', 'difficulty', 'gaslimit', 'number', 'timestamp', 'blockhash', 'msg', 'data', 'gas', 'sender', 'sig', 'value', 'now', 'this', 'tx', 'origin', 'gasprice', 'public', 'internal', 'external', 'private', 'constant', 'length', 'balance', 'emit', '_', 'revert', Identifier}
line 82:23 extraneous input 'userData' expecting {',', ')'}
line 82:31 mismatched input ',' expecting {'solidity', 'experimental', 'from', 'constructor', 'block', 'coinbase', 'difficulty', 'gaslimit', 'number', 'timestamp', 'blockhash', 'msg', 'data', 'gas', 'sender', 'sig', 'value', 'now', 'this', 'tx', 'origin', 'gasprice', 'public', 'internal', 'external', 'private', 'constant', 'length', 'balance', 'emit', '_', 'revert', Identifier}
line 83:23 mismatched input 'operatorData' expecting {';', '='}
line 84:4 extraneous input ')' expecting {'solidity', 'experimental', 'from', 'constructor', 'block', 'coinbase', 'difficulty', 'gaslimit', 'number', 'timestamp', 'blockhash', 'msg', 'data', 'gas', 'sender', 'sig', 'value', 'now', 'this', 'tx', 'origin', 'gasprice', 'public', 'internal', 'external', 'private', 'constant', 'length', 'balance', 'emit', '_', 'revert', Identifier}
line 84:14 extraneous input ';' expecting {'solidity', 'experimental', 'from', 'constructor', 'block', 'coinbase', 'difficulty', 'gaslimit', 'number', 'timestamp', 'blockhash', 'msg', 'data', 'gas', 'sender', 'sig', 'value', 'now', 'this', 'tx', 'origin', 'gasprice', 'public', 'internal', 'external', 'private', 'constant', 'length', 'balance', 'emit', '_', 'revert', Identifier}
line 94:23 extraneous input 'userData' expecting {',', ')'}
line 94:31 mismatched input ',' expecting {'solidity', 'experimental', 'from', 'constructor', 'block', 'coinbase', 'difficulty', 'gaslimit', 'number', 'timestamp', 'blockhash', 'msg', 'data', 'gas', 'sender', 'sig', 'value', 'now', 'this', 'tx', 'origin', 'gasprice', 'public', 'internal', 'external', 'private', 'constant', 'length', 'balance', 'emit', '_', 'revert', Identifier}
line 95:23 mismatched input 'operatorData' expecting {';', '='}
line 96:4 extraneous input ')' expecting {'solidity', 'experimental', 'from', 'constructor', 'block', 'coinbase', 'difficulty', 'gaslimit', 'number', 'timestamp', 'blockhash', 'msg', 'data', 'gas', 'sender', 'sig', 'value', 'now', 'this', 'tx', 'origin', 'gasprice', 'public', 'internal', 'external', 'private', 'constant', 'length', 'balance', 'emit', '_', 'revert', Identifier}
line 96:14 extraneous input ';' expecting {'solidity', 'experimental', 'from', 'constructor', 'block', 'coinbase', 'difficulty', 'gaslimit', 'number', 'timestamp', 'blockhash', 'msg', 'data', 'gas', 'sender', 'sig', 'value', 'now', 'this', 'tx', 'origin', 'gasprice', 'public', 'internal', 'external', 'private', 'constant', 'length', 'balance', 'emit', '_', 'revert', Identifier}
line 202:43 extraneous input 'interfaceName' expecting {',', ')'}
line 305:68 extraneous input 'data' expecting {',', ')'}
line 323:8 extraneous input 'payable' expecting {'solidity', 'experimental', 'from', 'constructor', 'block', 'coinbase', 'difficulty', 'gaslimit', 'number', 'timestamp', 'blockhash', 'msg', 'data', 'gas', 'sender', 'sig', 'value', 'now', 'this', 'tx', 'origin', 'gasprice', 'public', 'internal', 'external', 'private', 'constant', 'length', 'balance', 'emit', '_', 'revert', Identifier}
line 334:49 extraneous input 'data' expecting {',', ')'}
line 423:23 extraneous input 'data' expecting {',', ')'}
line 423:27 mismatched input ',' expecting {'solidity', 'experimental', 'from', 'constructor', 'block', 'coinbase', 'difficulty', 'gaslimit', 'number', 'timestamp', 'blockhash', 'msg', 'data', 'gas', 'sender', 'sig', 'value', 'now', 'this', 'tx', 'origin', 'gasprice', 'public', 'internal', 'external', 'private', 'constant', 'length', 'balance', 'emit', '_', 'revert', Identifier}
line 424:23 mismatched input 'operatorData' expecting {';', '='}
line 425:4 extraneous input ')' expecting {'solidity', 'experimental', 'from', 'constructor', 'block', 'coinbase', 'difficulty', 'gaslimit', 'number', 'timestamp', 'blockhash', 'msg', 'data', 'gas', 'sender', 'sig', 'value', 'now', 'this', 'tx', 'origin', 'gasprice', 'public', 'internal', 'external', 'private', 'constant', 'length', 'balance', 'emit', '_', 'revert', Identifier}
line 427:4 extraneous input '{' expecting {'solidity', 'experimental', 'from', 'constructor', 'block', 'coinbase', 'difficulty', 'gaslimit', 'number', 'timestamp', 'blockhash', 'msg', 'data', 'gas', 'sender', 'sig', 'value', 'now', 'this', 'tx', 'origin', 'gasprice', 'public', 'internal', 'external', 'private', 'constant', 'length', 'balance', 'emit', '_', 'revert', Identifier}
line 428:15 mismatched input '(' expecting {';', '='}
line 428:29 mismatched input '(' expecting ')'
line 428:40 mismatched input ',' expecting ')'
line 428:48 mismatched input ')' expecting {';', '='}
line 429:13 extraneous input '(' expecting {'solidity', 'experimental', 'from', 'constructor', 'block', 'coinbase', 'difficulty', 'gaslimit', 'number', 'timestamp', 'blockhash', 'msg', 'data', 'gas', 'sender', 'sig', 'value', 'now', 'this', 'tx', 'origin', 'gasprice', 'public', 'internal', 'external', 'private', 'constant', 'length', 'balance', 'emit', '_', 'revert', Identifier}
line 429:17 mismatched input '.' expecting {';', '='}
line 429:24 extraneous input ',' expecting {'solidity', 'experimental', 'from', 'constructor', 'block', 'coinbase', 'difficulty', 'gaslimit', 'number', 'timestamp', 'blockhash', 'msg', 'data', 'gas', 'sender', 'sig', 'value', 'now', 'this', 'tx', 'origin', 'gasprice', 'public', 'internal', 'external', 'private', 'constant', 'length', 'balance', 'emit', '_', 'revert', Identifier}
line 429:32 mismatched input ',' expecting {';', '='}
line 429:43 extraneous input ',' expecting {'solidity', 'experimental', 'from', 'constructor', 'block', 'coinbase', 'difficulty', 'gaslimit', 'number', 'timestamp', 'blockhash', 'msg', 'data', 'gas', 'sender', 'sig', 'value', 'now', 'this', 'tx', 'origin', 'gasprice', 'public', 'internal', 'external', 'private', 'constant', 'length', 'balance', 'emit', '_', 'revert', Identifier}
line 429:51 mismatched input ',' expecting {';', '='}
line 429:57 extraneous input ',' expecting {'solidity', 'experimental', 'from', 'constructor', 'block', 'coinbase', 'difficulty', 'gaslimit', 'number', 'timestamp', 'blockhash', 'msg', 'data', 'gas', 'sender', 'sig', 'value', 'now', 'this', 'tx', 'origin', 'gasprice', 'public', 'internal', 'external', 'private', 'constant', 'length', 'balance', 'emit', '_', 'revert', Identifier}
line 429:71 mismatched input ',' expecting {';', '='}
line 431:0 extraneous input 'bool' expecting {<EOF>, 'pragma', 'import', 'contract', 'library', 'interface'}
line 745:8 extraneous input 'payable' expecting {'solidity', 'experimental', 'from', 'constructor', 'block', 'coinbase', 'difficulty', 'gaslimit', 'number', 'timestamp', 'blockhash', 'msg', 'data', 'gas', 'sender', 'sig', 'value', 'now', 'this', 'tx', 'origin', 'gasprice', 'public', 'internal', 'external', 'private', 'constant', 'length', 'balance', 'emit', '_', 'revert', Identifier}
line 877:8 extraneous input 'payable' expecting {'solidity', 'experimental', 'from', 'constructor', 'block', 'coinbase', 'difficulty', 'gaslimit', 'number', 'timestamp', 'blockhash', 'msg', 'data', 'gas', 'sender', 'sig', 'value', 'now', 'this', 'tx', 'origin', 'gasprice', 'public', 'internal', 'external', 'private', 'constant', 'length', 'balance', 'emit', '_', 'revert', Identifier}
line 949:8 extraneous input 'payable' expecting {'solidity', 'experimental', 'from', 'constructor', 'block', 'coinbase', 'difficulty', 'gaslimit', 'number', 'timestamp', 'blockhash', 'msg', 'data', 'gas', 'sender', 'sig', 'value', 'now', 'this', 'tx', 'origin', 'gasprice', 'public', 'internal', 'external', 'private', 'constant', 'length', 'balance', 'emit', '_', 'revert', Identifier}
line 1023:8 extraneous input 'payable' expecting {'solidity', 'experimental', 'from', 'constructor', 'block', 'coinbase', 'difficulty', 'gaslimit', 'number', 'timestamp', 'blockhash', 'msg', 'data', 'gas', 'sender', 'sig', 'value', 'now', 'this', 'tx', 'origin', 'gasprice', 'public', 'internal', 'external', 'private', 'constant', 'length', 'balance', 'emit', '_', 'revert', Identifier}
jar:file:/usr/local/lib/node_modules/@smartdec/smartcheck/jdeploy-bundle/smartcheck-2.0-jar-with-dependencies.jar!/solidity-rules.xmlruleId: SOLIDITY_ADDRESS_HARDCODED
patternId: adc165
severity: 1
line: 222
column: 57
content: 0x1820a4B7618BdE71Dce8cdc73aAB6C95905faD24

ruleId: SOLIDITY_CALL_WITHOUT_DATA
patternId: 111ppp
severity: 2
line: 326
column: 42
content: call.value(jackpot_re_ent9)("")

ruleId: SOLIDITY_CALL_WITHOUT_DATA
patternId: 111ppp
severity: 2
line: 339
column: 36
content: call.value(balances_re_ent8[msg.sender])("")

ruleId: SOLIDITY_CALL_WITHOUT_DATA
patternId: 111ppp
severity: 2
line: 732
column: 35
content: call.value(1ether)("")

ruleId: SOLIDITY_CALL_WITHOUT_DATA
patternId: 111ppp
severity: 2
line: 766
column: 29
content: call.value(_weiToWithdraw)("")

ruleId: SOLIDITY_CALL_WITHOUT_DATA
patternId: 111ppp
severity: 2
line: 813
column: 36
content: call.value(userBalance_re_ent26[msg.sender])("")

ruleId: SOLIDITY_CALL_WITHOUT_DATA
patternId: 111ppp
severity: 2
line: 891
column: 35
content: call.value(balances_re_ent21[msg.sender])("")

ruleId: SOLIDITY_CALL_WITHOUT_DATA
patternId: 111ppp
severity: 2
line: 937
column: 35
content: call.value(balances_re_ent1[msg.sender])("")

ruleId: SOLIDITY_CALL_WITHOUT_DATA
patternId: 111ppp
severity: 2
line: 1007
column: 35
content: call.value(_weiToWithdraw)("")

ruleId: SOLIDITY_EXTRA_GAS_IN_LOOPS
patternId: d3j11j
severity: 1
line: 265
column: 8
content: for(uint256i=0;i<_defaultOperatorsArray.length;i++){_defaultOperators[_defaultOperatorsArray[i]]=true;}

ruleId: SOLIDITY_GAS_LIMIT_IN_LOOPS
patternId: f6f853
severity: 2
line: 265
column: 8
content: for(uint256i=0;i<_defaultOperatorsArray.length;i++){_defaultOperators[_defaultOperatorsArray[i]]=true;}

ruleId: SOLIDITY_PRAGMAS_VERSION
patternId: 23fc32
severity: 1
line: 3
column: 16
content: ^

ruleId: SOLIDITY_PRIVATE_MODIFIER_DONT_HIDE_DATA
patternId: 5616b2
severity: 1
line: 222
column: 21
content: private

ruleId: SOLIDITY_PRIVATE_MODIFIER_DONT_HIDE_DATA
patternId: 5616b2
severity: 1
line: 224
column: 32
content: private

ruleId: SOLIDITY_PRIVATE_MODIFIER_DONT_HIDE_DATA
patternId: 5616b2
severity: 1
line: 226
column: 12
content: private

ruleId: SOLIDITY_PRIVATE_MODIFIER_DONT_HIDE_DATA
patternId: 5616b2
severity: 1
line: 228
column: 11
content: private

ruleId: SOLIDITY_PRIVATE_MODIFIER_DONT_HIDE_DATA
patternId: 5616b2
severity: 1
line: 229
column: 11
content: private

ruleId: SOLIDITY_PRIVATE_MODIFIER_DONT_HIDE_DATA
patternId: 5616b2
severity: 1
line: 235
column: 21
content: private

ruleId: SOLIDITY_PRIVATE_MODIFIER_DONT_HIDE_DATA
patternId: 5616b2
severity: 1
line: 239
column: 21
content: private

ruleId: SOLIDITY_PRIVATE_MODIFIER_DONT_HIDE_DATA
patternId: 5616b2
severity: 1
line: 243
column: 14
content: private

ruleId: SOLIDITY_PRIVATE_MODIFIER_DONT_HIDE_DATA
patternId: 5616b2
severity: 1
line: 246
column: 29
content: private

ruleId: SOLIDITY_PRIVATE_MODIFIER_DONT_HIDE_DATA
patternId: 5616b2
severity: 1
line: 249
column: 49
content: private

ruleId: SOLIDITY_PRIVATE_MODIFIER_DONT_HIDE_DATA
patternId: 5616b2
severity: 1
line: 250
column: 49
content: private

ruleId: SOLIDITY_PRIVATE_MODIFIER_DONT_HIDE_DATA
patternId: 5616b2
severity: 1
line: 253
column: 54
content: private

ruleId: SOLIDITY_PRIVATE_MODIFIER_DONT_HIDE_DATA
patternId: 5616b2
severity: 1
line: 740
column: 15
content: private

ruleId: SOLIDITY_PRIVATE_MODIFIER_DONT_HIDE_DATA
patternId: 5616b2
severity: 1
line: 844
column: 15
content: private

ruleId: SOLIDITY_PRIVATE_MODIFIER_DONT_HIDE_DATA
patternId: 5616b2
severity: 1
line: 943
column: 9
content: private

ruleId: SOLIDITY_REVERT_REQUIRE
patternId: c56b12
severity: 1
line: 327
column: 5
content: if(!success)revert();

ruleId: SOLIDITY_REVERT_REQUIRE
patternId: c56b12
severity: 1
line: 733
column: 8
content: if(!success){revert();}

ruleId: SOLIDITY_REVERT_REQUIRE
patternId: c56b12
severity: 1
line: 814
column: 8
content: if(!success){revert();}

ruleId: SOLIDITY_SAFEMATH
patternId: 837cac
severity: 1
line: 219
column: 4
content: usingSafeMathforuint256;

ruleId: SOLIDITY_SHOULD_NOT_BE_VIEW
patternId: 189abf
severity: 1
line: 176
column: 4
content: functionisContract(addressaccount)internalviewreturns(bool){uint256size;assembly{size:=extcodesize(account)}returnsize>0;}

ruleId: SOLIDITY_UNCHECKED_CALL
patternId: f39eed
severity: 3
line: 306
column: 8
content: _send(msg.sender,msg.sender,recipient,amount,data,"",true)

ruleId: SOLIDITY_UNCHECKED_CALL
patternId: f39eed
severity: 3
line: 315
column: 8
content: _callTokensToSend(from,from,recipient,amount,"","")

ruleId: SOLIDITY_UNCHECKED_CALL
patternId: f39eed
severity: 3
line: 319
column: 8
content: _callTokensReceived(from,from,recipient,amount,"","",false)

ruleId: SOLIDITY_UNCHECKED_CALL
patternId: f39eed
severity: 3
line: 326
column: 42
content: call.value(jackpot_re_ent9)("")

ruleId: SOLIDITY_UNCHECKED_CALL
patternId: f39eed
severity: 3
line: 339
column: 36
content: call.value(balances_re_ent8[msg.sender])("")

ruleId: SOLIDITY_UNCHECKED_CALL
patternId: f39eed
severity: 3
line: 732
column: 35
content: call.value(1ether)("")

ruleId: SOLIDITY_UNCHECKED_CALL
patternId: f39eed
severity: 3
line: 766
column: 29
content: call.value(_weiToWithdraw)("")

ruleId: SOLIDITY_UNCHECKED_CALL
patternId: f39eed
severity: 3
line: 813
column: 36
content: call.value(userBalance_re_ent26[msg.sender])("")

ruleId: SOLIDITY_UNCHECKED_CALL
patternId: f39eed
severity: 3
line: 891
column: 35
content: call.value(balances_re_ent21[msg.sender])("")

ruleId: SOLIDITY_UNCHECKED_CALL
patternId: f39eed
severity: 3
line: 937
column: 35
content: call.value(balances_re_ent1[msg.sender])("")

ruleId: SOLIDITY_UNCHECKED_CALL
patternId: f39eed
severity: 3
line: 1007
column: 35
content: call.value(_weiToWithdraw)("")

ruleId: SOLIDITY_VISIBILITY
patternId: 910067
severity: 1
line: 41
column: 4
content: functionoperatorSend(addresssender,addressrecipient,uint256amount,bytescalldata<missing ')'>

ruleId: SOLIDITY_VISIBILITY
patternId: 910067
severity: 1
line: 50
column: 4
content: functionoperatorBurn(addressaccount,uint256amount,bytescalldata<missing ')'>

ruleId: SOLIDITY_VISIBILITY
patternId: 910067
severity: 1
line: 77
column: 4
content: functiontokensReceived(addressoperator,addressfrom,addressto,uintamount,bytescalldata<missing ')'>

ruleId: SOLIDITY_VISIBILITY
patternId: 910067
severity: 1
line: 89
column: 4
content: functiontokensToSend(addressoperator,addressfrom,addressto,uintamount,bytescalldata<missing ')'>

ruleId: SOLIDITY_VISIBILITY
patternId: 910067
severity: 1
line: 419
column: 4
content: functionoperatorSend(addresssender,addressrecipient,uint256amount,bytescalldata<missing ')'>

ruleId: SOLIDITY_VISIBILITY
patternId: b51ce0
severity: 1
line: 45
column: 23
content: data,

ruleId: SOLIDITY_VISIBILITY
patternId: b51ce0
severity: 1
line: 46
column: 8
content: bytescalldata

ruleId: SOLIDITY_VISIBILITY
patternId: b51ce0
severity: 1
line: 53
column: 23
content: data,

ruleId: SOLIDITY_VISIBILITY
patternId: b51ce0
severity: 1
line: 54
column: 8
content: bytescalldata

ruleId: SOLIDITY_VISIBILITY
patternId: b51ce0
severity: 1
line: 82
column: 23
content: userData,

ruleId: SOLIDITY_VISIBILITY
patternId: b51ce0
severity: 1
line: 83
column: 8
content: bytescalldata

ruleId: SOLIDITY_VISIBILITY
patternId: b51ce0
severity: 1
line: 94
column: 23
content: userData,

ruleId: SOLIDITY_VISIBILITY
patternId: b51ce0
severity: 1
line: 95
column: 8
content: bytescalldata

ruleId: SOLIDITY_VISIBILITY
patternId: b51ce0
severity: 1
line: 323
column: 0
content: addresspayablelastPlayer_re_ent9;

ruleId: SOLIDITY_VISIBILITY
patternId: b51ce0
severity: 1
line: 324
column: 6
content: uintjackpot_re_ent9;

ruleId: SOLIDITY_VISIBILITY
patternId: b51ce0
severity: 1
line: 337
column: 0
content: mapping(address=>uint)balances_re_ent8;

ruleId: SOLIDITY_VISIBILITY
patternId: b51ce0
severity: 1
line: 353
column: 0
content: uint256counter_re_ent7=0;

ruleId: SOLIDITY_VISIBILITY
patternId: b51ce0
severity: 1
line: 374
column: 0
content: boolnot_called_re_ent6=true;

ruleId: SOLIDITY_VISIBILITY
patternId: b51ce0
severity: 1
line: 395
column: 0
content: mapping(address=>uint)userBalance_re_ent5;

ruleId: SOLIDITY_VISIBILITY
patternId: b51ce0
severity: 1
line: 409
column: 0
content: uint256counter_re_ent42=0;

ruleId: SOLIDITY_VISIBILITY
patternId: b51ce0
severity: 1
line: 423
column: 23
content: data,

ruleId: SOLIDITY_VISIBILITY
patternId: b51ce0
severity: 1
line: 424
column: 8
content: bytescalldata

ruleId: SOLIDITY_VISIBILITY
patternId: b51ce0
severity: 1
line: 428
column: 15
content: (isOperatorFor<missing ';'>

ruleId: SOLIDITY_VISIBILITY
patternId: b51ce0
severity: 1
line: 428
column: 29
content: (msg.sender,sender),"ERC777: caller is not an operator for holder");

ruleId: SOLIDITY_VISIBILITY
patternId: b51ce0
severity: 1
line: 429
column: 8
content: _send(msg.

ruleId: SOLIDITY_VISIBILITY
patternId: b51ce0
severity: 1
line: 429
column: 18
content: sender,sender,

ruleId: SOLIDITY_VISIBILITY
patternId: b51ce0
severity: 1
line: 429
column: 34
content: recipient,amount,

ruleId: SOLIDITY_VISIBILITY
patternId: b51ce0
severity: 1
line: 429
column: 53
content: data,operatorData,true);

ruleId: SOLIDITY_VISIBILITY
patternId: b51ce0
severity: 1
line: 720
column: 2
content: uint256counter_re_ent14=0;

ruleId: SOLIDITY_VISIBILITY
patternId: b51ce0
severity: 1
line: 729
column: 2
content: boolnot_called_re_ent13=true;

ruleId: SOLIDITY_VISIBILITY
patternId: b51ce0
severity: 1
line: 745
column: 0
content: addresspayablelastPlayer_re_ent30;

ruleId: SOLIDITY_VISIBILITY
patternId: b51ce0
severity: 1
line: 746
column: 6
content: uintjackpot_re_ent30;

ruleId: SOLIDITY_VISIBILITY
patternId: b51ce0
severity: 1
line: 762
column: 0
content: mapping(address=>uint)balances_re_ent3;

ruleId: SOLIDITY_VISIBILITY
patternId: b51ce0
severity: 1
line: 774
column: 0
content: mapping(address=>uint)balances_re_ent29;

ruleId: SOLIDITY_VISIBILITY
patternId: b51ce0
severity: 1
line: 783
column: 0
content: uint256counter_re_ent28=0;

ruleId: SOLIDITY_VISIBILITY
patternId: b51ce0
severity: 1
line: 796
column: 0
content: boolnot_called_re_ent27=true;

ruleId: SOLIDITY_VISIBILITY
patternId: b51ce0
severity: 1
line: 809
column: 0
content: mapping(address=>uint)userBalance_re_ent26;

ruleId: SOLIDITY_VISIBILITY
patternId: b51ce0
severity: 1
line: 824
column: 2
content: mapping(address=>uint)userBalance_re_ent12;

ruleId: SOLIDITY_VISIBILITY
patternId: b51ce0
severity: 1
line: 834
column: 2
content: mapping(address=>uint)redeemableEther_re_ent11;

ruleId: SOLIDITY_VISIBILITY
patternId: b51ce0
severity: 1
line: 849
column: 0
content: mapping(address=>uint)redeemableEther_re_ent25;

ruleId: SOLIDITY_VISIBILITY
patternId: b51ce0
severity: 1
line: 866
column: 0
content: mapping(address=>uint)balances_re_ent24;

ruleId: SOLIDITY_VISIBILITY
patternId: b51ce0
severity: 1
line: 877
column: 0
content: addresspayablelastPlayer_re_ent23;

ruleId: SOLIDITY_VISIBILITY
patternId: b51ce0
severity: 1
line: 878
column: 6
content: uintjackpot_re_ent23;

ruleId: SOLIDITY_VISIBILITY
patternId: b51ce0
severity: 1
line: 889
column: 0
content: mapping(address=>uint)balances_re_ent21;

ruleId: SOLIDITY_VISIBILITY
patternId: b51ce0
severity: 1
line: 900
column: 0
content: uint256counter_re_ent21=0;

ruleId: SOLIDITY_VISIBILITY
patternId: b51ce0
severity: 1
line: 913
column: 0
content: boolnot_called_re_ent20=true;

ruleId: SOLIDITY_VISIBILITY
patternId: b51ce0
severity: 1
line: 925
column: 2
content: mapping(address=>uint)balances_re_ent10;

ruleId: SOLIDITY_VISIBILITY
patternId: b51ce0
severity: 1
line: 935
column: 2
content: mapping(address=>uint)balances_re_ent1;

ruleId: SOLIDITY_VISIBILITY
patternId: b51ce0
severity: 1
line: 949
column: 0
content: addresspayablelastPlayer_re_ent2;

ruleId: SOLIDITY_VISIBILITY
patternId: b51ce0
severity: 1
line: 950
column: 6
content: uintjackpot_re_ent2;

ruleId: SOLIDITY_VISIBILITY
patternId: b51ce0
severity: 1
line: 962
column: 0
content: mapping(address=>uint)userBalance_re_ent19;

ruleId: SOLIDITY_VISIBILITY
patternId: b51ce0
severity: 1
line: 989
column: 0
content: mapping(address=>uint)redeemableEther_re_ent18;

ruleId: SOLIDITY_VISIBILITY
patternId: b51ce0
severity: 1
line: 1003
column: 0
content: mapping(address=>uint)balances_re_ent17;

ruleId: SOLIDITY_VISIBILITY
patternId: b51ce0
severity: 1
line: 1023
column: 0
content: addresspayablelastPlayer_re_ent16;

ruleId: SOLIDITY_VISIBILITY
patternId: b51ce0
severity: 1
line: 1024
column: 6
content: uintjackpot_re_ent16;

ruleId: SOLIDITY_VISIBILITY
patternId: b51ce0
severity: 1
line: 1036
column: 0
content: mapping(address=>uint)balances_re_ent15;

SOLIDITY_VISIBILITY :56
SOLIDITY_SAFEMATH :1
SOLIDITY_PRAGMAS_VERSION :1
SOLIDITY_REVERT_REQUIRE :3
SOLIDITY_PRIVATE_MODIFIER_DONT_HIDE_DATA :15
SOLIDITY_EXTRA_GAS_IN_LOOPS :1
SOLIDITY_ADDRESS_HARDCODED :1
SOLIDITY_GAS_LIMIT_IN_LOOPS :1
SOLIDITY_UNCHECKED_CALL :11
SOLIDITY_CALL_WITHOUT_DATA :8
SOLIDITY_SHOULD_NOT_BE_VIEW :1