/data/47.sol
line 104:12 extraneous input 'payable' expecting {'solidity', 'experimental', 'from', 'constructor', 'block', 'coinbase', 'difficulty', 'gaslimit', 'number', 'timestamp', 'blockhash', 'msg', 'data', 'gas', 'sender', 'sig', 'value', 'now', 'this', 'tx', 'origin', 'gasprice', 'public', 'internal', 'external', 'private', 'constant', 'length', 'balance', 'emit', '_', 'revert', Identifier}
line 134:24 mismatched input 'payable' expecting {',', ')'}
line 134:40 no viable alternative at input '_deposit)'
line 134:40 extraneous input ')' expecting {'solidity', 'experimental', 'from', 'constructor', 'block', 'coinbase', 'difficulty', 'gaslimit', 'number', 'timestamp', 'blockhash', 'msg', 'data', 'gas', 'sender', 'sig', 'value', 'now', 'this', 'tx', 'origin', 'gasprice', 'public', 'internal', 'external', 'private', 'constant', 'length', 'balance', 'emit', '_', 'revert', Identifier}
line 134:48 extraneous input '{' expecting {'solidity', 'experimental', 'from', 'constructor', 'block', 'coinbase', 'difficulty', 'gaslimit', 'number', 'timestamp', 'blockhash', 'msg', 'data', 'gas', 'sender', 'sig', 'value', 'now', 'this', 'tx', 'origin', 'gasprice', 'public', 'internal', 'external', 'private', 'constant', 'length', 'balance', 'emit', '_', 'revert', Identifier}
line 136:14 extraneous input '=' expecting {'solidity', 'experimental', 'from', 'constructor', 'block', 'coinbase', 'difficulty', 'gaslimit', 'number', 'timestamp', 'blockhash', 'msg', 'data', 'gas', 'sender', 'sig', 'value', 'now', 'this', 'tx', 'origin', 'gasprice', 'public', 'internal', 'external', 'private', 'constant', 'length', 'balance', 'emit', '_', 'revert', Identifier}
line 136:19 mismatched input '.' expecting {';', '='}
line 136:26 extraneous input ';' expecting {'solidity', 'experimental', 'from', 'constructor', 'block', 'coinbase', 'difficulty', 'gaslimit', 'number', 'timestamp', 'blockhash', 'msg', 'data', 'gas', 'sender', 'sig', 'value', 'now', 'this', 'tx', 'origin', 'gasprice', 'public', 'internal', 'external', 'private', 'constant', 'length', 'balance', 'emit', '_', 'revert', Identifier}
line 141:4 extraneous input 'function' expecting {<EOF>, 'pragma', 'import', 'contract', 'library', 'interface'}
jar:file:/usr/local/lib/node_modules/@smartdec/smartcheck/jdeploy-bundle/smartcheck-2.0-jar-with-dependencies.jar!/solidity-rules.xmlruleId: SOLIDITY_ERC20_APPROVE
patternId: af782c
severity: 2
line: 55
column: 4
content: functionapprove(addressspender,uinttokens)publicreturns(bool){require(balances[msg.sender]>=tokens);require(tokens>0);allowed[msg.sender][spender]=tokens;emitApproval(msg.sender,spender,tokens);returntrue;}

ruleId: SOLIDITY_LOCKED_MONEY
patternId: 30281d
severity: 3
line: 98
column: 0
content: contractAcunarIEOisAcunarToken{addresspublicadmin;addresspayablepublicdeposit;uinttokenPrice=0.0001ether;uintpublichardCap=21000ether;uintpublicraisedAmount;uintpublicsaleStart=now;uintpublicsaleEnd=now+14515200;uintpubliccoinTradeStart=saleEnd+15120000;uintpublicmaxInvestment=30ether;uintpublicminInvestment=0.1ether;enumState{beforeStart,running,afterEnd,halted}StatepublicieoState;modifieronlyAdmin(){require(msg.sender==admin);_;}eventInvest(addressinvestor,uintvalue,uinttokens);constructor(addresspayable_deposit)public{deposit=_deposit;admin=msg.sender;ieoState=State.beforeStart;}

ruleId: SOLIDITY_PRAGMAS_VERSION
patternId: 23fc32
severity: 1
line: 3
column: 16
content: ^

ruleId: SOLIDITY_VISIBILITY
patternId: 910067
severity: 1
line: 134
column: 4
content: constructor(addresspayable

ruleId: SOLIDITY_VISIBILITY
patternId: b51ce0
severity: 1
line: 33
column: 4
content: mapping(address=>mapping(address=>uint))allowed;

ruleId: SOLIDITY_VISIBILITY
patternId: b51ce0
severity: 1
line: 107
column: 4
content: uinttokenPrice=0.0001ether;

ruleId: SOLIDITY_VISIBILITY
patternId: b51ce0
severity: 1
line: 136
column: 8
content: admin=msg.

ruleId: SOLIDITY_VISIBILITY
patternId: b51ce0
severity: 1
line: 136
column: 20
content: sender;ieoState=State.beforeStart;

SOLIDITY_VISIBILITY :5
SOLIDITY_PRAGMAS_VERSION :1
SOLIDITY_LOCKED_MONEY :1
SOLIDITY_ERC20_APPROVE :1