/data/buggy_22.sol
line 51:10 extraneous input 'payable' expecting {'solidity', 'experimental', 'from', 'constructor', 'block', 'coinbase', 'difficulty', 'gaslimit', 'number', 'timestamp', 'blockhash', 'msg', 'data', 'gas', 'sender', 'sig', 'value', 'now', 'this', 'tx', 'origin', 'gasprice', 'public', 'internal', 'external', 'private', 'constant', 'length', 'balance', 'emit', '_', 'revert', Identifier}
line 83:8 extraneous input 'payable' expecting {'solidity', 'experimental', 'from', 'constructor', 'block', 'coinbase', 'difficulty', 'gaslimit', 'number', 'timestamp', 'blockhash', 'msg', 'data', 'gas', 'sender', 'sig', 'value', 'now', 'this', 'tx', 'origin', 'gasprice', 'public', 'internal', 'external', 'private', 'constant', 'length', 'balance', 'emit', '_', 'revert', Identifier}
line 267:10 extraneous input 'payable' expecting {'solidity', 'experimental', 'from', 'constructor', 'block', 'coinbase', 'difficulty', 'gaslimit', 'number', 'timestamp', 'blockhash', 'msg', 'data', 'gas', 'sender', 'sig', 'value', 'now', 'this', 'tx', 'origin', 'gasprice', 'public', 'internal', 'external', 'private', 'constant', 'length', 'balance', 'emit', '_', 'revert', Identifier}
line 395:8 extraneous input 'payable' expecting {'solidity', 'experimental', 'from', 'constructor', 'block', 'coinbase', 'difficulty', 'gaslimit', 'number', 'timestamp', 'blockhash', 'msg', 'data', 'gas', 'sender', 'sig', 'value', 'now', 'this', 'tx', 'origin', 'gasprice', 'public', 'internal', 'external', 'private', 'constant', 'length', 'balance', 'emit', '_', 'revert', Identifier}
line 525:8 extraneous input 'payable' expecting {'solidity', 'experimental', 'from', 'constructor', 'block', 'coinbase', 'difficulty', 'gaslimit', 'number', 'timestamp', 'blockhash', 'msg', 'data', 'gas', 'sender', 'sig', 'value', 'now', 'this', 'tx', 'origin', 'gasprice', 'public', 'internal', 'external', 'private', 'constant', 'length', 'balance', 'emit', '_', 'revert', Identifier}
jar:file:/usr/local/lib/node_modules/@smartdec/smartcheck/jdeploy-bundle/smartcheck-2.0-jar-with-dependencies.jar!/solidity-rules.xmlruleId: SOLIDITY_ARRAY_LENGTH_MANIPULATION
patternId: 43ba1c
severity: 1
line: 479
column: 21
content: proposals.length++

ruleId: SOLIDITY_ARRAY_LENGTH_MANIPULATION
patternId: 43ba1c
severity: 1
line: 588
column: 17
content: p.votes.length++

ruleId: SOLIDITY_CALL_WITHOUT_DATA
patternId: 111ppp
severity: 2
line: 24
column: 36
content: call.value(userBalance_re_ent33[msg.sender])("")

ruleId: SOLIDITY_CALL_WITHOUT_DATA
patternId: 111ppp
severity: 2
line: 100
column: 29
content: call.value(_weiToWithdraw)("")

ruleId: SOLIDITY_CALL_WITHOUT_DATA
patternId: 111ppp
severity: 2
line: 133
column: 36
content: call.value(userBalance_re_ent26[msg.sender])("")

ruleId: SOLIDITY_CALL_WITHOUT_DATA
patternId: 111ppp
severity: 2
line: 234
column: 35
content: call.value(userBalance_re_ent40[msg.sender])("")

ruleId: SOLIDITY_CALL_WITHOUT_DATA
patternId: 111ppp
severity: 2
line: 314
column: 35
content: call.value(1ether)("")

ruleId: SOLIDITY_CALL_WITHOUT_DATA
patternId: 111ppp
severity: 2
line: 350
column: 35
content: call.value(balances_re_ent1[msg.sender])("")

ruleId: SOLIDITY_CALL_WITHOUT_DATA
patternId: 111ppp
severity: 2
line: 421
column: 35
content: call.value(balances_re_ent21[msg.sender])("")

ruleId: SOLIDITY_CALL_WITHOUT_DATA
patternId: 111ppp
severity: 2
line: 661
column: 35
content: call.value(_weiToWithdraw)("")

ruleId: SOLIDITY_EXTRA_GAS_IN_LOOPS
patternId: d3j11j
severity: 1
line: 626
column: 8
content: for(uinti=0;i<p.votes.length;++i){Votestoragev=p.votes[i];uintvoteWeight=tokenAddress.actualBalanceOf(v.voter);quorum+=voteWeight;if(v.inSupport){yea+=voteWeight;}else{nay+=voteWeight;}}

ruleId: SOLIDITY_GAS_LIMIT_IN_LOOPS
patternId: f6f853
severity: 2
line: 626
column: 8
content: for(uinti=0;i<p.votes.length;++i){Votestoragev=p.votes[i];uintvoteWeight=tokenAddress.actualBalanceOf(v.voter);quorum+=voteWeight;if(v.inSupport){yea+=voteWeight;}else{nay+=voteWeight;}}

ruleId: SOLIDITY_OVERPOWERED_ROLE
patternId: j83hf7
severity: 2
line: 413
column: 4
content: functioninit(Token_tokenAddress,address_chairmanAddress,uint_minimumTokensToVote,uint_minimumPercentToPassAVote,uint_minutesForDebate)onlyOwnerpublic{require(!initialized);initialized=true;changeVotingRules(_tokenAddress,_chairmanAddress,_minimumTokensToVote,_minimumPercentToPassAVote,_minutesForDebate);emitInitialized();}

ruleId: SOLIDITY_PRAGMAS_VERSION
patternId: 23fc32
severity: 1
line: 3
column: 16
content: >=

ruleId: SOLIDITY_REVERT_REQUIRE
patternId: c56b12
severity: 1
line: 25
column: 8
content: if(!success){revert();}

ruleId: SOLIDITY_REVERT_REQUIRE
patternId: c56b12
severity: 1
line: 134
column: 8
content: if(!success){revert();}

ruleId: SOLIDITY_REVERT_REQUIRE
patternId: c56b12
severity: 1
line: 235
column: 8
content: if(!success){revert();}

ruleId: SOLIDITY_REVERT_REQUIRE
patternId: c56b12
severity: 1
line: 315
column: 8
content: if(!success){revert();}

ruleId: SOLIDITY_SAFEMATH
patternId: 837cac
severity: 1
line: 228
column: 4
content: usingSafeMathforuint256;

ruleId: SOLIDITY_UNCHECKED_CALL
patternId: f39eed
severity: 3
line: 24
column: 36
content: call.value(userBalance_re_ent33[msg.sender])("")

ruleId: SOLIDITY_UNCHECKED_CALL
patternId: f39eed
severity: 3
line: 100
column: 29
content: call.value(_weiToWithdraw)("")

ruleId: SOLIDITY_UNCHECKED_CALL
patternId: f39eed
severity: 3
line: 133
column: 36
content: call.value(userBalance_re_ent26[msg.sender])("")

ruleId: SOLIDITY_UNCHECKED_CALL
patternId: f39eed
severity: 3
line: 234
column: 35
content: call.value(userBalance_re_ent40[msg.sender])("")

ruleId: SOLIDITY_UNCHECKED_CALL
patternId: f39eed
severity: 3
line: 314
column: 35
content: call.value(1ether)("")

ruleId: SOLIDITY_UNCHECKED_CALL
patternId: f39eed
severity: 3
line: 350
column: 35
content: call.value(balances_re_ent1[msg.sender])("")

ruleId: SOLIDITY_UNCHECKED_CALL
patternId: f39eed
severity: 3
line: 421
column: 35
content: call.value(balances_re_ent21[msg.sender])("")

ruleId: SOLIDITY_UNCHECKED_CALL
patternId: f39eed
severity: 3
line: 661
column: 35
content: call.value(_weiToWithdraw)("")

ruleId: SOLIDITY_VISIBILITY
patternId: b51ce0
severity: 1
line: 7
column: 2
content: boolnot_called_re_ent41=true;

ruleId: SOLIDITY_VISIBILITY
patternId: b51ce0
severity: 1
line: 20
column: 0
content: mapping(address=>uint)userBalance_re_ent33;

ruleId: SOLIDITY_VISIBILITY
patternId: b51ce0
severity: 1
line: 39
column: 0
content: mapping(address=>uint)redeemableEther_re_ent32;

ruleId: SOLIDITY_VISIBILITY
patternId: b51ce0
severity: 1
line: 51
column: 2
content: addresspayablelastPlayer_re_ent16;

ruleId: SOLIDITY_VISIBILITY
patternId: b51ce0
severity: 1
line: 52
column: 6
content: uintjackpot_re_ent16;

ruleId: SOLIDITY_VISIBILITY
patternId: b51ce0
severity: 1
line: 60
column: 2
content: mapping(address=>uint)balances_re_ent15;

ruleId: SOLIDITY_VISIBILITY
patternId: b51ce0
severity: 1
line: 72
column: 0
content: mapping(address=>uint)balances_re_ent31;

ruleId: SOLIDITY_VISIBILITY
patternId: b51ce0
severity: 1
line: 83
column: 0
content: addresspayablelastPlayer_re_ent30;

ruleId: SOLIDITY_VISIBILITY
patternId: b51ce0
severity: 1
line: 84
column: 6
content: uintjackpot_re_ent30;

ruleId: SOLIDITY_VISIBILITY
patternId: b51ce0
severity: 1
line: 96
column: 0
content: mapping(address=>uint)balances_re_ent3;

ruleId: SOLIDITY_VISIBILITY
patternId: b51ce0
severity: 1
line: 105
column: 0
content: mapping(address=>uint)balances_re_ent29;

ruleId: SOLIDITY_VISIBILITY
patternId: b51ce0
severity: 1
line: 111
column: 0
content: uint256counter_re_ent28=0;

ruleId: SOLIDITY_VISIBILITY
patternId: b51ce0
severity: 1
line: 120
column: 0
content: boolnot_called_re_ent27=true;

ruleId: SOLIDITY_VISIBILITY
patternId: b51ce0
severity: 1
line: 129
column: 0
content: mapping(address=>uint)userBalance_re_ent26;

ruleId: SOLIDITY_VISIBILITY
patternId: b51ce0
severity: 1
line: 140
column: 0
content: mapping(address=>uint)redeemableEther_re_ent25;

ruleId: SOLIDITY_VISIBILITY
patternId: b51ce0
severity: 1
line: 149
column: 0
content: mapping(address=>uint)balances_re_ent24;

ruleId: SOLIDITY_VISIBILITY
patternId: b51ce0
severity: 1
line: 230
column: 2
content: mapping(address=>uint)userBalance_re_ent40;

ruleId: SOLIDITY_VISIBILITY
patternId: b51ce0
severity: 1
line: 241
column: 2
content: mapping(address=>uint)redeemableEther_re_ent4;

ruleId: SOLIDITY_VISIBILITY
patternId: b51ce0
severity: 1
line: 250
column: 2
content: mapping(address=>uint)redeemableEther_re_ent39;

ruleId: SOLIDITY_VISIBILITY
patternId: b51ce0
severity: 1
line: 259
column: 2
content: mapping(address=>uint)balances_re_ent38;

ruleId: SOLIDITY_VISIBILITY
patternId: b51ce0
severity: 1
line: 267
column: 2
content: addresspayablelastPlayer_re_ent37;

ruleId: SOLIDITY_VISIBILITY
patternId: b51ce0
severity: 1
line: 268
column: 6
content: uintjackpot_re_ent37;

ruleId: SOLIDITY_VISIBILITY
patternId: b51ce0
severity: 1
line: 276
column: 2
content: mapping(address=>uint)balances_re_ent36;

ruleId: SOLIDITY_VISIBILITY
patternId: b51ce0
severity: 1
line: 282
column: 2
content: uint256counter_re_ent35=0;

ruleId: SOLIDITY_VISIBILITY
patternId: b51ce0
severity: 1
line: 290
column: 2
content: addresschairmanAddress;

ruleId: SOLIDITY_VISIBILITY
patternId: b51ce0
severity: 1
line: 292
column: 2
content: boolnot_called_re_ent34=true;

ruleId: SOLIDITY_VISIBILITY
patternId: b51ce0
severity: 1
line: 302
column: 2
content: uint256counter_re_ent14=0;

ruleId: SOLIDITY_VISIBILITY
patternId: b51ce0
severity: 1
line: 311
column: 2
content: boolnot_called_re_ent13=true;

ruleId: SOLIDITY_VISIBILITY
patternId: b51ce0
severity: 1
line: 321
column: 2
content: mapping(address=>uint)userBalance_re_ent12;

ruleId: SOLIDITY_VISIBILITY
patternId: b51ce0
severity: 1
line: 331
column: 2
content: mapping(address=>uint)redeemableEther_re_ent11;

ruleId: SOLIDITY_VISIBILITY
patternId: b51ce0
severity: 1
line: 340
column: 2
content: mapping(address=>uint)balances_re_ent10;

ruleId: SOLIDITY_VISIBILITY
patternId: b51ce0
severity: 1
line: 348
column: 2
content: mapping(address=>uint)balances_re_ent1;

ruleId: SOLIDITY_VISIBILITY
patternId: b51ce0
severity: 1
line: 395
column: 0
content: addresspayablelastPlayer_re_ent23;

ruleId: SOLIDITY_VISIBILITY
patternId: b51ce0
severity: 1
line: 396
column: 6
content: uintjackpot_re_ent23;

ruleId: SOLIDITY_VISIBILITY
patternId: b51ce0
severity: 1
line: 419
column: 0
content: mapping(address=>uint)balances_re_ent21;

ruleId: SOLIDITY_VISIBILITY
patternId: b51ce0
severity: 1
line: 450
column: 0
content: uint256counter_re_ent21=0;

ruleId: SOLIDITY_VISIBILITY
patternId: b51ce0
severity: 1
line: 495
column: 0
content: boolnot_called_re_ent20=true;

ruleId: SOLIDITY_VISIBILITY
patternId: b51ce0
severity: 1
line: 525
column: 0
content: addresspayablelastPlayer_re_ent2;

ruleId: SOLIDITY_VISIBILITY
patternId: b51ce0
severity: 1
line: 526
column: 6
content: uintjackpot_re_ent2;

ruleId: SOLIDITY_VISIBILITY
patternId: b51ce0
severity: 1
line: 559
column: 0
content: mapping(address=>uint)userBalance_re_ent19;

ruleId: SOLIDITY_VISIBILITY
patternId: b51ce0
severity: 1
line: 595
column: 0
content: mapping(address=>uint)redeemableEther_re_ent18;

ruleId: SOLIDITY_VISIBILITY
patternId: b51ce0
severity: 1
line: 657
column: 0
content: mapping(address=>uint)balances_re_ent17;

SOLIDITY_VISIBILITY :42
SOLIDITY_SAFEMATH :1
SOLIDITY_OVERPOWERED_ROLE :1
SOLIDITY_PRAGMAS_VERSION :1
SOLIDITY_ARRAY_LENGTH_MANIPULATION :2
SOLIDITY_REVERT_REQUIRE :4
SOLIDITY_EXTRA_GAS_IN_LOOPS :1
SOLIDITY_GAS_LIMIT_IN_LOOPS :1
SOLIDITY_UNCHECKED_CALL :8
SOLIDITY_CALL_WITHOUT_DATA :8