/data/buggy_44.sol
line 102:8 extraneous input 'payable' expecting {'solidity', 'experimental', 'from', 'constructor', 'block', 'coinbase', 'difficulty', 'gaslimit', 'number', 'timestamp', 'blockhash', 'msg', 'data', 'gas', 'sender', 'sig', 'value', 'now', 'this', 'tx', 'origin', 'gasprice', 'public', 'internal', 'external', 'private', 'constant', 'length', 'balance', 'emit', '_', 'revert', Identifier}
line 230:8 extraneous input 'payable' expecting {'solidity', 'experimental', 'from', 'constructor', 'block', 'coinbase', 'difficulty', 'gaslimit', 'number', 'timestamp', 'blockhash', 'msg', 'data', 'gas', 'sender', 'sig', 'value', 'now', 'this', 'tx', 'origin', 'gasprice', 'public', 'internal', 'external', 'private', 'constant', 'length', 'balance', 'emit', '_', 'revert', Identifier}
line 327:36 extraneous input 'initData' expecting {',', ')'}
line 328:41 extraneous input 'initData' expecting {',', ')'}
line 388:8 extraneous input 'payable' expecting {'solidity', 'experimental', 'from', 'constructor', 'block', 'coinbase', 'difficulty', 'gaslimit', 'number', 'timestamp', 'blockhash', 'msg', 'data', 'gas', 'sender', 'sig', 'value', 'now', 'this', 'tx', 'origin', 'gasprice', 'public', 'internal', 'external', 'private', 'constant', 'length', 'balance', 'emit', '_', 'revert', Identifier}
line 493:8 extraneous input 'payable' expecting {'solidity', 'experimental', 'from', 'constructor', 'block', 'coinbase', 'difficulty', 'gaslimit', 'number', 'timestamp', 'blockhash', 'msg', 'data', 'gas', 'sender', 'sig', 'value', 'now', 'this', 'tx', 'origin', 'gasprice', 'public', 'internal', 'external', 'private', 'constant', 'length', 'balance', 'emit', '_', 'revert', Identifier}
jar:file:/usr/local/lib/node_modules/@smartdec/smartcheck/jdeploy-bundle/smartcheck-2.0-jar-with-dependencies.jar!/solidity-rules.xmlruleId: SOLIDITY_ADDRESS_HARDCODED
patternId: a91b18
severity: 1
line: 98
column: 8
content: _operator=address(0)

ruleId: SOLIDITY_CALL_WITHOUT_DATA
patternId: 111ppp
severity: 2
line: 11
column: 35
content: call.value(1ether)("")

ruleId: SOLIDITY_CALL_WITHOUT_DATA
patternId: 111ppp
severity: 2
line: 28
column: 36
content: call.value(userBalance_re_ent33[msg.sender])("")

ruleId: SOLIDITY_CALL_WITHOUT_DATA
patternId: 111ppp
severity: 2
line: 120
column: 29
content: call.value(_weiToWithdraw)("")

ruleId: SOLIDITY_CALL_WITHOUT_DATA
patternId: 111ppp
severity: 2
line: 169
column: 36
content: call.value(userBalance_re_ent26[msg.sender])("")

ruleId: SOLIDITY_CALL_WITHOUT_DATA
patternId: 111ppp
severity: 2
line: 277
column: 35
content: call.value(balances_re_ent21[msg.sender])("")

ruleId: SOLIDITY_CALL_WITHOUT_DATA
patternId: 111ppp
severity: 2
line: 422
column: 35
content: call.value(balances_re_ent1[msg.sender])("")

ruleId: SOLIDITY_CALL_WITHOUT_DATA
patternId: 111ppp
severity: 2
line: 481
column: 35
content: call.value(_weiToWithdraw)("")

ruleId: SOLIDITY_PRAGMAS_VERSION
patternId: 23fc32
severity: 1
line: 3
column: 16
content: ^

ruleId: SOLIDITY_PRIVATE_MODIFIER_DONT_HIDE_DATA
patternId: 5616b2
severity: 1
line: 45
column: 10
content: private

ruleId: SOLIDITY_PRIVATE_MODIFIER_DONT_HIDE_DATA
patternId: 5616b2
severity: 1
line: 54
column: 7
content: private

ruleId: SOLIDITY_PRIVATE_MODIFIER_DONT_HIDE_DATA
patternId: 5616b2
severity: 1
line: 355
column: 10
content: private

ruleId: SOLIDITY_REVERT_REQUIRE
patternId: c56b12
severity: 1
line: 12
column: 8
content: if(!success){revert();}

ruleId: SOLIDITY_REVERT_REQUIRE
patternId: c56b12
severity: 1
line: 29
column: 8
content: if(!success){revert();}

ruleId: SOLIDITY_REVERT_REQUIRE
patternId: c56b12
severity: 1
line: 170
column: 8
content: if(!success){revert();}

ruleId: SOLIDITY_SHOULD_NOT_BE_PURE
patternId: 11314f
severity: 1
line: 287
column: 4
content: function_splitMultiHash(bytesmemorysource)internalpurereturns(MultiHashmemory){require(source.length==34,"length of source must be 34");uint8hashFunction=uint8(source[0]);uint8digestSize=uint8(source[1]);bytes32hash;assembly{hash:=mload(add(source,34))}return(MultiHash({hashFunction:hashFunction,digestSize:digestSize,hash:hash}));}

ruleId: SOLIDITY_UNCHECKED_CALL
patternId: f39eed
severity: 3
line: 11
column: 35
content: call.value(1ether)("")

ruleId: SOLIDITY_UNCHECKED_CALL
patternId: f39eed
severity: 3
line: 28
column: 36
content: call.value(userBalance_re_ent33[msg.sender])("")

ruleId: SOLIDITY_UNCHECKED_CALL
patternId: f39eed
severity: 3
line: 120
column: 29
content: call.value(_weiToWithdraw)("")

ruleId: SOLIDITY_UNCHECKED_CALL
patternId: f39eed
severity: 3
line: 169
column: 36
content: call.value(userBalance_re_ent26[msg.sender])("")

ruleId: SOLIDITY_UNCHECKED_CALL
patternId: f39eed
severity: 3
line: 277
column: 35
content: call.value(balances_re_ent21[msg.sender])("")

ruleId: SOLIDITY_UNCHECKED_CALL
patternId: f39eed
severity: 3
line: 422
column: 35
content: call.value(balances_re_ent1[msg.sender])("")

ruleId: SOLIDITY_UNCHECKED_CALL
patternId: f39eed
severity: 3
line: 481
column: 35
content: call.value(_weiToWithdraw)("")

ruleId: SOLIDITY_USING_INLINE_ASSEMBLY
patternId: 109cd5
severity: 1
line: 294
column: 8
content: assembly{hash:=mload(add(source,34))}

ruleId: SOLIDITY_VISIBILITY
patternId: b51ce0
severity: 1
line: 8
column: 2
content: boolnot_called_re_ent13=true;

ruleId: SOLIDITY_VISIBILITY
patternId: b51ce0
severity: 1
line: 24
column: 0
content: mapping(address=>uint)userBalance_re_ent33;

ruleId: SOLIDITY_VISIBILITY
patternId: b51ce0
severity: 1
line: 40
column: 2
content: mapping(address=>uint)balances_re_ent36;

ruleId: SOLIDITY_VISIBILITY
patternId: b51ce0
severity: 1
line: 46
column: 2
content: uint256counter_re_ent35=0;

ruleId: SOLIDITY_VISIBILITY
patternId: b51ce0
severity: 1
line: 56
column: 2
content: mapping(address=>uint)userBalance_re_ent12;

ruleId: SOLIDITY_VISIBILITY
patternId: b51ce0
severity: 1
line: 74
column: 0
content: mapping(address=>uint)redeemableEther_re_ent32;

ruleId: SOLIDITY_VISIBILITY
patternId: b51ce0
severity: 1
line: 88
column: 0
content: mapping(address=>uint)balances_re_ent31;

ruleId: SOLIDITY_VISIBILITY
patternId: b51ce0
severity: 1
line: 102
column: 0
content: addresspayablelastPlayer_re_ent30;

ruleId: SOLIDITY_VISIBILITY
patternId: b51ce0
severity: 1
line: 103
column: 6
content: uintjackpot_re_ent30;

ruleId: SOLIDITY_VISIBILITY
patternId: b51ce0
severity: 1
line: 116
column: 0
content: mapping(address=>uint)balances_re_ent3;

ruleId: SOLIDITY_VISIBILITY
patternId: b51ce0
severity: 1
line: 130
column: 0
content: mapping(address=>uint)balances_re_ent29;

ruleId: SOLIDITY_VISIBILITY
patternId: b51ce0
severity: 1
line: 141
column: 0
content: uint256counter_re_ent28=0;

ruleId: SOLIDITY_VISIBILITY
patternId: b51ce0
severity: 1
line: 153
column: 0
content: boolnot_called_re_ent27=true;

ruleId: SOLIDITY_VISIBILITY
patternId: b51ce0
severity: 1
line: 165
column: 0
content: mapping(address=>uint)userBalance_re_ent26;

ruleId: SOLIDITY_VISIBILITY
patternId: b51ce0
severity: 1
line: 179
column: 0
content: mapping(address=>uint)redeemableEther_re_ent25;

ruleId: SOLIDITY_VISIBILITY
patternId: b51ce0
severity: 1
line: 194
column: 2
content: mapping(address=>uint)redeemableEther_re_ent11;

ruleId: SOLIDITY_VISIBILITY
patternId: b51ce0
severity: 1
line: 203
column: 2
content: mapping(address=>uint)balances_re_ent10;

ruleId: SOLIDITY_VISIBILITY
patternId: b51ce0
severity: 1
line: 218
column: 0
content: mapping(address=>uint)balances_re_ent24;

ruleId: SOLIDITY_VISIBILITY
patternId: b51ce0
severity: 1
line: 230
column: 0
content: addresspayablelastPlayer_re_ent23;

ruleId: SOLIDITY_VISIBILITY
patternId: b51ce0
severity: 1
line: 231
column: 6
content: uintjackpot_re_ent23;

ruleId: SOLIDITY_VISIBILITY
patternId: b51ce0
severity: 1
line: 275
column: 0
content: mapping(address=>uint)balances_re_ent21;

ruleId: SOLIDITY_VISIBILITY
patternId: b51ce0
severity: 1
line: 304
column: 0
content: uint256counter_re_ent21=0;

ruleId: SOLIDITY_VISIBILITY
patternId: b51ce0
severity: 1
line: 347
column: 2
content: boolnot_called_re_ent34=true;

ruleId: SOLIDITY_VISIBILITY
patternId: b51ce0
severity: 1
line: 376
column: 0
content: boolnot_called_re_ent20=true;

ruleId: SOLIDITY_VISIBILITY
patternId: b51ce0
severity: 1
line: 388
column: 0
content: addresspayablelastPlayer_re_ent2;

ruleId: SOLIDITY_VISIBILITY
patternId: b51ce0
severity: 1
line: 389
column: 6
content: uintjackpot_re_ent2;

ruleId: SOLIDITY_VISIBILITY
patternId: b51ce0
severity: 1
line: 400
column: 0
content: mapping(address=>uint)userBalance_re_ent19;

ruleId: SOLIDITY_VISIBILITY
patternId: b51ce0
severity: 1
line: 420
column: 2
content: mapping(address=>uint)balances_re_ent1;

ruleId: SOLIDITY_VISIBILITY
patternId: b51ce0
severity: 1
line: 459
column: 0
content: mapping(address=>uint)redeemableEther_re_ent18;

ruleId: SOLIDITY_VISIBILITY
patternId: b51ce0
severity: 1
line: 477
column: 0
content: mapping(address=>uint)balances_re_ent17;

ruleId: SOLIDITY_VISIBILITY
patternId: b51ce0
severity: 1
line: 493
column: 0
content: addresspayablelastPlayer_re_ent16;

ruleId: SOLIDITY_VISIBILITY
patternId: b51ce0
severity: 1
line: 494
column: 6
content: uintjackpot_re_ent16;

ruleId: SOLIDITY_VISIBILITY
patternId: b51ce0
severity: 1
line: 509
column: 0
content: mapping(address=>uint)balances_re_ent15;

ruleId: SOLIDITY_VISIBILITY
patternId: b51ce0
severity: 1
line: 522
column: 0
content: uint256counter_re_ent14=0;

SOLIDITY_VISIBILITY :34
SOLIDITY_PRAGMAS_VERSION :1
SOLIDITY_REVERT_REQUIRE :3
SOLIDITY_PRIVATE_MODIFIER_DONT_HIDE_DATA :3
SOLIDITY_ADDRESS_HARDCODED :1
SOLIDITY_USING_INLINE_ASSEMBLY :1
SOLIDITY_UNCHECKED_CALL :7
SOLIDITY_CALL_WITHOUT_DATA :7
SOLIDITY_SHOULD_NOT_BE_PURE :1