/data/buggy_24.sol
line 226:10 extraneous input 'payable' expecting {'solidity', 'experimental', 'from', 'constructor', 'block', 'coinbase', 'difficulty', 'gaslimit', 'number', 'timestamp', 'blockhash', 'msg', 'data', 'gas', 'sender', 'sig', 'value', 'now', 'this', 'tx', 'origin', 'gasprice', 'public', 'internal', 'external', 'private', 'constant', 'length', 'balance', 'emit', '_', 'revert', Identifier}
line 327:10 extraneous input 'payable' expecting {'solidity', 'experimental', 'from', 'constructor', 'block', 'coinbase', 'difficulty', 'gaslimit', 'number', 'timestamp', 'blockhash', 'msg', 'data', 'gas', 'sender', 'sig', 'value', 'now', 'this', 'tx', 'origin', 'gasprice', 'public', 'internal', 'external', 'private', 'constant', 'length', 'balance', 'emit', '_', 'revert', Identifier}
line 447:8 extraneous input 'payable' expecting {'solidity', 'experimental', 'from', 'constructor', 'block', 'coinbase', 'difficulty', 'gaslimit', 'number', 'timestamp', 'blockhash', 'msg', 'data', 'gas', 'sender', 'sig', 'value', 'now', 'this', 'tx', 'origin', 'gasprice', 'public', 'internal', 'external', 'private', 'constant', 'length', 'balance', 'emit', '_', 'revert', Identifier}
line 627:8 extraneous input 'payable' expecting {'solidity', 'experimental', 'from', 'constructor', 'block', 'coinbase', 'difficulty', 'gaslimit', 'number', 'timestamp', 'blockhash', 'msg', 'data', 'gas', 'sender', 'sig', 'value', 'now', 'this', 'tx', 'origin', 'gasprice', 'public', 'internal', 'external', 'private', 'constant', 'length', 'balance', 'emit', '_', 'revert', Identifier}
line 769:8 extraneous input 'payable' expecting {'solidity', 'experimental', 'from', 'constructor', 'block', 'coinbase', 'difficulty', 'gaslimit', 'number', 'timestamp', 'blockhash', 'msg', 'data', 'gas', 'sender', 'sig', 'value', 'now', 'this', 'tx', 'origin', 'gasprice', 'public', 'internal', 'external', 'private', 'constant', 'length', 'balance', 'emit', '_', 'revert', Identifier}
line 844:8 extraneous input 'payable' expecting {'solidity', 'experimental', 'from', 'constructor', 'block', 'coinbase', 'difficulty', 'gaslimit', 'number', 'timestamp', 'blockhash', 'msg', 'data', 'gas', 'sender', 'sig', 'value', 'now', 'this', 'tx', 'origin', 'gasprice', 'public', 'internal', 'external', 'private', 'constant', 'length', 'balance', 'emit', '_', 'revert', Identifier}
jar:file:/usr/local/lib/node_modules/@smartdec/smartcheck/jdeploy-bundle/smartcheck-2.0-jar-with-dependencies.jar!/solidity-rules.xmlruleId: SOLIDITY_ADDRESS_HARDCODED
patternId: adc165
severity: 1
line: 217
column: 52
content: 0xe00d13D53Ba180EAD5F4838BD56b15629026A8C9

ruleId: SOLIDITY_ADDRESS_HARDCODED
patternId: adc165
severity: 1
line: 218
column: 48
content: 0xddf0bB01f81059CCdB3D5bF5b1C7Bd540aDDFEac

ruleId: SOLIDITY_CALL_WITHOUT_DATA
patternId: 111ppp
severity: 2
line: 229
column: 42
content: call.value(jackpot_re_ent9)("")

ruleId: SOLIDITY_CALL_WITHOUT_DATA
patternId: 111ppp
severity: 2
line: 238
column: 36
content: call.value(balances_re_ent8[msg.sender])("")

ruleId: SOLIDITY_CALL_WITHOUT_DATA
patternId: 111ppp
severity: 2
line: 293
column: 35
content: call.value(userBalance_re_ent40[msg.sender])("")

ruleId: SOLIDITY_CALL_WITHOUT_DATA
patternId: 111ppp
severity: 2
line: 382
column: 36
content: call.value(userBalance_re_ent33[msg.sender])("")

ruleId: SOLIDITY_CALL_WITHOUT_DATA
patternId: 111ppp
severity: 2
line: 463
column: 29
content: call.value(_weiToWithdraw)("")

ruleId: SOLIDITY_CALL_WITHOUT_DATA
patternId: 111ppp
severity: 2
line: 579
column: 36
content: call.value(userBalance_re_ent26[msg.sender])("")

ruleId: SOLIDITY_CALL_WITHOUT_DATA
patternId: 111ppp
severity: 2
line: 696
column: 35
content: call.value(balances_re_ent21[msg.sender])("")

ruleId: SOLIDITY_CALL_WITHOUT_DATA
patternId: 111ppp
severity: 2
line: 835
column: 35
content: call.value(_weiToWithdraw)("")

ruleId: SOLIDITY_CALL_WITHOUT_DATA
patternId: 111ppp
severity: 2
line: 931
column: 35
content: call.value(1ether)("")

ruleId: SOLIDITY_CALL_WITHOUT_DATA
patternId: 111ppp
severity: 2
line: 1069
column: 35
content: call.value(balances_re_ent1[msg.sender])("")

ruleId: SOLIDITY_EXTRA_GAS_IN_LOOPS
patternId: d3j11j
severity: 1
line: 939
column: 8
content: for(uint256i=0;i<totalUserCount;++i){Userstorageuser=userMapping[addressMapping[i]];user.calcDynamicCommissionAmount=0;}

ruleId: SOLIDITY_EXTRA_GAS_IN_LOOPS
patternId: d3j11j
severity: 1
line: 944
column: 8
content: for(uint256i=0;i<totalUserCount;++i){Usermemoryuser=userMapping[addressMapping[i]];if(user.currentInvestAmount>0){uint256commissionDays=now.sub(user.currentInvestTime).div(ONE_DAY);if(commissionDays>=1&&commissionDays<=user.currentInvestCycle){uint256depth=1;addressaddressWalker=user.sponsorAddress;while(addressWalker!=GENESIS_USER_ADDRESS){Userstoragesponsor=userMapping[addressWalker];if(sponsor.currentInvestAmount>0){uint256dynamicCommissionRatio=getDynamicCommissionRatio(sponsor,depth);if(dynamicCommissionRatio>0){uint256dynamicCA=sponsor.currentInvestAmount;if(dynamicCA>user.currentInvestAmount){dynamicCA=user.currentInvestAmount;}dynamicCA=dynamicCA.mul(user.currentStaticCommissionRatio);dynamicCA=dynamicCA.mul(dynamicCommissionRatio);if(sponsor.currentlevel==1){dynamicCA=dynamicCA.mul(3).div(1000*100*10);}elseif(sponsor.currentlevel==2){dynamicCA=dynamicCA.mul(6).div(1000*100*10);}else{dynamicCA=dynamicCA.div(1000*100);}sponsor.calcDynamicCommissionAmount=sponsor.calcDynamicCommissionAmount.add(dynamicCA);}}addressWalker=sponsor.sponsorAddress;depth=depth.add(1);}}}}

ruleId: SOLIDITY_EXTRA_GAS_IN_LOOPS
patternId: d3j11j
severity: 1
line: 979
column: 8
content: for(uint256i=0;i<totalUserCount;++i){addressuserAddress=addressMapping[i];Userstorageuser=userMapping[userAddress];if(user.calcDynamicCommissionAmount>0){user.dynamicCommissionBalance=user.dynamicCommissionBalance.add(user.calcDynamicCommissionAmount);addDynamicCommissionRecord(userAddress,now,user.calcDynamicCommissionAmount);}}

ruleId: SOLIDITY_EXTRA_GAS_IN_LOOPS
patternId: k4o1l4
severity: 1
line: 664
column: 12
content: while(addressWalker!=GENESIS_USER_ADDRESS){sponsor=userMapping[addressWalker];sponsor.totalDownlineInvestAmount=sponsor.totalDownlineInvestAmount.add(investAmount);addressWalker=sponsor.sponsorAddress;}

ruleId: SOLIDITY_EXTRA_GAS_IN_LOOPS
patternId: k4o1l4
severity: 1
line: 677
column: 12
content: while(addressWalker!=GENESIS_USER_ADDRESS){sponsor=userMapping[addressWalker];sponsor.downlineCount=sponsor.downlineCount.add(1);if(addressWalker==sponsorAddress){sponsor.nodeCount=sponsor.nodeCount.add(1);}sponsor.totalDownlineInvestAmount=sponsor.totalDownlineInvestAmount.add(investAmount);addressWalker=sponsor.sponsorAddress;}

ruleId: SOLIDITY_EXTRA_GAS_IN_LOOPS
patternId: k4o1l4
severity: 1
line: 951
column: 20
content: while(addressWalker!=GENESIS_USER_ADDRESS){Userstoragesponsor=userMapping[addressWalker];if(sponsor.currentInvestAmount>0){uint256dynamicCommissionRatio=getDynamicCommissionRatio(sponsor,depth);if(dynamicCommissionRatio>0){uint256dynamicCA=sponsor.currentInvestAmount;if(dynamicCA>user.currentInvestAmount){dynamicCA=user.currentInvestAmount;}dynamicCA=dynamicCA.mul(user.currentStaticCommissionRatio);dynamicCA=dynamicCA.mul(dynamicCommissionRatio);if(sponsor.currentlevel==1){dynamicCA=dynamicCA.mul(3).div(1000*100*10);}elseif(sponsor.currentlevel==2){dynamicCA=dynamicCA.mul(6).div(1000*100*10);}else{dynamicCA=dynamicCA.div(1000*100);}sponsor.calcDynamicCommissionAmount=sponsor.calcDynamicCommissionAmount.add(dynamicCA);}}addressWalker=sponsor.sponsorAddress;depth=depth.add(1);}

ruleId: SOLIDITY_EXTRA_GAS_IN_LOOPS
patternId: k4o1l4
severity: 1
line: 1021
column: 20
content: while(addressWalker!=GENESIS_USER_ADDRESS){Userstoragesponsor=userMapping[addressWalker];if(sponsor.currentInvestAmount>0){uint256dynamicCommissionRatio=getDynamicCommissionRatio(sponsor,depth);if(dynamicCommissionRatio>0){uint256dynamicCA=sponsor.currentInvestAmount;if(dynamicCA>user.currentInvestAmount){dynamicCA=user.currentInvestAmount;}dynamicCA=dynamicCA.mul(user.currentStaticCommissionRatio);dynamicCA=dynamicCA.mul(dynamicCommissionRatio);if(sponsor.currentlevel==1){dynamicCA=dynamicCA.mul(3).div(1000*100*10);}elseif(sponsor.currentlevel==2){dynamicCA=dynamicCA.mul(6).div(1000*100*10);}else{dynamicCA=dynamicCA.div(1000*100);}sponsor.calcDynamicCommissionAmount=sponsor.calcDynamicCommissionAmount.add(dynamicCA);}}addressWalker=sponsor.sponsorAddress;depth=depth.add(1);}

ruleId: SOLIDITY_GAS_LIMIT_IN_LOOPS
patternId: 17f23a
severity: 1
line: 664
column: 19
content: addressWalker!=GENESIS_USER_ADDRESS

ruleId: SOLIDITY_GAS_LIMIT_IN_LOOPS
patternId: 17f23a
severity: 1
line: 677
column: 19
content: addressWalker!=GENESIS_USER_ADDRESS

ruleId: SOLIDITY_GAS_LIMIT_IN_LOOPS
patternId: 17f23a
severity: 1
line: 951
column: 27
content: addressWalker!=GENESIS_USER_ADDRESS

ruleId: SOLIDITY_GAS_LIMIT_IN_LOOPS
patternId: 17f23a
severity: 1
line: 1021
column: 27
content: addressWalker!=GENESIS_USER_ADDRESS

ruleId: SOLIDITY_PRAGMAS_VERSION
patternId: 23fc32
severity: 1
line: 5
column: 16
content: ^

ruleId: SOLIDITY_PRAGMAS_VERSION
patternId: 23fc32
severity: 1
line: 167
column: 16
content: ^

ruleId: SOLIDITY_PRIVATE_MODIFIER_DONT_HIDE_DATA
patternId: 5616b2
severity: 1
line: 215
column: 12
content: private

ruleId: SOLIDITY_PRIVATE_MODIFIER_DONT_HIDE_DATA
patternId: 5616b2
severity: 1
line: 216
column: 12
content: private

ruleId: SOLIDITY_PRIVATE_MODIFIER_DONT_HIDE_DATA
patternId: 5616b2
severity: 1
line: 217
column: 12
content: private

ruleId: SOLIDITY_PRIVATE_MODIFIER_DONT_HIDE_DATA
patternId: 5616b2
severity: 1
line: 218
column: 12
content: private

ruleId: SOLIDITY_PRIVATE_MODIFIER_DONT_HIDE_DATA
patternId: 5616b2
severity: 1
line: 221
column: 9
content: private

ruleId: SOLIDITY_PRIVATE_MODIFIER_DONT_HIDE_DATA
patternId: 5616b2
severity: 1
line: 326
column: 28
content: private

ruleId: SOLIDITY_PRIVATE_MODIFIER_DONT_HIDE_DATA
patternId: 5616b2
severity: 1
line: 335
column: 31
content: private

ruleId: SOLIDITY_PRIVATE_MODIFIER_DONT_HIDE_DATA
patternId: 5616b2
severity: 1
line: 341
column: 39
content: private

ruleId: SOLIDITY_PRIVATE_MODIFIER_DONT_HIDE_DATA
patternId: 5616b2
severity: 1
line: 350
column: 43
content: private

ruleId: SOLIDITY_PRIVATE_MODIFIER_DONT_HIDE_DATA
patternId: 5616b2
severity: 1
line: 359
column: 43
content: private

ruleId: SOLIDITY_REVERT_REQUIRE
patternId: c56b12
severity: 1
line: 230
column: 5
content: if(!success)revert();

ruleId: SOLIDITY_REVERT_REQUIRE
patternId: c56b12
severity: 1
line: 294
column: 8
content: if(!success){revert();}

ruleId: SOLIDITY_REVERT_REQUIRE
patternId: c56b12
severity: 1
line: 383
column: 8
content: if(!success){revert();}

ruleId: SOLIDITY_REVERT_REQUIRE
patternId: c56b12
severity: 1
line: 580
column: 8
content: if(!success){revert();}

ruleId: SOLIDITY_REVERT_REQUIRE
patternId: c56b12
severity: 1
line: 932
column: 8
content: if(!success){revert();}

ruleId: SOLIDITY_SAFEMATH
patternId: 837cac
severity: 1
line: 177
column: 4
content: usingSafeMathforuint256;

ruleId: SOLIDITY_SHOULD_RETURN_STRUCT
patternId: 83hf3l
severity: 1
line: 814
column: 70
content: (uint256[16]memory,address)

ruleId: SOLIDITY_SHOULD_RETURN_STRUCT
patternId: 83hf3l
severity: 1
line: 840
column: 74
content: (uint256[16]memory,address)

ruleId: SOLIDITY_SHOULD_RETURN_STRUCT
patternId: 83hf3l
severity: 1
line: 853
column: 72
content: (uint256[3]memory,uint256[3]memory,uint256[3]memory,uint256[3]memory,uint256[3]memory,uint256[3]memory,uint256[3]memory,uint256[3]memory,uint256[3]memory)

ruleId: SOLIDITY_SHOULD_RETURN_STRUCT
patternId: 83hf3l
severity: 1
line: 879
column: 82
content: (uint256[2]memory,uint256[2]memory,uint256[2]memory,uint256[2]memory,uint256[2]memory,uint256[2]memory,uint256[2]memory,uint256[2]memory,uint256[2]memory)

ruleId: SOLIDITY_SHOULD_RETURN_STRUCT
patternId: 83hf3l
severity: 1
line: 908
column: 83
content: (uint256[2]memory,uint256[2]memory,uint256[2]memory,uint256[2]memory,uint256[2]memory,uint256[2]memory,uint256[2]memory,uint256[2]memory,uint256[2]memory)

ruleId: SOLIDITY_UNCHECKED_CALL
patternId: f39eed
severity: 3
line: 229
column: 42
content: call.value(jackpot_re_ent9)("")

ruleId: SOLIDITY_UNCHECKED_CALL
patternId: f39eed
severity: 3
line: 238
column: 36
content: call.value(balances_re_ent8[msg.sender])("")

ruleId: SOLIDITY_UNCHECKED_CALL
patternId: f39eed
severity: 3
line: 293
column: 35
content: call.value(userBalance_re_ent40[msg.sender])("")

ruleId: SOLIDITY_UNCHECKED_CALL
patternId: f39eed
severity: 3
line: 382
column: 36
content: call.value(userBalance_re_ent33[msg.sender])("")

ruleId: SOLIDITY_UNCHECKED_CALL
patternId: f39eed
severity: 3
line: 463
column: 29
content: call.value(_weiToWithdraw)("")

ruleId: SOLIDITY_UNCHECKED_CALL
patternId: f39eed
severity: 3
line: 579
column: 36
content: call.value(userBalance_re_ent26[msg.sender])("")

ruleId: SOLIDITY_UNCHECKED_CALL
patternId: f39eed
severity: 3
line: 696
column: 35
content: call.value(balances_re_ent21[msg.sender])("")

ruleId: SOLIDITY_UNCHECKED_CALL
patternId: f39eed
severity: 3
line: 835
column: 35
content: call.value(_weiToWithdraw)("")

ruleId: SOLIDITY_UNCHECKED_CALL
patternId: f39eed
severity: 3
line: 931
column: 35
content: call.value(1ether)("")

ruleId: SOLIDITY_UNCHECKED_CALL
patternId: f39eed
severity: 3
line: 1069
column: 35
content: call.value(balances_re_ent1[msg.sender])("")

ruleId: SOLIDITY_VISIBILITY
patternId: b51ce0
severity: 1
line: 226
column: 2
content: addresspayablelastPlayer_re_ent9;

ruleId: SOLIDITY_VISIBILITY
patternId: b51ce0
severity: 1
line: 227
column: 6
content: uintjackpot_re_ent9;

ruleId: SOLIDITY_VISIBILITY
patternId: b51ce0
severity: 1
line: 236
column: 2
content: mapping(address=>uint)balances_re_ent8;

ruleId: SOLIDITY_VISIBILITY
patternId: b51ce0
severity: 1
line: 243
column: 2
content: uint256counter_re_ent7=0;

ruleId: SOLIDITY_VISIBILITY
patternId: b51ce0
severity: 1
line: 252
column: 2
content: boolnot_called_re_ent6=true;

ruleId: SOLIDITY_VISIBILITY
patternId: b51ce0
severity: 1
line: 261
column: 2
content: mapping(address=>uint)userBalance_re_ent5;

ruleId: SOLIDITY_VISIBILITY
patternId: b51ce0
severity: 1
line: 271
column: 2
content: uint256counter_re_ent42=0;

ruleId: SOLIDITY_VISIBILITY
patternId: b51ce0
severity: 1
line: 280
column: 2
content: boolnot_called_re_ent41=true;

ruleId: SOLIDITY_VISIBILITY
patternId: b51ce0
severity: 1
line: 289
column: 2
content: mapping(address=>uint)userBalance_re_ent40;

ruleId: SOLIDITY_VISIBILITY
patternId: b51ce0
severity: 1
line: 300
column: 2
content: mapping(address=>uint)redeemableEther_re_ent4;

ruleId: SOLIDITY_VISIBILITY
patternId: b51ce0
severity: 1
line: 309
column: 2
content: mapping(address=>uint)redeemableEther_re_ent39;

ruleId: SOLIDITY_VISIBILITY
patternId: b51ce0
severity: 1
line: 319
column: 2
content: mapping(address=>uint)balances_re_ent38;

ruleId: SOLIDITY_VISIBILITY
patternId: b51ce0
severity: 1
line: 327
column: 2
content: addresspayablelastPlayer_re_ent37;

ruleId: SOLIDITY_VISIBILITY
patternId: b51ce0
severity: 1
line: 328
column: 6
content: uintjackpot_re_ent37;

ruleId: SOLIDITY_VISIBILITY
patternId: b51ce0
severity: 1
line: 336
column: 2
content: mapping(address=>uint)balances_re_ent36;

ruleId: SOLIDITY_VISIBILITY
patternId: b51ce0
severity: 1
line: 342
column: 2
content: uint256counter_re_ent35=0;

ruleId: SOLIDITY_VISIBILITY
patternId: b51ce0
severity: 1
line: 351
column: 2
content: boolnot_called_re_ent34=true;

ruleId: SOLIDITY_VISIBILITY
patternId: b51ce0
severity: 1
line: 378
column: 0
content: mapping(address=>uint)userBalance_re_ent33;

ruleId: SOLIDITY_VISIBILITY
patternId: b51ce0
severity: 1
line: 398
column: 0
content: mapping(address=>uint)redeemableEther_re_ent32;

ruleId: SOLIDITY_VISIBILITY
patternId: b51ce0
severity: 1
line: 430
column: 0
content: mapping(address=>uint)balances_re_ent31;

ruleId: SOLIDITY_VISIBILITY
patternId: b51ce0
severity: 1
line: 447
column: 0
content: addresspayablelastPlayer_re_ent30;

ruleId: SOLIDITY_VISIBILITY
patternId: b51ce0
severity: 1
line: 448
column: 6
content: uintjackpot_re_ent30;

ruleId: SOLIDITY_VISIBILITY
patternId: b51ce0
severity: 1
line: 459
column: 0
content: mapping(address=>uint)balances_re_ent3;

ruleId: SOLIDITY_VISIBILITY
patternId: b51ce0
severity: 1
line: 480
column: 0
content: mapping(address=>uint)balances_re_ent29;

ruleId: SOLIDITY_VISIBILITY
patternId: b51ce0
severity: 1
line: 513
column: 0
content: uint256counter_re_ent28=0;

ruleId: SOLIDITY_VISIBILITY
patternId: b51ce0
severity: 1
line: 553
column: 0
content: boolnot_called_re_ent27=true;

ruleId: SOLIDITY_VISIBILITY
patternId: b51ce0
severity: 1
line: 575
column: 0
content: mapping(address=>uint)userBalance_re_ent26;

ruleId: SOLIDITY_VISIBILITY
patternId: b51ce0
severity: 1
line: 594
column: 0
content: mapping(address=>uint)redeemableEther_re_ent25;

ruleId: SOLIDITY_VISIBILITY
patternId: b51ce0
severity: 1
line: 611
column: 0
content: mapping(address=>uint)balances_re_ent24;

ruleId: SOLIDITY_VISIBILITY
patternId: b51ce0
severity: 1
line: 627
column: 0
content: addresspayablelastPlayer_re_ent23;

ruleId: SOLIDITY_VISIBILITY
patternId: b51ce0
severity: 1
line: 628
column: 6
content: uintjackpot_re_ent23;

ruleId: SOLIDITY_VISIBILITY
patternId: b51ce0
severity: 1
line: 694
column: 0
content: mapping(address=>uint)balances_re_ent21;

ruleId: SOLIDITY_VISIBILITY
patternId: b51ce0
severity: 1
line: 721
column: 0
content: uint256counter_re_ent21=0;

ruleId: SOLIDITY_VISIBILITY
patternId: b51ce0
severity: 1
line: 752
column: 0
content: boolnot_called_re_ent20=true;

ruleId: SOLIDITY_VISIBILITY
patternId: b51ce0
severity: 1
line: 769
column: 0
content: addresspayablelastPlayer_re_ent2;

ruleId: SOLIDITY_VISIBILITY
patternId: b51ce0
severity: 1
line: 770
column: 6
content: uintjackpot_re_ent2;

ruleId: SOLIDITY_VISIBILITY
patternId: b51ce0
severity: 1
line: 786
column: 0
content: mapping(address=>uint)userBalance_re_ent19;

ruleId: SOLIDITY_VISIBILITY
patternId: b51ce0
severity: 1
line: 805
column: 0
content: mapping(address=>uint)redeemableEther_re_ent18;

ruleId: SOLIDITY_VISIBILITY
patternId: b51ce0
severity: 1
line: 831
column: 0
content: mapping(address=>uint)balances_re_ent17;

ruleId: SOLIDITY_VISIBILITY
patternId: b51ce0
severity: 1
line: 844
column: 0
content: addresspayablelastPlayer_re_ent16;

ruleId: SOLIDITY_VISIBILITY
patternId: b51ce0
severity: 1
line: 845
column: 6
content: uintjackpot_re_ent16;

ruleId: SOLIDITY_VISIBILITY
patternId: b51ce0
severity: 1
line: 873
column: 0
content: mapping(address=>uint)balances_re_ent15;

ruleId: SOLIDITY_VISIBILITY
patternId: b51ce0
severity: 1
line: 899
column: 0
content: uint256counter_re_ent14=0;

ruleId: SOLIDITY_VISIBILITY
patternId: b51ce0
severity: 1
line: 928
column: 0
content: boolnot_called_re_ent13=true;

ruleId: SOLIDITY_VISIBILITY
patternId: b51ce0
severity: 1
line: 988
column: 0
content: mapping(address=>uint)userBalance_re_ent12;

ruleId: SOLIDITY_VISIBILITY
patternId: b51ce0
severity: 1
line: 1004
column: 0
content: mapping(address=>uint)redeemableEther_re_ent11;

ruleId: SOLIDITY_VISIBILITY
patternId: b51ce0
severity: 1
line: 1049
column: 0
content: mapping(address=>uint)balances_re_ent10;

ruleId: SOLIDITY_VISIBILITY
patternId: b51ce0
severity: 1
line: 1067
column: 0
content: mapping(address=>uint)balances_re_ent1;

SOLIDITY_VISIBILITY :48
SOLIDITY_SAFEMATH :1
SOLIDITY_PRAGMAS_VERSION :2
SOLIDITY_REVERT_REQUIRE :5
SOLIDITY_PRIVATE_MODIFIER_DONT_HIDE_DATA :10
SOLIDITY_EXTRA_GAS_IN_LOOPS :7
SOLIDITY_ADDRESS_HARDCODED :2
SOLIDITY_GAS_LIMIT_IN_LOOPS :4
SOLIDITY_UNCHECKED_CALL :10
SOLIDITY_CALL_WITHOUT_DATA :10
SOLIDITY_SHOULD_RETURN_STRUCT :5