/data/27.sol
jar:file:/usr/local/lib/node_modules/@smartdec/smartcheck/jdeploy-bundle/smartcheck-2.0-jar-with-dependencies.jar!/solidity-rules.xmlruleId: SOLIDITY_DIV_MUL
patternId: 09hhh1
severity: 2
line: 46
column: 11
content: mul(div(d,m),m)

ruleId: SOLIDITY_DIV_MUL
patternId: 09hhh1
severity: 2
line: 145
column: 24
content: roundValue.mul(basePercent).div(10000).mul(dpPercent)

ruleId: SOLIDITY_ERC20_APPROVE
patternId: af782c
severity: 2
line: 212
column: 2
content: functionapprove(addressspender,uint256value)publicreturns(bool){require(spender!=address(0));_allowed[msg.sender][spender]=value;emitApproval(msg.sender,spender,value);returntrue;}

ruleId: SOLIDITY_EXTRA_GAS_IN_LOOPS
patternId: d3j11j
severity: 1
line: 207
column: 4
content: for(uint256i=0;i<receivers.length;i++){transfer(receivers[i],amounts[i]);}

ruleId: SOLIDITY_GAS_LIMIT_IN_LOOPS
patternId: f6f853
severity: 2
line: 207
column: 4
content: for(uint256i=0;i<receivers.length;i++){transfer(receivers[i],amounts[i]);}

ruleId: SOLIDITY_OVERPOWERED_ROLE
patternId: j83hf7
severity: 2
line: 329
column: 4
content: functionsetWhitelistedTo(address_addr,bool_whitelisted)externalonlyOwner{emitWhitelistTo(_addr,_whitelisted);whitelistTo[_addr]=_whitelisted;}

ruleId: SOLIDITY_OVERPOWERED_ROLE
patternId: j83hf7
severity: 2
line: 334
column: 4
content: functionsetWhitelistedFrom(address_addr,bool_whitelisted)externalonlyOwner{emitWhitelistFrom(_addr,_whitelisted);whitelistFrom[_addr]=_whitelisted;}

ruleId: SOLIDITY_PRAGMAS_VERSION
patternId: 23fc32
severity: 1
line: 3
column: 16
content: ^

ruleId: SOLIDITY_PRIVATE_MODIFIER_DONT_HIDE_DATA
patternId: 5616b2
severity: 1
line: 77
column: 9
content: private

ruleId: SOLIDITY_PRIVATE_MODIFIER_DONT_HIDE_DATA
patternId: 5616b2
severity: 1
line: 78
column: 9
content: private

ruleId: SOLIDITY_PRIVATE_MODIFIER_DONT_HIDE_DATA
patternId: 5616b2
severity: 1
line: 79
column: 8
content: private

ruleId: SOLIDITY_PRIVATE_MODIFIER_DONT_HIDE_DATA
patternId: 5616b2
severity: 1
line: 103
column: 31
content: private

ruleId: SOLIDITY_PRIVATE_MODIFIER_DONT_HIDE_DATA
patternId: 5616b2
severity: 1
line: 104
column: 52
content: private

ruleId: SOLIDITY_SAFEMATH
patternId: 837cac
severity: 1
line: 102
column: 2
content: usingSafeMathforuint256;

ruleId: SOLIDITY_VISIBILITY
patternId: b51ce0
severity: 1
line: 106
column: 2
content: stringconstanttokenName="Dan Pan Coin";

ruleId: SOLIDITY_VISIBILITY
patternId: b51ce0
severity: 1
line: 107
column: 2
content: stringconstanttokenSymbol="DPC";

ruleId: SOLIDITY_VISIBILITY
patternId: b51ce0
severity: 1
line: 108
column: 2
content: uint8constanttokenDecimals=2;

ruleId: SOLIDITY_VISIBILITY
patternId: b51ce0
severity: 1
line: 109
column: 2
content: uint256_totalSupply=10000000000;

SOLIDITY_VISIBILITY :4
SOLIDITY_SAFEMATH :1
SOLIDITY_OVERPOWERED_ROLE :2
SOLIDITY_PRAGMAS_VERSION :1
SOLIDITY_PRIVATE_MODIFIER_DONT_HIDE_DATA :5
SOLIDITY_EXTRA_GAS_IN_LOOPS :1
SOLIDITY_GAS_LIMIT_IN_LOOPS :1
SOLIDITY_DIV_MUL :2
SOLIDITY_ERC20_APPROVE :1