/data/buggy_17.sol
line 48:8 extraneous input 'payable' expecting {'solidity', 'experimental', 'from', 'constructor', 'block', 'coinbase', 'difficulty', 'gaslimit', 'number', 'timestamp', 'blockhash', 'msg', 'data', 'gas', 'sender', 'sig', 'value', 'now', 'this', 'tx', 'origin', 'gasprice', 'public', 'internal', 'external', 'private', 'constant', 'length', 'balance', 'emit', '_', 'revert', Identifier}
line 71:8 extraneous input 'payable' expecting {'solidity', 'experimental', 'from', 'constructor', 'block', 'coinbase', 'difficulty', 'gaslimit', 'number', 'timestamp', 'blockhash', 'msg', 'data', 'gas', 'sender', 'sig', 'value', 'now', 'this', 'tx', 'origin', 'gasprice', 'public', 'internal', 'external', 'private', 'constant', 'length', 'balance', 'emit', '_', 'revert', Identifier}
line 97:8 extraneous input 'payable' expecting {'solidity', 'experimental', 'from', 'constructor', 'block', 'coinbase', 'difficulty', 'gaslimit', 'number', 'timestamp', 'blockhash', 'msg', 'data', 'gas', 'sender', 'sig', 'value', 'now', 'this', 'tx', 'origin', 'gasprice', 'public', 'internal', 'external', 'private', 'constant', 'length', 'balance', 'emit', '_', 'revert', Identifier}
line 113:89 extraneous input '_extraData' expecting {',', ')'}
line 119:8 extraneous input 'payable' expecting {'solidity', 'experimental', 'from', 'constructor', 'block', 'coinbase', 'difficulty', 'gaslimit', 'number', 'timestamp', 'blockhash', 'msg', 'data', 'gas', 'sender', 'sig', 'value', 'now', 'this', 'tx', 'origin', 'gasprice', 'public', 'internal', 'external', 'private', 'constant', 'length', 'balance', 'emit', '_', 'revert', Identifier}
line 134:8 extraneous input 'payable' expecting {'solidity', 'experimental', 'from', 'constructor', 'block', 'coinbase', 'difficulty', 'gaslimit', 'number', 'timestamp', 'blockhash', 'msg', 'data', 'gas', 'sender', 'sig', 'value', 'now', 'this', 'tx', 'origin', 'gasprice', 'public', 'internal', 'external', 'private', 'constant', 'length', 'balance', 'emit', '_', 'revert', Identifier}
line 152:8 extraneous input 'payable' expecting {'solidity', 'experimental', 'from', 'constructor', 'block', 'coinbase', 'difficulty', 'gaslimit', 'number', 'timestamp', 'blockhash', 'msg', 'data', 'gas', 'sender', 'sig', 'value', 'now', 'this', 'tx', 'origin', 'gasprice', 'public', 'internal', 'external', 'private', 'constant', 'length', 'balance', 'emit', '_', 'revert', Identifier}
line 167:8 extraneous input 'payable' expecting {'solidity', 'experimental', 'from', 'constructor', 'block', 'coinbase', 'difficulty', 'gaslimit', 'number', 'timestamp', 'blockhash', 'msg', 'data', 'gas', 'sender', 'sig', 'value', 'now', 'this', 'tx', 'origin', 'gasprice', 'public', 'internal', 'external', 'private', 'constant', 'length', 'balance', 'emit', '_', 'revert', Identifier}
line 186:8 extraneous input 'payable' expecting {'solidity', 'experimental', 'from', 'constructor', 'block', 'coinbase', 'difficulty', 'gaslimit', 'number', 'timestamp', 'blockhash', 'msg', 'data', 'gas', 'sender', 'sig', 'value', 'now', 'this', 'tx', 'origin', 'gasprice', 'public', 'internal', 'external', 'private', 'constant', 'length', 'balance', 'emit', '_', 'revert', Identifier}
line 201:8 extraneous input 'payable' expecting {'solidity', 'experimental', 'from', 'constructor', 'block', 'coinbase', 'difficulty', 'gaslimit', 'number', 'timestamp', 'blockhash', 'msg', 'data', 'gas', 'sender', 'sig', 'value', 'now', 'this', 'tx', 'origin', 'gasprice', 'public', 'internal', 'external', 'private', 'constant', 'length', 'balance', 'emit', '_', 'revert', Identifier}
line 220:8 extraneous input 'payable' expecting {'solidity', 'experimental', 'from', 'constructor', 'block', 'coinbase', 'difficulty', 'gaslimit', 'number', 'timestamp', 'blockhash', 'msg', 'data', 'gas', 'sender', 'sig', 'value', 'now', 'this', 'tx', 'origin', 'gasprice', 'public', 'internal', 'external', 'private', 'constant', 'length', 'balance', 'emit', '_', 'revert', Identifier}
line 236:8 extraneous input 'payable' expecting {'solidity', 'experimental', 'from', 'constructor', 'block', 'coinbase', 'difficulty', 'gaslimit', 'number', 'timestamp', 'blockhash', 'msg', 'data', 'gas', 'sender', 'sig', 'value', 'now', 'this', 'tx', 'origin', 'gasprice', 'public', 'internal', 'external', 'private', 'constant', 'length', 'balance', 'emit', '_', 'revert', Identifier}
line 255:8 extraneous input 'payable' expecting {'solidity', 'experimental', 'from', 'constructor', 'block', 'coinbase', 'difficulty', 'gaslimit', 'number', 'timestamp', 'blockhash', 'msg', 'data', 'gas', 'sender', 'sig', 'value', 'now', 'this', 'tx', 'origin', 'gasprice', 'public', 'internal', 'external', 'private', 'constant', 'length', 'balance', 'emit', '_', 'revert', Identifier}
line 277:8 extraneous input 'payable' expecting {'solidity', 'experimental', 'from', 'constructor', 'block', 'coinbase', 'difficulty', 'gaslimit', 'number', 'timestamp', 'blockhash', 'msg', 'data', 'gas', 'sender', 'sig', 'value', 'now', 'this', 'tx', 'origin', 'gasprice', 'public', 'internal', 'external', 'private', 'constant', 'length', 'balance', 'emit', '_', 'revert', Identifier}
line 301:8 extraneous input 'payable' expecting {'solidity', 'experimental', 'from', 'constructor', 'block', 'coinbase', 'difficulty', 'gaslimit', 'number', 'timestamp', 'blockhash', 'msg', 'data', 'gas', 'sender', 'sig', 'value', 'now', 'this', 'tx', 'origin', 'gasprice', 'public', 'internal', 'external', 'private', 'constant', 'length', 'balance', 'emit', '_', 'revert', Identifier}
line 320:8 extraneous input 'payable' expecting {'solidity', 'experimental', 'from', 'constructor', 'block', 'coinbase', 'difficulty', 'gaslimit', 'number', 'timestamp', 'blockhash', 'msg', 'data', 'gas', 'sender', 'sig', 'value', 'now', 'this', 'tx', 'origin', 'gasprice', 'public', 'internal', 'external', 'private', 'constant', 'length', 'balance', 'emit', '_', 'revert', Identifier}
line 345:8 extraneous input 'payable' expecting {'solidity', 'experimental', 'from', 'constructor', 'block', 'coinbase', 'difficulty', 'gaslimit', 'number', 'timestamp', 'blockhash', 'msg', 'data', 'gas', 'sender', 'sig', 'value', 'now', 'this', 'tx', 'origin', 'gasprice', 'public', 'internal', 'external', 'private', 'constant', 'length', 'balance', 'emit', '_', 'revert', Identifier}
line 369:8 extraneous input 'payable' expecting {'solidity', 'experimental', 'from', 'constructor', 'block', 'coinbase', 'difficulty', 'gaslimit', 'number', 'timestamp', 'blockhash', 'msg', 'data', 'gas', 'sender', 'sig', 'value', 'now', 'this', 'tx', 'origin', 'gasprice', 'public', 'internal', 'external', 'private', 'constant', 'length', 'balance', 'emit', '_', 'revert', Identifier}
line 392:8 extraneous input 'payable' expecting {'solidity', 'experimental', 'from', 'constructor', 'block', 'coinbase', 'difficulty', 'gaslimit', 'number', 'timestamp', 'blockhash', 'msg', 'data', 'gas', 'sender', 'sig', 'value', 'now', 'this', 'tx', 'origin', 'gasprice', 'public', 'internal', 'external', 'private', 'constant', 'length', 'balance', 'emit', '_', 'revert', Identifier}
line 418:8 extraneous input 'payable' expecting {'solidity', 'experimental', 'from', 'constructor', 'block', 'coinbase', 'difficulty', 'gaslimit', 'number', 'timestamp', 'blockhash', 'msg', 'data', 'gas', 'sender', 'sig', 'value', 'now', 'this', 'tx', 'origin', 'gasprice', 'public', 'internal', 'external', 'private', 'constant', 'length', 'balance', 'emit', '_', 'revert', Identifier}
line 432:46 extraneous input 'payable' expecting {'solidity', 'experimental', 'from', 'constructor', 'block', 'coinbase', 'difficulty', 'gaslimit', 'number', 'timestamp', 'blockhash', 'msg', 'data', 'gas', 'sender', 'sig', 'value', 'now', 'this', 'tx', 'origin', 'gasprice', 'public', 'internal', 'external', 'private', 'constant', 'length', 'balance', 'emit', '_', 'revert', Identifier}
line 448:8 extraneous input 'payable' expecting {'solidity', 'experimental', 'from', 'constructor', 'block', 'coinbase', 'difficulty', 'gaslimit', 'number', 'timestamp', 'blockhash', 'msg', 'data', 'gas', 'sender', 'sig', 'value', 'now', 'this', 'tx', 'origin', 'gasprice', 'public', 'internal', 'external', 'private', 'constant', 'length', 'balance', 'emit', '_', 'revert', Identifier}
line 467:8 extraneous input 'payable' expecting {'solidity', 'experimental', 'from', 'constructor', 'block', 'coinbase', 'difficulty', 'gaslimit', 'number', 'timestamp', 'blockhash', 'msg', 'data', 'gas', 'sender', 'sig', 'value', 'now', 'this', 'tx', 'origin', 'gasprice', 'public', 'internal', 'external', 'private', 'constant', 'length', 'balance', 'emit', '_', 'revert', Identifier}
line 482:8 extraneous input 'payable' expecting {'solidity', 'experimental', 'from', 'constructor', 'block', 'coinbase', 'difficulty', 'gaslimit', 'number', 'timestamp', 'blockhash', 'msg', 'data', 'gas', 'sender', 'sig', 'value', 'now', 'this', 'tx', 'origin', 'gasprice', 'public', 'internal', 'external', 'private', 'constant', 'length', 'balance', 'emit', '_', 'revert', Identifier}
line 508:8 extraneous input 'payable' expecting {'solidity', 'experimental', 'from', 'constructor', 'block', 'coinbase', 'difficulty', 'gaslimit', 'number', 'timestamp', 'blockhash', 'msg', 'data', 'gas', 'sender', 'sig', 'value', 'now', 'this', 'tx', 'origin', 'gasprice', 'public', 'internal', 'external', 'private', 'constant', 'length', 'balance', 'emit', '_', 'revert', Identifier}
line 541:8 extraneous input 'payable' expecting {'solidity', 'experimental', 'from', 'constructor', 'block', 'coinbase', 'difficulty', 'gaslimit', 'number', 'timestamp', 'blockhash', 'msg', 'data', 'gas', 'sender', 'sig', 'value', 'now', 'this', 'tx', 'origin', 'gasprice', 'public', 'internal', 'external', 'private', 'constant', 'length', 'balance', 'emit', '_', 'revert', Identifier}
line 563:8 extraneous input 'payable' expecting {'solidity', 'experimental', 'from', 'constructor', 'block', 'coinbase', 'difficulty', 'gaslimit', 'number', 'timestamp', 'blockhash', 'msg', 'data', 'gas', 'sender', 'sig', 'value', 'now', 'this', 'tx', 'origin', 'gasprice', 'public', 'internal', 'external', 'private', 'constant', 'length', 'balance', 'emit', '_', 'revert', Identifier}
line 590:8 extraneous input 'payable' expecting {'solidity', 'experimental', 'from', 'constructor', 'block', 'coinbase', 'difficulty', 'gaslimit', 'number', 'timestamp', 'blockhash', 'msg', 'data', 'gas', 'sender', 'sig', 'value', 'now', 'this', 'tx', 'origin', 'gasprice', 'public', 'internal', 'external', 'private', 'constant', 'length', 'balance', 'emit', '_', 'revert', Identifier}
line 612:8 extraneous input 'payable' expecting {'solidity', 'experimental', 'from', 'constructor', 'block', 'coinbase', 'difficulty', 'gaslimit', 'number', 'timestamp', 'blockhash', 'msg', 'data', 'gas', 'sender', 'sig', 'value', 'now', 'this', 'tx', 'origin', 'gasprice', 'public', 'internal', 'external', 'private', 'constant', 'length', 'balance', 'emit', '_', 'revert', Identifier}
line 637:8 extraneous input 'payable' expecting {'solidity', 'experimental', 'from', 'constructor', 'block', 'coinbase', 'difficulty', 'gaslimit', 'number', 'timestamp', 'blockhash', 'msg', 'data', 'gas', 'sender', 'sig', 'value', 'now', 'this', 'tx', 'origin', 'gasprice', 'public', 'internal', 'external', 'private', 'constant', 'length', 'balance', 'emit', '_', 'revert', Identifier}
line 655:8 extraneous input 'payable' expecting {'solidity', 'experimental', 'from', 'constructor', 'block', 'coinbase', 'difficulty', 'gaslimit', 'number', 'timestamp', 'blockhash', 'msg', 'data', 'gas', 'sender', 'sig', 'value', 'now', 'this', 'tx', 'origin', 'gasprice', 'public', 'internal', 'external', 'private', 'constant', 'length', 'balance', 'emit', '_', 'revert', Identifier}
jar:file:/usr/local/lib/node_modules/@smartdec/smartcheck/jdeploy-bundle/smartcheck-2.0-jar-with-dependencies.jar!/solidity-rules.xmlruleId: SOLIDITY_ADDRESS_HARDCODED
patternId: adc165
severity: 1
line: 528
column: 33
content: 0x9fd50776F133751E8Ae6abE1Be124638Bb917E05

ruleId: SOLIDITY_ADDRESS_HARDCODED
patternId: c67a09
severity: 1
line: 296
column: 27
content: 0x0

ruleId: SOLIDITY_ADDRESS_HARDCODED
patternId: c67a09
severity: 1
line: 556
column: 27
content: 0x0

ruleId: SOLIDITY_ERC20_APPROVE
patternId: af782c
severity: 2
line: 364
column: 2
content: functionapprove(address_spender,uint256_value)publicreturns(boolsuccess){allowance[msg.sender][_spender]=_value;emitApproval(msg.sender,_spender,_value);returntrue;}

ruleId: SOLIDITY_EXTRA_GAS_IN_LOOPS
patternId: d3j11j
severity: 1
line: 536
column: 4
content: for(uint256i=0;i<frozenAddresses.length;i++){balanceOf[frozenAddresses[i]]=frozenWallets[frozenAddresses[i]].rewardedAmount;totalSupply=totalSupply.add(frozenWallets[frozenAddresses[i]].rewardedAmount);}

ruleId: SOLIDITY_GAS_LIMIT_IN_LOOPS
patternId: f6f853
severity: 2
line: 536
column: 4
content: for(uint256i=0;i<frozenAddresses.length;i++){balanceOf[frozenAddresses[i]]=frozenWallets[frozenAddresses[i]].rewardedAmount;totalSupply=totalSupply.add(frozenWallets[frozenAddresses[i]].rewardedAmount);}

ruleId: SOLIDITY_PRAGMAS_VERSION
patternId: 23fc32
severity: 1
line: 3
column: 16
content: ^

ruleId: SOLIDITY_SAFEMATH
patternId: 837cac
severity: 1
line: 118
column: 2
content: usingSafeMathforuint256;

ruleId: SOLIDITY_VISIBILITY
patternId: b51ce0
severity: 1
line: 47
column: 0
content: boolclaimed_TOD36=false;

ruleId: SOLIDITY_VISIBILITY
patternId: b51ce0
severity: 1
line: 48
column: 0
content: addresspayableowner_TOD36;

ruleId: SOLIDITY_VISIBILITY
patternId: b51ce0
severity: 1
line: 49
column: 0
content: uint256reward_TOD36;

ruleId: SOLIDITY_VISIBILITY
patternId: b51ce0
severity: 1
line: 70
column: 0
content: boolclaimed_TOD24=false;

ruleId: SOLIDITY_VISIBILITY
patternId: b51ce0
severity: 1
line: 71
column: 0
content: addresspayableowner_TOD24;

ruleId: SOLIDITY_VISIBILITY
patternId: b51ce0
severity: 1
line: 72
column: 0
content: uint256reward_TOD24;

ruleId: SOLIDITY_VISIBILITY
patternId: b51ce0
severity: 1
line: 97
column: 0
content: addresspayablewinner_TOD23;

ruleId: SOLIDITY_VISIBILITY
patternId: b51ce0
severity: 1
line: 119
column: 0
content: addresspayablewinner_TOD35;

ruleId: SOLIDITY_VISIBILITY
patternId: b51ce0
severity: 1
line: 133
column: 0
content: boolclaimed_TOD34=false;

ruleId: SOLIDITY_VISIBILITY
patternId: b51ce0
severity: 1
line: 134
column: 0
content: addresspayableowner_TOD34;

ruleId: SOLIDITY_VISIBILITY
patternId: b51ce0
severity: 1
line: 135
column: 0
content: uint256reward_TOD34;

ruleId: SOLIDITY_VISIBILITY
patternId: b51ce0
severity: 1
line: 152
column: 0
content: addresspayablewinner_TOD33;

ruleId: SOLIDITY_VISIBILITY
patternId: b51ce0
severity: 1
line: 166
column: 0
content: boolclaimed_TOD32=false;

ruleId: SOLIDITY_VISIBILITY
patternId: b51ce0
severity: 1
line: 167
column: 0
content: addresspayableowner_TOD32;

ruleId: SOLIDITY_VISIBILITY
patternId: b51ce0
severity: 1
line: 168
column: 0
content: uint256reward_TOD32;

ruleId: SOLIDITY_VISIBILITY
patternId: b51ce0
severity: 1
line: 186
column: 0
content: addresspayablewinner_TOD31;

ruleId: SOLIDITY_VISIBILITY
patternId: b51ce0
severity: 1
line: 200
column: 0
content: boolclaimed_TOD30=false;

ruleId: SOLIDITY_VISIBILITY
patternId: b51ce0
severity: 1
line: 201
column: 0
content: addresspayableowner_TOD30;

ruleId: SOLIDITY_VISIBILITY
patternId: b51ce0
severity: 1
line: 202
column: 0
content: uint256reward_TOD30;

ruleId: SOLIDITY_VISIBILITY
patternId: b51ce0
severity: 1
line: 220
column: 0
content: addresspayablewinner_TOD11;

ruleId: SOLIDITY_VISIBILITY
patternId: b51ce0
severity: 1
line: 235
column: 0
content: boolclaimed_TOD10=false;

ruleId: SOLIDITY_VISIBILITY
patternId: b51ce0
severity: 1
line: 236
column: 0
content: addresspayableowner_TOD10;

ruleId: SOLIDITY_VISIBILITY
patternId: b51ce0
severity: 1
line: 237
column: 0
content: uint256reward_TOD10;

ruleId: SOLIDITY_VISIBILITY
patternId: b51ce0
severity: 1
line: 255
column: 0
content: addresspayablewinner_TOD1;

ruleId: SOLIDITY_VISIBILITY
patternId: b51ce0
severity: 1
line: 276
column: 0
content: boolclaimed_TOD22=false;

ruleId: SOLIDITY_VISIBILITY
patternId: b51ce0
severity: 1
line: 277
column: 0
content: addresspayableowner_TOD22;

ruleId: SOLIDITY_VISIBILITY
patternId: b51ce0
severity: 1
line: 278
column: 0
content: uint256reward_TOD22;

ruleId: SOLIDITY_VISIBILITY
patternId: b51ce0
severity: 1
line: 301
column: 0
content: addresspayablewinner_TOD21;

ruleId: SOLIDITY_VISIBILITY
patternId: b51ce0
severity: 1
line: 319
column: 0
content: boolclaimed_TOD20=false;

ruleId: SOLIDITY_VISIBILITY
patternId: b51ce0
severity: 1
line: 320
column: 0
content: addresspayableowner_TOD20;

ruleId: SOLIDITY_VISIBILITY
patternId: b51ce0
severity: 1
line: 321
column: 0
content: uint256reward_TOD20;

ruleId: SOLIDITY_VISIBILITY
patternId: b51ce0
severity: 1
line: 344
column: 0
content: boolclaimed_TOD2=false;

ruleId: SOLIDITY_VISIBILITY
patternId: b51ce0
severity: 1
line: 345
column: 0
content: addresspayableowner_TOD2;

ruleId: SOLIDITY_VISIBILITY
patternId: b51ce0
severity: 1
line: 346
column: 0
content: uint256reward_TOD2;

ruleId: SOLIDITY_VISIBILITY
patternId: b51ce0
severity: 1
line: 369
column: 0
content: addresspayablewinner_TOD19;

ruleId: SOLIDITY_VISIBILITY
patternId: b51ce0
severity: 1
line: 391
column: 0
content: boolclaimed_TOD18=false;

ruleId: SOLIDITY_VISIBILITY
patternId: b51ce0
severity: 1
line: 392
column: 0
content: addresspayableowner_TOD18;

ruleId: SOLIDITY_VISIBILITY
patternId: b51ce0
severity: 1
line: 393
column: 0
content: uint256reward_TOD18;

ruleId: SOLIDITY_VISIBILITY
patternId: b51ce0
severity: 1
line: 418
column: 0
content: addresspayablewinner_TOD3;

ruleId: SOLIDITY_VISIBILITY
patternId: b51ce0
severity: 1
line: 432
column: 1
content: string_tokenName="AZ FundChain";

ruleId: SOLIDITY_VISIBILITY
patternId: b51ce0
severity: 1
line: 432
column: 38
content: addresspayablewinner_TOD29;

ruleId: SOLIDITY_VISIBILITY
patternId: b51ce0
severity: 1
line: 446
column: 1
content: string_tokenSymbol="AZT";

ruleId: SOLIDITY_VISIBILITY
patternId: b51ce0
severity: 1
line: 447
column: 0
content: boolclaimed_TOD28=false;

ruleId: SOLIDITY_VISIBILITY
patternId: b51ce0
severity: 1
line: 448
column: 0
content: addresspayableowner_TOD28;

ruleId: SOLIDITY_VISIBILITY
patternId: b51ce0
severity: 1
line: 449
column: 0
content: uint256reward_TOD28;

ruleId: SOLIDITY_VISIBILITY
patternId: b51ce0
severity: 1
line: 465
column: 2
content: uint8_decimals=18;

ruleId: SOLIDITY_VISIBILITY
patternId: b51ce0
severity: 1
line: 467
column: 0
content: addresspayablewinner_TOD27;

ruleId: SOLIDITY_VISIBILITY
patternId: b51ce0
severity: 1
line: 481
column: 0
content: boolclaimed_TOD26=false;

ruleId: SOLIDITY_VISIBILITY
patternId: b51ce0
severity: 1
line: 482
column: 0
content: addresspayableowner_TOD26;

ruleId: SOLIDITY_VISIBILITY
patternId: b51ce0
severity: 1
line: 483
column: 0
content: uint256reward_TOD26;

ruleId: SOLIDITY_VISIBILITY
patternId: b51ce0
severity: 1
line: 508
column: 0
content: addresspayablewinner_TOD25;

ruleId: SOLIDITY_VISIBILITY
patternId: b51ce0
severity: 1
line: 541
column: 0
content: addresspayablewinner_TOD17;

ruleId: SOLIDITY_VISIBILITY
patternId: b51ce0
severity: 1
line: 562
column: 0
content: boolclaimed_TOD16=false;

ruleId: SOLIDITY_VISIBILITY
patternId: b51ce0
severity: 1
line: 563
column: 0
content: addresspayableowner_TOD16;

ruleId: SOLIDITY_VISIBILITY
patternId: b51ce0
severity: 1
line: 564
column: 0
content: uint256reward_TOD16;

ruleId: SOLIDITY_VISIBILITY
patternId: b51ce0
severity: 1
line: 590
column: 0
content: addresspayablewinner_TOD15;

ruleId: SOLIDITY_VISIBILITY
patternId: b51ce0
severity: 1
line: 611
column: 0
content: boolclaimed_TOD14=false;

ruleId: SOLIDITY_VISIBILITY
patternId: b51ce0
severity: 1
line: 612
column: 0
content: addresspayableowner_TOD14;

ruleId: SOLIDITY_VISIBILITY
patternId: b51ce0
severity: 1
line: 613
column: 0
content: uint256reward_TOD14;

ruleId: SOLIDITY_VISIBILITY
patternId: b51ce0
severity: 1
line: 637
column: 0
content: addresspayablewinner_TOD13;

ruleId: SOLIDITY_VISIBILITY
patternId: b51ce0
severity: 1
line: 654
column: 0
content: boolclaimed_TOD12=false;

ruleId: SOLIDITY_VISIBILITY
patternId: b51ce0
severity: 1
line: 655
column: 0
content: addresspayableowner_TOD12;

ruleId: SOLIDITY_VISIBILITY
patternId: b51ce0
severity: 1
line: 656
column: 0
content: uint256reward_TOD12;

SOLIDITY_VISIBILITY :63
SOLIDITY_SAFEMATH :1
SOLIDITY_PRAGMAS_VERSION :1
SOLIDITY_EXTRA_GAS_IN_LOOPS :1
SOLIDITY_ADDRESS_HARDCODED :3
SOLIDITY_GAS_LIMIT_IN_LOOPS :1
SOLIDITY_ERC20_APPROVE :1