/data/buggy_10.sol
jar:file:/usr/local/lib/node_modules/@smartdec/smartcheck/jdeploy-bundle/smartcheck-2.0-jar-with-dependencies.jar!/solidity-rules.xmlruleId: SOLIDITY_EXTRA_GAS_IN_LOOPS
patternId: d3j11j
severity: 1
line: 60
column: 8
content: for(uinti=0;i<_signers.length;i++){if(_signers[i]==msg.sender)return;}

ruleId: SOLIDITY_GAS_LIMIT_IN_LOOPS
patternId: f6f853
severity: 2
line: 60
column: 8
content: for(uinti=0;i<_signers.length;i++){if(_signers[i]==msg.sender)return;}

ruleId: SOLIDITY_PRAGMAS_VERSION
patternId: 23fc32
severity: 1
line: 2
column: 16
content: >=

ruleId: SOLIDITY_PRAGMAS_VERSION
patternId: 23fc32
severity: 1
line: 2
column: 25
content: <

ruleId: SOLIDITY_SHOULD_RETURN_STRUCT
patternId: 83hf3l
severity: 1
line: 76
column: 79
content: (stringmemory_doc,address[]memory_signers)

ruleId: SOLIDITY_UINT_CANT_BE_NEGATIVE
patternId: 733fdd
severity: 2
line: 24
column: 12
content: balances_intou10[msg.sender]-_value>=0

ruleId: SOLIDITY_UINT_CANT_BE_NEGATIVE
patternId: 733fdd
severity: 2
line: 52
column: 12
content: balances_intou14[msg.sender]-_value>=0

ruleId: SOLIDITY_VISIBILITY
patternId: b51ce0
severity: 1
line: 21
column: 2
content: mapping(address=>uint)balances_intou10;

ruleId: SOLIDITY_VISIBILITY
patternId: b51ce0
severity: 1
line: 49
column: 0
content: mapping(address=>uint)balances_intou14;

SOLIDITY_VISIBILITY :2
SOLIDITY_PRAGMAS_VERSION :2
SOLIDITY_EXTRA_GAS_IN_LOOPS :1
SOLIDITY_UINT_CANT_BE_NEGATIVE :2
SOLIDITY_GAS_LIMIT_IN_LOOPS :1
SOLIDITY_SHOULD_RETURN_STRUCT :1